[ 2016-04-27T23:47:08+08:00 ] 127.0.0.1 /
INFO: [ app_init ] --START--
INFO: Run Behavior\BuildLiteBehavior [ RunTime:0.000034s ]
INFO: [ app_init ] --END-- [ RunTime:0.001582s ]
INFO: [ app_begin ] --START--
INFO: Run Behavior\ReadHtmlCacheBehavior [ RunTime:0.001284s ]
INFO: [ app_begin ] --END-- [ RunTime:0.001448s ]
SQL: SHOW COLUMNS FROM `m_admin_infor` [ RunTime:0.0252s ]
SQL: SELECT * FROM `m_admin_infor` WHERE ( id=1 ) LIMIT 1   [ RunTime:0.0139s ]
NOTIC: [2] array_reverse() expects parameter 1 to be array, null given D:\wamp\www\myhunll\Application\Home\Controller\FontEndController.class.php 第 58 行.
SQL: SHOW COLUMNS FROM `m_admin_advert` [ RunTime:0.0315s ]
SQL: SELECT `xuhao`,`img_url`,`url` FROM `m_admin_advert` WHERE ( position='轮播上' )  [ RunTime:0.0008s ]
SQL: SELECT `xuhao`,`img_url`,`url` FROM `m_admin_advert` WHERE ( position='轮播下' )  [ RunTime:0.0003s ]
SQL: SELECT `xuhao`,`img_url`,`url`,`title` FROM `m_admin_advert` WHERE ( position='首页右' )  [ RunTime:0.0003s ]
SQL: SHOW COLUMNS FROM `m_category` [ RunTime:0.0060s ]
SQL: SELECT t2.goods_id,t2.area,t2.user_id,t2.goods_name,t2.price,t2.yuan_price,t2.goods_img,t2.comment_number,t1.cat_name,t3.user_name,t2.goods_id,t2.score,t2.buy_number FROM m_category t1,m_goods t2,m_users t3 WHERE ( t2.cat_id=1 and t2.is_delete=0 and t2.cat_id=t1.cat_id and t2.user_id=t3.user_id ) ORDER BY t2.last_update desc LIMIT 8   [ RunTime:0.0115s ]
SQL: SHOW COLUMNS FROM `m_category` [ RunTime:0.0053s ]
SQL: SELECT t2.goods_id,t2.area,t2.user_id,t2.goods_name,t2.price,t2.yuan_price,t2.goods_img,t2.comment_number,t1.cat_name,t3.user_name,t2.goods_id,t2.buy_number FROM m_category t1,m_goods t2,m_users t3 WHERE ( t2.cat_id=2 and t2.is_delete=0 and t2.cat_id=t1.cat_id and t2.user_id=t3.user_id ) ORDER BY t2.last_update desc LIMIT 8   [ RunTime:0.0017s ]
SQL: SHOW COLUMNS FROM `m_category` [ RunTime:0.0051s ]
SQL: SELECT t2.goods_id,t2.area,t2.user_id,t2.goods_name,t2.price,t2.yuan_price,t2.goods_img,t2.comment_number,t1.cat_name,t3.user_name,t2.goods_id,t2.buy_number FROM m_category t1,m_goods t2,m_users t3 WHERE ( t2.cat_id=3 and t2.is_delete=0 and t2.cat_id=t1.cat_id and t2.user_id=t3.user_id ) ORDER BY t2.last_update desc LIMIT 8   [ RunTime:0.0010s ]
SQL: SHOW COLUMNS FROM `m_category` [ RunTime:0.0043s ]
SQL: SELECT t2.goods_id,t2.area,t2.user_id,t2.goods_name,t2.price,t2.yuan_price,t2.goods_img,t2.comment_number,t1.cat_name,t3.user_name,t2.goods_id,t2.buy_number FROM m_category t1,m_goods t2,m_users t3 WHERE ( t2.cat_id=4 and t2.is_delete=0 and t2.cat_id=t1.cat_id and t2.user_id=t3.user_id ) ORDER BY t2.last_update desc LIMIT 8   [ RunTime:0.0022s ]
SQL: SHOW COLUMNS FROM `m_category` [ RunTime:0.0058s ]
SQL: SELECT t2.goods_id,t2.area,t2.user_id,t2.goods_name,t2.price,t2.yuan_price,t2.goods_img,t2.comment_number,t1.cat_name,t3.user_name,t2.goods_id,t2.buy_number FROM m_category t1,m_goods t2,m_users t3 WHERE ( t2.cat_id=5 and t2.is_delete=0 and t2.cat_id=t1.cat_id and t2.user_id=t3.user_id ) ORDER BY t2.last_update desc LIMIT 8   [ RunTime:0.0008s ]
SQL: SHOW COLUMNS FROM `m_category` [ RunTime:0.0052s ]
SQL: SELECT t2.goods_id,t2.area,t2.user_id,t2.goods_name,t2.price,t2.yuan_price,t2.goods_img,t2.comment_number,t1.cat_name,t3.user_name,t2.goods_id,t2.buy_number FROM m_category t1,m_goods t2,m_users t3 WHERE ( t2.cat_id=6 and t2.is_delete=0 and t2.cat_id=t1.cat_id and t2.user_id=t3.user_id ) ORDER BY t2.last_update desc LIMIT 8   [ RunTime:0.0008s ]
SQL: SHOW COLUMNS FROM `m_category` [ RunTime:0.0045s ]
SQL: SELECT t2.goods_id,t2.area,t2.user_id,t2.goods_name,t2.price,t2.yuan_price,t2.goods_img,t2.comment_number,t1.cat_name,t3.user_name,t2.goods_id,t2.buy_number FROM m_category t1,m_goods t2,m_users t3 WHERE ( t2.cat_id=7 and t2.is_delete=0 and t2.cat_id=t1.cat_id and t2.user_id=t3.user_id ) ORDER BY t2.last_update desc LIMIT 8   [ RunTime:0.0012s ]
SQL: SHOW COLUMNS FROM `m_category` [ RunTime:0.0065s ]
SQL: SELECT t2.goods_id,t2.area,t2.user_id,t2.goods_name,t2.price,t2.yuan_price,t2.goods_img,t2.comment_number,t1.cat_name,t3.user_name,t2.goods_id,t2.buy_number FROM m_category t1,m_goods t2,m_users t3 WHERE ( t2.cat_id=8 and t2.is_delete=0 and t2.cat_id=t1.cat_id and t2.user_id=t3.user_id ) ORDER BY t2.last_update desc LIMIT 8   [ RunTime:0.0006s ]
SQL: SHOW COLUMNS FROM `m_category` [ RunTime:0.0056s ]
SQL: SELECT t2.goods_id,t2.area,t2.user_id,t2.goods_name,t2.price,t2.yuan_price,t2.goods_img,t2.comment_number,t1.cat_name,t3.user_name,t2.goods_id,t2.buy_number FROM m_category t1,m_goods t2,m_users t3 WHERE ( t2.cat_id=9 and t2.is_delete=0 and t2.cat_id=t1.cat_id and t2.user_id=t3.user_id ) ORDER BY t2.last_update desc LIMIT 8   [ RunTime:0.0008s ]
SQL: SHOW COLUMNS FROM `m_category` [ RunTime:0.0049s ]
SQL: SELECT t2.goods_id,t2.area,t2.user_id,t2.goods_name,t2.price,t2.yuan_price,t2.goods_img,t2.comment_number,t1.cat_name,t3.user_name,t2.goods_id,t2.buy_number FROM m_category t1,m_goods t2,m_users t3 WHERE ( t2.cat_id=10 and t2.is_delete=0 and t2.cat_id=t1.cat_id and t2.user_id=t3.user_id ) ORDER BY t2.last_update desc LIMIT 8   [ RunTime:0.0004s ]
INFO: [ view_parse ] --START--
INFO: [ template_filter ] --START--
INFO: Run Behavior\ContentReplaceBehavior [ RunTime:0.000742s ]
INFO: [ template_filter ] --END-- [ RunTime:0.000992s ]
NOTIC: [8] Undefined variable: distory_goods D:\wamp\www\myhunll\Application\Runtime\Cache\Home\4e8495c7f76d7caca27531a7e2e983f7.php 第 49 行.
NOTIC: [8] Undefined variable: get D:\wamp\www\myhunll\Application\Runtime\Cache\Home\4e8495c7f76d7caca27531a7e2e983f7.php 第 73 行.
NOTIC: [8] Undefined index: score D:\wamp\www\myhunll\Application\Runtime\Cache\Home\4e8495c7f76d7caca27531a7e2e983f7.php 第 350 行.
NOTIC: [8] Undefined index: score D:\wamp\www\myhunll\Application\Runtime\Cache\Home\4e8495c7f76d7caca27531a7e2e983f7.php 第 350 行.
NOTIC: [8] Undefined index: score D:\wamp\www\myhunll\Application\Runtime\Cache\Home\4e8495c7f76d7caca27531a7e2e983f7.php 第 350 行.
NOTIC: [8] Undefined index: score D:\wamp\www\myhunll\Application\Runtime\Cache\Home\4e8495c7f76d7caca27531a7e2e983f7.php 第 350 行.
NOTIC: [8] Undefined index: score D:\wamp\www\myhunll\Application\Runtime\Cache\Home\4e8495c7f76d7caca27531a7e2e983f7.php 第 350 行.
NOTIC: [8] Undefined index: score D:\wamp\www\myhunll\Application\Runtime\Cache\Home\4e8495c7f76d7caca27531a7e2e983f7.php 第 382 行.
NOTIC: [8] Undefined index: score D:\wamp\www\myhunll\Application\Runtime\Cache\Home\4e8495c7f76d7caca27531a7e2e983f7.php 第 382 行.
NOTIC: [8] Undefined index: score D:\wamp\www\myhunll\Application\Runtime\Cache\Home\4e8495c7f76d7caca27531a7e2e983f7.php 第 382 行.
NOTIC: [8] Undefined index: score D:\wamp\www\myhunll\Application\Runtime\Cache\Home\4e8495c7f76d7caca27531a7e2e983f7.php 第 382 行.
NOTIC: [8] Undefined index: score D:\wamp\www\myhunll\Application\Runtime\Cache\Home\4e8495c7f76d7caca27531a7e2e983f7.php 第 382 行.
NOTIC: [8] Undefined index: score D:\wamp\www\myhunll\Application\Runtime\Cache\Home\4e8495c7f76d7caca27531a7e2e983f7.php 第 382 行.
NOTIC: [8] Undefined index: score D:\wamp\www\myhunll\Application\Runtime\Cache\Home\4e8495c7f76d7caca27531a7e2e983f7.php 第 382 行.
NOTIC: [8] Undefined index: score D:\wamp\www\myhunll\Application\Runtime\Cache\Home\4e8495c7f76d7caca27531a7e2e983f7.php 第 382 行.
NOTIC: [8] Undefined index: score D:\wamp\www\myhunll\Application\Runtime\Cache\Home\4e8495c7f76d7caca27531a7e2e983f7.php 第 411 行.
NOTIC: [8] Undefined index: score D:\wamp\www\myhunll\Application\Runtime\Cache\Home\4e8495c7f76d7caca27531a7e2e983f7.php 第 411 行.
NOTIC: [8] Undefined index: score D:\wamp\www\myhunll\Application\Runtime\Cache\Home\4e8495c7f76d7caca27531a7e2e983f7.php 第 411 行.
NOTIC: [8] Undefined index: score D:\wamp\www\myhunll\Application\Runtime\Cache\Home\4e8495c7f76d7caca27531a7e2e983f7.php 第 411 行.
NOTIC: [8] Undefined index: score D:\wamp\www\myhunll\Application\Runtime\Cache\Home\4e8495c7f76d7caca27531a7e2e983f7.php 第 411 行.
NOTIC: [8] Undefined index: score D:\wamp\www\myhunll\Application\Runtime\Cache\Home\4e8495c7f76d7caca27531a7e2e983f7.php 第 411 行.
NOTIC: [8] Undefined index: score D:\wamp\www\myhunll\Application\Runtime\Cache\Home\4e8495c7f76d7caca27531a7e2e983f7.php 第 411 行.
NOTIC: [8] Undefined index: score D:\wamp\www\myhunll\Application\Runtime\Cache\Home\4e8495c7f76d7caca27531a7e2e983f7.php 第 411 行.
NOTIC: [8] Undefined index: score D:\wamp\www\myhunll\Application\Runtime\Cache\Home\4e8495c7f76d7caca27531a7e2e983f7.php 第 440 行.
NOTIC: [8] Undefined index: score D:\wamp\www\myhunll\Application\Runtime\Cache\Home\4e8495c7f76d7caca27531a7e2e983f7.php 第 440 行.
NOTIC: [8] Undefined index: score D:\wamp\www\myhunll\Application\Runtime\Cache\Home\4e8495c7f76d7caca27531a7e2e983f7.php 第 440 行.
NOTIC: [8] Undefined index: score D:\wamp\www\myhunll\Application\Runtime\Cache\Home\4e8495c7f76d7caca27531a7e2e983f7.php 第 440 行.
NOTIC: [8] Undefined index: score D:\wamp\www\myhunll\Application\Runtime\Cache\Home\4e8495c7f76d7caca27531a7e2e983f7.php 第 440 行.
NOTIC: [8] Undefined index: score D:\wamp\www\myhunll\Application\Runtime\Cache\Home\4e8495c7f76d7caca27531a7e2e983f7.php 第 440 行.
NOTIC: [8] Undefined index: score D:\wamp\www\myhunll\Application\Runtime\Cache\Home\4e8495c7f76d7caca27531a7e2e983f7.php 第 440 行.
NOTIC: [8] Undefined index: score D:\wamp\www\myhunll\Application\Runtime\Cache\Home\4e8495c7f76d7caca27531a7e2e983f7.php 第 440 行.
NOTIC: [8] Undefined index: score D:\wamp\www\myhunll\Application\Runtime\Cache\Home\4e8495c7f76d7caca27531a7e2e983f7.php 第 468 行.
NOTIC: [8] Undefined index: score D:\wamp\www\myhunll\Application\Runtime\Cache\Home\4e8495c7f76d7caca27531a7e2e983f7.php 第 468 行.
NOTIC: [8] Undefined index: score D:\wamp\www\myhunll\Application\Runtime\Cache\Home\4e8495c7f76d7caca27531a7e2e983f7.php 第 468 行.
NOTIC: [8] Undefined index: score D:\wamp\www\myhunll\Application\Runtime\Cache\Home\4e8495c7f76d7caca27531a7e2e983f7.php 第 468 行.
NOTIC: [8] Undefined index: score D:\wamp\www\myhunll\Application\Runtime\Cache\Home\4e8495c7f76d7caca27531a7e2e983f7.php 第 468 行.
NOTIC: [8] Undefined index: score D:\wamp\www\myhunll\Application\Runtime\Cache\Home\4e8495c7f76d7caca27531a7e2e983f7.php 第 468 行.
NOTIC: [8] Undefined index: score D:\wamp\www\myhunll\Application\Runtime\Cache\Home\4e8495c7f76d7caca27531a7e2e983f7.php 第 468 行.
NOTIC: [8] Undefined index: score D:\wamp\www\myhunll\Application\Runtime\Cache\Home\4e8495c7f76d7caca27531a7e2e983f7.php 第 468 行.
NOTIC: [8] Undefined index: score D:\wamp\www\myhunll\Application\Runtime\Cache\Home\4e8495c7f76d7caca27531a7e2e983f7.php 第 496 行.
NOTIC: [8] Undefined index: score D:\wamp\www\myhunll\Application\Runtime\Cache\Home\4e8495c7f76d7caca27531a7e2e983f7.php 第 496 行.
NOTIC: [8] Undefined index: score D:\wamp\www\myhunll\Application\Runtime\Cache\Home\4e8495c7f76d7caca27531a7e2e983f7.php 第 496 行.
NOTIC: [8] Undefined index: score D:\wamp\www\myhunll\Application\Runtime\Cache\Home\4e8495c7f76d7caca27531a7e2e983f7.php 第 496 行.
NOTIC: [8] Undefined index: score D:\wamp\www\myhunll\Application\Runtime\Cache\Home\4e8495c7f76d7caca27531a7e2e983f7.php 第 496 行.
NOTIC: [8] Undefined index: score D:\wamp\www\myhunll\Application\Runtime\Cache\Home\4e8495c7f76d7caca27531a7e2e983f7.php 第 496 行.
NOTIC: [8] Undefined index: score D:\wamp\www\myhunll\Application\Runtime\Cache\Home\4e8495c7f76d7caca27531a7e2e983f7.php 第 496 行.
NOTIC: [8] Undefined index: score D:\wamp\www\myhunll\Application\Runtime\Cache\Home\4e8495c7f76d7caca27531a7e2e983f7.php 第 496 行.
NOTIC: [8] Undefined index: score D:\wamp\www\myhunll\Application\Runtime\Cache\Home\4e8495c7f76d7caca27531a7e2e983f7.php 第 524 行.
NOTIC: [8] Undefined index: score D:\wamp\www\myhunll\Application\Runtime\Cache\Home\4e8495c7f76d7caca27531a7e2e983f7.php 第 524 行.
NOTIC: [8] Undefined index: score D:\wamp\www\myhunll\Application\Runtime\Cache\Home\4e8495c7f76d7caca27531a7e2e983f7.php 第 524 行.
NOTIC: [8] Undefined index: score D:\wamp\www\myhunll\Application\Runtime\Cache\Home\4e8495c7f76d7caca27531a7e2e983f7.php 第 524 行.
NOTIC: [8] Undefined index: score D:\wamp\www\myhunll\Application\Runtime\Cache\Home\4e8495c7f76d7caca27531a7e2e983f7.php 第 524 行.
NOTIC: [8] Undefined index: score D:\wamp\www\myhunll\Application\Runtime\Cache\Home\4e8495c7f76d7caca27531a7e2e983f7.php 第 524 行.
NOTIC: [8] Undefined index: score D:\wamp\www\myhunll\Application\Runtime\Cache\Home\4e8495c7f76d7caca27531a7e2e983f7.php 第 524 行.
NOTIC: [8] Undefined index: score D:\wamp\www\myhunll\Application\Runtime\Cache\Home\4e8495c7f76d7caca27531a7e2e983f7.php 第 524 行.
NOTIC: [8] Undefined index: score D:\wamp\www\myhunll\Application\Runtime\Cache\Home\4e8495c7f76d7caca27531a7e2e983f7.php 第 551 行.
NOTIC: [8] Undefined index: score D:\wamp\www\myhunll\Application\Runtime\Cache\Home\4e8495c7f76d7caca27531a7e2e983f7.php 第 551 行.
NOTIC: [8] Undefined index: score D:\wamp\www\myhunll\Application\Runtime\Cache\Home\4e8495c7f76d7caca27531a7e2e983f7.php 第 551 行.
NOTIC: [8] Undefined index: score D:\wamp\www\myhunll\Application\Runtime\Cache\Home\4e8495c7f76d7caca27531a7e2e983f7.php 第 551 行.
NOTIC: [8] Undefined index: score D:\wamp\www\myhunll\Application\Runtime\Cache\Home\4e8495c7f76d7caca27531a7e2e983f7.php 第 551 行.
NOTIC: [8] Undefined index: score D:\wamp\www\myhunll\Application\Runtime\Cache\Home\4e8495c7f76d7caca27531a7e2e983f7.php 第 551 行.
NOTIC: [8] Undefined index: score D:\wamp\www\myhunll\Application\Runtime\Cache\Home\4e8495c7f76d7caca27531a7e2e983f7.php 第 551 行.
NOTIC: [8] Undefined index: score D:\wamp\www\myhunll\Application\Runtime\Cache\Home\4e8495c7f76d7caca27531a7e2e983f7.php 第 551 行.
INFO: Run Behavior\ParseTemplateBehavior [ RunTime:0.144360s ]
INFO: [ view_parse ] --END-- [ RunTime:0.144509s ]
INFO: [ view_filter ] --START--
INFO: Run Behavior\WriteHtmlCacheBehavior [ RunTime:0.001424s ]
INFO: [ view_filter ] --END-- [ RunTime:0.001577s ]
INFO: [ app_end ] --START--
INFO: Run Behavior\ShowPageTraceBehavior [ RunTime:0.001317s ]
INFO: [ app_end ] --END-- [ RunTime:0.001522s ]

