[ 2016-04-07T20:06:40+08:00 ] 127.0.0.1 /
INFO: [ app_init ] --START--
INFO: Run Behavior\BuildLiteBehavior [ RunTime:0.000025s ]
INFO: [ app_init ] --END-- [ RunTime:0.000537s ]
INFO: [ app_begin ] --START--
INFO: Run Behavior\ReadHtmlCacheBehavior [ RunTime:0.000889s ]
INFO: [ app_begin ] --END-- [ RunTime:0.000995s ]
SQL: SHOW COLUMNS FROM `m_admin_infor` [ RunTime:0.0092s ]
SQL: SELECT * FROM `m_admin_infor` WHERE ( id=1 ) LIMIT 1   [ RunTime:0.0008s ]
SQL: SELECT `goods_id`,`goods_name`,`yuan_price`,`price`,`goods_img` FROM `m_goods` WHERE ( goods_id=171 ) LIMIT 1   [ RunTime:0.0008s ]
SQL: SELECT `goods_id`,`goods_name`,`yuan_price`,`price`,`goods_img` FROM `m_goods` WHERE ( goods_id=108 ) LIMIT 1   [ RunTime:0.0008s ]
SQL: SELECT `goods_id`,`goods_name`,`yuan_price`,`price`,`goods_img` FROM `m_goods` WHERE ( goods_id=168 ) LIMIT 1   [ RunTime:0.0008s ]
SQL: SELECT `goods_id`,`goods_name`,`yuan_price`,`price`,`goods_img` FROM `m_goods` WHERE ( goods_id=172 ) LIMIT 1   [ RunTime:0.0006s ]
SQL: SELECT `goods_id`,`goods_name`,`yuan_price`,`price`,`goods_img` FROM `m_goods` WHERE ( goods_id=173 ) LIMIT 1   [ RunTime:0.0006s ]
SQL: SHOW COLUMNS FROM `m_admin_advert` [ RunTime:0.0091s ]
SQL: SELECT `xuhao`,`img_url`,`url` FROM `m_admin_advert` WHERE ( position='轮播上' )  [ RunTime:0.0005s ]
SQL: SELECT `xuhao`,`img_url`,`url` FROM `m_admin_advert` WHERE ( position='轮播下' )  [ RunTime:0.0004s ]
SQL: SELECT `xuhao`,`img_url`,`url`,`title` FROM `m_admin_advert` WHERE ( position='首页右' )  [ RunTime:0.0004s ]
SQL: SHOW COLUMNS FROM `m_category` [ RunTime:0.0057s ]
SQL: SELECT t2.goods_id,t2.area,t2.user_id,t2.goods_name,t2.price,t2.yuan_price,t2.goods_img,t2.comment_number,t1.cat_name,t3.user_name,t2.goods_id,t2.score,t2.buy_number FROM m_category t1,m_goods t2,m_users t3 WHERE ( t2.cat_id=1 and t2.is_delete=0 and t2.cat_id=t1.cat_id and t2.user_id=t3.user_id ) ORDER BY t2.last_update desc LIMIT 8   [ RunTime:0.0010s ]
SQL: SHOW COLUMNS FROM `m_category` [ RunTime:0.0050s ]
SQL: SELECT t2.goods_id,t2.area,t2.user_id,t2.goods_name,t2.price,t2.yuan_price,t2.goods_img,t2.comment_number,t1.cat_name,t3.user_name,t2.goods_id,t2.buy_number FROM m_category t1,m_goods t2,m_users t3 WHERE ( t2.cat_id=2 and t2.is_delete=0 and t2.cat_id=t1.cat_id and t2.user_id=t3.user_id ) ORDER BY t2.last_update desc LIMIT 8   [ RunTime:0.0009s ]
SQL: SHOW COLUMNS FROM `m_category` [ RunTime:0.0046s ]
SQL: SELECT t2.goods_id,t2.area,t2.user_id,t2.goods_name,t2.price,t2.yuan_price,t2.goods_img,t2.comment_number,t1.cat_name,t3.user_name,t2.goods_id,t2.buy_number FROM m_category t1,m_goods t2,m_users t3 WHERE ( t2.cat_id=3 and t2.is_delete=0 and t2.cat_id=t1.cat_id and t2.user_id=t3.user_id ) ORDER BY t2.last_update desc LIMIT 8   [ RunTime:0.0010s ]
SQL: SHOW COLUMNS FROM `m_category` [ RunTime:0.0046s ]
SQL: SELECT t2.goods_id,t2.area,t2.user_id,t2.goods_name,t2.price,t2.yuan_price,t2.goods_img,t2.comment_number,t1.cat_name,t3.user_name,t2.goods_id,t2.buy_number FROM m_category t1,m_goods t2,m_users t3 WHERE ( t2.cat_id=4 and t2.is_delete=0 and t2.cat_id=t1.cat_id and t2.user_id=t3.user_id ) ORDER BY t2.last_update desc LIMIT 8   [ RunTime:0.0010s ]
SQL: SHOW COLUMNS FROM `m_category` [ RunTime:0.0070s ]
SQL: SELECT t2.goods_id,t2.area,t2.user_id,t2.goods_name,t2.price,t2.yuan_price,t2.goods_img,t2.comment_number,t1.cat_name,t3.user_name,t2.goods_id,t2.buy_number FROM m_category t1,m_goods t2,m_users t3 WHERE ( t2.cat_id=5 and t2.is_delete=0 and t2.cat_id=t1.cat_id and t2.user_id=t3.user_id ) ORDER BY t2.last_update desc LIMIT 8   [ RunTime:0.0009s ]
SQL: SHOW COLUMNS FROM `m_category` [ RunTime:0.0044s ]
SQL: SELECT t2.goods_id,t2.area,t2.user_id,t2.goods_name,t2.price,t2.yuan_price,t2.goods_img,t2.comment_number,t1.cat_name,t3.user_name,t2.goods_id,t2.buy_number FROM m_category t1,m_goods t2,m_users t3 WHERE ( t2.cat_id=6 and t2.is_delete=0 and t2.cat_id=t1.cat_id and t2.user_id=t3.user_id ) ORDER BY t2.last_update desc LIMIT 8   [ RunTime:0.0007s ]
SQL: SHOW COLUMNS FROM `m_category` [ RunTime:0.0055s ]
SQL: SELECT t2.goods_id,t2.area,t2.user_id,t2.goods_name,t2.price,t2.yuan_price,t2.goods_img,t2.comment_number,t1.cat_name,t3.user_name,t2.goods_id,t2.buy_number FROM m_category t1,m_goods t2,m_users t3 WHERE ( t2.cat_id=7 and t2.is_delete=0 and t2.cat_id=t1.cat_id and t2.user_id=t3.user_id ) ORDER BY t2.last_update desc LIMIT 8   [ RunTime:0.0008s ]
SQL: SHOW COLUMNS FROM `m_category` [ RunTime:0.0048s ]
SQL: SELECT t2.goods_id,t2.area,t2.user_id,t2.goods_name,t2.price,t2.yuan_price,t2.goods_img,t2.comment_number,t1.cat_name,t3.user_name,t2.goods_id,t2.buy_number FROM m_category t1,m_goods t2,m_users t3 WHERE ( t2.cat_id=8 and t2.is_delete=0 and t2.cat_id=t1.cat_id and t2.user_id=t3.user_id ) ORDER BY t2.last_update desc LIMIT 8   [ RunTime:0.0008s ]
SQL: SHOW COLUMNS FROM `m_category` [ RunTime:0.0041s ]
SQL: SELECT t2.goods_id,t2.area,t2.user_id,t2.goods_name,t2.price,t2.yuan_price,t2.goods_img,t2.comment_number,t1.cat_name,t3.user_name,t2.goods_id,t2.buy_number FROM m_category t1,m_goods t2,m_users t3 WHERE ( t2.cat_id=9 and t2.is_delete=0 and t2.cat_id=t1.cat_id and t2.user_id=t3.user_id ) ORDER BY t2.last_update desc LIMIT 8   [ RunTime:0.0010s ]
SQL: SHOW COLUMNS FROM `m_category` [ RunTime:0.0052s ]
SQL: SELECT t2.goods_id,t2.area,t2.user_id,t2.goods_name,t2.price,t2.yuan_price,t2.goods_img,t2.comment_number,t1.cat_name,t3.user_name,t2.goods_id,t2.buy_number FROM m_category t1,m_goods t2,m_users t3 WHERE ( t2.cat_id=10 and t2.is_delete=0 and t2.cat_id=t1.cat_id and t2.user_id=t3.user_id ) ORDER BY t2.last_update desc LIMIT 8   [ RunTime:0.0005s ]
INFO: [ view_parse ] --START--
INFO: [ template_filter ] --START--
INFO: Run Behavior\ContentReplaceBehavior [ RunTime:0.000565s ]
INFO: [ template_filter ] --END-- [ RunTime:0.000667s ]
NOTIC: [8] Undefined variable: get E:\wamp\www\myhunll\Application\Runtime\Cache\Home\4e8495c7f76d7caca27531a7e2e983f7.php 第 73 行.
NOTIC: [8] Undefined index: score E:\wamp\www\myhunll\Application\Runtime\Cache\Home\4e8495c7f76d7caca27531a7e2e983f7.php 第 350 行.
NOTIC: [8] Undefined index: score E:\wamp\www\myhunll\Application\Runtime\Cache\Home\4e8495c7f76d7caca27531a7e2e983f7.php 第 350 行.
NOTIC: [8] Undefined index: score E:\wamp\www\myhunll\Application\Runtime\Cache\Home\4e8495c7f76d7caca27531a7e2e983f7.php 第 350 行.
NOTIC: [8] Undefined index: score E:\wamp\www\myhunll\Application\Runtime\Cache\Home\4e8495c7f76d7caca27531a7e2e983f7.php 第 350 行.
NOTIC: [8] Undefined index: score E:\wamp\www\myhunll\Application\Runtime\Cache\Home\4e8495c7f76d7caca27531a7e2e983f7.php 第 382 行.
NOTIC: [8] Undefined index: score E:\wamp\www\myhunll\Application\Runtime\Cache\Home\4e8495c7f76d7caca27531a7e2e983f7.php 第 382 行.
NOTIC: [8] Undefined index: score E:\wamp\www\myhunll\Application\Runtime\Cache\Home\4e8495c7f76d7caca27531a7e2e983f7.php 第 382 行.
NOTIC: [8] Undefined index: score E:\wamp\www\myhunll\Application\Runtime\Cache\Home\4e8495c7f76d7caca27531a7e2e983f7.php 第 382 行.
NOTIC: [8] Undefined index: score E:\wamp\www\myhunll\Application\Runtime\Cache\Home\4e8495c7f76d7caca27531a7e2e983f7.php 第 382 行.
NOTIC: [8] Undefined index: score E:\wamp\www\myhunll\Application\Runtime\Cache\Home\4e8495c7f76d7caca27531a7e2e983f7.php 第 382 行.
NOTIC: [8] Undefined index: score E:\wamp\www\myhunll\Application\Runtime\Cache\Home\4e8495c7f76d7caca27531a7e2e983f7.php 第 382 行.
NOTIC: [8] Undefined index: score E:\wamp\www\myhunll\Application\Runtime\Cache\Home\4e8495c7f76d7caca27531a7e2e983f7.php 第 382 行.
NOTIC: [8] Undefined index: score E:\wamp\www\myhunll\Application\Runtime\Cache\Home\4e8495c7f76d7caca27531a7e2e983f7.php 第 411 行.
NOTIC: [8] Undefined index: score E:\wamp\www\myhunll\Application\Runtime\Cache\Home\4e8495c7f76d7caca27531a7e2e983f7.php 第 411 行.
NOTIC: [8] Undefined index: score E:\wamp\www\myhunll\Application\Runtime\Cache\Home\4e8495c7f76d7caca27531a7e2e983f7.php 第 411 行.
NOTIC: [8] Undefined index: score E:\wamp\www\myhunll\Application\Runtime\Cache\Home\4e8495c7f76d7caca27531a7e2e983f7.php 第 411 行.
NOTIC: [8] Undefined index: score E:\wamp\www\myhunll\Application\Runtime\Cache\Home\4e8495c7f76d7caca27531a7e2e983f7.php 第 411 行.
NOTIC: [8] Undefined index: score E:\wamp\www\myhunll\Application\Runtime\Cache\Home\4e8495c7f76d7caca27531a7e2e983f7.php 第 411 行.
NOTIC: [8] Undefined index: score E:\wamp\www\myhunll\Application\Runtime\Cache\Home\4e8495c7f76d7caca27531a7e2e983f7.php 第 411 行.
NOTIC: [8] Undefined index: score E:\wamp\www\myhunll\Application\Runtime\Cache\Home\4e8495c7f76d7caca27531a7e2e983f7.php 第 440 行.
NOTIC: [8] Undefined index: score E:\wamp\www\myhunll\Application\Runtime\Cache\Home\4e8495c7f76d7caca27531a7e2e983f7.php 第 440 行.
NOTIC: [8] Undefined index: score E:\wamp\www\myhunll\Application\Runtime\Cache\Home\4e8495c7f76d7caca27531a7e2e983f7.php 第 440 行.
NOTIC: [8] Undefined index: score E:\wamp\www\myhunll\Application\Runtime\Cache\Home\4e8495c7f76d7caca27531a7e2e983f7.php 第 440 行.
NOTIC: [8] Undefined index: score E:\wamp\www\myhunll\Application\Runtime\Cache\Home\4e8495c7f76d7caca27531a7e2e983f7.php 第 440 行.
NOTIC: [8] Undefined index: score E:\wamp\www\myhunll\Application\Runtime\Cache\Home\4e8495c7f76d7caca27531a7e2e983f7.php 第 440 行.
NOTIC: [8] Undefined index: score E:\wamp\www\myhunll\Application\Runtime\Cache\Home\4e8495c7f76d7caca27531a7e2e983f7.php 第 440 行.
NOTIC: [8] Undefined index: score E:\wamp\www\myhunll\Application\Runtime\Cache\Home\4e8495c7f76d7caca27531a7e2e983f7.php 第 440 行.
NOTIC: [8] Undefined index: score E:\wamp\www\myhunll\Application\Runtime\Cache\Home\4e8495c7f76d7caca27531a7e2e983f7.php 第 468 行.
NOTIC: [8] Undefined index: score E:\wamp\www\myhunll\Application\Runtime\Cache\Home\4e8495c7f76d7caca27531a7e2e983f7.php 第 468 行.
NOTIC: [8] Undefined index: score E:\wamp\www\myhunll\Application\Runtime\Cache\Home\4e8495c7f76d7caca27531a7e2e983f7.php 第 468 行.
NOTIC: [8] Undefined index: score E:\wamp\www\myhunll\Application\Runtime\Cache\Home\4e8495c7f76d7caca27531a7e2e983f7.php 第 468 行.
NOTIC: [8] Undefined index: score E:\wamp\www\myhunll\Application\Runtime\Cache\Home\4e8495c7f76d7caca27531a7e2e983f7.php 第 468 行.
NOTIC: [8] Undefined index: score E:\wamp\www\myhunll\Application\Runtime\Cache\Home\4e8495c7f76d7caca27531a7e2e983f7.php 第 468 行.
NOTIC: [8] Undefined index: score E:\wamp\www\myhunll\Application\Runtime\Cache\Home\4e8495c7f76d7caca27531a7e2e983f7.php 第 468 行.
NOTIC: [8] Undefined index: score E:\wamp\www\myhunll\Application\Runtime\Cache\Home\4e8495c7f76d7caca27531a7e2e983f7.php 第 468 行.
NOTIC: [8] Undefined index: score E:\wamp\www\myhunll\Application\Runtime\Cache\Home\4e8495c7f76d7caca27531a7e2e983f7.php 第 496 行.
NOTIC: [8] Undefined index: score E:\wamp\www\myhunll\Application\Runtime\Cache\Home\4e8495c7f76d7caca27531a7e2e983f7.php 第 496 行.
NOTIC: [8] Undefined index: score E:\wamp\www\myhunll\Application\Runtime\Cache\Home\4e8495c7f76d7caca27531a7e2e983f7.php 第 496 行.
NOTIC: [8] Undefined index: score E:\wamp\www\myhunll\Application\Runtime\Cache\Home\4e8495c7f76d7caca27531a7e2e983f7.php 第 496 行.
NOTIC: [8] Undefined index: score E:\wamp\www\myhunll\Application\Runtime\Cache\Home\4e8495c7f76d7caca27531a7e2e983f7.php 第 496 行.
NOTIC: [8] Undefined index: score E:\wamp\www\myhunll\Application\Runtime\Cache\Home\4e8495c7f76d7caca27531a7e2e983f7.php 第 496 行.
NOTIC: [8] Undefined index: score E:\wamp\www\myhunll\Application\Runtime\Cache\Home\4e8495c7f76d7caca27531a7e2e983f7.php 第 496 行.
NOTIC: [8] Undefined index: score E:\wamp\www\myhunll\Application\Runtime\Cache\Home\4e8495c7f76d7caca27531a7e2e983f7.php 第 496 行.
NOTIC: [8] Undefined index: score E:\wamp\www\myhunll\Application\Runtime\Cache\Home\4e8495c7f76d7caca27531a7e2e983f7.php 第 524 行.
NOTIC: [8] Undefined index: score E:\wamp\www\myhunll\Application\Runtime\Cache\Home\4e8495c7f76d7caca27531a7e2e983f7.php 第 524 行.
NOTIC: [8] Undefined index: score E:\wamp\www\myhunll\Application\Runtime\Cache\Home\4e8495c7f76d7caca27531a7e2e983f7.php 第 524 行.
NOTIC: [8] Undefined index: score E:\wamp\www\myhunll\Application\Runtime\Cache\Home\4e8495c7f76d7caca27531a7e2e983f7.php 第 524 行.
NOTIC: [8] Undefined index: score E:\wamp\www\myhunll\Application\Runtime\Cache\Home\4e8495c7f76d7caca27531a7e2e983f7.php 第 524 行.
NOTIC: [8] Undefined index: score E:\wamp\www\myhunll\Application\Runtime\Cache\Home\4e8495c7f76d7caca27531a7e2e983f7.php 第 524 行.
NOTIC: [8] Undefined index: score E:\wamp\www\myhunll\Application\Runtime\Cache\Home\4e8495c7f76d7caca27531a7e2e983f7.php 第 524 行.
NOTIC: [8] Undefined index: score E:\wamp\www\myhunll\Application\Runtime\Cache\Home\4e8495c7f76d7caca27531a7e2e983f7.php 第 524 行.
NOTIC: [8] Undefined index: score E:\wamp\www\myhunll\Application\Runtime\Cache\Home\4e8495c7f76d7caca27531a7e2e983f7.php 第 551 行.
NOTIC: [8] Undefined index: score E:\wamp\www\myhunll\Application\Runtime\Cache\Home\4e8495c7f76d7caca27531a7e2e983f7.php 第 551 行.
NOTIC: [8] Undefined index: score E:\wamp\www\myhunll\Application\Runtime\Cache\Home\4e8495c7f76d7caca27531a7e2e983f7.php 第 551 行.
NOTIC: [8] Undefined index: score E:\wamp\www\myhunll\Application\Runtime\Cache\Home\4e8495c7f76d7caca27531a7e2e983f7.php 第 551 行.
NOTIC: [8] Undefined index: score E:\wamp\www\myhunll\Application\Runtime\Cache\Home\4e8495c7f76d7caca27531a7e2e983f7.php 第 551 行.
NOTIC: [8] Undefined index: score E:\wamp\www\myhunll\Application\Runtime\Cache\Home\4e8495c7f76d7caca27531a7e2e983f7.php 第 551 行.
NOTIC: [8] Undefined index: score E:\wamp\www\myhunll\Application\Runtime\Cache\Home\4e8495c7f76d7caca27531a7e2e983f7.php 第 551 行.
NOTIC: [8] Undefined index: score E:\wamp\www\myhunll\Application\Runtime\Cache\Home\4e8495c7f76d7caca27531a7e2e983f7.php 第 551 行.
INFO: Run Behavior\ParseTemplateBehavior [ RunTime:0.098122s ]
INFO: [ view_parse ] --END-- [ RunTime:0.098274s ]
INFO: [ view_filter ] --START--
INFO: Run Behavior\WriteHtmlCacheBehavior [ RunTime:0.000838s ]
INFO: [ view_filter ] --END-- [ RunTime:0.000958s ]
INFO: [ app_end ] --START--
INFO: Run Behavior\ShowPageTraceBehavior [ RunTime:0.000863s ]
INFO: [ app_end ] --END-- [ RunTime:0.000952s ]

[ 2016-04-07T20:06:40+08:00 ] 127.0.0.1 /Home/Index/menu.html
INFO: [ app_init ] --START--
INFO: Run Behavior\BuildLiteBehavior [ RunTime:0.000026s ]
INFO: [ app_init ] --END-- [ RunTime:0.000487s ]
INFO: [ app_begin ] --START--
INFO: Run Behavior\ReadHtmlCacheBehavior [ RunTime:0.000772s ]
INFO: [ app_begin ] --END-- [ RunTime:0.000870s ]
SQL: SHOW COLUMNS FROM `m_admin_infor` [ RunTime:0.0055s ]
SQL: SELECT * FROM `m_admin_infor` WHERE ( id=1 ) LIMIT 1   [ RunTime:0.0007s ]
SQL: SELECT `goods_id`,`goods_name`,`yuan_price`,`price`,`goods_img` FROM `m_goods` WHERE ( goods_id=171 ) LIMIT 1   [ RunTime:0.0005s ]
SQL: SELECT `goods_id`,`goods_name`,`yuan_price`,`price`,`goods_img` FROM `m_goods` WHERE ( goods_id=108 ) LIMIT 1   [ RunTime:0.0003s ]
SQL: SELECT `goods_id`,`goods_name`,`yuan_price`,`price`,`goods_img` FROM `m_goods` WHERE ( goods_id=168 ) LIMIT 1   [ RunTime:0.0005s ]
SQL: SELECT `goods_id`,`goods_name`,`yuan_price`,`price`,`goods_img` FROM `m_goods` WHERE ( goods_id=172 ) LIMIT 1   [ RunTime:0.0006s ]
SQL: SELECT `goods_id`,`goods_name`,`yuan_price`,`price`,`goods_img` FROM `m_goods` WHERE ( goods_id=173 ) LIMIT 1   [ RunTime:0.0005s ]
INFO: [ view_parse ] --START--
INFO: [ template_filter ] --START--
INFO: Run Behavior\ContentReplaceBehavior [ RunTime:0.000145s ]
INFO: [ template_filter ] --END-- [ RunTime:0.000310s ]
NOTIC: [8] Undefined variable: huiyuanming E:\wamp\www\myhunll\Application\Runtime\Cache\Home\1f35679180272d72da162141f7221c2f.php 第 21 行.
NOTIC: [8] Undefined variable: yonghu_url E:\wamp\www\myhunll\Application\Runtime\Cache\Home\1f35679180272d72da162141f7221c2f.php 第 22 行.
NOTIC: [8] Undefined variable: tuichu_url E:\wamp\www\myhunll\Application\Runtime\Cache\Home\1f35679180272d72da162141f7221c2f.php 第 26 行.
INFO: Run Behavior\ParseTemplateBehavior [ RunTime:0.008747s ]
INFO: [ view_parse ] --END-- [ RunTime:0.008845s ]
INFO: [ view_filter ] --START--
INFO: Run Behavior\WriteHtmlCacheBehavior [ RunTime:0.000604s ]
INFO: [ view_filter ] --END-- [ RunTime:0.000694s ]
INFO: [ app_end ] --START--
INFO: Run Behavior\ShowPageTraceBehavior [ RunTime:0.000833s ]
INFO: [ app_end ] --END-- [ RunTime:0.000933s ]

[ 2016-04-07T20:06:40+08:00 ] 127.0.0.1 /Home/Index/menu.html
INFO: [ app_init ] --START--
INFO: Run Behavior\BuildLiteBehavior [ RunTime:0.000024s ]
INFO: [ app_init ] --END-- [ RunTime:0.000542s ]
INFO: [ app_begin ] --START--
INFO: Run Behavior\ReadHtmlCacheBehavior [ RunTime:0.001095s ]
INFO: [ app_begin ] --END-- [ RunTime:0.001209s ]
SQL: SHOW COLUMNS FROM `m_admin_infor` [ RunTime:0.0042s ]
SQL: SELECT * FROM `m_admin_infor` WHERE ( id=1 ) LIMIT 1   [ RunTime:0.0003s ]
SQL: SELECT `goods_id`,`goods_name`,`yuan_price`,`price`,`goods_img` FROM `m_goods` WHERE ( goods_id=171 ) LIMIT 1   [ RunTime:0.0003s ]
SQL: SELECT `goods_id`,`goods_name`,`yuan_price`,`price`,`goods_img` FROM `m_goods` WHERE ( goods_id=108 ) LIMIT 1   [ RunTime:0.0002s ]
SQL: SELECT `goods_id`,`goods_name`,`yuan_price`,`price`,`goods_img` FROM `m_goods` WHERE ( goods_id=168 ) LIMIT 1   [ RunTime:0.0002s ]
SQL: SELECT `goods_id`,`goods_name`,`yuan_price`,`price`,`goods_img` FROM `m_goods` WHERE ( goods_id=172 ) LIMIT 1   [ RunTime:0.0002s ]
SQL: SELECT `goods_id`,`goods_name`,`yuan_price`,`price`,`goods_img` FROM `m_goods` WHERE ( goods_id=173 ) LIMIT 1   [ RunTime:0.0002s ]
INFO: [ view_parse ] --START--
INFO: [ template_filter ] --START--
INFO: Run Behavior\ContentReplaceBehavior [ RunTime:0.000087s ]
INFO: [ template_filter ] --END-- [ RunTime:0.000187s ]
NOTIC: [8] Undefined variable: huiyuanming E:\wamp\www\myhunll\Application\Runtime\Cache\Home\1f35679180272d72da162141f7221c2f.php 第 21 行.
NOTIC: [8] Undefined variable: yonghu_url E:\wamp\www\myhunll\Application\Runtime\Cache\Home\1f35679180272d72da162141f7221c2f.php 第 22 行.
NOTIC: [8] Undefined variable: tuichu_url E:\wamp\www\myhunll\Application\Runtime\Cache\Home\1f35679180272d72da162141f7221c2f.php 第 26 行.
INFO: Run Behavior\ParseTemplateBehavior [ RunTime:0.008382s ]
INFO: [ view_parse ] --END-- [ RunTime:0.008467s ]
INFO: [ view_filter ] --START--
INFO: Run Behavior\WriteHtmlCacheBehavior [ RunTime:0.000544s ]
INFO: [ view_filter ] --END-- [ RunTime:0.000612s ]
INFO: [ app_end ] --START--
INFO: Run Behavior\ShowPageTraceBehavior [ RunTime:0.000748s ]
INFO: [ app_end ] --END-- [ RunTime:0.000821s ]

[ 2016-04-07T20:06:40+08:00 ] 127.0.0.1 /Home/login/is_login.html
INFO: [ app_init ] --START--
INFO: Run Behavior\BuildLiteBehavior [ RunTime:0.000021s ]
INFO: [ app_init ] --END-- [ RunTime:0.000537s ]
INFO: [ app_begin ] --START--
INFO: Run Behavior\ReadHtmlCacheBehavior [ RunTime:0.000986s ]
INFO: [ app_begin ] --END-- [ RunTime:0.001128s ]
SQL: SHOW COLUMNS FROM `m_admin_infor` [ RunTime:0.0039s ]
SQL: SELECT * FROM `m_admin_infor` WHERE ( id=1 ) LIMIT 1   [ RunTime:0.0003s ]
SQL: SELECT `goods_id`,`goods_name`,`yuan_price`,`price`,`goods_img` FROM `m_goods` WHERE ( goods_id=171 ) LIMIT 1   [ RunTime:0.0003s ]
SQL: SELECT `goods_id`,`goods_name`,`yuan_price`,`price`,`goods_img` FROM `m_goods` WHERE ( goods_id=108 ) LIMIT 1   [ RunTime:0.0002s ]
SQL: SELECT `goods_id`,`goods_name`,`yuan_price`,`price`,`goods_img` FROM `m_goods` WHERE ( goods_id=168 ) LIMIT 1   [ RunTime:0.0002s ]
SQL: SELECT `goods_id`,`goods_name`,`yuan_price`,`price`,`goods_img` FROM `m_goods` WHERE ( goods_id=172 ) LIMIT 1   [ RunTime:0.0002s ]
SQL: SELECT `goods_id`,`goods_name`,`yuan_price`,`price`,`goods_img` FROM `m_goods` WHERE ( goods_id=173 ) LIMIT 1   [ RunTime:0.0002s ]

[ 2016-04-07T23:20:44+08:00 ] 127.0.0.1 /
INFO: [ app_init ] --START--
INFO: Run Behavior\BuildLiteBehavior [ RunTime:0.000032s ]
INFO: [ app_init ] --END-- [ RunTime:0.029593s ]
INFO: [ app_begin ] --START--
INFO: Run Behavior\ReadHtmlCacheBehavior [ RunTime:0.001259s ]
INFO: [ app_begin ] --END-- [ RunTime:0.001380s ]
SQL: SHOW COLUMNS FROM `m_admin_infor` [ RunTime:0.0940s ]
SQL: SELECT * FROM `m_admin_infor` WHERE ( id=1 ) LIMIT 1   [ RunTime:0.0547s ]
SQL: SELECT `goods_id`,`goods_name`,`yuan_price`,`price`,`goods_img` FROM `m_goods` WHERE ( goods_id=171 ) LIMIT 1   [ RunTime:0.0317s ]
SQL: SELECT `goods_id`,`goods_name`,`yuan_price`,`price`,`goods_img` FROM `m_goods` WHERE ( goods_id=108 ) LIMIT 1   [ RunTime:0.0005s ]
SQL: SELECT `goods_id`,`goods_name`,`yuan_price`,`price`,`goods_img` FROM `m_goods` WHERE ( goods_id=168 ) LIMIT 1   [ RunTime:0.0005s ]
SQL: SELECT `goods_id`,`goods_name`,`yuan_price`,`price`,`goods_img` FROM `m_goods` WHERE ( goods_id=172 ) LIMIT 1   [ RunTime:0.0007s ]
SQL: SELECT `goods_id`,`goods_name`,`yuan_price`,`price`,`goods_img` FROM `m_goods` WHERE ( goods_id=173 ) LIMIT 1   [ RunTime:0.0006s ]
SQL: SHOW COLUMNS FROM `m_admin_advert` [ RunTime:0.0314s ]
SQL: SELECT `xuhao`,`img_url`,`url` FROM `m_admin_advert` WHERE ( position='轮播上' )  [ RunTime:0.0229s ]
SQL: SELECT `xuhao`,`img_url`,`url` FROM `m_admin_advert` WHERE ( position='轮播下' )  [ RunTime:0.0004s ]
SQL: SELECT `xuhao`,`img_url`,`url`,`title` FROM `m_admin_advert` WHERE ( position='首页右' )  [ RunTime:0.0003s ]
SQL: SHOW COLUMNS FROM `m_category` [ RunTime:0.0338s ]
SQL: SELECT t2.goods_id,t2.area,t2.user_id,t2.goods_name,t2.price,t2.yuan_price,t2.goods_img,t2.comment_number,t1.cat_name,t3.user_name,t2.goods_id,t2.score,t2.buy_number FROM m_category t1,m_goods t2,m_users t3 WHERE ( t2.cat_id=1 and t2.is_delete=0 and t2.cat_id=t1.cat_id and t2.user_id=t3.user_id ) ORDER BY t2.last_update desc LIMIT 8   [ RunTime:0.0186s ]
SQL: SHOW COLUMNS FROM `m_category` [ RunTime:0.0039s ]
SQL: SELECT t2.goods_id,t2.area,t2.user_id,t2.goods_name,t2.price,t2.yuan_price,t2.goods_img,t2.comment_number,t1.cat_name,t3.user_name,t2.goods_id,t2.buy_number FROM m_category t1,m_goods t2,m_users t3 WHERE ( t2.cat_id=2 and t2.is_delete=0 and t2.cat_id=t1.cat_id and t2.user_id=t3.user_id ) ORDER BY t2.last_update desc LIMIT 8   [ RunTime:0.0008s ]
SQL: SHOW COLUMNS FROM `m_category` [ RunTime:0.0039s ]
SQL: SELECT t2.goods_id,t2.area,t2.user_id,t2.goods_name,t2.price,t2.yuan_price,t2.goods_img,t2.comment_number,t1.cat_name,t3.user_name,t2.goods_id,t2.buy_number FROM m_category t1,m_goods t2,m_users t3 WHERE ( t2.cat_id=3 and t2.is_delete=0 and t2.cat_id=t1.cat_id and t2.user_id=t3.user_id ) ORDER BY t2.last_update desc LIMIT 8   [ RunTime:0.0010s ]
SQL: SHOW COLUMNS FROM `m_category` [ RunTime:0.0038s ]
SQL: SELECT t2.goods_id,t2.area,t2.user_id,t2.goods_name,t2.price,t2.yuan_price,t2.goods_img,t2.comment_number,t1.cat_name,t3.user_name,t2.goods_id,t2.buy_number FROM m_category t1,m_goods t2,m_users t3 WHERE ( t2.cat_id=4 and t2.is_delete=0 and t2.cat_id=t1.cat_id and t2.user_id=t3.user_id ) ORDER BY t2.last_update desc LIMIT 8   [ RunTime:0.0008s ]
SQL: SHOW COLUMNS FROM `m_category` [ RunTime:0.0036s ]
SQL: SELECT t2.goods_id,t2.area,t2.user_id,t2.goods_name,t2.price,t2.yuan_price,t2.goods_img,t2.comment_number,t1.cat_name,t3.user_name,t2.goods_id,t2.buy_number FROM m_category t1,m_goods t2,m_users t3 WHERE ( t2.cat_id=5 and t2.is_delete=0 and t2.cat_id=t1.cat_id and t2.user_id=t3.user_id ) ORDER BY t2.last_update desc LIMIT 8   [ RunTime:0.0009s ]
SQL: SHOW COLUMNS FROM `m_category` [ RunTime:0.0038s ]
SQL: SELECT t2.goods_id,t2.area,t2.user_id,t2.goods_name,t2.price,t2.yuan_price,t2.goods_img,t2.comment_number,t1.cat_name,t3.user_name,t2.goods_id,t2.buy_number FROM m_category t1,m_goods t2,m_users t3 WHERE ( t2.cat_id=6 and t2.is_delete=0 and t2.cat_id=t1.cat_id and t2.user_id=t3.user_id ) ORDER BY t2.last_update desc LIMIT 8   [ RunTime:0.0010s ]
SQL: SHOW COLUMNS FROM `m_category` [ RunTime:0.0031s ]
SQL: SELECT t2.goods_id,t2.area,t2.user_id,t2.goods_name,t2.price,t2.yuan_price,t2.goods_img,t2.comment_number,t1.cat_name,t3.user_name,t2.goods_id,t2.buy_number FROM m_category t1,m_goods t2,m_users t3 WHERE ( t2.cat_id=7 and t2.is_delete=0 and t2.cat_id=t1.cat_id and t2.user_id=t3.user_id ) ORDER BY t2.last_update desc LIMIT 8   [ RunTime:0.0007s ]
SQL: SHOW COLUMNS FROM `m_category` [ RunTime:0.0032s ]
SQL: SELECT t2.goods_id,t2.area,t2.user_id,t2.goods_name,t2.price,t2.yuan_price,t2.goods_img,t2.comment_number,t1.cat_name,t3.user_name,t2.goods_id,t2.buy_number FROM m_category t1,m_goods t2,m_users t3 WHERE ( t2.cat_id=8 and t2.is_delete=0 and t2.cat_id=t1.cat_id and t2.user_id=t3.user_id ) ORDER BY t2.last_update desc LIMIT 8   [ RunTime:0.0008s ]
SQL: SHOW COLUMNS FROM `m_category` [ RunTime:0.0031s ]
SQL: SELECT t2.goods_id,t2.area,t2.user_id,t2.goods_name,t2.price,t2.yuan_price,t2.goods_img,t2.comment_number,t1.cat_name,t3.user_name,t2.goods_id,t2.buy_number FROM m_category t1,m_goods t2,m_users t3 WHERE ( t2.cat_id=9 and t2.is_delete=0 and t2.cat_id=t1.cat_id and t2.user_id=t3.user_id ) ORDER BY t2.last_update desc LIMIT 8   [ RunTime:0.0007s ]
SQL: SHOW COLUMNS FROM `m_category` [ RunTime:0.0043s ]
SQL: SELECT t2.goods_id,t2.area,t2.user_id,t2.goods_name,t2.price,t2.yuan_price,t2.goods_img,t2.comment_number,t1.cat_name,t3.user_name,t2.goods_id,t2.buy_number FROM m_category t1,m_goods t2,m_users t3 WHERE ( t2.cat_id=10 and t2.is_delete=0 and t2.cat_id=t1.cat_id and t2.user_id=t3.user_id ) ORDER BY t2.last_update desc LIMIT 8   [ RunTime:0.0005s ]
INFO: [ view_parse ] --START--
INFO: [ template_filter ] --START--
INFO: Run Behavior\ContentReplaceBehavior [ RunTime:0.000612s ]
INFO: [ template_filter ] --END-- [ RunTime:0.000716s ]
NOTIC: [8] Undefined variable: get E:\wamp\www\myhunll\Application\Runtime\Cache\Home\4e8495c7f76d7caca27531a7e2e983f7.php 第 73 行.
NOTIC: [8] Undefined index: score E:\wamp\www\myhunll\Application\Runtime\Cache\Home\4e8495c7f76d7caca27531a7e2e983f7.php 第 350 行.
NOTIC: [8] Undefined index: score E:\wamp\www\myhunll\Application\Runtime\Cache\Home\4e8495c7f76d7caca27531a7e2e983f7.php 第 350 行.
NOTIC: [8] Undefined index: score E:\wamp\www\myhunll\Application\Runtime\Cache\Home\4e8495c7f76d7caca27531a7e2e983f7.php 第 350 行.
NOTIC: [8] Undefined index: score E:\wamp\www\myhunll\Application\Runtime\Cache\Home\4e8495c7f76d7caca27531a7e2e983f7.php 第 350 行.
NOTIC: [8] Undefined index: score E:\wamp\www\myhunll\Application\Runtime\Cache\Home\4e8495c7f76d7caca27531a7e2e983f7.php 第 382 行.
NOTIC: [8] Undefined index: score E:\wamp\www\myhunll\Application\Runtime\Cache\Home\4e8495c7f76d7caca27531a7e2e983f7.php 第 382 行.
NOTIC: [8] Undefined index: score E:\wamp\www\myhunll\Application\Runtime\Cache\Home\4e8495c7f76d7caca27531a7e2e983f7.php 第 382 行.
NOTIC: [8] Undefined index: score E:\wamp\www\myhunll\Application\Runtime\Cache\Home\4e8495c7f76d7caca27531a7e2e983f7.php 第 382 行.
NOTIC: [8] Undefined index: score E:\wamp\www\myhunll\Application\Runtime\Cache\Home\4e8495c7f76d7caca27531a7e2e983f7.php 第 382 行.
NOTIC: [8] Undefined index: score E:\wamp\www\myhunll\Application\Runtime\Cache\Home\4e8495c7f76d7caca27531a7e2e983f7.php 第 382 行.
NOTIC: [8] Undefined index: score E:\wamp\www\myhunll\Application\Runtime\Cache\Home\4e8495c7f76d7caca27531a7e2e983f7.php 第 382 行.
NOTIC: [8] Undefined index: score E:\wamp\www\myhunll\Application\Runtime\Cache\Home\4e8495c7f76d7caca27531a7e2e983f7.php 第 382 行.
NOTIC: [8] Undefined index: score E:\wamp\www\myhunll\Application\Runtime\Cache\Home\4e8495c7f76d7caca27531a7e2e983f7.php 第 411 行.
NOTIC: [8] Undefined index: score E:\wamp\www\myhunll\Application\Runtime\Cache\Home\4e8495c7f76d7caca27531a7e2e983f7.php 第 411 行.
NOTIC: [8] Undefined index: score E:\wamp\www\myhunll\Application\Runtime\Cache\Home\4e8495c7f76d7caca27531a7e2e983f7.php 第 411 行.
NOTIC: [8] Undefined index: score E:\wamp\www\myhunll\Application\Runtime\Cache\Home\4e8495c7f76d7caca27531a7e2e983f7.php 第 411 行.
NOTIC: [8] Undefined index: score E:\wamp\www\myhunll\Application\Runtime\Cache\Home\4e8495c7f76d7caca27531a7e2e983f7.php 第 411 行.
NOTIC: [8] Undefined index: score E:\wamp\www\myhunll\Application\Runtime\Cache\Home\4e8495c7f76d7caca27531a7e2e983f7.php 第 411 行.
NOTIC: [8] Undefined index: score E:\wamp\www\myhunll\Application\Runtime\Cache\Home\4e8495c7f76d7caca27531a7e2e983f7.php 第 411 行.
NOTIC: [8] Undefined index: score E:\wamp\www\myhunll\Application\Runtime\Cache\Home\4e8495c7f76d7caca27531a7e2e983f7.php 第 440 行.
NOTIC: [8] Undefined index: score E:\wamp\www\myhunll\Application\Runtime\Cache\Home\4e8495c7f76d7caca27531a7e2e983f7.php 第 440 行.
NOTIC: [8] Undefined index: score E:\wamp\www\myhunll\Application\Runtime\Cache\Home\4e8495c7f76d7caca27531a7e2e983f7.php 第 440 行.
NOTIC: [8] Undefined index: score E:\wamp\www\myhunll\Application\Runtime\Cache\Home\4e8495c7f76d7caca27531a7e2e983f7.php 第 440 行.
NOTIC: [8] Undefined index: score E:\wamp\www\myhunll\Application\Runtime\Cache\Home\4e8495c7f76d7caca27531a7e2e983f7.php 第 440 行.
NOTIC: [8] Undefined index: score E:\wamp\www\myhunll\Application\Runtime\Cache\Home\4e8495c7f76d7caca27531a7e2e983f7.php 第 440 行.
NOTIC: [8] Undefined index: score E:\wamp\www\myhunll\Application\Runtime\Cache\Home\4e8495c7f76d7caca27531a7e2e983f7.php 第 440 行.
NOTIC: [8] Undefined index: score E:\wamp\www\myhunll\Application\Runtime\Cache\Home\4e8495c7f76d7caca27531a7e2e983f7.php 第 440 行.
NOTIC: [8] Undefined index: score E:\wamp\www\myhunll\Application\Runtime\Cache\Home\4e8495c7f76d7caca27531a7e2e983f7.php 第 468 行.
NOTIC: [8] Undefined index: score E:\wamp\www\myhunll\Application\Runtime\Cache\Home\4e8495c7f76d7caca27531a7e2e983f7.php 第 468 行.
NOTIC: [8] Undefined index: score E:\wamp\www\myhunll\Application\Runtime\Cache\Home\4e8495c7f76d7caca27531a7e2e983f7.php 第 468 行.
NOTIC: [8] Undefined index: score E:\wamp\www\myhunll\Application\Runtime\Cache\Home\4e8495c7f76d7caca27531a7e2e983f7.php 第 468 行.
NOTIC: [8] Undefined index: score E:\wamp\www\myhunll\Application\Runtime\Cache\Home\4e8495c7f76d7caca27531a7e2e983f7.php 第 468 行.
NOTIC: [8] Undefined index: score E:\wamp\www\myhunll\Application\Runtime\Cache\Home\4e8495c7f76d7caca27531a7e2e983f7.php 第 468 行.
NOTIC: [8] Undefined index: score E:\wamp\www\myhunll\Application\Runtime\Cache\Home\4e8495c7f76d7caca27531a7e2e983f7.php 第 468 行.
NOTIC: [8] Undefined index: score E:\wamp\www\myhunll\Application\Runtime\Cache\Home\4e8495c7f76d7caca27531a7e2e983f7.php 第 468 行.
NOTIC: [8] Undefined index: score E:\wamp\www\myhunll\Application\Runtime\Cache\Home\4e8495c7f76d7caca27531a7e2e983f7.php 第 496 行.
NOTIC: [8] Undefined index: score E:\wamp\www\myhunll\Application\Runtime\Cache\Home\4e8495c7f76d7caca27531a7e2e983f7.php 第 496 行.
NOTIC: [8] Undefined index: score E:\wamp\www\myhunll\Application\Runtime\Cache\Home\4e8495c7f76d7caca27531a7e2e983f7.php 第 496 行.
NOTIC: [8] Undefined index: score E:\wamp\www\myhunll\Application\Runtime\Cache\Home\4e8495c7f76d7caca27531a7e2e983f7.php 第 496 行.
NOTIC: [8] Undefined index: score E:\wamp\www\myhunll\Application\Runtime\Cache\Home\4e8495c7f76d7caca27531a7e2e983f7.php 第 496 行.
NOTIC: [8] Undefined index: score E:\wamp\www\myhunll\Application\Runtime\Cache\Home\4e8495c7f76d7caca27531a7e2e983f7.php 第 496 行.
NOTIC: [8] Undefined index: score E:\wamp\www\myhunll\Application\Runtime\Cache\Home\4e8495c7f76d7caca27531a7e2e983f7.php 第 496 行.
NOTIC: [8] Undefined index: score E:\wamp\www\myhunll\Application\Runtime\Cache\Home\4e8495c7f76d7caca27531a7e2e983f7.php 第 496 行.
NOTIC: [8] Undefined index: score E:\wamp\www\myhunll\Application\Runtime\Cache\Home\4e8495c7f76d7caca27531a7e2e983f7.php 第 524 行.
NOTIC: [8] Undefined index: score E:\wamp\www\myhunll\Application\Runtime\Cache\Home\4e8495c7f76d7caca27531a7e2e983f7.php 第 524 行.
NOTIC: [8] Undefined index: score E:\wamp\www\myhunll\Application\Runtime\Cache\Home\4e8495c7f76d7caca27531a7e2e983f7.php 第 524 行.
NOTIC: [8] Undefined index: score E:\wamp\www\myhunll\Application\Runtime\Cache\Home\4e8495c7f76d7caca27531a7e2e983f7.php 第 524 行.
NOTIC: [8] Undefined index: score E:\wamp\www\myhunll\Application\Runtime\Cache\Home\4e8495c7f76d7caca27531a7e2e983f7.php 第 524 行.
NOTIC: [8] Undefined index: score E:\wamp\www\myhunll\Application\Runtime\Cache\Home\4e8495c7f76d7caca27531a7e2e983f7.php 第 524 行.
NOTIC: [8] Undefined index: score E:\wamp\www\myhunll\Application\Runtime\Cache\Home\4e8495c7f76d7caca27531a7e2e983f7.php 第 524 行.
NOTIC: [8] Undefined index: score E:\wamp\www\myhunll\Application\Runtime\Cache\Home\4e8495c7f76d7caca27531a7e2e983f7.php 第 524 行.
NOTIC: [8] Undefined index: score E:\wamp\www\myhunll\Application\Runtime\Cache\Home\4e8495c7f76d7caca27531a7e2e983f7.php 第 551 行.
NOTIC: [8] Undefined index: score E:\wamp\www\myhunll\Application\Runtime\Cache\Home\4e8495c7f76d7caca27531a7e2e983f7.php 第 551 行.
NOTIC: [8] Undefined index: score E:\wamp\www\myhunll\Application\Runtime\Cache\Home\4e8495c7f76d7caca27531a7e2e983f7.php 第 551 行.
NOTIC: [8] Undefined index: score E:\wamp\www\myhunll\Application\Runtime\Cache\Home\4e8495c7f76d7caca27531a7e2e983f7.php 第 551 行.
NOTIC: [8] Undefined index: score E:\wamp\www\myhunll\Application\Runtime\Cache\Home\4e8495c7f76d7caca27531a7e2e983f7.php 第 551 行.
NOTIC: [8] Undefined index: score E:\wamp\www\myhunll\Application\Runtime\Cache\Home\4e8495c7f76d7caca27531a7e2e983f7.php 第 551 行.
NOTIC: [8] Undefined index: score E:\wamp\www\myhunll\Application\Runtime\Cache\Home\4e8495c7f76d7caca27531a7e2e983f7.php 第 551 行.
NOTIC: [8] Undefined index: score E:\wamp\www\myhunll\Application\Runtime\Cache\Home\4e8495c7f76d7caca27531a7e2e983f7.php 第 551 行.
INFO: Run Behavior\ParseTemplateBehavior [ RunTime:0.242029s ]
INFO: [ view_parse ] --END-- [ RunTime:0.242135s ]
INFO: [ view_filter ] --START--
INFO: Run Behavior\WriteHtmlCacheBehavior [ RunTime:0.021033s ]
INFO: [ view_filter ] --END-- [ RunTime:0.021142s ]
INFO: [ app_end ] --START--
INFO: Run Behavior\ShowPageTraceBehavior [ RunTime:0.010795s ]
INFO: [ app_end ] --END-- [ RunTime:0.010904s ]

[ 2016-04-07T23:20:44+08:00 ] 127.0.0.1 /Home/Index/menu.html
INFO: [ app_init ] --START--
INFO: Run Behavior\BuildLiteBehavior [ RunTime:0.000023s ]
INFO: [ app_init ] --END-- [ RunTime:0.000467s ]
INFO: [ app_begin ] --START--
INFO: Run Behavior\ReadHtmlCacheBehavior [ RunTime:0.000588s ]
INFO: [ app_begin ] --END-- [ RunTime:0.000682s ]
SQL: SHOW COLUMNS FROM `m_admin_infor` [ RunTime:0.0039s ]
SQL: SELECT * FROM `m_admin_infor` WHERE ( id=1 ) LIMIT 1   [ RunTime:0.0005s ]
SQL: SELECT `goods_id`,`goods_name`,`yuan_price`,`price`,`goods_img` FROM `m_goods` WHERE ( goods_id=171 ) LIMIT 1   [ RunTime:0.0004s ]
SQL: SELECT `goods_id`,`goods_name`,`yuan_price`,`price`,`goods_img` FROM `m_goods` WHERE ( goods_id=108 ) LIMIT 1   [ RunTime:0.0003s ]
SQL: SELECT `goods_id`,`goods_name`,`yuan_price`,`price`,`goods_img` FROM `m_goods` WHERE ( goods_id=168 ) LIMIT 1   [ RunTime:0.0003s ]
SQL: SELECT `goods_id`,`goods_name`,`yuan_price`,`price`,`goods_img` FROM `m_goods` WHERE ( goods_id=172 ) LIMIT 1   [ RunTime:0.0003s ]
SQL: SELECT `goods_id`,`goods_name`,`yuan_price`,`price`,`goods_img` FROM `m_goods` WHERE ( goods_id=173 ) LIMIT 1   [ RunTime:0.0003s ]
INFO: [ view_parse ] --START--
INFO: [ template_filter ] --START--
INFO: Run Behavior\ContentReplaceBehavior [ RunTime:0.000083s ]
INFO: [ template_filter ] --END-- [ RunTime:0.000186s ]
NOTIC: [8] Undefined variable: huiyuanming E:\wamp\www\myhunll\Application\Runtime\Cache\Home\1f35679180272d72da162141f7221c2f.php 第 21 行.
NOTIC: [8] Undefined variable: yonghu_url E:\wamp\www\myhunll\Application\Runtime\Cache\Home\1f35679180272d72da162141f7221c2f.php 第 22 行.
NOTIC: [8] Undefined variable: tuichu_url E:\wamp\www\myhunll\Application\Runtime\Cache\Home\1f35679180272d72da162141f7221c2f.php 第 26 行.
INFO: Run Behavior\ParseTemplateBehavior [ RunTime:0.037815s ]
INFO: [ view_parse ] --END-- [ RunTime:0.037912s ]
INFO: [ view_filter ] --START--
INFO: Run Behavior\WriteHtmlCacheBehavior [ RunTime:0.000503s ]
INFO: [ view_filter ] --END-- [ RunTime:0.000579s ]
INFO: [ app_end ] --START--
INFO: Run Behavior\ShowPageTraceBehavior [ RunTime:0.000825s ]
INFO: [ app_end ] --END-- [ RunTime:0.000909s ]

[ 2016-04-07T23:20:44+08:00 ] 127.0.0.1 /Home/Index/menu.html
INFO: [ app_init ] --START--
INFO: Run Behavior\BuildLiteBehavior [ RunTime:0.000023s ]
INFO: [ app_init ] --END-- [ RunTime:0.000493s ]
INFO: [ app_begin ] --START--
INFO: Run Behavior\ReadHtmlCacheBehavior [ RunTime:0.000633s ]
INFO: [ app_begin ] --END-- [ RunTime:0.000728s ]
SQL: SHOW COLUMNS FROM `m_admin_infor` [ RunTime:0.0037s ]
SQL: SELECT * FROM `m_admin_infor` WHERE ( id=1 ) LIMIT 1   [ RunTime:0.0005s ]
SQL: SELECT `goods_id`,`goods_name`,`yuan_price`,`price`,`goods_img` FROM `m_goods` WHERE ( goods_id=171 ) LIMIT 1   [ RunTime:0.0005s ]
SQL: SELECT `goods_id`,`goods_name`,`yuan_price`,`price`,`goods_img` FROM `m_goods` WHERE ( goods_id=108 ) LIMIT 1   [ RunTime:0.0003s ]
SQL: SELECT `goods_id`,`goods_name`,`yuan_price`,`price`,`goods_img` FROM `m_goods` WHERE ( goods_id=168 ) LIMIT 1   [ RunTime:0.0003s ]
SQL: SELECT `goods_id`,`goods_name`,`yuan_price`,`price`,`goods_img` FROM `m_goods` WHERE ( goods_id=172 ) LIMIT 1   [ RunTime:0.0003s ]
SQL: SELECT `goods_id`,`goods_name`,`yuan_price`,`price`,`goods_img` FROM `m_goods` WHERE ( goods_id=173 ) LIMIT 1   [ RunTime:0.0003s ]
INFO: [ view_parse ] --START--
INFO: [ template_filter ] --START--
INFO: Run Behavior\ContentReplaceBehavior [ RunTime:0.000150s ]
INFO: [ template_filter ] --END-- [ RunTime:0.000337s ]
NOTIC: [8] Undefined variable: huiyuanming E:\wamp\www\myhunll\Application\Runtime\Cache\Home\1f35679180272d72da162141f7221c2f.php 第 21 行.
NOTIC: [8] Undefined variable: yonghu_url E:\wamp\www\myhunll\Application\Runtime\Cache\Home\1f35679180272d72da162141f7221c2f.php 第 22 行.
NOTIC: [8] Undefined variable: tuichu_url E:\wamp\www\myhunll\Application\Runtime\Cache\Home\1f35679180272d72da162141f7221c2f.php 第 26 行.
INFO: Run Behavior\ParseTemplateBehavior [ RunTime:0.012073s ]
INFO: [ view_parse ] --END-- [ RunTime:0.012171s ]
INFO: [ view_filter ] --START--
INFO: Run Behavior\WriteHtmlCacheBehavior [ RunTime:0.000487s ]
INFO: [ view_filter ] --END-- [ RunTime:0.000550s ]
INFO: [ app_end ] --START--
INFO: Run Behavior\ShowPageTraceBehavior [ RunTime:0.000661s ]
INFO: [ app_end ] --END-- [ RunTime:0.000729s ]

[ 2016-04-07T23:20:44+08:00 ] 127.0.0.1 /Home/login/is_login.html
INFO: [ app_init ] --START--
INFO: Run Behavior\BuildLiteBehavior [ RunTime:0.000041s ]
INFO: [ app_init ] --END-- [ RunTime:0.000966s ]
INFO: [ app_begin ] --START--
INFO: Run Behavior\ReadHtmlCacheBehavior [ RunTime:0.000734s ]
INFO: [ app_begin ] --END-- [ RunTime:0.000821s ]
SQL: SHOW COLUMNS FROM `m_admin_infor` [ RunTime:0.0029s ]
SQL: SELECT * FROM `m_admin_infor` WHERE ( id=1 ) LIMIT 1   [ RunTime:0.0005s ]
SQL: SELECT `goods_id`,`goods_name`,`yuan_price`,`price`,`goods_img` FROM `m_goods` WHERE ( goods_id=171 ) LIMIT 1   [ RunTime:0.0004s ]
SQL: SELECT `goods_id`,`goods_name`,`yuan_price`,`price`,`goods_img` FROM `m_goods` WHERE ( goods_id=108 ) LIMIT 1   [ RunTime:0.0003s ]
SQL: SELECT `goods_id`,`goods_name`,`yuan_price`,`price`,`goods_img` FROM `m_goods` WHERE ( goods_id=168 ) LIMIT 1   [ RunTime:0.0003s ]
SQL: SELECT `goods_id`,`goods_name`,`yuan_price`,`price`,`goods_img` FROM `m_goods` WHERE ( goods_id=172 ) LIMIT 1   [ RunTime:0.0003s ]
SQL: SELECT `goods_id`,`goods_name`,`yuan_price`,`price`,`goods_img` FROM `m_goods` WHERE ( goods_id=173 ) LIMIT 1   [ RunTime:0.0003s ]

[ 2016-04-07T23:25:29+08:00 ] 127.0.0.1 /
INFO: [ app_init ] --START--
INFO: Run Behavior\BuildLiteBehavior [ RunTime:0.000023s ]
INFO: [ app_init ] --END-- [ RunTime:0.000456s ]
INFO: [ app_begin ] --START--
INFO: Run Behavior\ReadHtmlCacheBehavior [ RunTime:0.000956s ]
INFO: [ app_begin ] --END-- [ RunTime:0.001073s ]
SQL: SHOW COLUMNS FROM `m_admin_infor` [ RunTime:0.0034s ]
SQL: SELECT * FROM `m_admin_infor` WHERE ( id=1 ) LIMIT 1   [ RunTime:0.0004s ]
SQL: SELECT `goods_id`,`goods_name`,`yuan_price`,`price`,`goods_img` FROM `m_goods` WHERE ( goods_id=171 ) LIMIT 1   [ RunTime:0.0004s ]
SQL: SELECT `goods_id`,`goods_name`,`yuan_price`,`price`,`goods_img` FROM `m_goods` WHERE ( goods_id=108 ) LIMIT 1   [ RunTime:0.0002s ]
SQL: SELECT `goods_id`,`goods_name`,`yuan_price`,`price`,`goods_img` FROM `m_goods` WHERE ( goods_id=168 ) LIMIT 1   [ RunTime:0.0002s ]
SQL: SELECT `goods_id`,`goods_name`,`yuan_price`,`price`,`goods_img` FROM `m_goods` WHERE ( goods_id=172 ) LIMIT 1   [ RunTime:0.0004s ]
SQL: SELECT `goods_id`,`goods_name`,`yuan_price`,`price`,`goods_img` FROM `m_goods` WHERE ( goods_id=173 ) LIMIT 1   [ RunTime:0.0003s ]
SQL: SHOW COLUMNS FROM `m_admin_advert` [ RunTime:0.0034s ]
SQL: SELECT `xuhao`,`img_url`,`url` FROM `m_admin_advert` WHERE ( position='轮播上' )  [ RunTime:0.0004s ]
SQL: SELECT `xuhao`,`img_url`,`url` FROM `m_admin_advert` WHERE ( position='轮播下' )  [ RunTime:0.0003s ]
SQL: SELECT `xuhao`,`img_url`,`url`,`title` FROM `m_admin_advert` WHERE ( position='首页右' )  [ RunTime:0.0003s ]
SQL: SHOW COLUMNS FROM `m_category` [ RunTime:0.0031s ]
SQL: SELECT t2.goods_id,t2.area,t2.user_id,t2.goods_name,t2.price,t2.yuan_price,t2.goods_img,t2.comment_number,t1.cat_name,t3.user_name,t2.goods_id,t2.score,t2.buy_number FROM m_category t1,m_goods t2,m_users t3 WHERE ( t2.cat_id=1 and t2.is_delete=0 and t2.cat_id=t1.cat_id and t2.user_id=t3.user_id ) ORDER BY t2.last_update desc LIMIT 8   [ RunTime:0.0007s ]
SQL: SHOW COLUMNS FROM `m_category` [ RunTime:0.0029s ]
SQL: SELECT t2.goods_id,t2.area,t2.user_id,t2.goods_name,t2.price,t2.yuan_price,t2.goods_img,t2.comment_number,t1.cat_name,t3.user_name,t2.goods_id,t2.buy_number FROM m_category t1,m_goods t2,m_users t3 WHERE ( t2.cat_id=2 and t2.is_delete=0 and t2.cat_id=t1.cat_id and t2.user_id=t3.user_id ) ORDER BY t2.last_update desc LIMIT 8   [ RunTime:0.0006s ]
SQL: SHOW COLUMNS FROM `m_category` [ RunTime:0.0041s ]
SQL: SELECT t2.goods_id,t2.area,t2.user_id,t2.goods_name,t2.price,t2.yuan_price,t2.goods_img,t2.comment_number,t1.cat_name,t3.user_name,t2.goods_id,t2.buy_number FROM m_category t1,m_goods t2,m_users t3 WHERE ( t2.cat_id=3 and t2.is_delete=0 and t2.cat_id=t1.cat_id and t2.user_id=t3.user_id ) ORDER BY t2.last_update desc LIMIT 8   [ RunTime:0.0009s ]
SQL: SHOW COLUMNS FROM `m_category` [ RunTime:0.0037s ]
SQL: SELECT t2.goods_id,t2.area,t2.user_id,t2.goods_name,t2.price,t2.yuan_price,t2.goods_img,t2.comment_number,t1.cat_name,t3.user_name,t2.goods_id,t2.buy_number FROM m_category t1,m_goods t2,m_users t3 WHERE ( t2.cat_id=4 and t2.is_delete=0 and t2.cat_id=t1.cat_id and t2.user_id=t3.user_id ) ORDER BY t2.last_update desc LIMIT 8   [ RunTime:0.0007s ]
SQL: SHOW COLUMNS FROM `m_category` [ RunTime:0.0034s ]
SQL: SELECT t2.goods_id,t2.area,t2.user_id,t2.goods_name,t2.price,t2.yuan_price,t2.goods_img,t2.comment_number,t1.cat_name,t3.user_name,t2.goods_id,t2.buy_number FROM m_category t1,m_goods t2,m_users t3 WHERE ( t2.cat_id=5 and t2.is_delete=0 and t2.cat_id=t1.cat_id and t2.user_id=t3.user_id ) ORDER BY t2.last_update desc LIMIT 8   [ RunTime:0.0007s ]
SQL: SHOW COLUMNS FROM `m_category` [ RunTime:0.0045s ]
SQL: SELECT t2.goods_id,t2.area,t2.user_id,t2.goods_name,t2.price,t2.yuan_price,t2.goods_img,t2.comment_number,t1.cat_name,t3.user_name,t2.goods_id,t2.buy_number FROM m_category t1,m_goods t2,m_users t3 WHERE ( t2.cat_id=6 and t2.is_delete=0 and t2.cat_id=t1.cat_id and t2.user_id=t3.user_id ) ORDER BY t2.last_update desc LIMIT 8   [ RunTime:0.0009s ]
SQL: SHOW COLUMNS FROM `m_category` [ RunTime:0.0040s ]
SQL: SELECT t2.goods_id,t2.area,t2.user_id,t2.goods_name,t2.price,t2.yuan_price,t2.goods_img,t2.comment_number,t1.cat_name,t3.user_name,t2.goods_id,t2.buy_number FROM m_category t1,m_goods t2,m_users t3 WHERE ( t2.cat_id=7 and t2.is_delete=0 and t2.cat_id=t1.cat_id and t2.user_id=t3.user_id ) ORDER BY t2.last_update desc LIMIT 8   [ RunTime:0.0007s ]
SQL: SHOW COLUMNS FROM `m_category` [ RunTime:0.0036s ]
SQL: SELECT t2.goods_id,t2.area,t2.user_id,t2.goods_name,t2.price,t2.yuan_price,t2.goods_img,t2.comment_number,t1.cat_name,t3.user_name,t2.goods_id,t2.buy_number FROM m_category t1,m_goods t2,m_users t3 WHERE ( t2.cat_id=8 and t2.is_delete=0 and t2.cat_id=t1.cat_id and t2.user_id=t3.user_id ) ORDER BY t2.last_update desc LIMIT 8   [ RunTime:0.0010s ]
SQL: SHOW COLUMNS FROM `m_category` [ RunTime:0.0038s ]
SQL: SELECT t2.goods_id,t2.area,t2.user_id,t2.goods_name,t2.price,t2.yuan_price,t2.goods_img,t2.comment_number,t1.cat_name,t3.user_name,t2.goods_id,t2.buy_number FROM m_category t1,m_goods t2,m_users t3 WHERE ( t2.cat_id=9 and t2.is_delete=0 and t2.cat_id=t1.cat_id and t2.user_id=t3.user_id ) ORDER BY t2.last_update desc LIMIT 8   [ RunTime:0.0007s ]
SQL: SHOW COLUMNS FROM `m_category` [ RunTime:0.0033s ]
SQL: SELECT t2.goods_id,t2.area,t2.user_id,t2.goods_name,t2.price,t2.yuan_price,t2.goods_img,t2.comment_number,t1.cat_name,t3.user_name,t2.goods_id,t2.buy_number FROM m_category t1,m_goods t2,m_users t3 WHERE ( t2.cat_id=10 and t2.is_delete=0 and t2.cat_id=t1.cat_id and t2.user_id=t3.user_id ) ORDER BY t2.last_update desc LIMIT 8   [ RunTime:0.0004s ]
INFO: [ view_parse ] --START--
INFO: [ template_filter ] --START--
INFO: Run Behavior\ContentReplaceBehavior [ RunTime:0.000568s ]
INFO: [ template_filter ] --END-- [ RunTime:0.000665s ]
NOTIC: [8] Undefined variable: get E:\wamp\www\myhunll\Application\Runtime\Cache\Home\4e8495c7f76d7caca27531a7e2e983f7.php 第 73 行.
NOTIC: [8] Undefined index: score E:\wamp\www\myhunll\Application\Runtime\Cache\Home\4e8495c7f76d7caca27531a7e2e983f7.php 第 350 行.
NOTIC: [8] Undefined index: score E:\wamp\www\myhunll\Application\Runtime\Cache\Home\4e8495c7f76d7caca27531a7e2e983f7.php 第 350 行.
NOTIC: [8] Undefined index: score E:\wamp\www\myhunll\Application\Runtime\Cache\Home\4e8495c7f76d7caca27531a7e2e983f7.php 第 350 行.
NOTIC: [8] Undefined index: score E:\wamp\www\myhunll\Application\Runtime\Cache\Home\4e8495c7f76d7caca27531a7e2e983f7.php 第 350 行.
NOTIC: [8] Undefined index: score E:\wamp\www\myhunll\Application\Runtime\Cache\Home\4e8495c7f76d7caca27531a7e2e983f7.php 第 382 行.
NOTIC: [8] Undefined index: score E:\wamp\www\myhunll\Application\Runtime\Cache\Home\4e8495c7f76d7caca27531a7e2e983f7.php 第 382 行.
NOTIC: [8] Undefined index: score E:\wamp\www\myhunll\Application\Runtime\Cache\Home\4e8495c7f76d7caca27531a7e2e983f7.php 第 382 行.
NOTIC: [8] Undefined index: score E:\wamp\www\myhunll\Application\Runtime\Cache\Home\4e8495c7f76d7caca27531a7e2e983f7.php 第 382 行.
NOTIC: [8] Undefined index: score E:\wamp\www\myhunll\Application\Runtime\Cache\Home\4e8495c7f76d7caca27531a7e2e983f7.php 第 382 行.
NOTIC: [8] Undefined index: score E:\wamp\www\myhunll\Application\Runtime\Cache\Home\4e8495c7f76d7caca27531a7e2e983f7.php 第 382 行.
NOTIC: [8] Undefined index: score E:\wamp\www\myhunll\Application\Runtime\Cache\Home\4e8495c7f76d7caca27531a7e2e983f7.php 第 382 行.
NOTIC: [8] Undefined index: score E:\wamp\www\myhunll\Application\Runtime\Cache\Home\4e8495c7f76d7caca27531a7e2e983f7.php 第 382 行.
NOTIC: [8] Undefined index: score E:\wamp\www\myhunll\Application\Runtime\Cache\Home\4e8495c7f76d7caca27531a7e2e983f7.php 第 411 行.
NOTIC: [8] Undefined index: score E:\wamp\www\myhunll\Application\Runtime\Cache\Home\4e8495c7f76d7caca27531a7e2e983f7.php 第 411 行.
NOTIC: [8] Undefined index: score E:\wamp\www\myhunll\Application\Runtime\Cache\Home\4e8495c7f76d7caca27531a7e2e983f7.php 第 411 行.
NOTIC: [8] Undefined index: score E:\wamp\www\myhunll\Application\Runtime\Cache\Home\4e8495c7f76d7caca27531a7e2e983f7.php 第 411 行.
NOTIC: [8] Undefined index: score E:\wamp\www\myhunll\Application\Runtime\Cache\Home\4e8495c7f76d7caca27531a7e2e983f7.php 第 411 行.
NOTIC: [8] Undefined index: score E:\wamp\www\myhunll\Application\Runtime\Cache\Home\4e8495c7f76d7caca27531a7e2e983f7.php 第 411 行.
NOTIC: [8] Undefined index: score E:\wamp\www\myhunll\Application\Runtime\Cache\Home\4e8495c7f76d7caca27531a7e2e983f7.php 第 411 行.
NOTIC: [8] Undefined index: score E:\wamp\www\myhunll\Application\Runtime\Cache\Home\4e8495c7f76d7caca27531a7e2e983f7.php 第 440 行.
NOTIC: [8] Undefined index: score E:\wamp\www\myhunll\Application\Runtime\Cache\Home\4e8495c7f76d7caca27531a7e2e983f7.php 第 440 行.
NOTIC: [8] Undefined index: score E:\wamp\www\myhunll\Application\Runtime\Cache\Home\4e8495c7f76d7caca27531a7e2e983f7.php 第 440 行.
NOTIC: [8] Undefined index: score E:\wamp\www\myhunll\Application\Runtime\Cache\Home\4e8495c7f76d7caca27531a7e2e983f7.php 第 440 行.
NOTIC: [8] Undefined index: score E:\wamp\www\myhunll\Application\Runtime\Cache\Home\4e8495c7f76d7caca27531a7e2e983f7.php 第 440 行.
NOTIC: [8] Undefined index: score E:\wamp\www\myhunll\Application\Runtime\Cache\Home\4e8495c7f76d7caca27531a7e2e983f7.php 第 440 行.
NOTIC: [8] Undefined index: score E:\wamp\www\myhunll\Application\Runtime\Cache\Home\4e8495c7f76d7caca27531a7e2e983f7.php 第 440 行.
NOTIC: [8] Undefined index: score E:\wamp\www\myhunll\Application\Runtime\Cache\Home\4e8495c7f76d7caca27531a7e2e983f7.php 第 440 行.
NOTIC: [8] Undefined index: score E:\wamp\www\myhunll\Application\Runtime\Cache\Home\4e8495c7f76d7caca27531a7e2e983f7.php 第 468 行.
NOTIC: [8] Undefined index: score E:\wamp\www\myhunll\Application\Runtime\Cache\Home\4e8495c7f76d7caca27531a7e2e983f7.php 第 468 行.
NOTIC: [8] Undefined index: score E:\wamp\www\myhunll\Application\Runtime\Cache\Home\4e8495c7f76d7caca27531a7e2e983f7.php 第 468 行.
NOTIC: [8] Undefined index: score E:\wamp\www\myhunll\Application\Runtime\Cache\Home\4e8495c7f76d7caca27531a7e2e983f7.php 第 468 行.
NOTIC: [8] Undefined index: score E:\wamp\www\myhunll\Application\Runtime\Cache\Home\4e8495c7f76d7caca27531a7e2e983f7.php 第 468 行.
NOTIC: [8] Undefined index: score E:\wamp\www\myhunll\Application\Runtime\Cache\Home\4e8495c7f76d7caca27531a7e2e983f7.php 第 468 行.
NOTIC: [8] Undefined index: score E:\wamp\www\myhunll\Application\Runtime\Cache\Home\4e8495c7f76d7caca27531a7e2e983f7.php 第 468 行.
NOTIC: [8] Undefined index: score E:\wamp\www\myhunll\Application\Runtime\Cache\Home\4e8495c7f76d7caca27531a7e2e983f7.php 第 468 行.
NOTIC: [8] Undefined index: score E:\wamp\www\myhunll\Application\Runtime\Cache\Home\4e8495c7f76d7caca27531a7e2e983f7.php 第 496 行.
NOTIC: [8] Undefined index: score E:\wamp\www\myhunll\Application\Runtime\Cache\Home\4e8495c7f76d7caca27531a7e2e983f7.php 第 496 行.
NOTIC: [8] Undefined index: score E:\wamp\www\myhunll\Application\Runtime\Cache\Home\4e8495c7f76d7caca27531a7e2e983f7.php 第 496 行.
NOTIC: [8] Undefined index: score E:\wamp\www\myhunll\Application\Runtime\Cache\Home\4e8495c7f76d7caca27531a7e2e983f7.php 第 496 行.
NOTIC: [8] Undefined index: score E:\wamp\www\myhunll\Application\Runtime\Cache\Home\4e8495c7f76d7caca27531a7e2e983f7.php 第 496 行.
NOTIC: [8] Undefined index: score E:\wamp\www\myhunll\Application\Runtime\Cache\Home\4e8495c7f76d7caca27531a7e2e983f7.php 第 496 行.
NOTIC: [8] Undefined index: score E:\wamp\www\myhunll\Application\Runtime\Cache\Home\4e8495c7f76d7caca27531a7e2e983f7.php 第 496 行.
NOTIC: [8] Undefined index: score E:\wamp\www\myhunll\Application\Runtime\Cache\Home\4e8495c7f76d7caca27531a7e2e983f7.php 第 496 行.
NOTIC: [8] Undefined index: score E:\wamp\www\myhunll\Application\Runtime\Cache\Home\4e8495c7f76d7caca27531a7e2e983f7.php 第 524 行.
NOTIC: [8] Undefined index: score E:\wamp\www\myhunll\Application\Runtime\Cache\Home\4e8495c7f76d7caca27531a7e2e983f7.php 第 524 行.
NOTIC: [8] Undefined index: score E:\wamp\www\myhunll\Application\Runtime\Cache\Home\4e8495c7f76d7caca27531a7e2e983f7.php 第 524 行.
NOTIC: [8] Undefined index: score E:\wamp\www\myhunll\Application\Runtime\Cache\Home\4e8495c7f76d7caca27531a7e2e983f7.php 第 524 行.
NOTIC: [8] Undefined index: score E:\wamp\www\myhunll\Application\Runtime\Cache\Home\4e8495c7f76d7caca27531a7e2e983f7.php 第 524 行.
NOTIC: [8] Undefined index: score E:\wamp\www\myhunll\Application\Runtime\Cache\Home\4e8495c7f76d7caca27531a7e2e983f7.php 第 524 行.
NOTIC: [8] Undefined index: score E:\wamp\www\myhunll\Application\Runtime\Cache\Home\4e8495c7f76d7caca27531a7e2e983f7.php 第 524 行.
NOTIC: [8] Undefined index: score E:\wamp\www\myhunll\Application\Runtime\Cache\Home\4e8495c7f76d7caca27531a7e2e983f7.php 第 524 行.
NOTIC: [8] Undefined index: score E:\wamp\www\myhunll\Application\Runtime\Cache\Home\4e8495c7f76d7caca27531a7e2e983f7.php 第 551 行.
NOTIC: [8] Undefined index: score E:\wamp\www\myhunll\Application\Runtime\Cache\Home\4e8495c7f76d7caca27531a7e2e983f7.php 第 551 行.
NOTIC: [8] Undefined index: score E:\wamp\www\myhunll\Application\Runtime\Cache\Home\4e8495c7f76d7caca27531a7e2e983f7.php 第 551 行.
NOTIC: [8] Undefined index: score E:\wamp\www\myhunll\Application\Runtime\Cache\Home\4e8495c7f76d7caca27531a7e2e983f7.php 第 551 行.
NOTIC: [8] Undefined index: score E:\wamp\www\myhunll\Application\Runtime\Cache\Home\4e8495c7f76d7caca27531a7e2e983f7.php 第 551 行.
NOTIC: [8] Undefined index: score E:\wamp\www\myhunll\Application\Runtime\Cache\Home\4e8495c7f76d7caca27531a7e2e983f7.php 第 551 行.
NOTIC: [8] Undefined index: score E:\wamp\www\myhunll\Application\Runtime\Cache\Home\4e8495c7f76d7caca27531a7e2e983f7.php 第 551 行.
NOTIC: [8] Undefined index: score E:\wamp\www\myhunll\Application\Runtime\Cache\Home\4e8495c7f76d7caca27531a7e2e983f7.php 第 551 行.
INFO: Run Behavior\ParseTemplateBehavior [ RunTime:0.091291s ]
INFO: [ view_parse ] --END-- [ RunTime:0.091430s ]
INFO: [ view_filter ] --START--
INFO: Run Behavior\WriteHtmlCacheBehavior [ RunTime:0.000736s ]
INFO: [ view_filter ] --END-- [ RunTime:0.000823s ]
INFO: [ app_end ] --START--
INFO: Run Behavior\ShowPageTraceBehavior [ RunTime:0.000701s ]
INFO: [ app_end ] --END-- [ RunTime:0.000786s ]

[ 2016-04-07T23:25:30+08:00 ] 127.0.0.1 /Home/Index/menu.html
INFO: [ app_init ] --START--
INFO: Run Behavior\BuildLiteBehavior [ RunTime:0.000042s ]
INFO: [ app_init ] --END-- [ RunTime:0.000744s ]
INFO: [ app_begin ] --START--
INFO: Run Behavior\ReadHtmlCacheBehavior [ RunTime:0.000886s ]
INFO: [ app_begin ] --END-- [ RunTime:0.001047s ]
SQL: SHOW COLUMNS FROM `m_admin_infor` [ RunTime:0.0047s ]
SQL: SELECT * FROM `m_admin_infor` WHERE ( id=1 ) LIMIT 1   [ RunTime:0.0004s ]
SQL: SELECT `goods_id`,`goods_name`,`yuan_price`,`price`,`goods_img` FROM `m_goods` WHERE ( goods_id=171 ) LIMIT 1   [ RunTime:0.0004s ]
SQL: SELECT `goods_id`,`goods_name`,`yuan_price`,`price`,`goods_img` FROM `m_goods` WHERE ( goods_id=108 ) LIMIT 1   [ RunTime:0.0003s ]
SQL: SELECT `goods_id`,`goods_name`,`yuan_price`,`price`,`goods_img` FROM `m_goods` WHERE ( goods_id=168 ) LIMIT 1   [ RunTime:0.0003s ]
SQL: SELECT `goods_id`,`goods_name`,`yuan_price`,`price`,`goods_img` FROM `m_goods` WHERE ( goods_id=172 ) LIMIT 1   [ RunTime:0.0003s ]
SQL: SELECT `goods_id`,`goods_name`,`yuan_price`,`price`,`goods_img` FROM `m_goods` WHERE ( goods_id=173 ) LIMIT 1   [ RunTime:0.0002s ]
INFO: [ view_parse ] --START--
INFO: [ template_filter ] --START--
INFO: Run Behavior\ContentReplaceBehavior [ RunTime:0.000082s ]
INFO: [ template_filter ] --END-- [ RunTime:0.000182s ]
NOTIC: [8] Undefined variable: huiyuanming E:\wamp\www\myhunll\Application\Runtime\Cache\Home\1f35679180272d72da162141f7221c2f.php 第 21 行.
NOTIC: [8] Undefined variable: yonghu_url E:\wamp\www\myhunll\Application\Runtime\Cache\Home\1f35679180272d72da162141f7221c2f.php 第 22 行.
NOTIC: [8] Undefined variable: tuichu_url E:\wamp\www\myhunll\Application\Runtime\Cache\Home\1f35679180272d72da162141f7221c2f.php 第 26 行.
INFO: Run Behavior\ParseTemplateBehavior [ RunTime:0.007835s ]
INFO: [ view_parse ] --END-- [ RunTime:0.007973s ]
INFO: [ view_filter ] --START--
INFO: Run Behavior\WriteHtmlCacheBehavior [ RunTime:0.000927s ]
INFO: [ view_filter ] --END-- [ RunTime:0.001083s ]
INFO: [ app_end ] --START--
INFO: Run Behavior\ShowPageTraceBehavior [ RunTime:0.001161s ]
INFO: [ app_end ] --END-- [ RunTime:0.001325s ]

[ 2016-04-07T23:25:30+08:00 ] 127.0.0.1 /Home/Index/menu.html
INFO: [ app_init ] --START--
INFO: Run Behavior\BuildLiteBehavior [ RunTime:0.000029s ]
INFO: [ app_init ] --END-- [ RunTime:0.000480s ]
INFO: [ app_begin ] --START--
INFO: Run Behavior\ReadHtmlCacheBehavior [ RunTime:0.000563s ]
INFO: [ app_begin ] --END-- [ RunTime:0.000646s ]
SQL: SHOW COLUMNS FROM `m_admin_infor` [ RunTime:0.0030s ]
SQL: SELECT * FROM `m_admin_infor` WHERE ( id=1 ) LIMIT 1   [ RunTime:0.0003s ]
SQL: SELECT `goods_id`,`goods_name`,`yuan_price`,`price`,`goods_img` FROM `m_goods` WHERE ( goods_id=171 ) LIMIT 1   [ RunTime:0.0003s ]
SQL: SELECT `goods_id`,`goods_name`,`yuan_price`,`price`,`goods_img` FROM `m_goods` WHERE ( goods_id=108 ) LIMIT 1   [ RunTime:0.0002s ]
SQL: SELECT `goods_id`,`goods_name`,`yuan_price`,`price`,`goods_img` FROM `m_goods` WHERE ( goods_id=168 ) LIMIT 1   [ RunTime:0.0002s ]
SQL: SELECT `goods_id`,`goods_name`,`yuan_price`,`price`,`goods_img` FROM `m_goods` WHERE ( goods_id=172 ) LIMIT 1   [ RunTime:0.0002s ]
SQL: SELECT `goods_id`,`goods_name`,`yuan_price`,`price`,`goods_img` FROM `m_goods` WHERE ( goods_id=173 ) LIMIT 1   [ RunTime:0.0002s ]
INFO: [ view_parse ] --START--
INFO: [ template_filter ] --START--
INFO: Run Behavior\ContentReplaceBehavior [ RunTime:0.000086s ]
INFO: [ template_filter ] --END-- [ RunTime:0.000176s ]
NOTIC: [8] Undefined variable: huiyuanming E:\wamp\www\myhunll\Application\Runtime\Cache\Home\1f35679180272d72da162141f7221c2f.php 第 21 行.
NOTIC: [8] Undefined variable: yonghu_url E:\wamp\www\myhunll\Application\Runtime\Cache\Home\1f35679180272d72da162141f7221c2f.php 第 22 行.
NOTIC: [8] Undefined variable: tuichu_url E:\wamp\www\myhunll\Application\Runtime\Cache\Home\1f35679180272d72da162141f7221c2f.php 第 26 行.
INFO: Run Behavior\ParseTemplateBehavior [ RunTime:0.008168s ]
INFO: [ view_parse ] --END-- [ RunTime:0.008245s ]
INFO: [ view_filter ] --START--
INFO: Run Behavior\WriteHtmlCacheBehavior [ RunTime:0.000411s ]
INFO: [ view_filter ] --END-- [ RunTime:0.000475s ]
INFO: [ app_end ] --START--
INFO: Run Behavior\ShowPageTraceBehavior [ RunTime:0.000730s ]
INFO: [ app_end ] --END-- [ RunTime:0.000803s ]

[ 2016-04-07T23:25:30+08:00 ] 127.0.0.1 /Home/login/is_login.html
INFO: [ app_init ] --START--
INFO: Run Behavior\BuildLiteBehavior [ RunTime:0.000024s ]
INFO: [ app_init ] --END-- [ RunTime:0.000489s ]
INFO: [ app_begin ] --START--
INFO: Run Behavior\ReadHtmlCacheBehavior [ RunTime:0.000647s ]
INFO: [ app_begin ] --END-- [ RunTime:0.000732s ]
SQL: SHOW COLUMNS FROM `m_admin_infor` [ RunTime:0.0030s ]
SQL: SELECT * FROM `m_admin_infor` WHERE ( id=1 ) LIMIT 1   [ RunTime:0.0003s ]
SQL: SELECT `goods_id`,`goods_name`,`yuan_price`,`price`,`goods_img` FROM `m_goods` WHERE ( goods_id=171 ) LIMIT 1   [ RunTime:0.0003s ]
SQL: SELECT `goods_id`,`goods_name`,`yuan_price`,`price`,`goods_img` FROM `m_goods` WHERE ( goods_id=108 ) LIMIT 1   [ RunTime:0.0002s ]
SQL: SELECT `goods_id`,`goods_name`,`yuan_price`,`price`,`goods_img` FROM `m_goods` WHERE ( goods_id=168 ) LIMIT 1   [ RunTime:0.0002s ]
SQL: SELECT `goods_id`,`goods_name`,`yuan_price`,`price`,`goods_img` FROM `m_goods` WHERE ( goods_id=172 ) LIMIT 1   [ RunTime:0.0002s ]
SQL: SELECT `goods_id`,`goods_name`,`yuan_price`,`price`,`goods_img` FROM `m_goods` WHERE ( goods_id=173 ) LIMIT 1   [ RunTime:0.0002s ]

