[ 2016-03-04T12:29:22+08:00 ] 127.0.0.1 /
INFO: [ app_init ] --START--
INFO: Run Behavior\BuildLiteBehavior [ RunTime:0.000043s ]
INFO: [ app_init ] --END-- [ RunTime:0.013929s ]
INFO: [ app_begin ] --START--
INFO: Run Behavior\ReadHtmlCacheBehavior [ RunTime:0.000860s ]
INFO: [ app_begin ] --END-- [ RunTime:0.000959s ]
SQL: SHOW COLUMNS FROM `m_admin_infor` [ RunTime:0.0061s ]
SQL: SELECT * FROM `m_admin_infor` WHERE ( id=1 ) LIMIT 1   [ RunTime:0.0367s ]
SQL: SELECT `goods_id`,`goods_name`,`yuan_price`,`price`,`goods_img` FROM `m_goods` WHERE ( goods_id=106 ) LIMIT 1   [ RunTime:0.0095s ]
SQL: SHOW COLUMNS FROM `m_admin_advert` [ RunTime:0.0044s ]
SQL: SELECT `xuhao`,`img_url`,`url` FROM `m_admin_advert` WHERE ( position='轮播上' )  [ RunTime:0.0005s ]
SQL: SELECT `xuhao`,`img_url`,`url` FROM `m_admin_advert` WHERE ( position='轮播下' )  [ RunTime:0.0008s ]
SQL: SELECT `xuhao`,`img_url`,`url` FROM `m_admin_advert` WHERE ( position='首页右' )  [ RunTime:0.0004s ]
SQL: SHOW COLUMNS FROM `m_category` [ RunTime:0.0059s ]
SQL: SELECT t2.goods_id,t2.area,t2.user_id,t2.goods_name,t2.price,t2.yuan_price,t2.goods_img,t2.comment_number,t1.cat_name,t3.user_name,t2.goods_id,t2.score,t2.buy_number FROM m_category t1,m_goods t2,m_users t3 WHERE ( t2.cat_id=1 and t2.is_delete=0 and t2.cat_id=t1.cat_id and t2.user_id=t3.user_id ) ORDER BY t2.last_update desc LIMIT 8   [ RunTime:0.0298s ]
SQL: SHOW COLUMNS FROM `m_category` [ RunTime:0.0049s ]
SQL: SELECT t2.goods_id,t2.area,t2.user_id,t2.goods_name,t2.price,t2.yuan_price,t2.goods_img,t2.comment_number,t1.cat_name,t3.user_name,t2.goods_id,t2.buy_number FROM m_category t1,m_goods t2,m_users t3 WHERE ( t2.cat_id=2 and t2.is_delete=0 and t2.cat_id=t1.cat_id and t2.user_id=t3.user_id ) ORDER BY t2.last_update desc LIMIT 8   [ RunTime:0.0357s ]
SQL: SHOW COLUMNS FROM `m_category` [ RunTime:0.0050s ]
SQL: SELECT t2.goods_id,t2.area,t2.user_id,t2.goods_name,t2.price,t2.yuan_price,t2.goods_img,t2.comment_number,t1.cat_name,t3.user_name,t2.goods_id,t2.buy_number FROM m_category t1,m_goods t2,m_users t3 WHERE ( t2.cat_id=3 and t2.is_delete=0 and t2.cat_id=t1.cat_id and t2.user_id=t3.user_id ) ORDER BY t2.last_update desc LIMIT 8   [ RunTime:0.0005s ]
SQL: SHOW COLUMNS FROM `m_category` [ RunTime:0.0041s ]
SQL: SELECT t2.goods_id,t2.area,t2.user_id,t2.goods_name,t2.price,t2.yuan_price,t2.goods_img,t2.comment_number,t1.cat_name,t3.user_name,t2.goods_id,t2.buy_number FROM m_category t1,m_goods t2,m_users t3 WHERE ( t2.cat_id=4 and t2.is_delete=0 and t2.cat_id=t1.cat_id and t2.user_id=t3.user_id ) ORDER BY t2.last_update desc LIMIT 8   [ RunTime:0.0008s ]
SQL: SHOW COLUMNS FROM `m_category` [ RunTime:0.0039s ]
SQL: SELECT t2.goods_id,t2.area,t2.user_id,t2.goods_name,t2.price,t2.yuan_price,t2.goods_img,t2.comment_number,t1.cat_name,t3.user_name,t2.goods_id,t2.buy_number FROM m_category t1,m_goods t2,m_users t3 WHERE ( t2.cat_id=5 and t2.is_delete=0 and t2.cat_id=t1.cat_id and t2.user_id=t3.user_id ) ORDER BY t2.last_update desc LIMIT 8   [ RunTime:0.0007s ]
SQL: SHOW COLUMNS FROM `m_category` [ RunTime:0.0039s ]
SQL: SELECT t2.goods_id,t2.area,t2.user_id,t2.goods_name,t2.price,t2.yuan_price,t2.goods_img,t2.comment_number,t1.cat_name,t3.user_name,t2.goods_id,t2.buy_number FROM m_category t1,m_goods t2,m_users t3 WHERE ( t2.cat_id=6 and t2.is_delete=0 and t2.cat_id=t1.cat_id and t2.user_id=t3.user_id ) ORDER BY t2.last_update desc LIMIT 8   [ RunTime:0.0008s ]
SQL: SHOW COLUMNS FROM `m_category` [ RunTime:0.0042s ]
SQL: SELECT t2.goods_id,t2.area,t2.user_id,t2.goods_name,t2.price,t2.yuan_price,t2.goods_img,t2.comment_number,t1.cat_name,t3.user_name,t2.goods_id,t2.buy_number FROM m_category t1,m_goods t2,m_users t3 WHERE ( t2.cat_id=7 and t2.is_delete=0 and t2.cat_id=t1.cat_id and t2.user_id=t3.user_id ) ORDER BY t2.last_update desc LIMIT 8   [ RunTime:0.0012s ]
SQL: SHOW COLUMNS FROM `m_category` [ RunTime:0.0040s ]
SQL: SELECT t2.goods_id,t2.area,t2.user_id,t2.goods_name,t2.price,t2.yuan_price,t2.goods_img,t2.comment_number,t1.cat_name,t3.user_name,t2.goods_id,t2.buy_number FROM m_category t1,m_goods t2,m_users t3 WHERE ( t2.cat_id=8 and t2.is_delete=0 and t2.cat_id=t1.cat_id and t2.user_id=t3.user_id ) ORDER BY t2.last_update desc LIMIT 8   [ RunTime:0.0007s ]
SQL: SHOW COLUMNS FROM `m_category` [ RunTime:0.0058s ]
SQL: SELECT t2.goods_id,t2.area,t2.user_id,t2.goods_name,t2.price,t2.yuan_price,t2.goods_img,t2.comment_number,t1.cat_name,t3.user_name,t2.goods_id,t2.buy_number FROM m_category t1,m_goods t2,m_users t3 WHERE ( t2.cat_id=9 and t2.is_delete=0 and t2.cat_id=t1.cat_id and t2.user_id=t3.user_id ) ORDER BY t2.last_update desc LIMIT 8   [ RunTime:0.0011s ]
SQL: SHOW COLUMNS FROM `m_category` [ RunTime:0.0043s ]
SQL: SELECT t2.goods_id,t2.area,t2.user_id,t2.goods_name,t2.price,t2.yuan_price,t2.goods_img,t2.comment_number,t1.cat_name,t3.user_name,t2.goods_id,t2.buy_number FROM m_category t1,m_goods t2,m_users t3 WHERE ( t2.cat_id=10 and t2.is_delete=0 and t2.cat_id=t1.cat_id and t2.user_id=t3.user_id ) ORDER BY t2.last_update desc LIMIT 8   [ RunTime:0.0006s ]
INFO: [ view_parse ] --START--
INFO: [ template_filter ] --START--
INFO: Run Behavior\ContentReplaceBehavior [ RunTime:0.000584s ]
INFO: [ template_filter ] --END-- [ RunTime:0.000693s ]
NOTIC: [8] Undefined variable: get E:\wamp\www\myhunll\Application\Runtime\Cache\Home\4e8495c7f76d7caca27531a7e2e983f7.php 第 73 行.
NOTIC: [8] Undefined index: score E:\wamp\www\myhunll\Application\Runtime\Cache\Home\4e8495c7f76d7caca27531a7e2e983f7.php 第 326 行.
NOTIC: [8] Undefined index: score E:\wamp\www\myhunll\Application\Runtime\Cache\Home\4e8495c7f76d7caca27531a7e2e983f7.php 第 326 行.
NOTIC: [8] Undefined index: score E:\wamp\www\myhunll\Application\Runtime\Cache\Home\4e8495c7f76d7caca27531a7e2e983f7.php 第 326 行.
NOTIC: [8] Undefined index: score E:\wamp\www\myhunll\Application\Runtime\Cache\Home\4e8495c7f76d7caca27531a7e2e983f7.php 第 387 行.
NOTIC: [8] Undefined index: score E:\wamp\www\myhunll\Application\Runtime\Cache\Home\4e8495c7f76d7caca27531a7e2e983f7.php 第 387 行.
NOTIC: [8] Undefined index: score E:\wamp\www\myhunll\Application\Runtime\Cache\Home\4e8495c7f76d7caca27531a7e2e983f7.php 第 387 行.
NOTIC: [8] Undefined index: score E:\wamp\www\myhunll\Application\Runtime\Cache\Home\4e8495c7f76d7caca27531a7e2e983f7.php 第 387 行.
NOTIC: [8] Undefined index: score E:\wamp\www\myhunll\Application\Runtime\Cache\Home\4e8495c7f76d7caca27531a7e2e983f7.php 第 387 行.
NOTIC: [8] Undefined index: score E:\wamp\www\myhunll\Application\Runtime\Cache\Home\4e8495c7f76d7caca27531a7e2e983f7.php 第 387 行.
NOTIC: [8] Undefined index: score E:\wamp\www\myhunll\Application\Runtime\Cache\Home\4e8495c7f76d7caca27531a7e2e983f7.php 第 387 行.
NOTIC: [8] Undefined index: score E:\wamp\www\myhunll\Application\Runtime\Cache\Home\4e8495c7f76d7caca27531a7e2e983f7.php 第 387 行.
NOTIC: [8] Undefined index: score E:\wamp\www\myhunll\Application\Runtime\Cache\Home\4e8495c7f76d7caca27531a7e2e983f7.php 第 416 行.
NOTIC: [8] Undefined index: score E:\wamp\www\myhunll\Application\Runtime\Cache\Home\4e8495c7f76d7caca27531a7e2e983f7.php 第 416 行.
NOTIC: [8] Undefined index: score E:\wamp\www\myhunll\Application\Runtime\Cache\Home\4e8495c7f76d7caca27531a7e2e983f7.php 第 416 行.
NOTIC: [8] Undefined index: score E:\wamp\www\myhunll\Application\Runtime\Cache\Home\4e8495c7f76d7caca27531a7e2e983f7.php 第 416 行.
NOTIC: [8] Undefined index: score E:\wamp\www\myhunll\Application\Runtime\Cache\Home\4e8495c7f76d7caca27531a7e2e983f7.php 第 416 行.
NOTIC: [8] Undefined index: score E:\wamp\www\myhunll\Application\Runtime\Cache\Home\4e8495c7f76d7caca27531a7e2e983f7.php 第 416 行.
NOTIC: [8] Undefined index: score E:\wamp\www\myhunll\Application\Runtime\Cache\Home\4e8495c7f76d7caca27531a7e2e983f7.php 第 416 行.
NOTIC: [8] Undefined index: score E:\wamp\www\myhunll\Application\Runtime\Cache\Home\4e8495c7f76d7caca27531a7e2e983f7.php 第 444 行.
NOTIC: [8] Undefined index: score E:\wamp\www\myhunll\Application\Runtime\Cache\Home\4e8495c7f76d7caca27531a7e2e983f7.php 第 444 行.
NOTIC: [8] Undefined index: score E:\wamp\www\myhunll\Application\Runtime\Cache\Home\4e8495c7f76d7caca27531a7e2e983f7.php 第 444 行.
NOTIC: [8] Undefined index: score E:\wamp\www\myhunll\Application\Runtime\Cache\Home\4e8495c7f76d7caca27531a7e2e983f7.php 第 444 行.
NOTIC: [8] Undefined index: score E:\wamp\www\myhunll\Application\Runtime\Cache\Home\4e8495c7f76d7caca27531a7e2e983f7.php 第 444 行.
NOTIC: [8] Undefined index: score E:\wamp\www\myhunll\Application\Runtime\Cache\Home\4e8495c7f76d7caca27531a7e2e983f7.php 第 444 行.
NOTIC: [8] Undefined index: score E:\wamp\www\myhunll\Application\Runtime\Cache\Home\4e8495c7f76d7caca27531a7e2e983f7.php 第 444 行.
NOTIC: [8] Undefined index: score E:\wamp\www\myhunll\Application\Runtime\Cache\Home\4e8495c7f76d7caca27531a7e2e983f7.php 第 444 行.
NOTIC: [8] Undefined index: score E:\wamp\www\myhunll\Application\Runtime\Cache\Home\4e8495c7f76d7caca27531a7e2e983f7.php 第 472 行.
NOTIC: [8] Undefined index: score E:\wamp\www\myhunll\Application\Runtime\Cache\Home\4e8495c7f76d7caca27531a7e2e983f7.php 第 472 行.
NOTIC: [8] Undefined index: score E:\wamp\www\myhunll\Application\Runtime\Cache\Home\4e8495c7f76d7caca27531a7e2e983f7.php 第 472 行.
NOTIC: [8] Undefined index: score E:\wamp\www\myhunll\Application\Runtime\Cache\Home\4e8495c7f76d7caca27531a7e2e983f7.php 第 472 行.
NOTIC: [8] Undefined index: score E:\wamp\www\myhunll\Application\Runtime\Cache\Home\4e8495c7f76d7caca27531a7e2e983f7.php 第 472 行.
NOTIC: [8] Undefined index: score E:\wamp\www\myhunll\Application\Runtime\Cache\Home\4e8495c7f76d7caca27531a7e2e983f7.php 第 472 行.
NOTIC: [8] Undefined index: score E:\wamp\www\myhunll\Application\Runtime\Cache\Home\4e8495c7f76d7caca27531a7e2e983f7.php 第 472 行.
NOTIC: [8] Undefined index: score E:\wamp\www\myhunll\Application\Runtime\Cache\Home\4e8495c7f76d7caca27531a7e2e983f7.php 第 472 行.
NOTIC: [8] Undefined index: score E:\wamp\www\myhunll\Application\Runtime\Cache\Home\4e8495c7f76d7caca27531a7e2e983f7.php 第 500 行.
NOTIC: [8] Undefined index: score E:\wamp\www\myhunll\Application\Runtime\Cache\Home\4e8495c7f76d7caca27531a7e2e983f7.php 第 500 行.
NOTIC: [8] Undefined index: score E:\wamp\www\myhunll\Application\Runtime\Cache\Home\4e8495c7f76d7caca27531a7e2e983f7.php 第 500 行.
NOTIC: [8] Undefined index: score E:\wamp\www\myhunll\Application\Runtime\Cache\Home\4e8495c7f76d7caca27531a7e2e983f7.php 第 500 行.
NOTIC: [8] Undefined index: score E:\wamp\www\myhunll\Application\Runtime\Cache\Home\4e8495c7f76d7caca27531a7e2e983f7.php 第 500 行.
NOTIC: [8] Undefined index: score E:\wamp\www\myhunll\Application\Runtime\Cache\Home\4e8495c7f76d7caca27531a7e2e983f7.php 第 500 行.
NOTIC: [8] Undefined index: score E:\wamp\www\myhunll\Application\Runtime\Cache\Home\4e8495c7f76d7caca27531a7e2e983f7.php 第 500 行.
NOTIC: [8] Undefined index: score E:\wamp\www\myhunll\Application\Runtime\Cache\Home\4e8495c7f76d7caca27531a7e2e983f7.php 第 500 行.
NOTIC: [8] Undefined index: score E:\wamp\www\myhunll\Application\Runtime\Cache\Home\4e8495c7f76d7caca27531a7e2e983f7.php 第 527 行.
NOTIC: [8] Undefined index: score E:\wamp\www\myhunll\Application\Runtime\Cache\Home\4e8495c7f76d7caca27531a7e2e983f7.php 第 527 行.
NOTIC: [8] Undefined index: score E:\wamp\www\myhunll\Application\Runtime\Cache\Home\4e8495c7f76d7caca27531a7e2e983f7.php 第 527 行.
NOTIC: [8] Undefined index: score E:\wamp\www\myhunll\Application\Runtime\Cache\Home\4e8495c7f76d7caca27531a7e2e983f7.php 第 527 行.
NOTIC: [8] Undefined index: score E:\wamp\www\myhunll\Application\Runtime\Cache\Home\4e8495c7f76d7caca27531a7e2e983f7.php 第 527 行.
NOTIC: [8] Undefined index: score E:\wamp\www\myhunll\Application\Runtime\Cache\Home\4e8495c7f76d7caca27531a7e2e983f7.php 第 527 行.
NOTIC: [8] Undefined index: score E:\wamp\www\myhunll\Application\Runtime\Cache\Home\4e8495c7f76d7caca27531a7e2e983f7.php 第 527 行.
NOTIC: [8] Undefined index: score E:\wamp\www\myhunll\Application\Runtime\Cache\Home\4e8495c7f76d7caca27531a7e2e983f7.php 第 527 行.
INFO: Run Behavior\ParseTemplateBehavior [ RunTime:0.175963s ]
INFO: [ view_parse ] --END-- [ RunTime:0.176094s ]
INFO: [ view_filter ] --START--
INFO: Run Behavior\WriteHtmlCacheBehavior [ RunTime:0.000840s ]
INFO: [ view_filter ] --END-- [ RunTime:0.000972s ]
INFO: [ app_end ] --START--
INFO: Run Behavior\ShowPageTraceBehavior [ RunTime:0.000906s ]
INFO: [ app_end ] --END-- [ RunTime:0.001002s ]

[ 2016-03-04T12:29:23+08:00 ] 127.0.0.1 /Home/Index/menu.html
INFO: [ app_init ] --START--
INFO: Run Behavior\BuildLiteBehavior [ RunTime:0.000052s ]
INFO: [ app_init ] --END-- [ RunTime:0.000741s ]
INFO: [ app_begin ] --START--
INFO: Run Behavior\ReadHtmlCacheBehavior [ RunTime:0.001207s ]
INFO: [ app_begin ] --END-- [ RunTime:0.001379s ]
SQL: SHOW COLUMNS FROM `m_admin_infor` [ RunTime:0.0076s ]
SQL: SELECT * FROM `m_admin_infor` WHERE ( id=1 ) LIMIT 1   [ RunTime:0.0007s ]
SQL: SELECT `goods_id`,`goods_name`,`yuan_price`,`price`,`goods_img` FROM `m_goods` WHERE ( goods_id=106 ) LIMIT 1   [ RunTime:0.0006s ]
INFO: [ view_parse ] --START--
INFO: [ template_filter ] --START--
INFO: Run Behavior\ContentReplaceBehavior [ RunTime:0.000135s ]
INFO: [ template_filter ] --END-- [ RunTime:0.000322s ]
NOTIC: [8] Undefined variable: huiyuanming E:\wamp\www\myhunll\Application\Runtime\Cache\Home\1f35679180272d72da162141f7221c2f.php 第 21 行.
NOTIC: [8] Undefined variable: yonghu_url E:\wamp\www\myhunll\Application\Runtime\Cache\Home\1f35679180272d72da162141f7221c2f.php 第 22 行.
NOTIC: [8] Undefined variable: tuichu_url E:\wamp\www\myhunll\Application\Runtime\Cache\Home\1f35679180272d72da162141f7221c2f.php 第 26 行.
INFO: Run Behavior\ParseTemplateBehavior [ RunTime:0.012516s ]
INFO: [ view_parse ] --END-- [ RunTime:0.012694s ]
INFO: [ view_filter ] --START--
INFO: Run Behavior\WriteHtmlCacheBehavior [ RunTime:0.000857s ]
INFO: [ view_filter ] --END-- [ RunTime:0.001004s ]
INFO: [ app_end ] --START--
INFO: Run Behavior\ShowPageTraceBehavior [ RunTime:0.001190s ]
INFO: [ app_end ] --END-- [ RunTime:0.001343s ]

[ 2016-03-04T12:29:23+08:00 ] 127.0.0.1 /Home/Index/menu.html
INFO: [ app_init ] --START--
INFO: Run Behavior\BuildLiteBehavior [ RunTime:0.000026s ]
INFO: [ app_init ] --END-- [ RunTime:0.000497s ]
INFO: [ app_begin ] --START--
INFO: Run Behavior\ReadHtmlCacheBehavior [ RunTime:0.001069s ]
INFO: [ app_begin ] --END-- [ RunTime:0.001208s ]
SQL: SHOW COLUMNS FROM `m_admin_infor` [ RunTime:0.0063s ]
SQL: SELECT * FROM `m_admin_infor` WHERE ( id=1 ) LIMIT 1   [ RunTime:0.0007s ]
SQL: SELECT `goods_id`,`goods_name`,`yuan_price`,`price`,`goods_img` FROM `m_goods` WHERE ( goods_id=106 ) LIMIT 1   [ RunTime:0.0006s ]
INFO: [ view_parse ] --START--
INFO: [ template_filter ] --START--
INFO: Run Behavior\ContentReplaceBehavior [ RunTime:0.000139s ]
INFO: [ template_filter ] --END-- [ RunTime:0.000298s ]
NOTIC: [8] Undefined variable: huiyuanming E:\wamp\www\myhunll\Application\Runtime\Cache\Home\1f35679180272d72da162141f7221c2f.php 第 21 行.
NOTIC: [8] Undefined variable: yonghu_url E:\wamp\www\myhunll\Application\Runtime\Cache\Home\1f35679180272d72da162141f7221c2f.php 第 22 行.
NOTIC: [8] Undefined variable: tuichu_url E:\wamp\www\myhunll\Application\Runtime\Cache\Home\1f35679180272d72da162141f7221c2f.php 第 26 行.
INFO: Run Behavior\ParseTemplateBehavior [ RunTime:0.014959s ]
INFO: [ view_parse ] --END-- [ RunTime:0.015113s ]
INFO: [ view_filter ] --START--
INFO: Run Behavior\WriteHtmlCacheBehavior [ RunTime:0.000934s ]
INFO: [ view_filter ] --END-- [ RunTime:0.001061s ]
INFO: [ app_end ] --START--
INFO: Run Behavior\ShowPageTraceBehavior [ RunTime:0.001193s ]
INFO: [ app_end ] --END-- [ RunTime:0.001316s ]

[ 2016-03-04T12:29:23+08:00 ] 127.0.0.1 /Home/login/is_login.html
INFO: [ app_init ] --START--
INFO: Run Behavior\BuildLiteBehavior [ RunTime:0.000043s ]
INFO: [ app_init ] --END-- [ RunTime:0.000937s ]
INFO: [ app_begin ] --START--
INFO: Run Behavior\ReadHtmlCacheBehavior [ RunTime:0.001536s ]
INFO: [ app_begin ] --END-- [ RunTime:0.001735s ]
SQL: SHOW COLUMNS FROM `m_admin_infor` [ RunTime:0.0052s ]
SQL: SELECT * FROM `m_admin_infor` WHERE ( id=1 ) LIMIT 1   [ RunTime:0.0005s ]
SQL: SELECT `goods_id`,`goods_name`,`yuan_price`,`price`,`goods_img` FROM `m_goods` WHERE ( goods_id=106 ) LIMIT 1   [ RunTime:0.0004s ]

[ 2016-03-04T12:34:25+08:00 ] 127.0.0.1 /Home/Login/index.html
INFO: [ app_init ] --START--
INFO: Run Behavior\BuildLiteBehavior [ RunTime:0.000031s ]
INFO: [ app_init ] --END-- [ RunTime:0.000732s ]
INFO: [ app_begin ] --START--
INFO: Run Behavior\ReadHtmlCacheBehavior [ RunTime:0.001337s ]
INFO: [ app_begin ] --END-- [ RunTime:0.001481s ]
SQL: SHOW COLUMNS FROM `m_admin_infor` [ RunTime:0.0057s ]
SQL: SELECT * FROM `m_admin_infor` WHERE ( id=1 ) LIMIT 1   [ RunTime:0.0004s ]
SQL: SELECT `goods_id`,`goods_name`,`yuan_price`,`price`,`goods_img` FROM `m_goods` WHERE ( goods_id=106 ) LIMIT 1   [ RunTime:0.0004s ]
INFO: [ view_parse ] --START--
INFO: [ template_filter ] --START--
INFO: Run Behavior\ContentReplaceBehavior [ RunTime:0.000147s ]
INFO: [ template_filter ] --END-- [ RunTime:0.000302s ]
NOTIC: [8] Undefined variable: infor_mima E:\wamp\www\myhunll\Application\Runtime\Cache\Home\71e023ad50fd1212773cf0a26f5ea150.php 第 57 行.
INFO: Run Behavior\ParseTemplateBehavior [ RunTime:0.014424s ]
INFO: [ view_parse ] --END-- [ RunTime:0.014546s ]
INFO: [ view_filter ] --START--
INFO: Run Behavior\WriteHtmlCacheBehavior [ RunTime:0.000806s ]
INFO: [ view_filter ] --END-- [ RunTime:0.000925s ]
INFO: [ app_end ] --START--
INFO: Run Behavior\ShowPageTraceBehavior [ RunTime:0.001107s ]
INFO: [ app_end ] --END-- [ RunTime:0.001224s ]

[ 2016-03-04T12:34:29+08:00 ] 127.0.0.1 /Home/login/login.html
INFO: [ app_init ] --START--
INFO: Run Behavior\BuildLiteBehavior [ RunTime:0.000054s ]
INFO: [ app_init ] --END-- [ RunTime:0.001324s ]
INFO: [ app_begin ] --START--
INFO: Run Behavior\ReadHtmlCacheBehavior [ RunTime:0.001869s ]
INFO: [ app_begin ] --END-- [ RunTime:0.002087s ]
SQL: SHOW COLUMNS FROM `m_admin_infor` [ RunTime:0.0082s ]
SQL: SELECT * FROM `m_admin_infor` WHERE ( id=1 ) LIMIT 1   [ RunTime:0.0007s ]
SQL: SELECT `goods_id`,`goods_name`,`yuan_price`,`price`,`goods_img` FROM `m_goods` WHERE ( goods_id=106 ) LIMIT 1   [ RunTime:0.0018s ]
SQL: SELECT COUNT(*) AS tp_count FROM `m_users` WHERE ( mobile_phone='13574506835' ) LIMIT 1   [ RunTime:0.0008s ]
SQL: SELECT `salt` FROM `m_users` WHERE ( mobile_phone='13574506835' ) LIMIT 1   [ RunTime:0.0005s ]
SQL: SELECT COUNT(*) AS tp_count FROM `m_users` WHERE ( mobile_phone='13574506835' and password='f4fef0f9f24465fc850d03f72e7c358f' ) LIMIT 1   [ RunTime:0.0006s ]

[ 2016-03-04T12:34:29+08:00 ] 127.0.0.1 /Home/Login/chenggong.html
INFO: [ app_init ] --START--
INFO: Run Behavior\BuildLiteBehavior [ RunTime:0.000033s ]
INFO: [ app_init ] --END-- [ RunTime:0.000799s ]
INFO: [ app_begin ] --START--
INFO: Run Behavior\ReadHtmlCacheBehavior [ RunTime:0.001128s ]
INFO: [ app_begin ] --END-- [ RunTime:0.001256s ]
SQL: SHOW COLUMNS FROM `m_admin_infor` [ RunTime:0.0058s ]
SQL: SELECT * FROM `m_admin_infor` WHERE ( id=1 ) LIMIT 1   [ RunTime:0.0005s ]
SQL: SELECT `goods_id`,`goods_name`,`yuan_price`,`price`,`goods_img` FROM `m_goods` WHERE ( goods_id=106 ) LIMIT 1   [ RunTime:0.0005s ]
SQL: SELECT COUNT(*) AS tp_count FROM `m_users` WHERE ( mobile_phone='13574506835' ) LIMIT 1   [ RunTime:0.0004s ]
SQL: SELECT `salt` FROM `m_users` WHERE ( mobile_phone='13574506835' ) LIMIT 1   [ RunTime:0.0003s ]
SQL: SELECT COUNT(*) AS tp_count FROM `m_users` WHERE ( mobile_phone='13574506835' and password='f4fef0f9f24465fc850d03f72e7c358f' ) LIMIT 1   [ RunTime:0.0003s ]
NOTIC: [2048] mktime(): You should be using the time() function instead E:\wamp\www\myhunll\Application\Home\Controller\LoginController.class.php 第 70 行.
SQL: UPDATE `m_users` SET `last_login`='1457066069',`last_ip`='127.0.0.1' WHERE ( mobile_phone='13574506835' ) [ RunTime:0.0374s ]
SQL: SELECT `user_id` FROM `m_users` WHERE ( mobile_phone='13574506835' ) LIMIT 1   [ RunTime:0.0007s ]
SQL: SELECT `user_name` FROM `m_users` WHERE ( mobile_phone='13574506835' ) LIMIT 1   [ RunTime:0.0006s ]
SQL: SELECT `shopman_id` FROM `m_users` WHERE ( mobile_phone='13574506835' ) LIMIT 1   [ RunTime:0.0007s ]

[ 2016-03-04T12:34:30+08:00 ] 127.0.0.1 /Home/index/index.html
INFO: [ app_init ] --START--
INFO: Run Behavior\BuildLiteBehavior [ RunTime:0.000054s ]
INFO: [ app_init ] --END-- [ RunTime:0.001289s ]
INFO: [ app_begin ] --START--
INFO: Run Behavior\ReadHtmlCacheBehavior [ RunTime:0.001910s ]
INFO: [ app_begin ] --END-- [ RunTime:0.002136s ]
SQL: SHOW COLUMNS FROM `m_admin_infor` [ RunTime:0.0089s ]
SQL: SELECT * FROM `m_admin_infor` WHERE ( id=1 ) LIMIT 1   [ RunTime:0.0007s ]
SQL: SELECT `goods_id`,`goods_name`,`yuan_price`,`price`,`goods_img` FROM `m_goods` WHERE ( goods_id=106 ) LIMIT 1   [ RunTime:0.0008s ]
SQL: SHOW COLUMNS FROM `m_admin_advert` [ RunTime:0.0110s ]
SQL: SELECT `xuhao`,`img_url`,`url` FROM `m_admin_advert` WHERE ( position='轮播上' )  [ RunTime:0.0007s ]
SQL: SELECT `xuhao`,`img_url`,`url` FROM `m_admin_advert` WHERE ( position='轮播下' )  [ RunTime:0.0006s ]
SQL: SELECT `xuhao`,`img_url`,`url` FROM `m_admin_advert` WHERE ( position='首页右' )  [ RunTime:0.0006s ]
SQL: SHOW COLUMNS FROM `m_category` [ RunTime:0.0095s ]
SQL: SELECT t2.goods_id,t2.area,t2.user_id,t2.goods_name,t2.price,t2.yuan_price,t2.goods_img,t2.comment_number,t1.cat_name,t3.user_name,t2.goods_id,t2.score,t2.buy_number FROM m_category t1,m_goods t2,m_users t3 WHERE ( t2.cat_id=1 and t2.is_delete=0 and t2.cat_id=t1.cat_id and t2.user_id=t3.user_id ) ORDER BY t2.last_update desc LIMIT 8   [ RunTime:0.0010s ]
SQL: SHOW COLUMNS FROM `m_category` [ RunTime:0.0088s ]
SQL: SELECT t2.goods_id,t2.area,t2.user_id,t2.goods_name,t2.price,t2.yuan_price,t2.goods_img,t2.comment_number,t1.cat_name,t3.user_name,t2.goods_id,t2.buy_number FROM m_category t1,m_goods t2,m_users t3 WHERE ( t2.cat_id=2 and t2.is_delete=0 and t2.cat_id=t1.cat_id and t2.user_id=t3.user_id ) ORDER BY t2.last_update desc LIMIT 8   [ RunTime:0.0015s ]
SQL: SHOW COLUMNS FROM `m_category` [ RunTime:0.0089s ]
SQL: SELECT t2.goods_id,t2.area,t2.user_id,t2.goods_name,t2.price,t2.yuan_price,t2.goods_img,t2.comment_number,t1.cat_name,t3.user_name,t2.goods_id,t2.buy_number FROM m_category t1,m_goods t2,m_users t3 WHERE ( t2.cat_id=3 and t2.is_delete=0 and t2.cat_id=t1.cat_id and t2.user_id=t3.user_id ) ORDER BY t2.last_update desc LIMIT 8   [ RunTime:0.0009s ]
SQL: SHOW COLUMNS FROM `m_category` [ RunTime:0.0093s ]
SQL: SELECT t2.goods_id,t2.area,t2.user_id,t2.goods_name,t2.price,t2.yuan_price,t2.goods_img,t2.comment_number,t1.cat_name,t3.user_name,t2.goods_id,t2.buy_number FROM m_category t1,m_goods t2,m_users t3 WHERE ( t2.cat_id=4 and t2.is_delete=0 and t2.cat_id=t1.cat_id and t2.user_id=t3.user_id ) ORDER BY t2.last_update desc LIMIT 8   [ RunTime:0.0014s ]
SQL: SHOW COLUMNS FROM `m_category` [ RunTime:0.0102s ]
SQL: SELECT t2.goods_id,t2.area,t2.user_id,t2.goods_name,t2.price,t2.yuan_price,t2.goods_img,t2.comment_number,t1.cat_name,t3.user_name,t2.goods_id,t2.buy_number FROM m_category t1,m_goods t2,m_users t3 WHERE ( t2.cat_id=5 and t2.is_delete=0 and t2.cat_id=t1.cat_id and t2.user_id=t3.user_id ) ORDER BY t2.last_update desc LIMIT 8   [ RunTime:0.0014s ]
SQL: SHOW COLUMNS FROM `m_category` [ RunTime:0.0096s ]
SQL: SELECT t2.goods_id,t2.area,t2.user_id,t2.goods_name,t2.price,t2.yuan_price,t2.goods_img,t2.comment_number,t1.cat_name,t3.user_name,t2.goods_id,t2.buy_number FROM m_category t1,m_goods t2,m_users t3 WHERE ( t2.cat_id=6 and t2.is_delete=0 and t2.cat_id=t1.cat_id and t2.user_id=t3.user_id ) ORDER BY t2.last_update desc LIMIT 8   [ RunTime:0.0020s ]
SQL: SHOW COLUMNS FROM `m_category` [ RunTime:0.0094s ]
SQL: SELECT t2.goods_id,t2.area,t2.user_id,t2.goods_name,t2.price,t2.yuan_price,t2.goods_img,t2.comment_number,t1.cat_name,t3.user_name,t2.goods_id,t2.buy_number FROM m_category t1,m_goods t2,m_users t3 WHERE ( t2.cat_id=7 and t2.is_delete=0 and t2.cat_id=t1.cat_id and t2.user_id=t3.user_id ) ORDER BY t2.last_update desc LIMIT 8   [ RunTime:0.0014s ]
SQL: SHOW COLUMNS FROM `m_category` [ RunTime:0.0090s ]
SQL: SELECT t2.goods_id,t2.area,t2.user_id,t2.goods_name,t2.price,t2.yuan_price,t2.goods_img,t2.comment_number,t1.cat_name,t3.user_name,t2.goods_id,t2.buy_number FROM m_category t1,m_goods t2,m_users t3 WHERE ( t2.cat_id=8 and t2.is_delete=0 and t2.cat_id=t1.cat_id and t2.user_id=t3.user_id ) ORDER BY t2.last_update desc LIMIT 8   [ RunTime:0.0014s ]
SQL: SHOW COLUMNS FROM `m_category` [ RunTime:0.0106s ]
SQL: SELECT t2.goods_id,t2.area,t2.user_id,t2.goods_name,t2.price,t2.yuan_price,t2.goods_img,t2.comment_number,t1.cat_name,t3.user_name,t2.goods_id,t2.buy_number FROM m_category t1,m_goods t2,m_users t3 WHERE ( t2.cat_id=9 and t2.is_delete=0 and t2.cat_id=t1.cat_id and t2.user_id=t3.user_id ) ORDER BY t2.last_update desc LIMIT 8   [ RunTime:0.0016s ]
SQL: SHOW COLUMNS FROM `m_category` [ RunTime:0.0134s ]
SQL: SELECT t2.goods_id,t2.area,t2.user_id,t2.goods_name,t2.price,t2.yuan_price,t2.goods_img,t2.comment_number,t1.cat_name,t3.user_name,t2.goods_id,t2.buy_number FROM m_category t1,m_goods t2,m_users t3 WHERE ( t2.cat_id=10 and t2.is_delete=0 and t2.cat_id=t1.cat_id and t2.user_id=t3.user_id ) ORDER BY t2.last_update desc LIMIT 8   [ RunTime:0.0011s ]
INFO: [ view_parse ] --START--
INFO: [ template_filter ] --START--
INFO: Run Behavior\ContentReplaceBehavior [ RunTime:0.000707s ]
INFO: [ template_filter ] --END-- [ RunTime:0.000844s ]
NOTIC: [8] Undefined variable: get E:\wamp\www\myhunll\Application\Runtime\Cache\Home\4e8495c7f76d7caca27531a7e2e983f7.php 第 73 行.
NOTIC: [8] Undefined index: score E:\wamp\www\myhunll\Application\Runtime\Cache\Home\4e8495c7f76d7caca27531a7e2e983f7.php 第 326 行.
NOTIC: [8] Undefined index: score E:\wamp\www\myhunll\Application\Runtime\Cache\Home\4e8495c7f76d7caca27531a7e2e983f7.php 第 326 行.
NOTIC: [8] Undefined index: score E:\wamp\www\myhunll\Application\Runtime\Cache\Home\4e8495c7f76d7caca27531a7e2e983f7.php 第 326 行.
NOTIC: [8] Undefined index: score E:\wamp\www\myhunll\Application\Runtime\Cache\Home\4e8495c7f76d7caca27531a7e2e983f7.php 第 387 行.
NOTIC: [8] Undefined index: score E:\wamp\www\myhunll\Application\Runtime\Cache\Home\4e8495c7f76d7caca27531a7e2e983f7.php 第 387 行.
NOTIC: [8] Undefined index: score E:\wamp\www\myhunll\Application\Runtime\Cache\Home\4e8495c7f76d7caca27531a7e2e983f7.php 第 387 行.
NOTIC: [8] Undefined index: score E:\wamp\www\myhunll\Application\Runtime\Cache\Home\4e8495c7f76d7caca27531a7e2e983f7.php 第 387 行.
NOTIC: [8] Undefined index: score E:\wamp\www\myhunll\Application\Runtime\Cache\Home\4e8495c7f76d7caca27531a7e2e983f7.php 第 387 行.
NOTIC: [8] Undefined index: score E:\wamp\www\myhunll\Application\Runtime\Cache\Home\4e8495c7f76d7caca27531a7e2e983f7.php 第 387 行.
NOTIC: [8] Undefined index: score E:\wamp\www\myhunll\Application\Runtime\Cache\Home\4e8495c7f76d7caca27531a7e2e983f7.php 第 387 行.
NOTIC: [8] Undefined index: score E:\wamp\www\myhunll\Application\Runtime\Cache\Home\4e8495c7f76d7caca27531a7e2e983f7.php 第 387 行.
NOTIC: [8] Undefined index: score E:\wamp\www\myhunll\Application\Runtime\Cache\Home\4e8495c7f76d7caca27531a7e2e983f7.php 第 416 行.
NOTIC: [8] Undefined index: score E:\wamp\www\myhunll\Application\Runtime\Cache\Home\4e8495c7f76d7caca27531a7e2e983f7.php 第 416 行.
NOTIC: [8] Undefined index: score E:\wamp\www\myhunll\Application\Runtime\Cache\Home\4e8495c7f76d7caca27531a7e2e983f7.php 第 416 行.
NOTIC: [8] Undefined index: score E:\wamp\www\myhunll\Application\Runtime\Cache\Home\4e8495c7f76d7caca27531a7e2e983f7.php 第 416 行.
NOTIC: [8] Undefined index: score E:\wamp\www\myhunll\Application\Runtime\Cache\Home\4e8495c7f76d7caca27531a7e2e983f7.php 第 416 行.
NOTIC: [8] Undefined index: score E:\wamp\www\myhunll\Application\Runtime\Cache\Home\4e8495c7f76d7caca27531a7e2e983f7.php 第 416 行.
NOTIC: [8] Undefined index: score E:\wamp\www\myhunll\Application\Runtime\Cache\Home\4e8495c7f76d7caca27531a7e2e983f7.php 第 416 行.
NOTIC: [8] Undefined index: score E:\wamp\www\myhunll\Application\Runtime\Cache\Home\4e8495c7f76d7caca27531a7e2e983f7.php 第 444 行.
NOTIC: [8] Undefined index: score E:\wamp\www\myhunll\Application\Runtime\Cache\Home\4e8495c7f76d7caca27531a7e2e983f7.php 第 444 行.
NOTIC: [8] Undefined index: score E:\wamp\www\myhunll\Application\Runtime\Cache\Home\4e8495c7f76d7caca27531a7e2e983f7.php 第 444 行.
NOTIC: [8] Undefined index: score E:\wamp\www\myhunll\Application\Runtime\Cache\Home\4e8495c7f76d7caca27531a7e2e983f7.php 第 444 行.
NOTIC: [8] Undefined index: score E:\wamp\www\myhunll\Application\Runtime\Cache\Home\4e8495c7f76d7caca27531a7e2e983f7.php 第 444 行.
NOTIC: [8] Undefined index: score E:\wamp\www\myhunll\Application\Runtime\Cache\Home\4e8495c7f76d7caca27531a7e2e983f7.php 第 444 行.
NOTIC: [8] Undefined index: score E:\wamp\www\myhunll\Application\Runtime\Cache\Home\4e8495c7f76d7caca27531a7e2e983f7.php 第 444 行.
NOTIC: [8] Undefined index: score E:\wamp\www\myhunll\Application\Runtime\Cache\Home\4e8495c7f76d7caca27531a7e2e983f7.php 第 444 行.
NOTIC: [8] Undefined index: score E:\wamp\www\myhunll\Application\Runtime\Cache\Home\4e8495c7f76d7caca27531a7e2e983f7.php 第 472 行.
NOTIC: [8] Undefined index: score E:\wamp\www\myhunll\Application\Runtime\Cache\Home\4e8495c7f76d7caca27531a7e2e983f7.php 第 472 行.
NOTIC: [8] Undefined index: score E:\wamp\www\myhunll\Application\Runtime\Cache\Home\4e8495c7f76d7caca27531a7e2e983f7.php 第 472 行.
NOTIC: [8] Undefined index: score E:\wamp\www\myhunll\Application\Runtime\Cache\Home\4e8495c7f76d7caca27531a7e2e983f7.php 第 472 行.
NOTIC: [8] Undefined index: score E:\wamp\www\myhunll\Application\Runtime\Cache\Home\4e8495c7f76d7caca27531a7e2e983f7.php 第 472 行.
NOTIC: [8] Undefined index: score E:\wamp\www\myhunll\Application\Runtime\Cache\Home\4e8495c7f76d7caca27531a7e2e983f7.php 第 472 行.
NOTIC: [8] Undefined index: score E:\wamp\www\myhunll\Application\Runtime\Cache\Home\4e8495c7f76d7caca27531a7e2e983f7.php 第 472 行.
NOTIC: [8] Undefined index: score E:\wamp\www\myhunll\Application\Runtime\Cache\Home\4e8495c7f76d7caca27531a7e2e983f7.php 第 472 行.
NOTIC: [8] Undefined index: score E:\wamp\www\myhunll\Application\Runtime\Cache\Home\4e8495c7f76d7caca27531a7e2e983f7.php 第 500 行.
NOTIC: [8] Undefined index: score E:\wamp\www\myhunll\Application\Runtime\Cache\Home\4e8495c7f76d7caca27531a7e2e983f7.php 第 500 行.
NOTIC: [8] Undefined index: score E:\wamp\www\myhunll\Application\Runtime\Cache\Home\4e8495c7f76d7caca27531a7e2e983f7.php 第 500 行.
NOTIC: [8] Undefined index: score E:\wamp\www\myhunll\Application\Runtime\Cache\Home\4e8495c7f76d7caca27531a7e2e983f7.php 第 500 行.
NOTIC: [8] Undefined index: score E:\wamp\www\myhunll\Application\Runtime\Cache\Home\4e8495c7f76d7caca27531a7e2e983f7.php 第 500 行.
NOTIC: [8] Undefined index: score E:\wamp\www\myhunll\Application\Runtime\Cache\Home\4e8495c7f76d7caca27531a7e2e983f7.php 第 500 行.
NOTIC: [8] Undefined index: score E:\wamp\www\myhunll\Application\Runtime\Cache\Home\4e8495c7f76d7caca27531a7e2e983f7.php 第 500 行.
NOTIC: [8] Undefined index: score E:\wamp\www\myhunll\Application\Runtime\Cache\Home\4e8495c7f76d7caca27531a7e2e983f7.php 第 500 行.
NOTIC: [8] Undefined index: score E:\wamp\www\myhunll\Application\Runtime\Cache\Home\4e8495c7f76d7caca27531a7e2e983f7.php 第 527 行.
NOTIC: [8] Undefined index: score E:\wamp\www\myhunll\Application\Runtime\Cache\Home\4e8495c7f76d7caca27531a7e2e983f7.php 第 527 行.
NOTIC: [8] Undefined index: score E:\wamp\www\myhunll\Application\Runtime\Cache\Home\4e8495c7f76d7caca27531a7e2e983f7.php 第 527 行.
NOTIC: [8] Undefined index: score E:\wamp\www\myhunll\Application\Runtime\Cache\Home\4e8495c7f76d7caca27531a7e2e983f7.php 第 527 行.
NOTIC: [8] Undefined index: score E:\wamp\www\myhunll\Application\Runtime\Cache\Home\4e8495c7f76d7caca27531a7e2e983f7.php 第 527 行.
NOTIC: [8] Undefined index: score E:\wamp\www\myhunll\Application\Runtime\Cache\Home\4e8495c7f76d7caca27531a7e2e983f7.php 第 527 行.
NOTIC: [8] Undefined index: score E:\wamp\www\myhunll\Application\Runtime\Cache\Home\4e8495c7f76d7caca27531a7e2e983f7.php 第 527 行.
NOTIC: [8] Undefined index: score E:\wamp\www\myhunll\Application\Runtime\Cache\Home\4e8495c7f76d7caca27531a7e2e983f7.php 第 527 行.
INFO: Run Behavior\ParseTemplateBehavior [ RunTime:0.105119s ]
INFO: [ view_parse ] --END-- [ RunTime:0.105333s ]
INFO: [ view_filter ] --START--
INFO: Run Behavior\WriteHtmlCacheBehavior [ RunTime:0.000712s ]
INFO: [ view_filter ] --END-- [ RunTime:0.000801s ]
INFO: [ app_end ] --START--
INFO: Run Behavior\ShowPageTraceBehavior [ RunTime:0.000828s ]
INFO: [ app_end ] --END-- [ RunTime:0.000908s ]

[ 2016-03-04T12:34:30+08:00 ] 127.0.0.1 /Home/Index/menu.html
INFO: [ app_init ] --START--
INFO: Run Behavior\BuildLiteBehavior [ RunTime:0.000037s ]
INFO: [ app_init ] --END-- [ RunTime:0.000774s ]
INFO: [ app_begin ] --START--
INFO: Run Behavior\ReadHtmlCacheBehavior [ RunTime:0.001337s ]
INFO: [ app_begin ] --END-- [ RunTime:0.001521s ]
SQL: SHOW COLUMNS FROM `m_admin_infor` [ RunTime:0.0111s ]
SQL: SELECT * FROM `m_admin_infor` WHERE ( id=1 ) LIMIT 1   [ RunTime:0.0062s ]
SQL: SELECT `goods_id`,`goods_name`,`yuan_price`,`price`,`goods_img` FROM `m_goods` WHERE ( goods_id=106 ) LIMIT 1   [ RunTime:0.0023s ]
INFO: [ view_parse ] --START--
INFO: [ template_filter ] --START--
INFO: Run Behavior\ContentReplaceBehavior [ RunTime:0.000135s ]
INFO: [ template_filter ] --END-- [ RunTime:0.000306s ]
INFO: Run Behavior\ParseTemplateBehavior [ RunTime:0.015792s ]
INFO: [ view_parse ] --END-- [ RunTime:0.015976s ]
INFO: [ view_filter ] --START--
INFO: Run Behavior\WriteHtmlCacheBehavior [ RunTime:0.000995s ]
INFO: [ view_filter ] --END-- [ RunTime:0.001150s ]
INFO: [ app_end ] --START--
INFO: Run Behavior\ShowPageTraceBehavior [ RunTime:0.001272s ]
INFO: [ app_end ] --END-- [ RunTime:0.001433s ]

[ 2016-03-04T12:34:30+08:00 ] 127.0.0.1 /Home/Index/menu.html
INFO: [ app_init ] --START--
INFO: Run Behavior\BuildLiteBehavior [ RunTime:0.000026s ]
INFO: [ app_init ] --END-- [ RunTime:0.000511s ]
INFO: [ app_begin ] --START--
INFO: Run Behavior\ReadHtmlCacheBehavior [ RunTime:0.000757s ]
INFO: [ app_begin ] --END-- [ RunTime:0.000846s ]
SQL: SHOW COLUMNS FROM `m_admin_infor` [ RunTime:0.0048s ]
SQL: SELECT * FROM `m_admin_infor` WHERE ( id=1 ) LIMIT 1   [ RunTime:0.0004s ]
SQL: SELECT `goods_id`,`goods_name`,`yuan_price`,`price`,`goods_img` FROM `m_goods` WHERE ( goods_id=106 ) LIMIT 1   [ RunTime:0.0003s ]
INFO: [ view_parse ] --START--
INFO: [ template_filter ] --START--
INFO: Run Behavior\ContentReplaceBehavior [ RunTime:0.000089s ]
INFO: [ template_filter ] --END-- [ RunTime:0.000184s ]
INFO: Run Behavior\ParseTemplateBehavior [ RunTime:0.007660s ]
INFO: [ view_parse ] --END-- [ RunTime:0.007755s ]
INFO: [ view_filter ] --START--
INFO: Run Behavior\WriteHtmlCacheBehavior [ RunTime:0.000565s ]
INFO: [ view_filter ] --END-- [ RunTime:0.000652s ]
INFO: [ app_end ] --START--
INFO: Run Behavior\ShowPageTraceBehavior [ RunTime:0.000780s ]
INFO: [ app_end ] --END-- [ RunTime:0.000851s ]

[ 2016-03-04T12:34:30+08:00 ] 127.0.0.1 /Home/login/is_login.html
INFO: [ app_init ] --START--
INFO: Run Behavior\BuildLiteBehavior [ RunTime:0.000022s ]
INFO: [ app_init ] --END-- [ RunTime:0.000477s ]
INFO: [ app_begin ] --START--
INFO: Run Behavior\ReadHtmlCacheBehavior [ RunTime:0.000859s ]
INFO: [ app_begin ] --END-- [ RunTime:0.000978s ]
SQL: SHOW COLUMNS FROM `m_admin_infor` [ RunTime:0.0047s ]
SQL: SELECT * FROM `m_admin_infor` WHERE ( id=1 ) LIMIT 1   [ RunTime:0.0004s ]
SQL: SELECT `goods_id`,`goods_name`,`yuan_price`,`price`,`goods_img` FROM `m_goods` WHERE ( goods_id=106 ) LIMIT 1   [ RunTime:0.0003s ]

[ 2016-03-04T12:34:34+08:00 ] 127.0.0.1 /Home/Member/hunlirenshangjiaxinxi.html
INFO: [ app_init ] --START--
INFO: Run Behavior\BuildLiteBehavior [ RunTime:0.000052s ]
INFO: [ app_init ] --END-- [ RunTime:0.001388s ]
INFO: [ app_begin ] --START--
INFO: Run Behavior\ReadHtmlCacheBehavior [ RunTime:0.002954s ]
INFO: [ app_begin ] --END-- [ RunTime:0.003179s ]
SQL: SHOW COLUMNS FROM `m_admin_infor` [ RunTime:0.0057s ]
SQL: SELECT * FROM `m_admin_infor` WHERE ( id=1 ) LIMIT 1   [ RunTime:0.0005s ]
SQL: SELECT `goods_id`,`goods_name`,`yuan_price`,`price`,`goods_img` FROM `m_goods` WHERE ( goods_id=106 ) LIMIT 1   [ RunTime:0.0008s ]
SQL: SELECT * FROM `m_users` WHERE ( user_id=33 ) LIMIT 1   [ RunTime:0.0007s ]
INFO: [ view_parse ] --START--
INFO: [ template_filter ] --START--
INFO: Run Behavior\ContentReplaceBehavior [ RunTime:0.000261s ]
INFO: [ template_filter ] --END-- [ RunTime:0.000411s ]
NOTIC: [8] Undefined variable: get E:\wamp\www\myhunll\Application\Runtime\Cache\Home\8dcbe4487449ba37ea17efcc9df46383.php 第 75 行.
INFO: Run Behavior\ParseTemplateBehavior [ RunTime:0.052456s ]
INFO: [ view_parse ] --END-- [ RunTime:0.052569s ]
INFO: [ view_filter ] --START--
INFO: Run Behavior\WriteHtmlCacheBehavior [ RunTime:0.000608s ]
INFO: [ view_filter ] --END-- [ RunTime:0.000689s ]
INFO: [ app_end ] --START--
INFO: Run Behavior\ShowPageTraceBehavior [ RunTime:0.000765s ]
INFO: [ app_end ] --END-- [ RunTime:0.000845s ]

[ 2016-03-04T12:34:34+08:00 ] 127.0.0.1 /Home/index/menu.html
INFO: [ app_init ] --START--
INFO: Run Behavior\BuildLiteBehavior [ RunTime:0.000031s ]
INFO: [ app_init ] --END-- [ RunTime:0.000936s ]
INFO: [ app_begin ] --START--
INFO: Run Behavior\ReadHtmlCacheBehavior [ RunTime:0.000894s ]
INFO: [ app_begin ] --END-- [ RunTime:0.001003s ]
SQL: SHOW COLUMNS FROM `m_admin_infor` [ RunTime:0.0050s ]
SQL: SELECT * FROM `m_admin_infor` WHERE ( id=1 ) LIMIT 1   [ RunTime:0.0004s ]
SQL: SELECT `goods_id`,`goods_name`,`yuan_price`,`price`,`goods_img` FROM `m_goods` WHERE ( goods_id=106 ) LIMIT 1   [ RunTime:0.0004s ]
INFO: [ view_parse ] --START--
INFO: [ template_filter ] --START--
INFO: Run Behavior\ContentReplaceBehavior [ RunTime:0.000084s ]
INFO: [ template_filter ] --END-- [ RunTime:0.000182s ]
INFO: Run Behavior\ParseTemplateBehavior [ RunTime:0.008143s ]
INFO: [ view_parse ] --END-- [ RunTime:0.008263s ]
INFO: [ view_filter ] --START--
INFO: Run Behavior\WriteHtmlCacheBehavior [ RunTime:0.000649s ]
INFO: [ view_filter ] --END-- [ RunTime:0.000756s ]
INFO: [ app_end ] --START--
INFO: Run Behavior\ShowPageTraceBehavior [ RunTime:0.000942s ]
INFO: [ app_end ] --END-- [ RunTime:0.001025s ]

[ 2016-03-04T12:34:34+08:00 ] 127.0.0.1 /Home/Index/menu.html
INFO: [ app_init ] --START--
INFO: Run Behavior\BuildLiteBehavior [ RunTime:0.000027s ]
INFO: [ app_init ] --END-- [ RunTime:0.000664s ]
INFO: [ app_begin ] --START--
INFO: Run Behavior\ReadHtmlCacheBehavior [ RunTime:0.001123s ]
INFO: [ app_begin ] --END-- [ RunTime:0.001241s ]
SQL: SHOW COLUMNS FROM `m_admin_infor` [ RunTime:0.0047s ]
SQL: SELECT * FROM `m_admin_infor` WHERE ( id=1 ) LIMIT 1   [ RunTime:0.0004s ]
SQL: SELECT `goods_id`,`goods_name`,`yuan_price`,`price`,`goods_img` FROM `m_goods` WHERE ( goods_id=106 ) LIMIT 1   [ RunTime:0.0004s ]
INFO: [ view_parse ] --START--
INFO: [ template_filter ] --START--
INFO: Run Behavior\ContentReplaceBehavior [ RunTime:0.000089s ]
INFO: [ template_filter ] --END-- [ RunTime:0.000182s ]
INFO: Run Behavior\ParseTemplateBehavior [ RunTime:0.008291s ]
INFO: [ view_parse ] --END-- [ RunTime:0.008374s ]
INFO: [ view_filter ] --START--
INFO: Run Behavior\WriteHtmlCacheBehavior [ RunTime:0.000593s ]
INFO: [ view_filter ] --END-- [ RunTime:0.000683s ]
INFO: [ app_end ] --START--
INFO: Run Behavior\ShowPageTraceBehavior [ RunTime:0.000960s ]
INFO: [ app_end ] --END-- [ RunTime:0.001054s ]

[ 2016-03-04T12:34:34+08:00 ] 127.0.0.1 /Home/login/is_login.html
INFO: [ app_init ] --START--
INFO: Run Behavior\BuildLiteBehavior [ RunTime:0.000037s ]
INFO: [ app_init ] --END-- [ RunTime:0.000782s ]
INFO: [ app_begin ] --START--
INFO: Run Behavior\ReadHtmlCacheBehavior [ RunTime:0.000980s ]
INFO: [ app_begin ] --END-- [ RunTime:0.001098s ]
SQL: SHOW COLUMNS FROM `m_admin_infor` [ RunTime:0.0054s ]
SQL: SELECT * FROM `m_admin_infor` WHERE ( id=1 ) LIMIT 1   [ RunTime:0.0004s ]
SQL: SELECT `goods_id`,`goods_name`,`yuan_price`,`price`,`goods_img` FROM `m_goods` WHERE ( goods_id=106 ) LIMIT 1   [ RunTime:0.0003s ]

[ 2016-03-04T12:34:35+08:00 ] 127.0.0.1 /Home/Member/release_goods.html
INFO: [ app_init ] --START--
INFO: Run Behavior\BuildLiteBehavior [ RunTime:0.000054s ]
INFO: [ app_init ] --END-- [ RunTime:0.001115s ]
INFO: [ app_begin ] --START--
INFO: Run Behavior\ReadHtmlCacheBehavior [ RunTime:0.001111s ]
INFO: [ app_begin ] --END-- [ RunTime:0.001251s ]
SQL: SHOW COLUMNS FROM `m_admin_infor` [ RunTime:0.0055s ]
SQL: SELECT * FROM `m_admin_infor` WHERE ( id=1 ) LIMIT 1   [ RunTime:0.0005s ]
SQL: SELECT `goods_id`,`goods_name`,`yuan_price`,`price`,`goods_img` FROM `m_goods` WHERE ( goods_id=106 ) LIMIT 1   [ RunTime:0.0004s ]
SQL: SELECT * FROM `m_users` WHERE ( user_id=33 ) LIMIT 1   [ RunTime:0.0006s ]
SQL: SELECT `shuxing` FROM `m_category` WHERE ( cat_name='司仪' ) LIMIT 1   [ RunTime:0.0004s ]
INFO: [ view_parse ] --START--
INFO: [ template_filter ] --START--
INFO: Run Behavior\ContentReplaceBehavior [ RunTime:0.000305s ]
INFO: [ template_filter ] --END-- [ RunTime:0.000465s ]
NOTIC: [8] Undefined variable: get E:\wamp\www\myhunll\Application\Runtime\Cache\Home\cd6cc39a566d9116e30add9d3e740eea.php 第 77 行.
NOTIC: [8] Undefined variable: 司仪 E:\wamp\www\myhunll\Application\Runtime\Cache\Home\cd6cc39a566d9116e30add9d3e740eea.php 第 185 行.
NOTIC: [8] Undefined variable: 摄影 E:\wamp\www\myhunll\Application\Runtime\Cache\Home\cd6cc39a566d9116e30add9d3e740eea.php 第 185 行.
INFO: Run Behavior\ParseTemplateBehavior [ RunTime:0.056062s ]
INFO: [ view_parse ] --END-- [ RunTime:0.056253s ]
INFO: [ view_filter ] --START--
INFO: Run Behavior\WriteHtmlCacheBehavior [ RunTime:0.001534s ]
INFO: [ view_filter ] --END-- [ RunTime:0.001767s ]
INFO: [ app_end ] --START--
INFO: Run Behavior\ShowPageTraceBehavior [ RunTime:0.002022s ]
INFO: [ app_end ] --END-- [ RunTime:0.002370s ]

[ 2016-03-04T12:34:36+08:00 ] 127.0.0.1 /Home/index/menu.html
INFO: [ app_init ] --START--
INFO: Run Behavior\BuildLiteBehavior [ RunTime:0.000048s ]
INFO: [ app_init ] --END-- [ RunTime:0.000840s ]
INFO: [ app_begin ] --START--
INFO: Run Behavior\ReadHtmlCacheBehavior [ RunTime:0.001075s ]
INFO: [ app_begin ] --END-- [ RunTime:0.001265s ]
SQL: SHOW COLUMNS FROM `m_admin_infor` [ RunTime:0.0057s ]
SQL: SELECT * FROM `m_admin_infor` WHERE ( id=1 ) LIMIT 1   [ RunTime:0.0004s ]
SQL: SELECT `goods_id`,`goods_name`,`yuan_price`,`price`,`goods_img` FROM `m_goods` WHERE ( goods_id=106 ) LIMIT 1   [ RunTime:0.0005s ]
INFO: [ view_parse ] --START--
INFO: [ template_filter ] --START--
INFO: Run Behavior\ContentReplaceBehavior [ RunTime:0.000134s ]
INFO: [ template_filter ] --END-- [ RunTime:0.000290s ]
INFO: Run Behavior\ParseTemplateBehavior [ RunTime:0.011631s ]
INFO: [ view_parse ] --END-- [ RunTime:0.011821s ]
INFO: [ view_filter ] --START--
INFO: Run Behavior\WriteHtmlCacheBehavior [ RunTime:0.000875s ]
INFO: [ view_filter ] --END-- [ RunTime:0.001030s ]
INFO: [ app_end ] --START--
INFO: Run Behavior\ShowPageTraceBehavior [ RunTime:0.001395s ]
INFO: [ app_end ] --END-- [ RunTime:0.001550s ]

[ 2016-03-04T12:34:36+08:00 ] 127.0.0.1 /Home/login/is_login.html
INFO: [ app_init ] --START--
INFO: Run Behavior\BuildLiteBehavior [ RunTime:0.000048s ]
INFO: [ app_init ] --END-- [ RunTime:0.000796s ]
INFO: [ app_begin ] --START--
INFO: Run Behavior\ReadHtmlCacheBehavior [ RunTime:0.001364s ]
INFO: [ app_begin ] --END-- [ RunTime:0.001559s ]
SQL: SHOW COLUMNS FROM `m_admin_infor` [ RunTime:0.0053s ]
SQL: SELECT * FROM `m_admin_infor` WHERE ( id=1 ) LIMIT 1   [ RunTime:0.0005s ]
SQL: SELECT `goods_id`,`goods_name`,`yuan_price`,`price`,`goods_img` FROM `m_goods` WHERE ( goods_id=106 ) LIMIT 1   [ RunTime:0.0007s ]

[ 2016-03-04T12:34:36+08:00 ] 127.0.0.1 /Home/Index/menu.html
INFO: [ app_init ] --START--
INFO: Run Behavior\BuildLiteBehavior [ RunTime:0.000046s ]
INFO: [ app_init ] --END-- [ RunTime:0.001029s ]
INFO: [ app_begin ] --START--
INFO: Run Behavior\ReadHtmlCacheBehavior [ RunTime:0.001274s ]
INFO: [ app_begin ] --END-- [ RunTime:0.001423s ]
SQL: SHOW COLUMNS FROM `m_admin_infor` [ RunTime:0.0059s ]
SQL: SELECT * FROM `m_admin_infor` WHERE ( id=1 ) LIMIT 1   [ RunTime:0.0005s ]
SQL: SELECT `goods_id`,`goods_name`,`yuan_price`,`price`,`goods_img` FROM `m_goods` WHERE ( goods_id=106 ) LIMIT 1   [ RunTime:0.0005s ]
INFO: [ view_parse ] --START--
INFO: [ template_filter ] --START--
INFO: Run Behavior\ContentReplaceBehavior [ RunTime:0.000139s ]
INFO: [ template_filter ] --END-- [ RunTime:0.000294s ]
INFO: Run Behavior\ParseTemplateBehavior [ RunTime:0.010485s ]
INFO: [ view_parse ] --END-- [ RunTime:0.010719s ]
INFO: [ view_filter ] --START--
INFO: Run Behavior\WriteHtmlCacheBehavior [ RunTime:0.000989s ]
INFO: [ view_filter ] --END-- [ RunTime:0.001140s ]
INFO: [ app_end ] --START--
INFO: Run Behavior\ShowPageTraceBehavior [ RunTime:0.001522s ]
INFO: [ app_end ] --END-- [ RunTime:0.001680s ]

[ 2016-03-04T12:34:39+08:00 ] 127.0.0.1 /Home/Member/file_jia.html
INFO: [ app_init ] --START--
INFO: Run Behavior\BuildLiteBehavior [ RunTime:0.000025s ]
INFO: [ app_init ] --END-- [ RunTime:0.000520s ]
INFO: [ app_begin ] --START--
INFO: Run Behavior\ReadHtmlCacheBehavior [ RunTime:0.000848s ]
INFO: [ app_begin ] --END-- [ RunTime:0.000961s ]
SQL: SHOW COLUMNS FROM `m_admin_infor` [ RunTime:0.0047s ]
SQL: SELECT * FROM `m_admin_infor` WHERE ( id=1 ) LIMIT 1   [ RunTime:0.0004s ]
SQL: SELECT `goods_id`,`goods_name`,`yuan_price`,`price`,`goods_img` FROM `m_goods` WHERE ( goods_id=106 ) LIMIT 1   [ RunTime:0.0004s ]
NOTIC: [2] call_user_func() expects parameter 1 to be a valid callback, no array or string given E:\wamp\www\myhunll\ThinkPHP\Library\Think\Upload.class.php 第 170 行.

[ 2016-03-04T12:49:56+08:00 ] 127.0.0.1 /Home/Member/file_jia.html
INFO: [ app_init ] --START--
INFO: Run Behavior\BuildLiteBehavior [ RunTime:0.000035s ]
INFO: [ app_init ] --END-- [ RunTime:0.000747s ]
INFO: [ app_begin ] --START--
INFO: Run Behavior\ReadHtmlCacheBehavior [ RunTime:0.000891s ]
INFO: [ app_begin ] --END-- [ RunTime:0.000982s ]
SQL: SHOW COLUMNS FROM `m_admin_infor` [ RunTime:0.0048s ]
SQL: SELECT * FROM `m_admin_infor` WHERE ( id=1 ) LIMIT 1   [ RunTime:0.0004s ]
SQL: SELECT `goods_id`,`goods_name`,`yuan_price`,`price`,`goods_img` FROM `m_goods` WHERE ( goods_id=106 ) LIMIT 1   [ RunTime:0.0003s ]
NOTIC: [2] call_user_func() expects parameter 1 to be a valid callback, no array or string given E:\wamp\www\myhunll\ThinkPHP\Library\Think\Upload.class.php 第 170 行.

[ 2016-03-04T12:55:31+08:00 ] 127.0.0.1 /Home/Member/release_goods.html
INFO: [ app_init ] --START--
INFO: Run Behavior\BuildLiteBehavior [ RunTime:0.000022s ]
INFO: [ app_init ] --END-- [ RunTime:0.000516s ]
INFO: [ app_begin ] --START--
INFO: Run Behavior\ReadHtmlCacheBehavior [ RunTime:0.000904s ]
INFO: [ app_begin ] --END-- [ RunTime:0.001018s ]
SQL: SHOW COLUMNS FROM `m_admin_infor` [ RunTime:0.0042s ]
SQL: SELECT * FROM `m_admin_infor` WHERE ( id=1 ) LIMIT 1   [ RunTime:0.0004s ]
SQL: SELECT `goods_id`,`goods_name`,`yuan_price`,`price`,`goods_img` FROM `m_goods` WHERE ( goods_id=106 ) LIMIT 1   [ RunTime:0.0003s ]
SQL: SELECT * FROM `m_users` WHERE ( user_id=33 ) LIMIT 1   [ RunTime:0.0005s ]
SQL: SELECT `shuxing` FROM `m_category` WHERE ( cat_name='司仪' ) LIMIT 1   [ RunTime:0.0004s ]
INFO: [ view_parse ] --START--
INFO: [ template_filter ] --START--
INFO: Run Behavior\ContentReplaceBehavior [ RunTime:0.000231s ]
INFO: [ template_filter ] --END-- [ RunTime:0.000340s ]
NOTIC: [8] Undefined variable: get E:\wamp\www\myhunll\Application\Runtime\Cache\Home\cd6cc39a566d9116e30add9d3e740eea.php 第 77 行.
NOTIC: [8] Undefined variable: 司仪 E:\wamp\www\myhunll\Application\Runtime\Cache\Home\cd6cc39a566d9116e30add9d3e740eea.php 第 185 行.
NOTIC: [8] Undefined variable: 摄影 E:\wamp\www\myhunll\Application\Runtime\Cache\Home\cd6cc39a566d9116e30add9d3e740eea.php 第 185 行.
INFO: Run Behavior\ParseTemplateBehavior [ RunTime:0.024872s ]
INFO: [ view_parse ] --END-- [ RunTime:0.024992s ]
INFO: [ view_filter ] --START--
INFO: Run Behavior\WriteHtmlCacheBehavior [ RunTime:0.000627s ]
INFO: [ view_filter ] --END-- [ RunTime:0.000706s ]
INFO: [ app_end ] --START--
INFO: Run Behavior\ShowPageTraceBehavior [ RunTime:0.000812s ]
INFO: [ app_end ] --END-- [ RunTime:0.000891s ]

[ 2016-03-04T12:55:36+08:00 ] 127.0.0.1 /Home/index/menu.html
INFO: [ app_init ] --START--
INFO: Run Behavior\BuildLiteBehavior [ RunTime:0.000032s ]
INFO: [ app_init ] --END-- [ RunTime:0.000702s ]
INFO: [ app_begin ] --START--
INFO: Run Behavior\ReadHtmlCacheBehavior [ RunTime:0.001152s ]
INFO: [ app_begin ] --END-- [ RunTime:0.001312s ]
SQL: SHOW COLUMNS FROM `m_admin_infor` [ RunTime:0.0059s ]
SQL: SELECT * FROM `m_admin_infor` WHERE ( id=1 ) LIMIT 1   [ RunTime:0.0004s ]
SQL: SELECT `goods_id`,`goods_name`,`yuan_price`,`price`,`goods_img` FROM `m_goods` WHERE ( goods_id=106 ) LIMIT 1   [ RunTime:0.0004s ]
INFO: [ view_parse ] --START--
INFO: [ template_filter ] --START--
INFO: Run Behavior\ContentReplaceBehavior [ RunTime:0.000086s ]
INFO: [ template_filter ] --END-- [ RunTime:0.000190s ]
INFO: Run Behavior\ParseTemplateBehavior [ RunTime:0.011411s ]
INFO: [ view_parse ] --END-- [ RunTime:0.011562s ]
INFO: [ view_filter ] --START--
INFO: Run Behavior\WriteHtmlCacheBehavior [ RunTime:0.000870s ]
INFO: [ view_filter ] --END-- [ RunTime:0.001047s ]
INFO: [ app_end ] --START--
INFO: Run Behavior\ShowPageTraceBehavior [ RunTime:0.001237s ]
INFO: [ app_end ] --END-- [ RunTime:0.001377s ]

[ 2016-03-04T12:55:36+08:00 ] 127.0.0.1 /Home/Index/menu.html
INFO: [ app_init ] --START--
INFO: Run Behavior\BuildLiteBehavior [ RunTime:0.000025s ]
INFO: [ app_init ] --END-- [ RunTime:0.000661s ]
INFO: [ app_begin ] --START--
INFO: Run Behavior\ReadHtmlCacheBehavior [ RunTime:0.001306s ]
INFO: [ app_begin ] --END-- [ RunTime:0.001480s ]
SQL: SHOW COLUMNS FROM `m_admin_infor` [ RunTime:0.0054s ]
SQL: SELECT * FROM `m_admin_infor` WHERE ( id=1 ) LIMIT 1   [ RunTime:0.0004s ]
SQL: SELECT `goods_id`,`goods_name`,`yuan_price`,`price`,`goods_img` FROM `m_goods` WHERE ( goods_id=106 ) LIMIT 1   [ RunTime:0.0004s ]
INFO: [ view_parse ] --START--
INFO: [ template_filter ] --START--
INFO: Run Behavior\ContentReplaceBehavior [ RunTime:0.000099s ]
INFO: [ template_filter ] --END-- [ RunTime:0.000192s ]
INFO: Run Behavior\ParseTemplateBehavior [ RunTime:0.008540s ]
INFO: [ view_parse ] --END-- [ RunTime:0.008638s ]
INFO: [ view_filter ] --START--
INFO: Run Behavior\WriteHtmlCacheBehavior [ RunTime:0.000686s ]
INFO: [ view_filter ] --END-- [ RunTime:0.000769s ]
INFO: [ app_end ] --START--
INFO: Run Behavior\ShowPageTraceBehavior [ RunTime:0.000823s ]
INFO: [ app_end ] --END-- [ RunTime:0.000895s ]

[ 2016-03-04T12:55:36+08:00 ] 127.0.0.1 /Home/login/is_login.html
INFO: [ app_init ] --START--
INFO: Run Behavior\BuildLiteBehavior [ RunTime:0.000046s ]
INFO: [ app_init ] --END-- [ RunTime:0.000741s ]
INFO: [ app_begin ] --START--
INFO: Run Behavior\ReadHtmlCacheBehavior [ RunTime:0.001221s ]
INFO: [ app_begin ] --END-- [ RunTime:0.001359s ]
SQL: SHOW COLUMNS FROM `m_admin_infor` [ RunTime:0.0045s ]
SQL: SELECT * FROM `m_admin_infor` WHERE ( id=1 ) LIMIT 1   [ RunTime:0.0004s ]
SQL: SELECT `goods_id`,`goods_name`,`yuan_price`,`price`,`goods_img` FROM `m_goods` WHERE ( goods_id=106 ) LIMIT 1   [ RunTime:0.0003s ]

[ 2016-03-04T12:55:50+08:00 ] 127.0.0.1 /Home/Member/file_jia.html
INFO: [ app_init ] --START--
INFO: Run Behavior\BuildLiteBehavior [ RunTime:0.000037s ]
INFO: [ app_init ] --END-- [ RunTime:0.000593s ]
INFO: [ app_begin ] --START--
INFO: Run Behavior\ReadHtmlCacheBehavior [ RunTime:0.000819s ]
INFO: [ app_begin ] --END-- [ RunTime:0.000907s ]
SQL: SHOW COLUMNS FROM `m_admin_infor` [ RunTime:0.0042s ]
SQL: SELECT * FROM `m_admin_infor` WHERE ( id=1 ) LIMIT 1   [ RunTime:0.0007s ]
SQL: SELECT `goods_id`,`goods_name`,`yuan_price`,`price`,`goods_img` FROM `m_goods` WHERE ( goods_id=106 ) LIMIT 1   [ RunTime:0.0004s ]
NOTIC: [2] call_user_func() expects parameter 1 to be a valid callback, no array or string given E:\wamp\www\myhunll\ThinkPHP\Library\Think\Upload.class.php 第 170 行.

[ 2016-03-04T13:03:10+08:00 ] 127.0.0.1 /Home/Member/goods_list.html
INFO: [ app_init ] --START--
INFO: Run Behavior\BuildLiteBehavior [ RunTime:0.000055s ]
INFO: [ app_init ] --END-- [ RunTime:0.001230s ]
INFO: [ app_begin ] --START--
INFO: Run Behavior\ReadHtmlCacheBehavior [ RunTime:0.002042s ]
INFO: [ app_begin ] --END-- [ RunTime:0.002479s ]
SQL: SHOW COLUMNS FROM `m_admin_infor` [ RunTime:0.0080s ]
SQL: SELECT * FROM `m_admin_infor` WHERE ( id=1 ) LIMIT 1   [ RunTime:0.0005s ]
SQL: SELECT `goods_id`,`goods_name`,`yuan_price`,`price`,`goods_img` FROM `m_goods` WHERE ( goods_id=106 ) LIMIT 1   [ RunTime:0.0004s ]
SQL: SELECT COUNT(*) AS tp_count FROM `m_goods` WHERE ( user_id=33 and is_delete=0 ) LIMIT 1   [ RunTime:0.0005s ]
SQL: SELECT * FROM `m_goods` WHERE ( user_id=33 and is_delete=0 ) ORDER BY last_update desc LIMIT 0,5   [ RunTime:0.0010s ]
INFO: [ view_parse ] --START--
INFO: [ template_filter ] --START--
INFO: Run Behavior\ContentReplaceBehavior [ RunTime:0.000268s ]
INFO: [ template_filter ] --END-- [ RunTime:0.000430s ]
NOTIC: [8] Undefined variable: get E:\wamp\www\myhunll\Application\Runtime\Cache\Home\fece8e027c0daa0c07e292842508d04c.php 第 74 行.
INFO: Run Behavior\ParseTemplateBehavior [ RunTime:0.033915s ]
INFO: [ view_parse ] --END-- [ RunTime:0.034061s ]
INFO: [ view_filter ] --START--
INFO: Run Behavior\WriteHtmlCacheBehavior [ RunTime:0.001151s ]
INFO: [ view_filter ] --END-- [ RunTime:0.001306s ]
INFO: [ app_end ] --START--
INFO: Run Behavior\ShowPageTraceBehavior [ RunTime:0.001193s ]
INFO: [ app_end ] --END-- [ RunTime:0.001314s ]

[ 2016-03-04T13:03:10+08:00 ] 127.0.0.1 /Home/index/menu.html
INFO: [ app_init ] --START--
INFO: Run Behavior\BuildLiteBehavior [ RunTime:0.000045s ]
INFO: [ app_init ] --END-- [ RunTime:0.000731s ]
INFO: [ app_begin ] --START--
INFO: Run Behavior\ReadHtmlCacheBehavior [ RunTime:0.000804s ]
INFO: [ app_begin ] --END-- [ RunTime:0.000909s ]
SQL: SHOW COLUMNS FROM `m_admin_infor` [ RunTime:0.0043s ]
SQL: SELECT * FROM `m_admin_infor` WHERE ( id=1 ) LIMIT 1   [ RunTime:0.0004s ]
SQL: SELECT `goods_id`,`goods_name`,`yuan_price`,`price`,`goods_img` FROM `m_goods` WHERE ( goods_id=106 ) LIMIT 1   [ RunTime:0.0004s ]
INFO: [ view_parse ] --START--
INFO: [ template_filter ] --START--
INFO: Run Behavior\ContentReplaceBehavior [ RunTime:0.000085s ]
INFO: [ template_filter ] --END-- [ RunTime:0.000189s ]
INFO: Run Behavior\ParseTemplateBehavior [ RunTime:0.008623s ]
INFO: [ view_parse ] --END-- [ RunTime:0.008723s ]
INFO: [ view_filter ] --START--
INFO: Run Behavior\WriteHtmlCacheBehavior [ RunTime:0.000602s ]
INFO: [ view_filter ] --END-- [ RunTime:0.000693s ]
INFO: [ app_end ] --START--
INFO: Run Behavior\ShowPageTraceBehavior [ RunTime:0.000876s ]
INFO: [ app_end ] --END-- [ RunTime:0.000960s ]

[ 2016-03-04T13:03:10+08:00 ] 127.0.0.1 /Home/Index/menu.html
INFO: [ app_init ] --START--
INFO: Run Behavior\BuildLiteBehavior [ RunTime:0.000047s ]
INFO: [ app_init ] --END-- [ RunTime:0.000898s ]
INFO: [ app_begin ] --START--
INFO: Run Behavior\ReadHtmlCacheBehavior [ RunTime:0.001237s ]
INFO: [ app_begin ] --END-- [ RunTime:0.001352s ]
SQL: SHOW COLUMNS FROM `m_admin_infor` [ RunTime:0.0045s ]
SQL: SELECT * FROM `m_admin_infor` WHERE ( id=1 ) LIMIT 1   [ RunTime:0.0004s ]
SQL: SELECT `goods_id`,`goods_name`,`yuan_price`,`price`,`goods_img` FROM `m_goods` WHERE ( goods_id=106 ) LIMIT 1   [ RunTime:0.0004s ]
INFO: [ view_parse ] --START--
INFO: [ template_filter ] --START--
INFO: Run Behavior\ContentReplaceBehavior [ RunTime:0.000093s ]
INFO: [ template_filter ] --END-- [ RunTime:0.000187s ]
INFO: Run Behavior\ParseTemplateBehavior [ RunTime:0.008520s ]
INFO: [ view_parse ] --END-- [ RunTime:0.008609s ]
INFO: [ view_filter ] --START--
INFO: Run Behavior\WriteHtmlCacheBehavior [ RunTime:0.000617s ]
INFO: [ view_filter ] --END-- [ RunTime:0.000931s ]
INFO: [ app_end ] --START--
INFO: Run Behavior\ShowPageTraceBehavior [ RunTime:0.001317s ]
INFO: [ app_end ] --END-- [ RunTime:0.001437s ]

[ 2016-03-04T13:03:10+08:00 ] 127.0.0.1 /Home/login/is_login.html
INFO: [ app_init ] --START--
INFO: Run Behavior\BuildLiteBehavior [ RunTime:0.000036s ]
INFO: [ app_init ] --END-- [ RunTime:0.000959s ]
INFO: [ app_begin ] --START--
INFO: Run Behavior\ReadHtmlCacheBehavior [ RunTime:0.001054s ]
INFO: [ app_begin ] --END-- [ RunTime:0.001157s ]
SQL: SHOW COLUMNS FROM `m_admin_infor` [ RunTime:0.0044s ]
SQL: SELECT * FROM `m_admin_infor` WHERE ( id=1 ) LIMIT 1   [ RunTime:0.0004s ]
SQL: SELECT `goods_id`,`goods_name`,`yuan_price`,`price`,`goods_img` FROM `m_goods` WHERE ( goods_id=106 ) LIMIT 1   [ RunTime:0.0004s ]

[ 2016-03-04T13:03:12+08:00 ] 127.0.0.1 /Home/Member/goods_editor/goods_id/148.html
INFO: [ app_init ] --START--
INFO: Run Behavior\BuildLiteBehavior [ RunTime:0.000030s ]
INFO: [ app_init ] --END-- [ RunTime:0.000820s ]
INFO: [ app_begin ] --START--
INFO: Run Behavior\ReadHtmlCacheBehavior [ RunTime:0.000914s ]
INFO: [ app_begin ] --END-- [ RunTime:0.001022s ]
SQL: SHOW COLUMNS FROM `m_admin_infor` [ RunTime:0.0050s ]
SQL: SELECT * FROM `m_admin_infor` WHERE ( id=1 ) LIMIT 1   [ RunTime:0.0004s ]
SQL: SELECT `goods_id`,`goods_name`,`yuan_price`,`price`,`goods_img` FROM `m_goods` WHERE ( goods_id=106 ) LIMIT 1   [ RunTime:0.0004s ]
SQL: SELECT * FROM `m_goods` WHERE ( goods_id=148 and user_id=33 ) LIMIT 1   [ RunTime:0.0005s ]
SQL: SELECT * FROM `m_users` WHERE ( user_id=33 ) LIMIT 1   [ RunTime:0.0005s ]
SQL: SELECT `shuxing` FROM `m_category` WHERE ( cat_name='司仪' ) LIMIT 1   [ RunTime:0.0004s ]
INFO: [ view_parse ] --START--
INFO: [ template_filter ] --START--
INFO: Run Behavior\ContentReplaceBehavior [ RunTime:0.000252s ]
INFO: [ template_filter ] --END-- [ RunTime:0.000360s ]
NOTIC: [8] Undefined variable: get E:\wamp\www\myhunll\Application\Runtime\Cache\Home\db4cd5b82fc21dbb0550cfa2e40a4d83.php 第 77 行.
NOTIC: [8] Undefined variable: 摄影 E:\wamp\www\myhunll\Application\Runtime\Cache\Home\db4cd5b82fc21dbb0550cfa2e40a4d83.php 第 185 行.
NOTIC: [8] Undefined variable: man E:\wamp\www\myhunll\Application\Runtime\Cache\Home\db4cd5b82fc21dbb0550cfa2e40a4d83.php 第 224 行.
NOTIC: [8] Undefined variable: woman E:\wamp\www\myhunll\Application\Runtime\Cache\Home\db4cd5b82fc21dbb0550cfa2e40a4d83.php 第 226 行.
NOTIC: [8] Undefined variable: 中式 E:\wamp\www\myhunll\Application\Runtime\Cache\Home\db4cd5b82fc21dbb0550cfa2e40a4d83.php 第 249 行.
NOTIC: [8] Undefined variable: 教堂 E:\wamp\www\myhunll\Application\Runtime\Cache\Home\db4cd5b82fc21dbb0550cfa2e40a4d83.php 第 249 行.
NOTIC: [8] Undefined variable: 户外 E:\wamp\www\myhunll\Application\Runtime\Cache\Home\db4cd5b82fc21dbb0550cfa2e40a4d83.php 第 249 行.
NOTIC: [8] Undefined variable: 搞笑幽默 E:\wamp\www\myhunll\Application\Runtime\Cache\Home\db4cd5b82fc21dbb0550cfa2e40a4d83.php 第 249 行.
NOTIC: [8] Undefined variable: 优雅大方 E:\wamp\www\myhunll\Application\Runtime\Cache\Home\db4cd5b82fc21dbb0550cfa2e40a4d83.php 第 249 行.
NOTIC: [8] Undefined variable: 大气磅礴 E:\wamp\www\myhunll\Application\Runtime\Cache\Home\db4cd5b82fc21dbb0550cfa2e40a4d83.php 第 249 行.
NOTIC: [8] Undefined variable: 播音专业 E:\wamp\www\myhunll\Application\Runtime\Cache\Home\db4cd5b82fc21dbb0550cfa2e40a4d83.php 第 249 行.
NOTIC: [8] Undefined variable: 电台主持 E:\wamp\www\myhunll\Application\Runtime\Cache\Home\db4cd5b82fc21dbb0550cfa2e40a4d83.php 第 249 行.
INFO: Run Behavior\ParseTemplateBehavior [ RunTime:0.057630s ]
INFO: [ view_parse ] --END-- [ RunTime:0.057768s ]
INFO: [ view_filter ] --START--
INFO: Run Behavior\WriteHtmlCacheBehavior [ RunTime:0.000944s ]
INFO: [ view_filter ] --END-- [ RunTime:0.001079s ]
INFO: [ app_end ] --START--
INFO: Run Behavior\ShowPageTraceBehavior [ RunTime:0.001109s ]
INFO: [ app_end ] --END-- [ RunTime:0.001236s ]

[ 2016-03-04T13:03:12+08:00 ] 127.0.0.1 /Home/index/menu.html
INFO: [ app_init ] --START--
INFO: Run Behavior\BuildLiteBehavior [ RunTime:0.000040s ]
INFO: [ app_init ] --END-- [ RunTime:0.000800s ]
INFO: [ app_begin ] --START--
INFO: Run Behavior\ReadHtmlCacheBehavior [ RunTime:0.001402s ]
INFO: [ app_begin ] --END-- [ RunTime:0.001629s ]
SQL: SHOW COLUMNS FROM `m_admin_infor` [ RunTime:0.0059s ]
SQL: SELECT * FROM `m_admin_infor` WHERE ( id=1 ) LIMIT 1   [ RunTime:0.0014s ]
SQL: SELECT `goods_id`,`goods_name`,`yuan_price`,`price`,`goods_img` FROM `m_goods` WHERE ( goods_id=106 ) LIMIT 1   [ RunTime:0.0005s ]
INFO: [ view_parse ] --START--
INFO: [ template_filter ] --START--
INFO: Run Behavior\ContentReplaceBehavior [ RunTime:0.000143s ]
INFO: [ template_filter ] --END-- [ RunTime:0.000360s ]
INFO: Run Behavior\ParseTemplateBehavior [ RunTime:0.013948s ]
INFO: [ view_parse ] --END-- [ RunTime:0.014133s ]
INFO: [ view_filter ] --START--
INFO: Run Behavior\WriteHtmlCacheBehavior [ RunTime:0.000894s ]
INFO: [ view_filter ] --END-- [ RunTime:0.001056s ]
INFO: [ app_end ] --START--
INFO: Run Behavior\ShowPageTraceBehavior [ RunTime:0.001326s ]
INFO: [ app_end ] --END-- [ RunTime:0.001509s ]

[ 2016-03-04T13:03:12+08:00 ] 127.0.0.1 /Home/Index/menu.html
INFO: [ app_init ] --START--
INFO: Run Behavior\BuildLiteBehavior [ RunTime:0.000041s ]
INFO: [ app_init ] --END-- [ RunTime:0.000764s ]
INFO: [ app_begin ] --START--
INFO: Run Behavior\ReadHtmlCacheBehavior [ RunTime:0.001212s ]
INFO: [ app_begin ] --END-- [ RunTime:0.001356s ]
SQL: SHOW COLUMNS FROM `m_admin_infor` [ RunTime:0.0052s ]
SQL: SELECT * FROM `m_admin_infor` WHERE ( id=1 ) LIMIT 1   [ RunTime:0.0004s ]
SQL: SELECT `goods_id`,`goods_name`,`yuan_price`,`price`,`goods_img` FROM `m_goods` WHERE ( goods_id=106 ) LIMIT 1   [ RunTime:0.0004s ]
INFO: [ view_parse ] --START--
INFO: [ template_filter ] --START--
INFO: Run Behavior\ContentReplaceBehavior [ RunTime:0.000138s ]
INFO: [ template_filter ] --END-- [ RunTime:0.000296s ]
INFO: Run Behavior\ParseTemplateBehavior [ RunTime:0.009421s ]
INFO: [ view_parse ] --END-- [ RunTime:0.009561s ]
INFO: [ view_filter ] --START--
INFO: Run Behavior\WriteHtmlCacheBehavior [ RunTime:0.000650s ]
INFO: [ view_filter ] --END-- [ RunTime:0.000741s ]
INFO: [ app_end ] --START--
INFO: Run Behavior\ShowPageTraceBehavior [ RunTime:0.000843s ]
INFO: [ app_end ] --END-- [ RunTime:0.000924s ]

[ 2016-03-04T13:03:13+08:00 ] 127.0.0.1 /Home/login/is_login.html
INFO: [ app_init ] --START--
INFO: Run Behavior\BuildLiteBehavior [ RunTime:0.000030s ]
INFO: [ app_init ] --END-- [ RunTime:0.000694s ]
INFO: [ app_begin ] --START--
INFO: Run Behavior\ReadHtmlCacheBehavior [ RunTime:0.001362s ]
INFO: [ app_begin ] --END-- [ RunTime:0.001527s ]
SQL: SHOW COLUMNS FROM `m_admin_infor` [ RunTime:0.0051s ]
SQL: SELECT * FROM `m_admin_infor` WHERE ( id=1 ) LIMIT 1   [ RunTime:0.0004s ]
SQL: SELECT `goods_id`,`goods_name`,`yuan_price`,`price`,`goods_img` FROM `m_goods` WHERE ( goods_id=106 ) LIMIT 1   [ RunTime:0.0003s ]

[ 2016-03-04T13:03:16+08:00 ] 127.0.0.1 /Home/Member/file_jia.html
INFO: [ app_init ] --START--
INFO: Run Behavior\BuildLiteBehavior [ RunTime:0.000026s ]
INFO: [ app_init ] --END-- [ RunTime:0.000567s ]
INFO: [ app_begin ] --START--
INFO: Run Behavior\ReadHtmlCacheBehavior [ RunTime:0.000854s ]
INFO: [ app_begin ] --END-- [ RunTime:0.000945s ]
SQL: SHOW COLUMNS FROM `m_admin_infor` [ RunTime:0.0047s ]
SQL: SELECT * FROM `m_admin_infor` WHERE ( id=1 ) LIMIT 1   [ RunTime:0.0004s ]
SQL: SELECT `goods_id`,`goods_name`,`yuan_price`,`price`,`goods_img` FROM `m_goods` WHERE ( goods_id=106 ) LIMIT 1   [ RunTime:0.0005s ]
NOTIC: [2] call_user_func() expects parameter 1 to be a valid callback, no array or string given E:\wamp\www\myhunll\ThinkPHP\Library\Think\Upload.class.php 第 170 行.

[ 2016-03-04T13:03:23+08:00 ] 127.0.0.1 /Home/Member/goods_editor/goods_id/148.html
INFO: [ app_init ] --START--
INFO: Run Behavior\BuildLiteBehavior [ RunTime:0.000034s ]
INFO: [ app_init ] --END-- [ RunTime:0.001470s ]
INFO: [ app_begin ] --START--
INFO: Run Behavior\ReadHtmlCacheBehavior [ RunTime:0.001059s ]
INFO: [ app_begin ] --END-- [ RunTime:0.001212s ]
SQL: SHOW COLUMNS FROM `m_admin_infor` [ RunTime:0.0053s ]
SQL: SELECT * FROM `m_admin_infor` WHERE ( id=1 ) LIMIT 1   [ RunTime:0.0004s ]
SQL: SELECT `goods_id`,`goods_name`,`yuan_price`,`price`,`goods_img` FROM `m_goods` WHERE ( goods_id=106 ) LIMIT 1   [ RunTime:0.0004s ]
SQL: SELECT * FROM `m_goods` WHERE ( goods_id=148 and user_id=33 ) LIMIT 1   [ RunTime:0.0005s ]
SQL: SELECT * FROM `m_users` WHERE ( user_id=33 ) LIMIT 1   [ RunTime:0.0007s ]
SQL: SELECT `shuxing` FROM `m_category` WHERE ( cat_name='司仪' ) LIMIT 1   [ RunTime:0.0005s ]
INFO: [ view_parse ] --START--
INFO: [ template_filter ] --START--
INFO: Run Behavior\ContentReplaceBehavior [ RunTime:0.000320s ]
INFO: [ template_filter ] --END-- [ RunTime:0.000470s ]
NOTIC: [8] Undefined variable: get E:\wamp\www\myhunll\Application\Runtime\Cache\Home\db4cd5b82fc21dbb0550cfa2e40a4d83.php 第 77 行.
NOTIC: [8] Undefined variable: 摄影 E:\wamp\www\myhunll\Application\Runtime\Cache\Home\db4cd5b82fc21dbb0550cfa2e40a4d83.php 第 185 行.
NOTIC: [8] Undefined variable: man E:\wamp\www\myhunll\Application\Runtime\Cache\Home\db4cd5b82fc21dbb0550cfa2e40a4d83.php 第 224 行.
NOTIC: [8] Undefined variable: woman E:\wamp\www\myhunll\Application\Runtime\Cache\Home\db4cd5b82fc21dbb0550cfa2e40a4d83.php 第 226 行.
NOTIC: [8] Undefined variable: 中式 E:\wamp\www\myhunll\Application\Runtime\Cache\Home\db4cd5b82fc21dbb0550cfa2e40a4d83.php 第 249 行.
NOTIC: [8] Undefined variable: 教堂 E:\wamp\www\myhunll\Application\Runtime\Cache\Home\db4cd5b82fc21dbb0550cfa2e40a4d83.php 第 249 行.
NOTIC: [8] Undefined variable: 户外 E:\wamp\www\myhunll\Application\Runtime\Cache\Home\db4cd5b82fc21dbb0550cfa2e40a4d83.php 第 249 行.
NOTIC: [8] Undefined variable: 搞笑幽默 E:\wamp\www\myhunll\Application\Runtime\Cache\Home\db4cd5b82fc21dbb0550cfa2e40a4d83.php 第 249 行.
NOTIC: [8] Undefined variable: 优雅大方 E:\wamp\www\myhunll\Application\Runtime\Cache\Home\db4cd5b82fc21dbb0550cfa2e40a4d83.php 第 249 行.
NOTIC: [8] Undefined variable: 大气磅礴 E:\wamp\www\myhunll\Application\Runtime\Cache\Home\db4cd5b82fc21dbb0550cfa2e40a4d83.php 第 249 行.
NOTIC: [8] Undefined variable: 播音专业 E:\wamp\www\myhunll\Application\Runtime\Cache\Home\db4cd5b82fc21dbb0550cfa2e40a4d83.php 第 249 行.
NOTIC: [8] Undefined variable: 电台主持 E:\wamp\www\myhunll\Application\Runtime\Cache\Home\db4cd5b82fc21dbb0550cfa2e40a4d83.php 第 249 行.
INFO: Run Behavior\ParseTemplateBehavior [ RunTime:0.048033s ]
INFO: [ view_parse ] --END-- [ RunTime:0.048227s ]
INFO: [ view_filter ] --START--
INFO: Run Behavior\WriteHtmlCacheBehavior [ RunTime:0.001055s ]
INFO: [ view_filter ] --END-- [ RunTime:0.001225s ]
INFO: [ app_end ] --START--
INFO: Run Behavior\ShowPageTraceBehavior [ RunTime:0.001025s ]
INFO: [ app_end ] --END-- [ RunTime:0.001210s ]

[ 2016-03-04T13:03:23+08:00 ] 127.0.0.1 /Home/index/menu.html
INFO: [ app_init ] --START--
INFO: Run Behavior\BuildLiteBehavior [ RunTime:0.000029s ]
INFO: [ app_init ] --END-- [ RunTime:0.000561s ]
INFO: [ app_begin ] --START--
INFO: Run Behavior\ReadHtmlCacheBehavior [ RunTime:0.000846s ]
INFO: [ app_begin ] --END-- [ RunTime:0.000956s ]
SQL: SHOW COLUMNS FROM `m_admin_infor` [ RunTime:0.0049s ]
SQL: SELECT * FROM `m_admin_infor` WHERE ( id=1 ) LIMIT 1   [ RunTime:0.0004s ]
SQL: SELECT `goods_id`,`goods_name`,`yuan_price`,`price`,`goods_img` FROM `m_goods` WHERE ( goods_id=106 ) LIMIT 1   [ RunTime:0.0004s ]
INFO: [ view_parse ] --START--
INFO: [ template_filter ] --START--
INFO: Run Behavior\ContentReplaceBehavior [ RunTime:0.000130s ]
INFO: [ template_filter ] --END-- [ RunTime:0.000288s ]
INFO: Run Behavior\ParseTemplateBehavior [ RunTime:0.010270s ]
INFO: [ view_parse ] --END-- [ RunTime:0.010392s ]
INFO: [ view_filter ] --START--
INFO: Run Behavior\WriteHtmlCacheBehavior [ RunTime:0.000632s ]
INFO: [ view_filter ] --END-- [ RunTime:0.000729s ]
INFO: [ app_end ] --START--
INFO: Run Behavior\ShowPageTraceBehavior [ RunTime:0.000816s ]
INFO: [ app_end ] --END-- [ RunTime:0.000923s ]

[ 2016-03-04T13:03:23+08:00 ] 127.0.0.1 /Home/Index/menu.html
INFO: [ app_init ] --START--
INFO: Run Behavior\BuildLiteBehavior [ RunTime:0.000043s ]
INFO: [ app_init ] --END-- [ RunTime:0.000905s ]
INFO: [ app_begin ] --START--
INFO: Run Behavior\ReadHtmlCacheBehavior [ RunTime:0.000867s ]
INFO: [ app_begin ] --END-- [ RunTime:0.000975s ]
SQL: SHOW COLUMNS FROM `m_admin_infor` [ RunTime:0.0041s ]
SQL: SELECT * FROM `m_admin_infor` WHERE ( id=1 ) LIMIT 1   [ RunTime:0.0004s ]
SQL: SELECT `goods_id`,`goods_name`,`yuan_price`,`price`,`goods_img` FROM `m_goods` WHERE ( goods_id=106 ) LIMIT 1   [ RunTime:0.0003s ]
INFO: [ view_parse ] --START--
INFO: [ template_filter ] --START--
INFO: Run Behavior\ContentReplaceBehavior [ RunTime:0.000087s ]
INFO: [ template_filter ] --END-- [ RunTime:0.000184s ]
INFO: Run Behavior\ParseTemplateBehavior [ RunTime:0.009125s ]
INFO: [ view_parse ] --END-- [ RunTime:0.009269s ]
INFO: [ view_filter ] --START--
INFO: Run Behavior\WriteHtmlCacheBehavior [ RunTime:0.000594s ]
INFO: [ view_filter ] --END-- [ RunTime:0.000679s ]
INFO: [ app_end ] --START--
INFO: Run Behavior\ShowPageTraceBehavior [ RunTime:0.000817s ]
INFO: [ app_end ] --END-- [ RunTime:0.000895s ]

[ 2016-03-04T13:03:23+08:00 ] 127.0.0.1 /Home/login/is_login.html
INFO: [ app_init ] --START--
INFO: Run Behavior\BuildLiteBehavior [ RunTime:0.000040s ]
INFO: [ app_init ] --END-- [ RunTime:0.000736s ]
INFO: [ app_begin ] --START--
INFO: Run Behavior\ReadHtmlCacheBehavior [ RunTime:0.001297s ]
INFO: [ app_begin ] --END-- [ RunTime:0.001458s ]
SQL: SHOW COLUMNS FROM `m_admin_infor` [ RunTime:0.0040s ]
SQL: SELECT * FROM `m_admin_infor` WHERE ( id=1 ) LIMIT 1   [ RunTime:0.0004s ]
SQL: SELECT `goods_id`,`goods_name`,`yuan_price`,`price`,`goods_img` FROM `m_goods` WHERE ( goods_id=106 ) LIMIT 1   [ RunTime:0.0005s ]

[ 2016-03-04T13:03:25+08:00 ] 127.0.0.1 /Home/Member/file_jia.html
INFO: [ app_init ] --START--
INFO: Run Behavior\BuildLiteBehavior [ RunTime:0.000043s ]
INFO: [ app_init ] --END-- [ RunTime:0.000815s ]
INFO: [ app_begin ] --START--
INFO: Run Behavior\ReadHtmlCacheBehavior [ RunTime:0.001459s ]
INFO: [ app_begin ] --END-- [ RunTime:0.001632s ]
SQL: SHOW COLUMNS FROM `m_admin_infor` [ RunTime:0.0066s ]
SQL: SELECT * FROM `m_admin_infor` WHERE ( id=1 ) LIMIT 1   [ RunTime:0.0010s ]
SQL: SELECT `goods_id`,`goods_name`,`yuan_price`,`price`,`goods_img` FROM `m_goods` WHERE ( goods_id=106 ) LIMIT 1   [ RunTime:0.0006s ]
NOTIC: [2] call_user_func() expects parameter 1 to be a valid callback, no array or string given E:\wamp\www\myhunll\ThinkPHP\Library\Think\Upload.class.php 第 170 行.

[ 2016-03-04T13:10:52+08:00 ] 127.0.0.1 /Home/Member/hunlirenshangjiaxinxi.html
INFO: [ app_init ] --START--
INFO: Run Behavior\BuildLiteBehavior [ RunTime:0.000034s ]
INFO: [ app_init ] --END-- [ RunTime:0.000798s ]
INFO: [ app_begin ] --START--
INFO: Run Behavior\ReadHtmlCacheBehavior [ RunTime:0.001215s ]
INFO: [ app_begin ] --END-- [ RunTime:0.001355s ]
SQL: SHOW COLUMNS FROM `m_admin_infor` [ RunTime:0.0047s ]
SQL: SELECT * FROM `m_admin_infor` WHERE ( id=1 ) LIMIT 1   [ RunTime:0.0004s ]
SQL: SELECT `goods_id`,`goods_name`,`yuan_price`,`price`,`goods_img` FROM `m_goods` WHERE ( goods_id=106 ) LIMIT 1   [ RunTime:0.0004s ]
SQL: SELECT * FROM `m_users` WHERE ( user_id=33 ) LIMIT 1   [ RunTime:0.0005s ]
INFO: [ view_parse ] --START--
INFO: [ template_filter ] --START--
INFO: Run Behavior\ContentReplaceBehavior [ RunTime:0.000175s ]
INFO: [ template_filter ] --END-- [ RunTime:0.000275s ]
NOTIC: [8] Undefined variable: get E:\wamp\www\myhunll\Application\Runtime\Cache\Home\8dcbe4487449ba37ea17efcc9df46383.php 第 75 行.
INFO: Run Behavior\ParseTemplateBehavior [ RunTime:0.021005s ]
INFO: [ view_parse ] --END-- [ RunTime:0.021134s ]
INFO: [ view_filter ] --START--
INFO: Run Behavior\WriteHtmlCacheBehavior [ RunTime:0.000667s ]
INFO: [ view_filter ] --END-- [ RunTime:0.000756s ]
INFO: [ app_end ] --START--
INFO: Run Behavior\ShowPageTraceBehavior [ RunTime:0.000894s ]
INFO: [ app_end ] --END-- [ RunTime:0.000979s ]

[ 2016-03-04T13:10:53+08:00 ] 127.0.0.1 /Home/index/menu.html
INFO: [ app_init ] --START--
INFO: Run Behavior\BuildLiteBehavior [ RunTime:0.000028s ]
INFO: [ app_init ] --END-- [ RunTime:0.000605s ]
INFO: [ app_begin ] --START--
INFO: Run Behavior\ReadHtmlCacheBehavior [ RunTime:0.000832s ]
INFO: [ app_begin ] --END-- [ RunTime:0.000927s ]
SQL: SHOW COLUMNS FROM `m_admin_infor` [ RunTime:0.0047s ]
SQL: SELECT * FROM `m_admin_infor` WHERE ( id=1 ) LIMIT 1   [ RunTime:0.0004s ]
SQL: SELECT `goods_id`,`goods_name`,`yuan_price`,`price`,`goods_img` FROM `m_goods` WHERE ( goods_id=106 ) LIMIT 1   [ RunTime:0.0004s ]
INFO: [ view_parse ] --START--
INFO: [ template_filter ] --START--
INFO: Run Behavior\ContentReplaceBehavior [ RunTime:0.000084s ]
INFO: [ template_filter ] --END-- [ RunTime:0.000182s ]
INFO: Run Behavior\ParseTemplateBehavior [ RunTime:0.007882s ]
INFO: [ view_parse ] --END-- [ RunTime:0.007993s ]
INFO: [ view_filter ] --START--
INFO: Run Behavior\WriteHtmlCacheBehavior [ RunTime:0.000638s ]
INFO: [ view_filter ] --END-- [ RunTime:0.000737s ]
INFO: [ app_end ] --START--
INFO: Run Behavior\ShowPageTraceBehavior [ RunTime:0.000920s ]
INFO: [ app_end ] --END-- [ RunTime:0.001011s ]

[ 2016-03-04T13:10:53+08:00 ] 127.0.0.1 /Home/Index/menu.html
INFO: [ app_init ] --START--
INFO: Run Behavior\BuildLiteBehavior [ RunTime:0.000029s ]
INFO: [ app_init ] --END-- [ RunTime:0.000554s ]
INFO: [ app_begin ] --START--
INFO: Run Behavior\ReadHtmlCacheBehavior [ RunTime:0.001022s ]
INFO: [ app_begin ] --END-- [ RunTime:0.001125s ]
SQL: SHOW COLUMNS FROM `m_admin_infor` [ RunTime:0.0050s ]
SQL: SELECT * FROM `m_admin_infor` WHERE ( id=1 ) LIMIT 1   [ RunTime:0.0004s ]
SQL: SELECT `goods_id`,`goods_name`,`yuan_price`,`price`,`goods_img` FROM `m_goods` WHERE ( goods_id=106 ) LIMIT 1   [ RunTime:0.0004s ]
INFO: [ view_parse ] --START--
INFO: [ template_filter ] --START--
INFO: Run Behavior\ContentReplaceBehavior [ RunTime:0.000109s ]
INFO: [ template_filter ] --END-- [ RunTime:0.000200s ]
INFO: Run Behavior\ParseTemplateBehavior [ RunTime:0.008959s ]
INFO: [ view_parse ] --END-- [ RunTime:0.009062s ]
INFO: [ view_filter ] --START--
INFO: Run Behavior\WriteHtmlCacheBehavior [ RunTime:0.000663s ]
INFO: [ view_filter ] --END-- [ RunTime:0.000751s ]
INFO: [ app_end ] --START--
INFO: Run Behavior\ShowPageTraceBehavior [ RunTime:0.000923s ]
INFO: [ app_end ] --END-- [ RunTime:0.001003s ]

[ 2016-03-04T13:10:53+08:00 ] 127.0.0.1 /Home/login/is_login.html
INFO: [ app_init ] --START--
INFO: Run Behavior\BuildLiteBehavior [ RunTime:0.000024s ]
INFO: [ app_init ] --END-- [ RunTime:0.000526s ]
INFO: [ app_begin ] --START--
INFO: Run Behavior\ReadHtmlCacheBehavior [ RunTime:0.001789s ]
INFO: [ app_begin ] --END-- [ RunTime:0.001903s ]
SQL: SHOW COLUMNS FROM `m_admin_infor` [ RunTime:0.0042s ]
SQL: SELECT * FROM `m_admin_infor` WHERE ( id=1 ) LIMIT 1   [ RunTime:0.0005s ]
SQL: SELECT `goods_id`,`goods_name`,`yuan_price`,`price`,`goods_img` FROM `m_goods` WHERE ( goods_id=106 ) LIMIT 1   [ RunTime:0.0004s ]

[ 2016-03-04T13:10:54+08:00 ] 127.0.0.1 /Home/Member/hunliren_bianji.html
INFO: [ app_init ] --START--
INFO: Run Behavior\BuildLiteBehavior [ RunTime:0.000046s ]
INFO: [ app_init ] --END-- [ RunTime:0.000876s ]
INFO: [ app_begin ] --START--
INFO: Run Behavior\ReadHtmlCacheBehavior [ RunTime:0.001272s ]
INFO: [ app_begin ] --END-- [ RunTime:0.001447s ]
SQL: SHOW COLUMNS FROM `m_admin_infor` [ RunTime:0.0059s ]
SQL: SELECT * FROM `m_admin_infor` WHERE ( id=1 ) LIMIT 1   [ RunTime:0.0004s ]
SQL: SELECT `goods_id`,`goods_name`,`yuan_price`,`price`,`goods_img` FROM `m_goods` WHERE ( goods_id=106 ) LIMIT 1   [ RunTime:0.0003s ]
SQL: SELECT * FROM `m_users` WHERE ( user_id=33 ) LIMIT 1   [ RunTime:0.0005s ]
INFO: [ view_parse ] --START--
INFO: [ template_filter ] --START--
INFO: Run Behavior\ContentReplaceBehavior [ RunTime:0.000280s ]
INFO: [ template_filter ] --END-- [ RunTime:0.000405s ]
NOTIC: [8] Undefined variable: get E:\wamp\www\myhunll\Application\Runtime\Cache\Home\ce00cab5ee35766d8af875f774a4fd06.php 第 76 行.
INFO: Run Behavior\ParseTemplateBehavior [ RunTime:0.026849s ]
INFO: [ view_parse ] --END-- [ RunTime:0.026957s ]
INFO: [ view_filter ] --START--
INFO: Run Behavior\WriteHtmlCacheBehavior [ RunTime:0.000916s ]
INFO: [ view_filter ] --END-- [ RunTime:0.001033s ]
INFO: [ app_end ] --START--
INFO: Run Behavior\ShowPageTraceBehavior [ RunTime:0.000860s ]
INFO: [ app_end ] --END-- [ RunTime:0.000954s ]

[ 2016-03-04T13:10:55+08:00 ] 127.0.0.1 /Home/index/menu.html
INFO: [ app_init ] --START--
INFO: Run Behavior\BuildLiteBehavior [ RunTime:0.000042s ]
INFO: [ app_init ] --END-- [ RunTime:0.000652s ]
INFO: [ app_begin ] --START--
INFO: Run Behavior\ReadHtmlCacheBehavior [ RunTime:0.001310s ]
INFO: [ app_begin ] --END-- [ RunTime:0.001501s ]
SQL: SHOW COLUMNS FROM `m_admin_infor` [ RunTime:0.0054s ]
SQL: SELECT * FROM `m_admin_infor` WHERE ( id=1 ) LIMIT 1   [ RunTime:0.0005s ]
SQL: SELECT `goods_id`,`goods_name`,`yuan_price`,`price`,`goods_img` FROM `m_goods` WHERE ( goods_id=106 ) LIMIT 1   [ RunTime:0.0004s ]
INFO: [ view_parse ] --START--
INFO: [ template_filter ] --START--
INFO: Run Behavior\ContentReplaceBehavior [ RunTime:0.000087s ]
INFO: [ template_filter ] --END-- [ RunTime:0.000193s ]
INFO: Run Behavior\ParseTemplateBehavior [ RunTime:0.010261s ]
INFO: [ view_parse ] --END-- [ RunTime:0.010427s ]
INFO: [ view_filter ] --START--
INFO: Run Behavior\WriteHtmlCacheBehavior [ RunTime:0.000802s ]
INFO: [ view_filter ] --END-- [ RunTime:0.000949s ]
INFO: [ app_end ] --START--
INFO: Run Behavior\ShowPageTraceBehavior [ RunTime:0.000881s ]
INFO: [ app_end ] --END-- [ RunTime:0.000968s ]

[ 2016-03-04T13:10:55+08:00 ] 127.0.0.1 /Home/Index/menu.html
INFO: [ app_init ] --START--
INFO: Run Behavior\BuildLiteBehavior [ RunTime:0.000027s ]
INFO: [ app_init ] --END-- [ RunTime:0.000579s ]
INFO: [ app_begin ] --START--
INFO: Run Behavior\ReadHtmlCacheBehavior [ RunTime:0.001149s ]
INFO: [ app_begin ] --END-- [ RunTime:0.001254s ]
SQL: SHOW COLUMNS FROM `m_admin_infor` [ RunTime:0.0175s ]
SQL: SELECT * FROM `m_admin_infor` WHERE ( id=1 ) LIMIT 1   [ RunTime:0.0003s ]
SQL: SELECT `goods_id`,`goods_name`,`yuan_price`,`price`,`goods_img` FROM `m_goods` WHERE ( goods_id=106 ) LIMIT 1   [ RunTime:0.0003s ]
INFO: [ view_parse ] --START--
INFO: [ template_filter ] --START--
INFO: Run Behavior\ContentReplaceBehavior [ RunTime:0.000105s ]
INFO: [ template_filter ] --END-- [ RunTime:0.000230s ]
INFO: Run Behavior\ParseTemplateBehavior [ RunTime:0.009680s ]
INFO: [ view_parse ] --END-- [ RunTime:0.009812s ]
INFO: [ view_filter ] --START--
INFO: Run Behavior\WriteHtmlCacheBehavior [ RunTime:0.000791s ]
INFO: [ view_filter ] --END-- [ RunTime:0.000921s ]
INFO: [ app_end ] --START--
INFO: Run Behavior\ShowPageTraceBehavior [ RunTime:0.001296s ]
INFO: [ app_end ] --END-- [ RunTime:0.001440s ]

[ 2016-03-04T13:10:55+08:00 ] 127.0.0.1 /Home/login/is_login.html
INFO: [ app_init ] --START--
INFO: Run Behavior\BuildLiteBehavior [ RunTime:0.000035s ]
INFO: [ app_init ] --END-- [ RunTime:0.000729s ]
INFO: [ app_begin ] --START--
INFO: Run Behavior\ReadHtmlCacheBehavior [ RunTime:0.001202s ]
INFO: [ app_begin ] --END-- [ RunTime:0.001346s ]
SQL: SHOW COLUMNS FROM `m_admin_infor` [ RunTime:0.0059s ]
SQL: SELECT * FROM `m_admin_infor` WHERE ( id=1 ) LIMIT 1   [ RunTime:0.0005s ]
SQL: SELECT `goods_id`,`goods_name`,`yuan_price`,`price`,`goods_img` FROM `m_goods` WHERE ( goods_id=106 ) LIMIT 1   [ RunTime:0.0010s ]

[ 2016-03-04T13:10:59+08:00 ] 127.0.0.1 /Home/Zhuce/file_jia.html
INFO: [ app_init ] --START--
INFO: Run Behavior\BuildLiteBehavior [ RunTime:0.000025s ]
INFO: [ app_init ] --END-- [ RunTime:0.000495s ]
INFO: [ app_begin ] --START--
INFO: Run Behavior\ReadHtmlCacheBehavior [ RunTime:0.000778s ]
INFO: [ app_begin ] --END-- [ RunTime:0.000863s ]
SQL: SHOW COLUMNS FROM `m_admin_infor` [ RunTime:0.0078s ]
SQL: SELECT * FROM `m_admin_infor` WHERE ( id=1 ) LIMIT 1   [ RunTime:0.0006s ]
SQL: SELECT `goods_id`,`goods_name`,`yuan_price`,`price`,`goods_img` FROM `m_goods` WHERE ( goods_id=106 ) LIMIT 1   [ RunTime:0.0007s ]
NOTIC: [2] call_user_func() expects parameter 1 to be a valid callback, no array or string given E:\wamp\www\myhunll\ThinkPHP\Library\Think\Upload.class.php 第 170 行.
NOTIC: [8] Undefined index: file_shenfenzheng E:\wamp\www\myhunll\Application\Home\Controller\ZhuceController.class.php 第 237 行.
NOTIC: [8] Undefined index: file_shenfenzheng E:\wamp\www\myhunll\Application\Home\Controller\ZhuceController.class.php 第 237 行.
NOTIC: [8] Undefined index: file_erweima E:\wamp\www\myhunll\Application\Home\Controller\ZhuceController.class.php 第 238 行.
NOTIC: [8] Undefined index: file_erweima E:\wamp\www\myhunll\Application\Home\Controller\ZhuceController.class.php 第 238 行.

[ 2016-03-04T13:11:02+08:00 ] 127.0.0.1 /Home/Zhuce/file_jia.html
INFO: [ app_init ] --START--
INFO: Run Behavior\BuildLiteBehavior [ RunTime:0.000084s ]
INFO: [ app_init ] --END-- [ RunTime:0.001557s ]
INFO: [ app_begin ] --START--
INFO: Run Behavior\ReadHtmlCacheBehavior [ RunTime:0.002131s ]
INFO: [ app_begin ] --END-- [ RunTime:0.002322s ]
SQL: SHOW COLUMNS FROM `m_admin_infor` [ RunTime:0.0056s ]
SQL: SELECT * FROM `m_admin_infor` WHERE ( id=1 ) LIMIT 1   [ RunTime:0.0005s ]
SQL: SELECT `goods_id`,`goods_name`,`yuan_price`,`price`,`goods_img` FROM `m_goods` WHERE ( goods_id=106 ) LIMIT 1   [ RunTime:0.0004s ]
NOTIC: [2] call_user_func() expects parameter 1 to be a valid callback, no array or string given E:\wamp\www\myhunll\ThinkPHP\Library\Think\Upload.class.php 第 170 行.
NOTIC: [8] Undefined index: file_touxiang E:\wamp\www\myhunll\Application\Home\Controller\ZhuceController.class.php 第 236 行.
NOTIC: [8] Undefined index: file_touxiang E:\wamp\www\myhunll\Application\Home\Controller\ZhuceController.class.php 第 236 行.
NOTIC: [8] Undefined index: file_erweima E:\wamp\www\myhunll\Application\Home\Controller\ZhuceController.class.php 第 238 行.
NOTIC: [8] Undefined index: file_erweima E:\wamp\www\myhunll\Application\Home\Controller\ZhuceController.class.php 第 238 行.

