[ 2016-03-20T16:36:50+08:00 ] 127.0.0.1 /
INFO: [ app_init ] --START--
INFO: Run Behavior\BuildLiteBehavior [ RunTime:0.000027s ]
INFO: [ app_init ] --END-- [ RunTime:0.000553s ]
INFO: [ app_begin ] --START--
INFO: Run Behavior\ReadHtmlCacheBehavior [ RunTime:0.000811s ]
INFO: [ app_begin ] --END-- [ RunTime:0.000917s ]
SQL: SHOW COLUMNS FROM `m_admin_infor` [ RunTime:0.0047s ]
SQL: SELECT * FROM `m_admin_infor` WHERE ( id=1 ) LIMIT 1   [ RunTime:0.0004s ]
SQL: SELECT `goods_id`,`goods_name`,`yuan_price`,`price`,`goods_img` FROM `m_goods` WHERE ( goods_id=165 ) LIMIT 1   [ RunTime:0.0006s ]
SQL: SELECT `goods_id`,`goods_name`,`yuan_price`,`price`,`goods_img` FROM `m_goods` WHERE ( goods_id=167 ) LIMIT 1   [ RunTime:0.0004s ]
SQL: SELECT `goods_id`,`goods_name`,`yuan_price`,`price`,`goods_img` FROM `m_goods` WHERE ( goods_id=145 ) LIMIT 1   [ RunTime:0.0022s ]
SQL: SELECT `goods_id`,`goods_name`,`yuan_price`,`price`,`goods_img` FROM `m_goods` WHERE ( goods_id=134 ) LIMIT 1   [ RunTime:0.0003s ]
SQL: SELECT `goods_id`,`goods_name`,`yuan_price`,`price`,`goods_img` FROM `m_goods` WHERE ( goods_id=174 ) LIMIT 1   [ RunTime:0.0003s ]
SQL: SHOW COLUMNS FROM `m_admin_advert` [ RunTime:0.0046s ]
SQL: SELECT `xuhao`,`img_url`,`url` FROM `m_admin_advert` WHERE ( position='轮播上' )  [ RunTime:0.0004s ]
SQL: SELECT `xuhao`,`img_url`,`url` FROM `m_admin_advert` WHERE ( position='轮播下' )  [ RunTime:0.0003s ]
SQL: SELECT `xuhao`,`img_url`,`url` FROM `m_admin_advert` WHERE ( position='首页右' )  [ RunTime:0.0006s ]
SQL: SHOW COLUMNS FROM `m_category` [ RunTime:0.0045s ]
SQL: SELECT t2.goods_id,t2.area,t2.user_id,t2.goods_name,t2.price,t2.yuan_price,t2.goods_img,t2.comment_number,t1.cat_name,t3.user_name,t2.goods_id,t2.score,t2.buy_number FROM m_category t1,m_goods t2,m_users t3 WHERE ( t2.cat_id=1 and t2.is_delete=0 and t2.cat_id=t1.cat_id and t2.user_id=t3.user_id ) ORDER BY t2.last_update desc LIMIT 8   [ RunTime:0.0008s ]
SQL: SHOW COLUMNS FROM `m_category` [ RunTime:0.0157s ]
SQL: SELECT t2.goods_id,t2.area,t2.user_id,t2.goods_name,t2.price,t2.yuan_price,t2.goods_img,t2.comment_number,t1.cat_name,t3.user_name,t2.goods_id,t2.buy_number FROM m_category t1,m_goods t2,m_users t3 WHERE ( t2.cat_id=2 and t2.is_delete=0 and t2.cat_id=t1.cat_id and t2.user_id=t3.user_id ) ORDER BY t2.last_update desc LIMIT 8   [ RunTime:0.0009s ]
SQL: SHOW COLUMNS FROM `m_category` [ RunTime:0.0075s ]
SQL: SELECT t2.goods_id,t2.area,t2.user_id,t2.goods_name,t2.price,t2.yuan_price,t2.goods_img,t2.comment_number,t1.cat_name,t3.user_name,t2.goods_id,t2.buy_number FROM m_category t1,m_goods t2,m_users t3 WHERE ( t2.cat_id=3 and t2.is_delete=0 and t2.cat_id=t1.cat_id and t2.user_id=t3.user_id ) ORDER BY t2.last_update desc LIMIT 8   [ RunTime:0.0013s ]
SQL: SHOW COLUMNS FROM `m_category` [ RunTime:0.0048s ]
SQL: SELECT t2.goods_id,t2.area,t2.user_id,t2.goods_name,t2.price,t2.yuan_price,t2.goods_img,t2.comment_number,t1.cat_name,t3.user_name,t2.goods_id,t2.buy_number FROM m_category t1,m_goods t2,m_users t3 WHERE ( t2.cat_id=4 and t2.is_delete=0 and t2.cat_id=t1.cat_id and t2.user_id=t3.user_id ) ORDER BY t2.last_update desc LIMIT 8   [ RunTime:0.0008s ]
SQL: SHOW COLUMNS FROM `m_category` [ RunTime:0.0039s ]
SQL: SELECT t2.goods_id,t2.area,t2.user_id,t2.goods_name,t2.price,t2.yuan_price,t2.goods_img,t2.comment_number,t1.cat_name,t3.user_name,t2.goods_id,t2.buy_number FROM m_category t1,m_goods t2,m_users t3 WHERE ( t2.cat_id=5 and t2.is_delete=0 and t2.cat_id=t1.cat_id and t2.user_id=t3.user_id ) ORDER BY t2.last_update desc LIMIT 8   [ RunTime:0.0007s ]
SQL: SHOW COLUMNS FROM `m_category` [ RunTime:0.0052s ]
SQL: SELECT t2.goods_id,t2.area,t2.user_id,t2.goods_name,t2.price,t2.yuan_price,t2.goods_img,t2.comment_number,t1.cat_name,t3.user_name,t2.goods_id,t2.buy_number FROM m_category t1,m_goods t2,m_users t3 WHERE ( t2.cat_id=6 and t2.is_delete=0 and t2.cat_id=t1.cat_id and t2.user_id=t3.user_id ) ORDER BY t2.last_update desc LIMIT 8   [ RunTime:0.0009s ]
SQL: SHOW COLUMNS FROM `m_category` [ RunTime:0.0048s ]
SQL: SELECT t2.goods_id,t2.area,t2.user_id,t2.goods_name,t2.price,t2.yuan_price,t2.goods_img,t2.comment_number,t1.cat_name,t3.user_name,t2.goods_id,t2.buy_number FROM m_category t1,m_goods t2,m_users t3 WHERE ( t2.cat_id=7 and t2.is_delete=0 and t2.cat_id=t1.cat_id and t2.user_id=t3.user_id ) ORDER BY t2.last_update desc LIMIT 8   [ RunTime:0.0007s ]
SQL: SHOW COLUMNS FROM `m_category` [ RunTime:0.0036s ]
SQL: SELECT t2.goods_id,t2.area,t2.user_id,t2.goods_name,t2.price,t2.yuan_price,t2.goods_img,t2.comment_number,t1.cat_name,t3.user_name,t2.goods_id,t2.buy_number FROM m_category t1,m_goods t2,m_users t3 WHERE ( t2.cat_id=8 and t2.is_delete=0 and t2.cat_id=t1.cat_id and t2.user_id=t3.user_id ) ORDER BY t2.last_update desc LIMIT 8   [ RunTime:0.0007s ]
SQL: SHOW COLUMNS FROM `m_category` [ RunTime:0.0050s ]
SQL: SELECT t2.goods_id,t2.area,t2.user_id,t2.goods_name,t2.price,t2.yuan_price,t2.goods_img,t2.comment_number,t1.cat_name,t3.user_name,t2.goods_id,t2.buy_number FROM m_category t1,m_goods t2,m_users t3 WHERE ( t2.cat_id=9 and t2.is_delete=0 and t2.cat_id=t1.cat_id and t2.user_id=t3.user_id ) ORDER BY t2.last_update desc LIMIT 8   [ RunTime:0.0009s ]
SQL: SHOW COLUMNS FROM `m_category` [ RunTime:0.0037s ]
SQL: SELECT t2.goods_id,t2.area,t2.user_id,t2.goods_name,t2.price,t2.yuan_price,t2.goods_img,t2.comment_number,t1.cat_name,t3.user_name,t2.goods_id,t2.buy_number FROM m_category t1,m_goods t2,m_users t3 WHERE ( t2.cat_id=10 and t2.is_delete=0 and t2.cat_id=t1.cat_id and t2.user_id=t3.user_id ) ORDER BY t2.last_update desc LIMIT 8   [ RunTime:0.0004s ]
INFO: [ view_parse ] --START--
INFO: [ template_filter ] --START--
INFO: Run Behavior\ContentReplaceBehavior [ RunTime:0.000586s ]
INFO: [ template_filter ] --END-- [ RunTime:0.000708s ]
NOTIC: [8] Undefined variable: get E:\wamp\www\myhunll\Application\Runtime\Cache\Home\4e8495c7f76d7caca27531a7e2e983f7.php 第 73 行.
NOTIC: [8] Undefined index: score E:\wamp\www\myhunll\Application\Runtime\Cache\Home\4e8495c7f76d7caca27531a7e2e983f7.php 第 350 行.
NOTIC: [8] Undefined index: score E:\wamp\www\myhunll\Application\Runtime\Cache\Home\4e8495c7f76d7caca27531a7e2e983f7.php 第 350 行.
NOTIC: [8] Undefined index: score E:\wamp\www\myhunll\Application\Runtime\Cache\Home\4e8495c7f76d7caca27531a7e2e983f7.php 第 350 行.
NOTIC: [8] Undefined index: score E:\wamp\www\myhunll\Application\Runtime\Cache\Home\4e8495c7f76d7caca27531a7e2e983f7.php 第 350 行.
NOTIC: [8] Undefined index: score E:\wamp\www\myhunll\Application\Runtime\Cache\Home\4e8495c7f76d7caca27531a7e2e983f7.php 第 382 行.
NOTIC: [8] Undefined index: score E:\wamp\www\myhunll\Application\Runtime\Cache\Home\4e8495c7f76d7caca27531a7e2e983f7.php 第 382 行.
NOTIC: [8] Undefined index: score E:\wamp\www\myhunll\Application\Runtime\Cache\Home\4e8495c7f76d7caca27531a7e2e983f7.php 第 382 行.
NOTIC: [8] Undefined index: score E:\wamp\www\myhunll\Application\Runtime\Cache\Home\4e8495c7f76d7caca27531a7e2e983f7.php 第 382 行.
NOTIC: [8] Undefined index: score E:\wamp\www\myhunll\Application\Runtime\Cache\Home\4e8495c7f76d7caca27531a7e2e983f7.php 第 382 行.
NOTIC: [8] Undefined index: score E:\wamp\www\myhunll\Application\Runtime\Cache\Home\4e8495c7f76d7caca27531a7e2e983f7.php 第 382 行.
NOTIC: [8] Undefined index: score E:\wamp\www\myhunll\Application\Runtime\Cache\Home\4e8495c7f76d7caca27531a7e2e983f7.php 第 382 行.
NOTIC: [8] Undefined index: score E:\wamp\www\myhunll\Application\Runtime\Cache\Home\4e8495c7f76d7caca27531a7e2e983f7.php 第 382 行.
NOTIC: [8] Undefined index: score E:\wamp\www\myhunll\Application\Runtime\Cache\Home\4e8495c7f76d7caca27531a7e2e983f7.php 第 411 行.
NOTIC: [8] Undefined index: score E:\wamp\www\myhunll\Application\Runtime\Cache\Home\4e8495c7f76d7caca27531a7e2e983f7.php 第 411 行.
NOTIC: [8] Undefined index: score E:\wamp\www\myhunll\Application\Runtime\Cache\Home\4e8495c7f76d7caca27531a7e2e983f7.php 第 411 行.
NOTIC: [8] Undefined index: score E:\wamp\www\myhunll\Application\Runtime\Cache\Home\4e8495c7f76d7caca27531a7e2e983f7.php 第 411 行.
NOTIC: [8] Undefined index: score E:\wamp\www\myhunll\Application\Runtime\Cache\Home\4e8495c7f76d7caca27531a7e2e983f7.php 第 411 行.
NOTIC: [8] Undefined index: score E:\wamp\www\myhunll\Application\Runtime\Cache\Home\4e8495c7f76d7caca27531a7e2e983f7.php 第 411 行.
NOTIC: [8] Undefined index: score E:\wamp\www\myhunll\Application\Runtime\Cache\Home\4e8495c7f76d7caca27531a7e2e983f7.php 第 411 行.
NOTIC: [8] Undefined index: score E:\wamp\www\myhunll\Application\Runtime\Cache\Home\4e8495c7f76d7caca27531a7e2e983f7.php 第 440 行.
NOTIC: [8] Undefined index: score E:\wamp\www\myhunll\Application\Runtime\Cache\Home\4e8495c7f76d7caca27531a7e2e983f7.php 第 440 行.
NOTIC: [8] Undefined index: score E:\wamp\www\myhunll\Application\Runtime\Cache\Home\4e8495c7f76d7caca27531a7e2e983f7.php 第 440 行.
NOTIC: [8] Undefined index: score E:\wamp\www\myhunll\Application\Runtime\Cache\Home\4e8495c7f76d7caca27531a7e2e983f7.php 第 440 行.
NOTIC: [8] Undefined index: score E:\wamp\www\myhunll\Application\Runtime\Cache\Home\4e8495c7f76d7caca27531a7e2e983f7.php 第 440 行.
NOTIC: [8] Undefined index: score E:\wamp\www\myhunll\Application\Runtime\Cache\Home\4e8495c7f76d7caca27531a7e2e983f7.php 第 440 行.
NOTIC: [8] Undefined index: score E:\wamp\www\myhunll\Application\Runtime\Cache\Home\4e8495c7f76d7caca27531a7e2e983f7.php 第 440 行.
NOTIC: [8] Undefined index: score E:\wamp\www\myhunll\Application\Runtime\Cache\Home\4e8495c7f76d7caca27531a7e2e983f7.php 第 440 行.
NOTIC: [8] Undefined index: score E:\wamp\www\myhunll\Application\Runtime\Cache\Home\4e8495c7f76d7caca27531a7e2e983f7.php 第 468 行.
NOTIC: [8] Undefined index: score E:\wamp\www\myhunll\Application\Runtime\Cache\Home\4e8495c7f76d7caca27531a7e2e983f7.php 第 468 行.
NOTIC: [8] Undefined index: score E:\wamp\www\myhunll\Application\Runtime\Cache\Home\4e8495c7f76d7caca27531a7e2e983f7.php 第 468 行.
NOTIC: [8] Undefined index: score E:\wamp\www\myhunll\Application\Runtime\Cache\Home\4e8495c7f76d7caca27531a7e2e983f7.php 第 468 行.
NOTIC: [8] Undefined index: score E:\wamp\www\myhunll\Application\Runtime\Cache\Home\4e8495c7f76d7caca27531a7e2e983f7.php 第 468 行.
NOTIC: [8] Undefined index: score E:\wamp\www\myhunll\Application\Runtime\Cache\Home\4e8495c7f76d7caca27531a7e2e983f7.php 第 468 行.
NOTIC: [8] Undefined index: score E:\wamp\www\myhunll\Application\Runtime\Cache\Home\4e8495c7f76d7caca27531a7e2e983f7.php 第 468 行.
NOTIC: [8] Undefined index: score E:\wamp\www\myhunll\Application\Runtime\Cache\Home\4e8495c7f76d7caca27531a7e2e983f7.php 第 468 行.
NOTIC: [8] Undefined index: score E:\wamp\www\myhunll\Application\Runtime\Cache\Home\4e8495c7f76d7caca27531a7e2e983f7.php 第 496 行.
NOTIC: [8] Undefined index: score E:\wamp\www\myhunll\Application\Runtime\Cache\Home\4e8495c7f76d7caca27531a7e2e983f7.php 第 496 行.
NOTIC: [8] Undefined index: score E:\wamp\www\myhunll\Application\Runtime\Cache\Home\4e8495c7f76d7caca27531a7e2e983f7.php 第 496 行.
NOTIC: [8] Undefined index: score E:\wamp\www\myhunll\Application\Runtime\Cache\Home\4e8495c7f76d7caca27531a7e2e983f7.php 第 496 行.
NOTIC: [8] Undefined index: score E:\wamp\www\myhunll\Application\Runtime\Cache\Home\4e8495c7f76d7caca27531a7e2e983f7.php 第 496 行.
NOTIC: [8] Undefined index: score E:\wamp\www\myhunll\Application\Runtime\Cache\Home\4e8495c7f76d7caca27531a7e2e983f7.php 第 496 行.
NOTIC: [8] Undefined index: score E:\wamp\www\myhunll\Application\Runtime\Cache\Home\4e8495c7f76d7caca27531a7e2e983f7.php 第 496 行.
NOTIC: [8] Undefined index: score E:\wamp\www\myhunll\Application\Runtime\Cache\Home\4e8495c7f76d7caca27531a7e2e983f7.php 第 496 行.
NOTIC: [8] Undefined index: score E:\wamp\www\myhunll\Application\Runtime\Cache\Home\4e8495c7f76d7caca27531a7e2e983f7.php 第 524 行.
NOTIC: [8] Undefined index: score E:\wamp\www\myhunll\Application\Runtime\Cache\Home\4e8495c7f76d7caca27531a7e2e983f7.php 第 524 行.
NOTIC: [8] Undefined index: score E:\wamp\www\myhunll\Application\Runtime\Cache\Home\4e8495c7f76d7caca27531a7e2e983f7.php 第 524 行.
NOTIC: [8] Undefined index: score E:\wamp\www\myhunll\Application\Runtime\Cache\Home\4e8495c7f76d7caca27531a7e2e983f7.php 第 524 行.
NOTIC: [8] Undefined index: score E:\wamp\www\myhunll\Application\Runtime\Cache\Home\4e8495c7f76d7caca27531a7e2e983f7.php 第 524 行.
NOTIC: [8] Undefined index: score E:\wamp\www\myhunll\Application\Runtime\Cache\Home\4e8495c7f76d7caca27531a7e2e983f7.php 第 524 行.
NOTIC: [8] Undefined index: score E:\wamp\www\myhunll\Application\Runtime\Cache\Home\4e8495c7f76d7caca27531a7e2e983f7.php 第 524 行.
NOTIC: [8] Undefined index: score E:\wamp\www\myhunll\Application\Runtime\Cache\Home\4e8495c7f76d7caca27531a7e2e983f7.php 第 524 行.
NOTIC: [8] Undefined index: score E:\wamp\www\myhunll\Application\Runtime\Cache\Home\4e8495c7f76d7caca27531a7e2e983f7.php 第 551 行.
NOTIC: [8] Undefined index: score E:\wamp\www\myhunll\Application\Runtime\Cache\Home\4e8495c7f76d7caca27531a7e2e983f7.php 第 551 行.
NOTIC: [8] Undefined index: score E:\wamp\www\myhunll\Application\Runtime\Cache\Home\4e8495c7f76d7caca27531a7e2e983f7.php 第 551 行.
NOTIC: [8] Undefined index: score E:\wamp\www\myhunll\Application\Runtime\Cache\Home\4e8495c7f76d7caca27531a7e2e983f7.php 第 551 行.
NOTIC: [8] Undefined index: score E:\wamp\www\myhunll\Application\Runtime\Cache\Home\4e8495c7f76d7caca27531a7e2e983f7.php 第 551 行.
NOTIC: [8] Undefined index: score E:\wamp\www\myhunll\Application\Runtime\Cache\Home\4e8495c7f76d7caca27531a7e2e983f7.php 第 551 行.
NOTIC: [8] Undefined index: score E:\wamp\www\myhunll\Application\Runtime\Cache\Home\4e8495c7f76d7caca27531a7e2e983f7.php 第 551 行.
NOTIC: [8] Undefined index: score E:\wamp\www\myhunll\Application\Runtime\Cache\Home\4e8495c7f76d7caca27531a7e2e983f7.php 第 551 行.
INFO: Run Behavior\ParseTemplateBehavior [ RunTime:0.104465s ]
INFO: [ view_parse ] --END-- [ RunTime:0.104562s ]
INFO: [ view_filter ] --START--
INFO: Run Behavior\WriteHtmlCacheBehavior [ RunTime:0.000661s ]
INFO: [ view_filter ] --END-- [ RunTime:0.000743s ]
INFO: [ app_end ] --START--
INFO: Run Behavior\ShowPageTraceBehavior [ RunTime:0.000977s ]
INFO: [ app_end ] --END-- [ RunTime:0.001117s ]

[ 2016-03-20T16:36:50+08:00 ] 127.0.0.1 /Home/Index/menu.html
INFO: [ app_init ] --START--
INFO: Run Behavior\BuildLiteBehavior [ RunTime:0.000025s ]
INFO: [ app_init ] --END-- [ RunTime:0.000525s ]
INFO: [ app_begin ] --START--
INFO: Run Behavior\ReadHtmlCacheBehavior [ RunTime:0.001032s ]
INFO: [ app_begin ] --END-- [ RunTime:0.001142s ]
SQL: SHOW COLUMNS FROM `m_admin_infor` [ RunTime:0.0042s ]
SQL: SELECT * FROM `m_admin_infor` WHERE ( id=1 ) LIMIT 1   [ RunTime:0.0003s ]
SQL: SELECT `goods_id`,`goods_name`,`yuan_price`,`price`,`goods_img` FROM `m_goods` WHERE ( goods_id=165 ) LIMIT 1   [ RunTime:0.0003s ]
SQL: SELECT `goods_id`,`goods_name`,`yuan_price`,`price`,`goods_img` FROM `m_goods` WHERE ( goods_id=167 ) LIMIT 1   [ RunTime:0.0002s ]
SQL: SELECT `goods_id`,`goods_name`,`yuan_price`,`price`,`goods_img` FROM `m_goods` WHERE ( goods_id=145 ) LIMIT 1   [ RunTime:0.0002s ]
SQL: SELECT `goods_id`,`goods_name`,`yuan_price`,`price`,`goods_img` FROM `m_goods` WHERE ( goods_id=134 ) LIMIT 1   [ RunTime:0.0002s ]
SQL: SELECT `goods_id`,`goods_name`,`yuan_price`,`price`,`goods_img` FROM `m_goods` WHERE ( goods_id=174 ) LIMIT 1   [ RunTime:0.0002s ]
INFO: [ view_parse ] --START--
INFO: [ template_filter ] --START--
INFO: Run Behavior\ContentReplaceBehavior [ RunTime:0.000090s ]
INFO: [ template_filter ] --END-- [ RunTime:0.000210s ]
NOTIC: [8] Undefined variable: huiyuanming E:\wamp\www\myhunll\Application\Runtime\Cache\Home\1f35679180272d72da162141f7221c2f.php 第 21 行.
NOTIC: [8] Undefined variable: yonghu_url E:\wamp\www\myhunll\Application\Runtime\Cache\Home\1f35679180272d72da162141f7221c2f.php 第 22 行.
NOTIC: [8] Undefined variable: tuichu_url E:\wamp\www\myhunll\Application\Runtime\Cache\Home\1f35679180272d72da162141f7221c2f.php 第 26 行.
INFO: Run Behavior\ParseTemplateBehavior [ RunTime:0.008365s ]
INFO: [ view_parse ] --END-- [ RunTime:0.008508s ]
INFO: [ view_filter ] --START--
INFO: Run Behavior\WriteHtmlCacheBehavior [ RunTime:0.000499s ]
INFO: [ view_filter ] --END-- [ RunTime:0.000582s ]
INFO: [ app_end ] --START--
INFO: Run Behavior\ShowPageTraceBehavior [ RunTime:0.000771s ]
INFO: [ app_end ] --END-- [ RunTime:0.000855s ]

[ 2016-03-20T16:36:50+08:00 ] 127.0.0.1 /Home/login/is_login.html
INFO: [ app_init ] --START--
INFO: Run Behavior\BuildLiteBehavior [ RunTime:0.000040s ]
INFO: [ app_init ] --END-- [ RunTime:0.000776s ]
INFO: [ app_begin ] --START--
INFO: Run Behavior\ReadHtmlCacheBehavior [ RunTime:0.000902s ]
INFO: [ app_begin ] --END-- [ RunTime:0.000998s ]
SQL: SHOW COLUMNS FROM `m_admin_infor` [ RunTime:0.0040s ]
SQL: SELECT * FROM `m_admin_infor` WHERE ( id=1 ) LIMIT 1   [ RunTime:0.0003s ]
SQL: SELECT `goods_id`,`goods_name`,`yuan_price`,`price`,`goods_img` FROM `m_goods` WHERE ( goods_id=165 ) LIMIT 1   [ RunTime:0.0003s ]
SQL: SELECT `goods_id`,`goods_name`,`yuan_price`,`price`,`goods_img` FROM `m_goods` WHERE ( goods_id=167 ) LIMIT 1   [ RunTime:0.0002s ]
SQL: SELECT `goods_id`,`goods_name`,`yuan_price`,`price`,`goods_img` FROM `m_goods` WHERE ( goods_id=145 ) LIMIT 1   [ RunTime:0.0002s ]
SQL: SELECT `goods_id`,`goods_name`,`yuan_price`,`price`,`goods_img` FROM `m_goods` WHERE ( goods_id=134 ) LIMIT 1   [ RunTime:0.0002s ]
SQL: SELECT `goods_id`,`goods_name`,`yuan_price`,`price`,`goods_img` FROM `m_goods` WHERE ( goods_id=174 ) LIMIT 1   [ RunTime:0.0002s ]

[ 2016-03-20T16:36:50+08:00 ] 127.0.0.1 /Home/Index/menu.html
INFO: [ app_init ] --START--
INFO: Run Behavior\BuildLiteBehavior [ RunTime:0.000033s ]
INFO: [ app_init ] --END-- [ RunTime:0.000816s ]
INFO: [ app_begin ] --START--
INFO: Run Behavior\ReadHtmlCacheBehavior [ RunTime:0.000965s ]
INFO: [ app_begin ] --END-- [ RunTime:0.001117s ]
SQL: SHOW COLUMNS FROM `m_admin_infor` [ RunTime:0.0041s ]
SQL: SELECT * FROM `m_admin_infor` WHERE ( id=1 ) LIMIT 1   [ RunTime:0.0003s ]
SQL: SELECT `goods_id`,`goods_name`,`yuan_price`,`price`,`goods_img` FROM `m_goods` WHERE ( goods_id=165 ) LIMIT 1   [ RunTime:0.0005s ]
SQL: SELECT `goods_id`,`goods_name`,`yuan_price`,`price`,`goods_img` FROM `m_goods` WHERE ( goods_id=167 ) LIMIT 1   [ RunTime:0.0005s ]
SQL: SELECT `goods_id`,`goods_name`,`yuan_price`,`price`,`goods_img` FROM `m_goods` WHERE ( goods_id=145 ) LIMIT 1   [ RunTime:0.0003s ]
SQL: SELECT `goods_id`,`goods_name`,`yuan_price`,`price`,`goods_img` FROM `m_goods` WHERE ( goods_id=134 ) LIMIT 1   [ RunTime:0.0002s ]
SQL: SELECT `goods_id`,`goods_name`,`yuan_price`,`price`,`goods_img` FROM `m_goods` WHERE ( goods_id=174 ) LIMIT 1   [ RunTime:0.0002s ]
INFO: [ view_parse ] --START--
INFO: [ template_filter ] --START--
INFO: Run Behavior\ContentReplaceBehavior [ RunTime:0.000131s ]
INFO: [ template_filter ] --END-- [ RunTime:0.000266s ]
NOTIC: [8] Undefined variable: huiyuanming E:\wamp\www\myhunll\Application\Runtime\Cache\Home\1f35679180272d72da162141f7221c2f.php 第 21 行.
NOTIC: [8] Undefined variable: yonghu_url E:\wamp\www\myhunll\Application\Runtime\Cache\Home\1f35679180272d72da162141f7221c2f.php 第 22 行.
NOTIC: [8] Undefined variable: tuichu_url E:\wamp\www\myhunll\Application\Runtime\Cache\Home\1f35679180272d72da162141f7221c2f.php 第 26 行.
INFO: Run Behavior\ParseTemplateBehavior [ RunTime:0.008947s ]
INFO: [ view_parse ] --END-- [ RunTime:0.009033s ]
INFO: [ view_filter ] --START--
INFO: Run Behavior\WriteHtmlCacheBehavior [ RunTime:0.000609s ]
INFO: [ view_filter ] --END-- [ RunTime:0.000688s ]
INFO: [ app_end ] --START--
INFO: Run Behavior\ShowPageTraceBehavior [ RunTime:0.000802s ]
INFO: [ app_end ] --END-- [ RunTime:0.000881s ]

[ 2016-03-20T16:36:52+08:00 ] 127.0.0.1 /Home/Login/index.html
INFO: [ app_init ] --START--
INFO: Run Behavior\BuildLiteBehavior [ RunTime:0.000032s ]
INFO: [ app_init ] --END-- [ RunTime:0.000539s ]
INFO: [ app_begin ] --START--
INFO: Run Behavior\ReadHtmlCacheBehavior [ RunTime:0.000851s ]
INFO: [ app_begin ] --END-- [ RunTime:0.000963s ]
SQL: SHOW COLUMNS FROM `m_admin_infor` [ RunTime:0.0046s ]
SQL: SELECT * FROM `m_admin_infor` WHERE ( id=1 ) LIMIT 1   [ RunTime:0.0004s ]
SQL: SELECT `goods_id`,`goods_name`,`yuan_price`,`price`,`goods_img` FROM `m_goods` WHERE ( goods_id=165 ) LIMIT 1   [ RunTime:0.0004s ]
SQL: SELECT `goods_id`,`goods_name`,`yuan_price`,`price`,`goods_img` FROM `m_goods` WHERE ( goods_id=167 ) LIMIT 1   [ RunTime:0.0003s ]
SQL: SELECT `goods_id`,`goods_name`,`yuan_price`,`price`,`goods_img` FROM `m_goods` WHERE ( goods_id=145 ) LIMIT 1   [ RunTime:0.0003s ]
SQL: SELECT `goods_id`,`goods_name`,`yuan_price`,`price`,`goods_img` FROM `m_goods` WHERE ( goods_id=134 ) LIMIT 1   [ RunTime:0.0003s ]
SQL: SELECT `goods_id`,`goods_name`,`yuan_price`,`price`,`goods_img` FROM `m_goods` WHERE ( goods_id=174 ) LIMIT 1   [ RunTime:0.0003s ]
INFO: [ view_parse ] --START--
INFO: [ template_filter ] --START--
INFO: Run Behavior\ContentReplaceBehavior [ RunTime:0.000138s ]
INFO: [ template_filter ] --END-- [ RunTime:0.000284s ]
NOTIC: [8] Undefined variable: infor_mima E:\wamp\www\myhunll\Application\Runtime\Cache\Home\71e023ad50fd1212773cf0a26f5ea150.php 第 57 行.
INFO: Run Behavior\ParseTemplateBehavior [ RunTime:0.017855s ]
INFO: [ view_parse ] --END-- [ RunTime:0.018027s ]
INFO: [ view_filter ] --START--
INFO: Run Behavior\WriteHtmlCacheBehavior [ RunTime:0.000771s ]
INFO: [ view_filter ] --END-- [ RunTime:0.000922s ]
INFO: [ app_end ] --START--
INFO: Run Behavior\ShowPageTraceBehavior [ RunTime:0.001218s ]
INFO: [ app_end ] --END-- [ RunTime:0.001394s ]

[ 2016-03-20T16:36:54+08:00 ] 127.0.0.1 /Home/Index/menu.html
INFO: [ app_init ] --START--
INFO: Run Behavior\BuildLiteBehavior [ RunTime:0.000036s ]
INFO: [ app_init ] --END-- [ RunTime:0.000789s ]
INFO: [ app_begin ] --START--
INFO: Run Behavior\ReadHtmlCacheBehavior [ RunTime:0.001456s ]
INFO: [ app_begin ] --END-- [ RunTime:0.001620s ]
SQL: SHOW COLUMNS FROM `m_admin_infor` [ RunTime:0.0079s ]
SQL: SELECT * FROM `m_admin_infor` WHERE ( id=1 ) LIMIT 1   [ RunTime:0.0050s ]
SQL: SELECT `goods_id`,`goods_name`,`yuan_price`,`price`,`goods_img` FROM `m_goods` WHERE ( goods_id=165 ) LIMIT 1   [ RunTime:0.0014s ]
SQL: SELECT `goods_id`,`goods_name`,`yuan_price`,`price`,`goods_img` FROM `m_goods` WHERE ( goods_id=167 ) LIMIT 1   [ RunTime:0.0005s ]
SQL: SELECT `goods_id`,`goods_name`,`yuan_price`,`price`,`goods_img` FROM `m_goods` WHERE ( goods_id=145 ) LIMIT 1   [ RunTime:0.0005s ]
SQL: SELECT `goods_id`,`goods_name`,`yuan_price`,`price`,`goods_img` FROM `m_goods` WHERE ( goods_id=134 ) LIMIT 1   [ RunTime:0.0007s ]
SQL: SELECT `goods_id`,`goods_name`,`yuan_price`,`price`,`goods_img` FROM `m_goods` WHERE ( goods_id=174 ) LIMIT 1   [ RunTime:0.0004s ]
INFO: [ view_parse ] --START--
INFO: [ template_filter ] --START--
INFO: Run Behavior\ContentReplaceBehavior [ RunTime:0.000131s ]
INFO: [ template_filter ] --END-- [ RunTime:0.000278s ]
NOTIC: [8] Undefined variable: huiyuanming E:\wamp\www\myhunll\Application\Runtime\Cache\Home\1f35679180272d72da162141f7221c2f.php 第 21 行.
NOTIC: [8] Undefined variable: yonghu_url E:\wamp\www\myhunll\Application\Runtime\Cache\Home\1f35679180272d72da162141f7221c2f.php 第 22 行.
NOTIC: [8] Undefined variable: tuichu_url E:\wamp\www\myhunll\Application\Runtime\Cache\Home\1f35679180272d72da162141f7221c2f.php 第 26 行.
INFO: Run Behavior\ParseTemplateBehavior [ RunTime:0.013169s ]
INFO: [ view_parse ] --END-- [ RunTime:0.013309s ]
INFO: [ view_filter ] --START--
INFO: Run Behavior\WriteHtmlCacheBehavior [ RunTime:0.000874s ]
INFO: [ view_filter ] --END-- [ RunTime:0.001049s ]
INFO: [ app_end ] --START--
INFO: Run Behavior\ShowPageTraceBehavior [ RunTime:0.001527s ]
INFO: [ app_end ] --END-- [ RunTime:0.001832s ]

[ 2016-03-20T16:36:54+08:00 ] 127.0.0.1 /Home/Index/menu.html
INFO: [ app_init ] --START--
INFO: Run Behavior\BuildLiteBehavior [ RunTime:0.000030s ]
INFO: [ app_init ] --END-- [ RunTime:0.000542s ]
INFO: [ app_begin ] --START--
INFO: Run Behavior\ReadHtmlCacheBehavior [ RunTime:0.000840s ]
INFO: [ app_begin ] --END-- [ RunTime:0.000947s ]
SQL: SHOW COLUMNS FROM `m_admin_infor` [ RunTime:0.0052s ]
SQL: SELECT * FROM `m_admin_infor` WHERE ( id=1 ) LIMIT 1   [ RunTime:0.0005s ]
SQL: SELECT `goods_id`,`goods_name`,`yuan_price`,`price`,`goods_img` FROM `m_goods` WHERE ( goods_id=165 ) LIMIT 1   [ RunTime:0.0004s ]
SQL: SELECT `goods_id`,`goods_name`,`yuan_price`,`price`,`goods_img` FROM `m_goods` WHERE ( goods_id=167 ) LIMIT 1   [ RunTime:0.0003s ]
SQL: SELECT `goods_id`,`goods_name`,`yuan_price`,`price`,`goods_img` FROM `m_goods` WHERE ( goods_id=145 ) LIMIT 1   [ RunTime:0.0003s ]
SQL: SELECT `goods_id`,`goods_name`,`yuan_price`,`price`,`goods_img` FROM `m_goods` WHERE ( goods_id=134 ) LIMIT 1   [ RunTime:0.0003s ]
SQL: SELECT `goods_id`,`goods_name`,`yuan_price`,`price`,`goods_img` FROM `m_goods` WHERE ( goods_id=174 ) LIMIT 1   [ RunTime:0.0002s ]
INFO: [ view_parse ] --START--
INFO: [ template_filter ] --START--
INFO: Run Behavior\ContentReplaceBehavior [ RunTime:0.000093s ]
INFO: [ template_filter ] --END-- [ RunTime:0.000195s ]
NOTIC: [8] Undefined variable: huiyuanming E:\wamp\www\myhunll\Application\Runtime\Cache\Home\1f35679180272d72da162141f7221c2f.php 第 21 行.
NOTIC: [8] Undefined variable: yonghu_url E:\wamp\www\myhunll\Application\Runtime\Cache\Home\1f35679180272d72da162141f7221c2f.php 第 22 行.
NOTIC: [8] Undefined variable: tuichu_url E:\wamp\www\myhunll\Application\Runtime\Cache\Home\1f35679180272d72da162141f7221c2f.php 第 26 行.
INFO: Run Behavior\ParseTemplateBehavior [ RunTime:0.010492s ]
INFO: [ view_parse ] --END-- [ RunTime:0.010606s ]
INFO: [ view_filter ] --START--
INFO: Run Behavior\WriteHtmlCacheBehavior [ RunTime:0.000795s ]
INFO: [ view_filter ] --END-- [ RunTime:0.000910s ]
INFO: [ app_end ] --START--
INFO: Run Behavior\ShowPageTraceBehavior [ RunTime:0.000847s ]
INFO: [ app_end ] --END-- [ RunTime:0.000938s ]

[ 2016-03-20T16:36:54+08:00 ] 127.0.0.1 /Home/login/is_login.html
INFO: [ app_init ] --START--
INFO: Run Behavior\BuildLiteBehavior [ RunTime:0.000022s ]
INFO: [ app_init ] --END-- [ RunTime:0.000536s ]
INFO: [ app_begin ] --START--
INFO: Run Behavior\ReadHtmlCacheBehavior [ RunTime:0.000817s ]
INFO: [ app_begin ] --END-- [ RunTime:0.000916s ]
SQL: SHOW COLUMNS FROM `m_admin_infor` [ RunTime:0.0153s ]
SQL: SELECT * FROM `m_admin_infor` WHERE ( id=1 ) LIMIT 1   [ RunTime:0.0009s ]
SQL: SELECT `goods_id`,`goods_name`,`yuan_price`,`price`,`goods_img` FROM `m_goods` WHERE ( goods_id=165 ) LIMIT 1   [ RunTime:0.0006s ]
SQL: SELECT `goods_id`,`goods_name`,`yuan_price`,`price`,`goods_img` FROM `m_goods` WHERE ( goods_id=167 ) LIMIT 1   [ RunTime:0.0008s ]
SQL: SELECT `goods_id`,`goods_name`,`yuan_price`,`price`,`goods_img` FROM `m_goods` WHERE ( goods_id=145 ) LIMIT 1   [ RunTime:0.0018s ]
SQL: SELECT `goods_id`,`goods_name`,`yuan_price`,`price`,`goods_img` FROM `m_goods` WHERE ( goods_id=134 ) LIMIT 1   [ RunTime:0.0005s ]
SQL: SELECT `goods_id`,`goods_name`,`yuan_price`,`price`,`goods_img` FROM `m_goods` WHERE ( goods_id=174 ) LIMIT 1   [ RunTime:0.0003s ]

[ 2016-03-20T17:27:32+08:00 ] 127.0.0.1 /
INFO: [ app_init ] --START--
INFO: Run Behavior\BuildLiteBehavior [ RunTime:0.000041s ]
INFO: [ app_init ] --END-- [ RunTime:0.000882s ]
INFO: [ app_begin ] --START--
INFO: Run Behavior\ReadHtmlCacheBehavior [ RunTime:0.000804s ]
INFO: [ app_begin ] --END-- [ RunTime:0.000904s ]
SQL: SHOW COLUMNS FROM `m_admin_infor` [ RunTime:0.0041s ]
SQL: SELECT * FROM `m_admin_infor` WHERE ( id=1 ) LIMIT 1   [ RunTime:0.0003s ]
SQL: SELECT `goods_id`,`goods_name`,`yuan_price`,`price`,`goods_img` FROM `m_goods` WHERE ( goods_id=165 ) LIMIT 1   [ RunTime:0.0003s ]
SQL: SELECT `goods_id`,`goods_name`,`yuan_price`,`price`,`goods_img` FROM `m_goods` WHERE ( goods_id=167 ) LIMIT 1   [ RunTime:0.0002s ]
SQL: SELECT `goods_id`,`goods_name`,`yuan_price`,`price`,`goods_img` FROM `m_goods` WHERE ( goods_id=145 ) LIMIT 1   [ RunTime:0.0002s ]
SQL: SELECT `goods_id`,`goods_name`,`yuan_price`,`price`,`goods_img` FROM `m_goods` WHERE ( goods_id=134 ) LIMIT 1   [ RunTime:0.0003s ]
SQL: SELECT `goods_id`,`goods_name`,`yuan_price`,`price`,`goods_img` FROM `m_goods` WHERE ( goods_id=174 ) LIMIT 1   [ RunTime:0.0002s ]
SQL: SHOW COLUMNS FROM `m_admin_advert` [ RunTime:0.0045s ]
SQL: SELECT `xuhao`,`img_url`,`url` FROM `m_admin_advert` WHERE ( position='轮播上' )  [ RunTime:0.0004s ]
SQL: SELECT `xuhao`,`img_url`,`url` FROM `m_admin_advert` WHERE ( position='轮播下' )  [ RunTime:0.0002s ]
SQL: SELECT `xuhao`,`img_url`,`url` FROM `m_admin_advert` WHERE ( position='首页右' )  [ RunTime:0.0002s ]
SQL: SHOW COLUMNS FROM `m_category` [ RunTime:0.0045s ]
SQL: SELECT t2.goods_id,t2.area,t2.user_id,t2.goods_name,t2.price,t2.yuan_price,t2.goods_img,t2.comment_number,t1.cat_name,t3.user_name,t2.goods_id,t2.score,t2.buy_number FROM m_category t1,m_goods t2,m_users t3 WHERE ( t2.cat_id=1 and t2.is_delete=0 and t2.cat_id=t1.cat_id and t2.user_id=t3.user_id ) ORDER BY t2.last_update desc LIMIT 8   [ RunTime:0.0008s ]
SQL: SHOW COLUMNS FROM `m_category` [ RunTime:0.0043s ]
SQL: SELECT t2.goods_id,t2.area,t2.user_id,t2.goods_name,t2.price,t2.yuan_price,t2.goods_img,t2.comment_number,t1.cat_name,t3.user_name,t2.goods_id,t2.buy_number FROM m_category t1,m_goods t2,m_users t3 WHERE ( t2.cat_id=2 and t2.is_delete=0 and t2.cat_id=t1.cat_id and t2.user_id=t3.user_id ) ORDER BY t2.last_update desc LIMIT 8   [ RunTime:0.0006s ]
SQL: SHOW COLUMNS FROM `m_category` [ RunTime:0.0050s ]
SQL: SELECT t2.goods_id,t2.area,t2.user_id,t2.goods_name,t2.price,t2.yuan_price,t2.goods_img,t2.comment_number,t1.cat_name,t3.user_name,t2.goods_id,t2.buy_number FROM m_category t1,m_goods t2,m_users t3 WHERE ( t2.cat_id=3 and t2.is_delete=0 and t2.cat_id=t1.cat_id and t2.user_id=t3.user_id ) ORDER BY t2.last_update desc LIMIT 8   [ RunTime:0.0007s ]
SQL: SHOW COLUMNS FROM `m_category` [ RunTime:0.0039s ]
SQL: SELECT t2.goods_id,t2.area,t2.user_id,t2.goods_name,t2.price,t2.yuan_price,t2.goods_img,t2.comment_number,t1.cat_name,t3.user_name,t2.goods_id,t2.buy_number FROM m_category t1,m_goods t2,m_users t3 WHERE ( t2.cat_id=4 and t2.is_delete=0 and t2.cat_id=t1.cat_id and t2.user_id=t3.user_id ) ORDER BY t2.last_update desc LIMIT 8   [ RunTime:0.0008s ]
SQL: SHOW COLUMNS FROM `m_category` [ RunTime:0.0045s ]
SQL: SELECT t2.goods_id,t2.area,t2.user_id,t2.goods_name,t2.price,t2.yuan_price,t2.goods_img,t2.comment_number,t1.cat_name,t3.user_name,t2.goods_id,t2.buy_number FROM m_category t1,m_goods t2,m_users t3 WHERE ( t2.cat_id=5 and t2.is_delete=0 and t2.cat_id=t1.cat_id and t2.user_id=t3.user_id ) ORDER BY t2.last_update desc LIMIT 8   [ RunTime:0.0008s ]
SQL: SHOW COLUMNS FROM `m_category` [ RunTime:0.0048s ]
SQL: SELECT t2.goods_id,t2.area,t2.user_id,t2.goods_name,t2.price,t2.yuan_price,t2.goods_img,t2.comment_number,t1.cat_name,t3.user_name,t2.goods_id,t2.buy_number FROM m_category t1,m_goods t2,m_users t3 WHERE ( t2.cat_id=6 and t2.is_delete=0 and t2.cat_id=t1.cat_id and t2.user_id=t3.user_id ) ORDER BY t2.last_update desc LIMIT 8   [ RunTime:0.0007s ]
SQL: SHOW COLUMNS FROM `m_category` [ RunTime:0.0041s ]
SQL: SELECT t2.goods_id,t2.area,t2.user_id,t2.goods_name,t2.price,t2.yuan_price,t2.goods_img,t2.comment_number,t1.cat_name,t3.user_name,t2.goods_id,t2.buy_number FROM m_category t1,m_goods t2,m_users t3 WHERE ( t2.cat_id=7 and t2.is_delete=0 and t2.cat_id=t1.cat_id and t2.user_id=t3.user_id ) ORDER BY t2.last_update desc LIMIT 8   [ RunTime:0.0007s ]
SQL: SHOW COLUMNS FROM `m_category` [ RunTime:0.0042s ]
SQL: SELECT t2.goods_id,t2.area,t2.user_id,t2.goods_name,t2.price,t2.yuan_price,t2.goods_img,t2.comment_number,t1.cat_name,t3.user_name,t2.goods_id,t2.buy_number FROM m_category t1,m_goods t2,m_users t3 WHERE ( t2.cat_id=8 and t2.is_delete=0 and t2.cat_id=t1.cat_id and t2.user_id=t3.user_id ) ORDER BY t2.last_update desc LIMIT 8   [ RunTime:0.0007s ]
SQL: SHOW COLUMNS FROM `m_category` [ RunTime:0.0039s ]
SQL: SELECT t2.goods_id,t2.area,t2.user_id,t2.goods_name,t2.price,t2.yuan_price,t2.goods_img,t2.comment_number,t1.cat_name,t3.user_name,t2.goods_id,t2.buy_number FROM m_category t1,m_goods t2,m_users t3 WHERE ( t2.cat_id=9 and t2.is_delete=0 and t2.cat_id=t1.cat_id and t2.user_id=t3.user_id ) ORDER BY t2.last_update desc LIMIT 8   [ RunTime:0.0007s ]
SQL: SHOW COLUMNS FROM `m_category` [ RunTime:0.0045s ]
SQL: SELECT t2.goods_id,t2.area,t2.user_id,t2.goods_name,t2.price,t2.yuan_price,t2.goods_img,t2.comment_number,t1.cat_name,t3.user_name,t2.goods_id,t2.buy_number FROM m_category t1,m_goods t2,m_users t3 WHERE ( t2.cat_id=10 and t2.is_delete=0 and t2.cat_id=t1.cat_id and t2.user_id=t3.user_id ) ORDER BY t2.last_update desc LIMIT 8   [ RunTime:0.0005s ]
INFO: [ view_parse ] --START--
INFO: [ template_filter ] --START--
INFO: Run Behavior\ContentReplaceBehavior [ RunTime:0.000538s ]
INFO: [ template_filter ] --END-- [ RunTime:0.000639s ]
NOTIC: [8] Undefined variable: get E:\wamp\www\myhunll\Application\Runtime\Cache\Home\4e8495c7f76d7caca27531a7e2e983f7.php 第 73 行.
NOTIC: [8] Undefined index: score E:\wamp\www\myhunll\Application\Runtime\Cache\Home\4e8495c7f76d7caca27531a7e2e983f7.php 第 350 行.
NOTIC: [8] Undefined index: score E:\wamp\www\myhunll\Application\Runtime\Cache\Home\4e8495c7f76d7caca27531a7e2e983f7.php 第 350 行.
NOTIC: [8] Undefined index: score E:\wamp\www\myhunll\Application\Runtime\Cache\Home\4e8495c7f76d7caca27531a7e2e983f7.php 第 350 行.
NOTIC: [8] Undefined index: score E:\wamp\www\myhunll\Application\Runtime\Cache\Home\4e8495c7f76d7caca27531a7e2e983f7.php 第 350 行.
NOTIC: [8] Undefined index: score E:\wamp\www\myhunll\Application\Runtime\Cache\Home\4e8495c7f76d7caca27531a7e2e983f7.php 第 382 行.
NOTIC: [8] Undefined index: score E:\wamp\www\myhunll\Application\Runtime\Cache\Home\4e8495c7f76d7caca27531a7e2e983f7.php 第 382 行.
NOTIC: [8] Undefined index: score E:\wamp\www\myhunll\Application\Runtime\Cache\Home\4e8495c7f76d7caca27531a7e2e983f7.php 第 382 行.
NOTIC: [8] Undefined index: score E:\wamp\www\myhunll\Application\Runtime\Cache\Home\4e8495c7f76d7caca27531a7e2e983f7.php 第 382 行.
NOTIC: [8] Undefined index: score E:\wamp\www\myhunll\Application\Runtime\Cache\Home\4e8495c7f76d7caca27531a7e2e983f7.php 第 382 行.
NOTIC: [8] Undefined index: score E:\wamp\www\myhunll\Application\Runtime\Cache\Home\4e8495c7f76d7caca27531a7e2e983f7.php 第 382 行.
NOTIC: [8] Undefined index: score E:\wamp\www\myhunll\Application\Runtime\Cache\Home\4e8495c7f76d7caca27531a7e2e983f7.php 第 382 行.
NOTIC: [8] Undefined index: score E:\wamp\www\myhunll\Application\Runtime\Cache\Home\4e8495c7f76d7caca27531a7e2e983f7.php 第 382 行.
NOTIC: [8] Undefined index: score E:\wamp\www\myhunll\Application\Runtime\Cache\Home\4e8495c7f76d7caca27531a7e2e983f7.php 第 411 行.
NOTIC: [8] Undefined index: score E:\wamp\www\myhunll\Application\Runtime\Cache\Home\4e8495c7f76d7caca27531a7e2e983f7.php 第 411 行.
NOTIC: [8] Undefined index: score E:\wamp\www\myhunll\Application\Runtime\Cache\Home\4e8495c7f76d7caca27531a7e2e983f7.php 第 411 行.
NOTIC: [8] Undefined index: score E:\wamp\www\myhunll\Application\Runtime\Cache\Home\4e8495c7f76d7caca27531a7e2e983f7.php 第 411 行.
NOTIC: [8] Undefined index: score E:\wamp\www\myhunll\Application\Runtime\Cache\Home\4e8495c7f76d7caca27531a7e2e983f7.php 第 411 行.
NOTIC: [8] Undefined index: score E:\wamp\www\myhunll\Application\Runtime\Cache\Home\4e8495c7f76d7caca27531a7e2e983f7.php 第 411 行.
NOTIC: [8] Undefined index: score E:\wamp\www\myhunll\Application\Runtime\Cache\Home\4e8495c7f76d7caca27531a7e2e983f7.php 第 411 行.
NOTIC: [8] Undefined index: score E:\wamp\www\myhunll\Application\Runtime\Cache\Home\4e8495c7f76d7caca27531a7e2e983f7.php 第 440 行.
NOTIC: [8] Undefined index: score E:\wamp\www\myhunll\Application\Runtime\Cache\Home\4e8495c7f76d7caca27531a7e2e983f7.php 第 440 行.
NOTIC: [8] Undefined index: score E:\wamp\www\myhunll\Application\Runtime\Cache\Home\4e8495c7f76d7caca27531a7e2e983f7.php 第 440 行.
NOTIC: [8] Undefined index: score E:\wamp\www\myhunll\Application\Runtime\Cache\Home\4e8495c7f76d7caca27531a7e2e983f7.php 第 440 行.
NOTIC: [8] Undefined index: score E:\wamp\www\myhunll\Application\Runtime\Cache\Home\4e8495c7f76d7caca27531a7e2e983f7.php 第 440 行.
NOTIC: [8] Undefined index: score E:\wamp\www\myhunll\Application\Runtime\Cache\Home\4e8495c7f76d7caca27531a7e2e983f7.php 第 440 行.
NOTIC: [8] Undefined index: score E:\wamp\www\myhunll\Application\Runtime\Cache\Home\4e8495c7f76d7caca27531a7e2e983f7.php 第 440 行.
NOTIC: [8] Undefined index: score E:\wamp\www\myhunll\Application\Runtime\Cache\Home\4e8495c7f76d7caca27531a7e2e983f7.php 第 440 行.
NOTIC: [8] Undefined index: score E:\wamp\www\myhunll\Application\Runtime\Cache\Home\4e8495c7f76d7caca27531a7e2e983f7.php 第 468 行.
NOTIC: [8] Undefined index: score E:\wamp\www\myhunll\Application\Runtime\Cache\Home\4e8495c7f76d7caca27531a7e2e983f7.php 第 468 行.
NOTIC: [8] Undefined index: score E:\wamp\www\myhunll\Application\Runtime\Cache\Home\4e8495c7f76d7caca27531a7e2e983f7.php 第 468 行.
NOTIC: [8] Undefined index: score E:\wamp\www\myhunll\Application\Runtime\Cache\Home\4e8495c7f76d7caca27531a7e2e983f7.php 第 468 行.
NOTIC: [8] Undefined index: score E:\wamp\www\myhunll\Application\Runtime\Cache\Home\4e8495c7f76d7caca27531a7e2e983f7.php 第 468 行.
NOTIC: [8] Undefined index: score E:\wamp\www\myhunll\Application\Runtime\Cache\Home\4e8495c7f76d7caca27531a7e2e983f7.php 第 468 行.
NOTIC: [8] Undefined index: score E:\wamp\www\myhunll\Application\Runtime\Cache\Home\4e8495c7f76d7caca27531a7e2e983f7.php 第 468 行.
NOTIC: [8] Undefined index: score E:\wamp\www\myhunll\Application\Runtime\Cache\Home\4e8495c7f76d7caca27531a7e2e983f7.php 第 468 行.
NOTIC: [8] Undefined index: score E:\wamp\www\myhunll\Application\Runtime\Cache\Home\4e8495c7f76d7caca27531a7e2e983f7.php 第 496 行.
NOTIC: [8] Undefined index: score E:\wamp\www\myhunll\Application\Runtime\Cache\Home\4e8495c7f76d7caca27531a7e2e983f7.php 第 496 行.
NOTIC: [8] Undefined index: score E:\wamp\www\myhunll\Application\Runtime\Cache\Home\4e8495c7f76d7caca27531a7e2e983f7.php 第 496 行.
NOTIC: [8] Undefined index: score E:\wamp\www\myhunll\Application\Runtime\Cache\Home\4e8495c7f76d7caca27531a7e2e983f7.php 第 496 行.
NOTIC: [8] Undefined index: score E:\wamp\www\myhunll\Application\Runtime\Cache\Home\4e8495c7f76d7caca27531a7e2e983f7.php 第 496 行.
NOTIC: [8] Undefined index: score E:\wamp\www\myhunll\Application\Runtime\Cache\Home\4e8495c7f76d7caca27531a7e2e983f7.php 第 496 行.
NOTIC: [8] Undefined index: score E:\wamp\www\myhunll\Application\Runtime\Cache\Home\4e8495c7f76d7caca27531a7e2e983f7.php 第 496 行.
NOTIC: [8] Undefined index: score E:\wamp\www\myhunll\Application\Runtime\Cache\Home\4e8495c7f76d7caca27531a7e2e983f7.php 第 496 行.
NOTIC: [8] Undefined index: score E:\wamp\www\myhunll\Application\Runtime\Cache\Home\4e8495c7f76d7caca27531a7e2e983f7.php 第 524 行.
NOTIC: [8] Undefined index: score E:\wamp\www\myhunll\Application\Runtime\Cache\Home\4e8495c7f76d7caca27531a7e2e983f7.php 第 524 行.
NOTIC: [8] Undefined index: score E:\wamp\www\myhunll\Application\Runtime\Cache\Home\4e8495c7f76d7caca27531a7e2e983f7.php 第 524 行.
NOTIC: [8] Undefined index: score E:\wamp\www\myhunll\Application\Runtime\Cache\Home\4e8495c7f76d7caca27531a7e2e983f7.php 第 524 行.
NOTIC: [8] Undefined index: score E:\wamp\www\myhunll\Application\Runtime\Cache\Home\4e8495c7f76d7caca27531a7e2e983f7.php 第 524 行.
NOTIC: [8] Undefined index: score E:\wamp\www\myhunll\Application\Runtime\Cache\Home\4e8495c7f76d7caca27531a7e2e983f7.php 第 524 行.
NOTIC: [8] Undefined index: score E:\wamp\www\myhunll\Application\Runtime\Cache\Home\4e8495c7f76d7caca27531a7e2e983f7.php 第 524 行.
NOTIC: [8] Undefined index: score E:\wamp\www\myhunll\Application\Runtime\Cache\Home\4e8495c7f76d7caca27531a7e2e983f7.php 第 524 行.
NOTIC: [8] Undefined index: score E:\wamp\www\myhunll\Application\Runtime\Cache\Home\4e8495c7f76d7caca27531a7e2e983f7.php 第 551 行.
NOTIC: [8] Undefined index: score E:\wamp\www\myhunll\Application\Runtime\Cache\Home\4e8495c7f76d7caca27531a7e2e983f7.php 第 551 行.
NOTIC: [8] Undefined index: score E:\wamp\www\myhunll\Application\Runtime\Cache\Home\4e8495c7f76d7caca27531a7e2e983f7.php 第 551 行.
NOTIC: [8] Undefined index: score E:\wamp\www\myhunll\Application\Runtime\Cache\Home\4e8495c7f76d7caca27531a7e2e983f7.php 第 551 行.
NOTIC: [8] Undefined index: score E:\wamp\www\myhunll\Application\Runtime\Cache\Home\4e8495c7f76d7caca27531a7e2e983f7.php 第 551 行.
NOTIC: [8] Undefined index: score E:\wamp\www\myhunll\Application\Runtime\Cache\Home\4e8495c7f76d7caca27531a7e2e983f7.php 第 551 行.
NOTIC: [8] Undefined index: score E:\wamp\www\myhunll\Application\Runtime\Cache\Home\4e8495c7f76d7caca27531a7e2e983f7.php 第 551 行.
NOTIC: [8] Undefined index: score E:\wamp\www\myhunll\Application\Runtime\Cache\Home\4e8495c7f76d7caca27531a7e2e983f7.php 第 551 行.
INFO: Run Behavior\ParseTemplateBehavior [ RunTime:0.094512s ]
INFO: [ view_parse ] --END-- [ RunTime:0.094608s ]
INFO: [ view_filter ] --START--
INFO: Run Behavior\WriteHtmlCacheBehavior [ RunTime:0.000724s ]
INFO: [ view_filter ] --END-- [ RunTime:0.000907s ]
INFO: [ app_end ] --START--
INFO: Run Behavior\ShowPageTraceBehavior [ RunTime:0.000847s ]
INFO: [ app_end ] --END-- [ RunTime:0.000926s ]

[ 2016-03-20T17:27:33+08:00 ] 127.0.0.1 /Home/Index/menu.html
INFO: [ app_init ] --START--
INFO: Run Behavior\BuildLiteBehavior [ RunTime:0.000040s ]
INFO: [ app_init ] --END-- [ RunTime:0.000861s ]
INFO: [ app_begin ] --START--
INFO: Run Behavior\ReadHtmlCacheBehavior [ RunTime:0.000896s ]
INFO: [ app_begin ] --END-- [ RunTime:0.001008s ]
SQL: SHOW COLUMNS FROM `m_admin_infor` [ RunTime:0.0073s ]
SQL: SELECT * FROM `m_admin_infor` WHERE ( id=1 ) LIMIT 1   [ RunTime:0.0004s ]
SQL: SELECT `goods_id`,`goods_name`,`yuan_price`,`price`,`goods_img` FROM `m_goods` WHERE ( goods_id=165 ) LIMIT 1   [ RunTime:0.0004s ]
SQL: SELECT `goods_id`,`goods_name`,`yuan_price`,`price`,`goods_img` FROM `m_goods` WHERE ( goods_id=167 ) LIMIT 1   [ RunTime:0.0004s ]
SQL: SELECT `goods_id`,`goods_name`,`yuan_price`,`price`,`goods_img` FROM `m_goods` WHERE ( goods_id=145 ) LIMIT 1   [ RunTime:0.0004s ]
SQL: SELECT `goods_id`,`goods_name`,`yuan_price`,`price`,`goods_img` FROM `m_goods` WHERE ( goods_id=134 ) LIMIT 1   [ RunTime:0.0003s ]
SQL: SELECT `goods_id`,`goods_name`,`yuan_price`,`price`,`goods_img` FROM `m_goods` WHERE ( goods_id=174 ) LIMIT 1   [ RunTime:0.0003s ]
INFO: [ view_parse ] --START--
INFO: [ template_filter ] --START--
INFO: Run Behavior\ContentReplaceBehavior [ RunTime:0.000179s ]
INFO: [ template_filter ] --END-- [ RunTime:0.000296s ]
NOTIC: [8] Undefined variable: huiyuanming E:\wamp\www\myhunll\Application\Runtime\Cache\Home\1f35679180272d72da162141f7221c2f.php 第 21 行.
NOTIC: [8] Undefined variable: yonghu_url E:\wamp\www\myhunll\Application\Runtime\Cache\Home\1f35679180272d72da162141f7221c2f.php 第 22 行.
NOTIC: [8] Undefined variable: tuichu_url E:\wamp\www\myhunll\Application\Runtime\Cache\Home\1f35679180272d72da162141f7221c2f.php 第 26 行.
INFO: Run Behavior\ParseTemplateBehavior [ RunTime:0.009872s ]
INFO: [ view_parse ] --END-- [ RunTime:0.010005s ]
INFO: [ view_filter ] --START--
INFO: Run Behavior\WriteHtmlCacheBehavior [ RunTime:0.000778s ]
INFO: [ view_filter ] --END-- [ RunTime:0.000898s ]
INFO: [ app_end ] --START--
INFO: Run Behavior\ShowPageTraceBehavior [ RunTime:0.000841s ]
INFO: [ app_end ] --END-- [ RunTime:0.000936s ]

[ 2016-03-20T17:27:33+08:00 ] 127.0.0.1 /Home/Index/menu.html
INFO: [ app_init ] --START--
INFO: Run Behavior\BuildLiteBehavior [ RunTime:0.000025s ]
INFO: [ app_init ] --END-- [ RunTime:0.000617s ]
INFO: [ app_begin ] --START--
INFO: Run Behavior\ReadHtmlCacheBehavior [ RunTime:0.000818s ]
INFO: [ app_begin ] --END-- [ RunTime:0.000898s ]
SQL: SHOW COLUMNS FROM `m_admin_infor` [ RunTime:0.0038s ]
SQL: SELECT * FROM `m_admin_infor` WHERE ( id=1 ) LIMIT 1   [ RunTime:0.0296s ]
SQL: SELECT `goods_id`,`goods_name`,`yuan_price`,`price`,`goods_img` FROM `m_goods` WHERE ( goods_id=165 ) LIMIT 1   [ RunTime:0.0003s ]
SQL: SELECT `goods_id`,`goods_name`,`yuan_price`,`price`,`goods_img` FROM `m_goods` WHERE ( goods_id=167 ) LIMIT 1   [ RunTime:0.0002s ]
SQL: SELECT `goods_id`,`goods_name`,`yuan_price`,`price`,`goods_img` FROM `m_goods` WHERE ( goods_id=145 ) LIMIT 1   [ RunTime:0.0002s ]
SQL: SELECT `goods_id`,`goods_name`,`yuan_price`,`price`,`goods_img` FROM `m_goods` WHERE ( goods_id=134 ) LIMIT 1   [ RunTime:0.0002s ]
SQL: SELECT `goods_id`,`goods_name`,`yuan_price`,`price`,`goods_img` FROM `m_goods` WHERE ( goods_id=174 ) LIMIT 1   [ RunTime:0.0002s ]
INFO: [ view_parse ] --START--
INFO: [ template_filter ] --START--
INFO: Run Behavior\ContentReplaceBehavior [ RunTime:0.000088s ]
INFO: [ template_filter ] --END-- [ RunTime:0.000180s ]
NOTIC: [8] Undefined variable: huiyuanming E:\wamp\www\myhunll\Application\Runtime\Cache\Home\1f35679180272d72da162141f7221c2f.php 第 21 行.
NOTIC: [8] Undefined variable: yonghu_url E:\wamp\www\myhunll\Application\Runtime\Cache\Home\1f35679180272d72da162141f7221c2f.php 第 22 行.
NOTIC: [8] Undefined variable: tuichu_url E:\wamp\www\myhunll\Application\Runtime\Cache\Home\1f35679180272d72da162141f7221c2f.php 第 26 行.
INFO: Run Behavior\ParseTemplateBehavior [ RunTime:0.008747s ]
INFO: [ view_parse ] --END-- [ RunTime:0.008860s ]
INFO: [ view_filter ] --START--
INFO: Run Behavior\WriteHtmlCacheBehavior [ RunTime:0.000523s ]
INFO: [ view_filter ] --END-- [ RunTime:0.000590s ]
INFO: [ app_end ] --START--
INFO: Run Behavior\ShowPageTraceBehavior [ RunTime:0.000755s ]
INFO: [ app_end ] --END-- [ RunTime:0.000823s ]

[ 2016-03-20T17:27:33+08:00 ] 127.0.0.1 /Home/login/is_login.html
INFO: [ app_init ] --START--
INFO: Run Behavior\BuildLiteBehavior [ RunTime:0.000021s ]
INFO: [ app_init ] --END-- [ RunTime:0.000622s ]
INFO: [ app_begin ] --START--
INFO: Run Behavior\ReadHtmlCacheBehavior [ RunTime:0.000796s ]
INFO: [ app_begin ] --END-- [ RunTime:0.000883s ]
SQL: SHOW COLUMNS FROM `m_admin_infor` [ RunTime:0.0057s ]
SQL: SELECT * FROM `m_admin_infor` WHERE ( id=1 ) LIMIT 1   [ RunTime:0.0003s ]
SQL: SELECT `goods_id`,`goods_name`,`yuan_price`,`price`,`goods_img` FROM `m_goods` WHERE ( goods_id=165 ) LIMIT 1   [ RunTime:0.0004s ]
SQL: SELECT `goods_id`,`goods_name`,`yuan_price`,`price`,`goods_img` FROM `m_goods` WHERE ( goods_id=167 ) LIMIT 1   [ RunTime:0.0005s ]
SQL: SELECT `goods_id`,`goods_name`,`yuan_price`,`price`,`goods_img` FROM `m_goods` WHERE ( goods_id=145 ) LIMIT 1   [ RunTime:0.0003s ]
SQL: SELECT `goods_id`,`goods_name`,`yuan_price`,`price`,`goods_img` FROM `m_goods` WHERE ( goods_id=134 ) LIMIT 1   [ RunTime:0.0002s ]
SQL: SELECT `goods_id`,`goods_name`,`yuan_price`,`price`,`goods_img` FROM `m_goods` WHERE ( goods_id=174 ) LIMIT 1   [ RunTime:0.0002s ]

[ 2016-03-20T17:37:31+08:00 ] 127.0.0.1 /
INFO: [ app_init ] --START--
INFO: Run Behavior\BuildLiteBehavior [ RunTime:0.000037s ]
INFO: [ app_init ] --END-- [ RunTime:0.000864s ]
INFO: [ app_begin ] --START--
INFO: Run Behavior\ReadHtmlCacheBehavior [ RunTime:0.000887s ]
INFO: [ app_begin ] --END-- [ RunTime:0.000993s ]
SQL: SHOW COLUMNS FROM `m_admin_infor` [ RunTime:0.0041s ]
SQL: SELECT * FROM `m_admin_infor` WHERE ( id=1 ) LIMIT 1   [ RunTime:0.0003s ]
NOTIC: [2] array_reverse() expects parameter 1 to be array, null given E:\wamp\www\myhunll\Application\Home\Controller\FontEndController.class.php 第 58 行.
SQL: SHOW COLUMNS FROM `m_admin_advert` [ RunTime:0.0040s ]
SQL: SELECT `xuhao`,`img_url`,`url` FROM `m_admin_advert` WHERE ( position='轮播上' )  [ RunTime:0.0003s ]
SQL: SELECT `xuhao`,`img_url`,`url` FROM `m_admin_advert` WHERE ( position='轮播下' )  [ RunTime:0.0002s ]
SQL: SELECT `xuhao`,`img_url`,`url` FROM `m_admin_advert` WHERE ( position='首页右' )  [ RunTime:0.0002s ]
SQL: SHOW COLUMNS FROM `m_category` [ RunTime:0.0041s ]
SQL: SELECT t2.goods_id,t2.area,t2.user_id,t2.goods_name,t2.price,t2.yuan_price,t2.goods_img,t2.comment_number,t1.cat_name,t3.user_name,t2.goods_id,t2.score,t2.buy_number FROM m_category t1,m_goods t2,m_users t3 WHERE ( t2.cat_id=1 and t2.is_delete=0 and t2.cat_id=t1.cat_id and t2.user_id=t3.user_id ) ORDER BY t2.last_update desc LIMIT 8   [ RunTime:0.0010s ]
SQL: SHOW COLUMNS FROM `m_category` [ RunTime:0.0045s ]
SQL: SELECT t2.goods_id,t2.area,t2.user_id,t2.goods_name,t2.price,t2.yuan_price,t2.goods_img,t2.comment_number,t1.cat_name,t3.user_name,t2.goods_id,t2.buy_number FROM m_category t1,m_goods t2,m_users t3 WHERE ( t2.cat_id=2 and t2.is_delete=0 and t2.cat_id=t1.cat_id and t2.user_id=t3.user_id ) ORDER BY t2.last_update desc LIMIT 8   [ RunTime:0.0008s ]
SQL: SHOW COLUMNS FROM `m_category` [ RunTime:0.0050s ]
SQL: SELECT t2.goods_id,t2.area,t2.user_id,t2.goods_name,t2.price,t2.yuan_price,t2.goods_img,t2.comment_number,t1.cat_name,t3.user_name,t2.goods_id,t2.buy_number FROM m_category t1,m_goods t2,m_users t3 WHERE ( t2.cat_id=3 and t2.is_delete=0 and t2.cat_id=t1.cat_id and t2.user_id=t3.user_id ) ORDER BY t2.last_update desc LIMIT 8   [ RunTime:0.0006s ]
SQL: SHOW COLUMNS FROM `m_category` [ RunTime:0.0054s ]
SQL: SELECT t2.goods_id,t2.area,t2.user_id,t2.goods_name,t2.price,t2.yuan_price,t2.goods_img,t2.comment_number,t1.cat_name,t3.user_name,t2.goods_id,t2.buy_number FROM m_category t1,m_goods t2,m_users t3 WHERE ( t2.cat_id=4 and t2.is_delete=0 and t2.cat_id=t1.cat_id and t2.user_id=t3.user_id ) ORDER BY t2.last_update desc LIMIT 8   [ RunTime:0.0006s ]
SQL: SHOW COLUMNS FROM `m_category` [ RunTime:0.0047s ]
SQL: SELECT t2.goods_id,t2.area,t2.user_id,t2.goods_name,t2.price,t2.yuan_price,t2.goods_img,t2.comment_number,t1.cat_name,t3.user_name,t2.goods_id,t2.buy_number FROM m_category t1,m_goods t2,m_users t3 WHERE ( t2.cat_id=5 and t2.is_delete=0 and t2.cat_id=t1.cat_id and t2.user_id=t3.user_id ) ORDER BY t2.last_update desc LIMIT 8   [ RunTime:0.0007s ]
SQL: SHOW COLUMNS FROM `m_category` [ RunTime:0.0044s ]
SQL: SELECT t2.goods_id,t2.area,t2.user_id,t2.goods_name,t2.price,t2.yuan_price,t2.goods_img,t2.comment_number,t1.cat_name,t3.user_name,t2.goods_id,t2.buy_number FROM m_category t1,m_goods t2,m_users t3 WHERE ( t2.cat_id=6 and t2.is_delete=0 and t2.cat_id=t1.cat_id and t2.user_id=t3.user_id ) ORDER BY t2.last_update desc LIMIT 8   [ RunTime:0.0007s ]
SQL: SHOW COLUMNS FROM `m_category` [ RunTime:0.0044s ]
SQL: SELECT t2.goods_id,t2.area,t2.user_id,t2.goods_name,t2.price,t2.yuan_price,t2.goods_img,t2.comment_number,t1.cat_name,t3.user_name,t2.goods_id,t2.buy_number FROM m_category t1,m_goods t2,m_users t3 WHERE ( t2.cat_id=7 and t2.is_delete=0 and t2.cat_id=t1.cat_id and t2.user_id=t3.user_id ) ORDER BY t2.last_update desc LIMIT 8   [ RunTime:0.0007s ]
SQL: SHOW COLUMNS FROM `m_category` [ RunTime:0.0052s ]
SQL: SELECT t2.goods_id,t2.area,t2.user_id,t2.goods_name,t2.price,t2.yuan_price,t2.goods_img,t2.comment_number,t1.cat_name,t3.user_name,t2.goods_id,t2.buy_number FROM m_category t1,m_goods t2,m_users t3 WHERE ( t2.cat_id=8 and t2.is_delete=0 and t2.cat_id=t1.cat_id and t2.user_id=t3.user_id ) ORDER BY t2.last_update desc LIMIT 8   [ RunTime:0.0011s ]
SQL: SHOW COLUMNS FROM `m_category` [ RunTime:0.0055s ]
SQL: SELECT t2.goods_id,t2.area,t2.user_id,t2.goods_name,t2.price,t2.yuan_price,t2.goods_img,t2.comment_number,t1.cat_name,t3.user_name,t2.goods_id,t2.buy_number FROM m_category t1,m_goods t2,m_users t3 WHERE ( t2.cat_id=9 and t2.is_delete=0 and t2.cat_id=t1.cat_id and t2.user_id=t3.user_id ) ORDER BY t2.last_update desc LIMIT 8   [ RunTime:0.0009s ]
SQL: SHOW COLUMNS FROM `m_category` [ RunTime:0.0048s ]
SQL: SELECT t2.goods_id,t2.area,t2.user_id,t2.goods_name,t2.price,t2.yuan_price,t2.goods_img,t2.comment_number,t1.cat_name,t3.user_name,t2.goods_id,t2.buy_number FROM m_category t1,m_goods t2,m_users t3 WHERE ( t2.cat_id=10 and t2.is_delete=0 and t2.cat_id=t1.cat_id and t2.user_id=t3.user_id ) ORDER BY t2.last_update desc LIMIT 8   [ RunTime:0.0006s ]
INFO: [ view_parse ] --START--
INFO: [ template_filter ] --START--
INFO: Run Behavior\ContentReplaceBehavior [ RunTime:0.000565s ]
INFO: [ template_filter ] --END-- [ RunTime:0.000679s ]
NOTIC: [8] Undefined variable: distory_goods E:\wamp\www\myhunll\Application\Runtime\Cache\Home\4e8495c7f76d7caca27531a7e2e983f7.php 第 49 行.
NOTIC: [8] Undefined variable: get E:\wamp\www\myhunll\Application\Runtime\Cache\Home\4e8495c7f76d7caca27531a7e2e983f7.php 第 73 行.
NOTIC: [8] Undefined index: score E:\wamp\www\myhunll\Application\Runtime\Cache\Home\4e8495c7f76d7caca27531a7e2e983f7.php 第 350 行.
NOTIC: [8] Undefined index: score E:\wamp\www\myhunll\Application\Runtime\Cache\Home\4e8495c7f76d7caca27531a7e2e983f7.php 第 350 行.
NOTIC: [8] Undefined index: score E:\wamp\www\myhunll\Application\Runtime\Cache\Home\4e8495c7f76d7caca27531a7e2e983f7.php 第 350 行.
NOTIC: [8] Undefined index: score E:\wamp\www\myhunll\Application\Runtime\Cache\Home\4e8495c7f76d7caca27531a7e2e983f7.php 第 350 行.
NOTIC: [8] Undefined index: score E:\wamp\www\myhunll\Application\Runtime\Cache\Home\4e8495c7f76d7caca27531a7e2e983f7.php 第 382 行.
NOTIC: [8] Undefined index: score E:\wamp\www\myhunll\Application\Runtime\Cache\Home\4e8495c7f76d7caca27531a7e2e983f7.php 第 382 行.
NOTIC: [8] Undefined index: score E:\wamp\www\myhunll\Application\Runtime\Cache\Home\4e8495c7f76d7caca27531a7e2e983f7.php 第 382 行.
NOTIC: [8] Undefined index: score E:\wamp\www\myhunll\Application\Runtime\Cache\Home\4e8495c7f76d7caca27531a7e2e983f7.php 第 382 行.
NOTIC: [8] Undefined index: score E:\wamp\www\myhunll\Application\Runtime\Cache\Home\4e8495c7f76d7caca27531a7e2e983f7.php 第 382 行.
NOTIC: [8] Undefined index: score E:\wamp\www\myhunll\Application\Runtime\Cache\Home\4e8495c7f76d7caca27531a7e2e983f7.php 第 382 行.
NOTIC: [8] Undefined index: score E:\wamp\www\myhunll\Application\Runtime\Cache\Home\4e8495c7f76d7caca27531a7e2e983f7.php 第 382 行.
NOTIC: [8] Undefined index: score E:\wamp\www\myhunll\Application\Runtime\Cache\Home\4e8495c7f76d7caca27531a7e2e983f7.php 第 382 行.
NOTIC: [8] Undefined index: score E:\wamp\www\myhunll\Application\Runtime\Cache\Home\4e8495c7f76d7caca27531a7e2e983f7.php 第 411 行.
NOTIC: [8] Undefined index: score E:\wamp\www\myhunll\Application\Runtime\Cache\Home\4e8495c7f76d7caca27531a7e2e983f7.php 第 411 行.
NOTIC: [8] Undefined index: score E:\wamp\www\myhunll\Application\Runtime\Cache\Home\4e8495c7f76d7caca27531a7e2e983f7.php 第 411 行.
NOTIC: [8] Undefined index: score E:\wamp\www\myhunll\Application\Runtime\Cache\Home\4e8495c7f76d7caca27531a7e2e983f7.php 第 411 行.
NOTIC: [8] Undefined index: score E:\wamp\www\myhunll\Application\Runtime\Cache\Home\4e8495c7f76d7caca27531a7e2e983f7.php 第 411 行.
NOTIC: [8] Undefined index: score E:\wamp\www\myhunll\Application\Runtime\Cache\Home\4e8495c7f76d7caca27531a7e2e983f7.php 第 411 行.
NOTIC: [8] Undefined index: score E:\wamp\www\myhunll\Application\Runtime\Cache\Home\4e8495c7f76d7caca27531a7e2e983f7.php 第 411 行.
NOTIC: [8] Undefined index: score E:\wamp\www\myhunll\Application\Runtime\Cache\Home\4e8495c7f76d7caca27531a7e2e983f7.php 第 440 行.
NOTIC: [8] Undefined index: score E:\wamp\www\myhunll\Application\Runtime\Cache\Home\4e8495c7f76d7caca27531a7e2e983f7.php 第 440 行.
NOTIC: [8] Undefined index: score E:\wamp\www\myhunll\Application\Runtime\Cache\Home\4e8495c7f76d7caca27531a7e2e983f7.php 第 440 行.
NOTIC: [8] Undefined index: score E:\wamp\www\myhunll\Application\Runtime\Cache\Home\4e8495c7f76d7caca27531a7e2e983f7.php 第 440 行.
NOTIC: [8] Undefined index: score E:\wamp\www\myhunll\Application\Runtime\Cache\Home\4e8495c7f76d7caca27531a7e2e983f7.php 第 440 行.
NOTIC: [8] Undefined index: score E:\wamp\www\myhunll\Application\Runtime\Cache\Home\4e8495c7f76d7caca27531a7e2e983f7.php 第 440 行.
NOTIC: [8] Undefined index: score E:\wamp\www\myhunll\Application\Runtime\Cache\Home\4e8495c7f76d7caca27531a7e2e983f7.php 第 440 行.
NOTIC: [8] Undefined index: score E:\wamp\www\myhunll\Application\Runtime\Cache\Home\4e8495c7f76d7caca27531a7e2e983f7.php 第 440 行.
NOTIC: [8] Undefined index: score E:\wamp\www\myhunll\Application\Runtime\Cache\Home\4e8495c7f76d7caca27531a7e2e983f7.php 第 468 行.
NOTIC: [8] Undefined index: score E:\wamp\www\myhunll\Application\Runtime\Cache\Home\4e8495c7f76d7caca27531a7e2e983f7.php 第 468 行.
NOTIC: [8] Undefined index: score E:\wamp\www\myhunll\Application\Runtime\Cache\Home\4e8495c7f76d7caca27531a7e2e983f7.php 第 468 行.
NOTIC: [8] Undefined index: score E:\wamp\www\myhunll\Application\Runtime\Cache\Home\4e8495c7f76d7caca27531a7e2e983f7.php 第 468 行.
NOTIC: [8] Undefined index: score E:\wamp\www\myhunll\Application\Runtime\Cache\Home\4e8495c7f76d7caca27531a7e2e983f7.php 第 468 行.
NOTIC: [8] Undefined index: score E:\wamp\www\myhunll\Application\Runtime\Cache\Home\4e8495c7f76d7caca27531a7e2e983f7.php 第 468 行.
NOTIC: [8] Undefined index: score E:\wamp\www\myhunll\Application\Runtime\Cache\Home\4e8495c7f76d7caca27531a7e2e983f7.php 第 468 行.
NOTIC: [8] Undefined index: score E:\wamp\www\myhunll\Application\Runtime\Cache\Home\4e8495c7f76d7caca27531a7e2e983f7.php 第 468 行.
NOTIC: [8] Undefined index: score E:\wamp\www\myhunll\Application\Runtime\Cache\Home\4e8495c7f76d7caca27531a7e2e983f7.php 第 496 行.
NOTIC: [8] Undefined index: score E:\wamp\www\myhunll\Application\Runtime\Cache\Home\4e8495c7f76d7caca27531a7e2e983f7.php 第 496 行.
NOTIC: [8] Undefined index: score E:\wamp\www\myhunll\Application\Runtime\Cache\Home\4e8495c7f76d7caca27531a7e2e983f7.php 第 496 行.
NOTIC: [8] Undefined index: score E:\wamp\www\myhunll\Application\Runtime\Cache\Home\4e8495c7f76d7caca27531a7e2e983f7.php 第 496 行.
NOTIC: [8] Undefined index: score E:\wamp\www\myhunll\Application\Runtime\Cache\Home\4e8495c7f76d7caca27531a7e2e983f7.php 第 496 行.
NOTIC: [8] Undefined index: score E:\wamp\www\myhunll\Application\Runtime\Cache\Home\4e8495c7f76d7caca27531a7e2e983f7.php 第 496 行.
NOTIC: [8] Undefined index: score E:\wamp\www\myhunll\Application\Runtime\Cache\Home\4e8495c7f76d7caca27531a7e2e983f7.php 第 496 行.
NOTIC: [8] Undefined index: score E:\wamp\www\myhunll\Application\Runtime\Cache\Home\4e8495c7f76d7caca27531a7e2e983f7.php 第 496 行.
NOTIC: [8] Undefined index: score E:\wamp\www\myhunll\Application\Runtime\Cache\Home\4e8495c7f76d7caca27531a7e2e983f7.php 第 524 行.
NOTIC: [8] Undefined index: score E:\wamp\www\myhunll\Application\Runtime\Cache\Home\4e8495c7f76d7caca27531a7e2e983f7.php 第 524 行.
NOTIC: [8] Undefined index: score E:\wamp\www\myhunll\Application\Runtime\Cache\Home\4e8495c7f76d7caca27531a7e2e983f7.php 第 524 行.
NOTIC: [8] Undefined index: score E:\wamp\www\myhunll\Application\Runtime\Cache\Home\4e8495c7f76d7caca27531a7e2e983f7.php 第 524 行.
NOTIC: [8] Undefined index: score E:\wamp\www\myhunll\Application\Runtime\Cache\Home\4e8495c7f76d7caca27531a7e2e983f7.php 第 524 行.
NOTIC: [8] Undefined index: score E:\wamp\www\myhunll\Application\Runtime\Cache\Home\4e8495c7f76d7caca27531a7e2e983f7.php 第 524 行.
NOTIC: [8] Undefined index: score E:\wamp\www\myhunll\Application\Runtime\Cache\Home\4e8495c7f76d7caca27531a7e2e983f7.php 第 524 行.
NOTIC: [8] Undefined index: score E:\wamp\www\myhunll\Application\Runtime\Cache\Home\4e8495c7f76d7caca27531a7e2e983f7.php 第 524 行.
NOTIC: [8] Undefined index: score E:\wamp\www\myhunll\Application\Runtime\Cache\Home\4e8495c7f76d7caca27531a7e2e983f7.php 第 551 行.
NOTIC: [8] Undefined index: score E:\wamp\www\myhunll\Application\Runtime\Cache\Home\4e8495c7f76d7caca27531a7e2e983f7.php 第 551 行.
NOTIC: [8] Undefined index: score E:\wamp\www\myhunll\Application\Runtime\Cache\Home\4e8495c7f76d7caca27531a7e2e983f7.php 第 551 行.
NOTIC: [8] Undefined index: score E:\wamp\www\myhunll\Application\Runtime\Cache\Home\4e8495c7f76d7caca27531a7e2e983f7.php 第 551 行.
NOTIC: [8] Undefined index: score E:\wamp\www\myhunll\Application\Runtime\Cache\Home\4e8495c7f76d7caca27531a7e2e983f7.php 第 551 行.
NOTIC: [8] Undefined index: score E:\wamp\www\myhunll\Application\Runtime\Cache\Home\4e8495c7f76d7caca27531a7e2e983f7.php 第 551 行.
NOTIC: [8] Undefined index: score E:\wamp\www\myhunll\Application\Runtime\Cache\Home\4e8495c7f76d7caca27531a7e2e983f7.php 第 551 行.
NOTIC: [8] Undefined index: score E:\wamp\www\myhunll\Application\Runtime\Cache\Home\4e8495c7f76d7caca27531a7e2e983f7.php 第 551 行.
INFO: Run Behavior\ParseTemplateBehavior [ RunTime:0.093521s ]
INFO: [ view_parse ] --END-- [ RunTime:0.093626s ]
INFO: [ view_filter ] --START--
INFO: Run Behavior\WriteHtmlCacheBehavior [ RunTime:0.000659s ]
INFO: [ view_filter ] --END-- [ RunTime:0.000737s ]
INFO: [ app_end ] --START--
INFO: Run Behavior\ShowPageTraceBehavior [ RunTime:0.000788s ]
INFO: [ app_end ] --END-- [ RunTime:0.000872s ]

[ 2016-03-20T17:37:31+08:00 ] 127.0.0.1 /Home/Index/menu.html
INFO: [ app_init ] --START--
INFO: Run Behavior\BuildLiteBehavior [ RunTime:0.000035s ]
INFO: [ app_init ] --END-- [ RunTime:0.000687s ]
INFO: [ app_begin ] --START--
INFO: Run Behavior\ReadHtmlCacheBehavior [ RunTime:0.001339s ]
INFO: [ app_begin ] --END-- [ RunTime:0.001529s ]
SQL: SHOW COLUMNS FROM `m_admin_infor` [ RunTime:0.0054s ]
SQL: SELECT * FROM `m_admin_infor` WHERE ( id=1 ) LIMIT 1   [ RunTime:0.0004s ]
NOTIC: [2] array_reverse() expects parameter 1 to be array, null given E:\wamp\www\myhunll\Application\Home\Controller\FontEndController.class.php 第 58 行.
INFO: [ view_parse ] --START--
INFO: [ template_filter ] --START--
INFO: Run Behavior\ContentReplaceBehavior [ RunTime:0.000125s ]
INFO: [ template_filter ] --END-- [ RunTime:0.000279s ]
NOTIC: [8] Undefined variable: huiyuanming E:\wamp\www\myhunll\Application\Runtime\Cache\Home\1f35679180272d72da162141f7221c2f.php 第 21 行.
NOTIC: [8] Undefined variable: yonghu_url E:\wamp\www\myhunll\Application\Runtime\Cache\Home\1f35679180272d72da162141f7221c2f.php 第 22 行.
NOTIC: [8] Undefined variable: tuichu_url E:\wamp\www\myhunll\Application\Runtime\Cache\Home\1f35679180272d72da162141f7221c2f.php 第 26 行.
INFO: Run Behavior\ParseTemplateBehavior [ RunTime:0.011906s ]
INFO: [ view_parse ] --END-- [ RunTime:0.012051s ]
INFO: [ view_filter ] --START--
INFO: Run Behavior\WriteHtmlCacheBehavior [ RunTime:0.000770s ]
INFO: [ view_filter ] --END-- [ RunTime:0.000896s ]
INFO: [ app_end ] --START--
INFO: Run Behavior\ShowPageTraceBehavior [ RunTime:0.001093s ]
INFO: [ app_end ] --END-- [ RunTime:0.001222s ]

[ 2016-03-20T17:37:31+08:00 ] 127.0.0.1 /Home/Index/menu.html
INFO: [ app_init ] --START--
INFO: Run Behavior\BuildLiteBehavior [ RunTime:0.000026s ]
INFO: [ app_init ] --END-- [ RunTime:0.000601s ]
INFO: [ app_begin ] --START--
INFO: Run Behavior\ReadHtmlCacheBehavior [ RunTime:0.000818s ]
INFO: [ app_begin ] --END-- [ RunTime:0.000909s ]
SQL: SHOW COLUMNS FROM `m_admin_infor` [ RunTime:0.0056s ]
SQL: SELECT * FROM `m_admin_infor` WHERE ( id=1 ) LIMIT 1   [ RunTime:0.0003s ]
NOTIC: [2] array_reverse() expects parameter 1 to be array, null given E:\wamp\www\myhunll\Application\Home\Controller\FontEndController.class.php 第 58 行.
INFO: [ view_parse ] --START--
INFO: [ template_filter ] --START--
INFO: Run Behavior\ContentReplaceBehavior [ RunTime:0.000098s ]
INFO: [ template_filter ] --END-- [ RunTime:0.000223s ]
NOTIC: [8] Undefined variable: huiyuanming E:\wamp\www\myhunll\Application\Runtime\Cache\Home\1f35679180272d72da162141f7221c2f.php 第 21 行.
NOTIC: [8] Undefined variable: yonghu_url E:\wamp\www\myhunll\Application\Runtime\Cache\Home\1f35679180272d72da162141f7221c2f.php 第 22 行.
NOTIC: [8] Undefined variable: tuichu_url E:\wamp\www\myhunll\Application\Runtime\Cache\Home\1f35679180272d72da162141f7221c2f.php 第 26 行.
INFO: Run Behavior\ParseTemplateBehavior [ RunTime:0.009582s ]
INFO: [ view_parse ] --END-- [ RunTime:0.009690s ]
INFO: [ view_filter ] --START--
INFO: Run Behavior\WriteHtmlCacheBehavior [ RunTime:0.000649s ]
INFO: [ view_filter ] --END-- [ RunTime:0.000739s ]
INFO: [ app_end ] --START--
INFO: Run Behavior\ShowPageTraceBehavior [ RunTime:0.001070s ]
INFO: [ app_end ] --END-- [ RunTime:0.001182s ]

[ 2016-03-20T17:37:31+08:00 ] 127.0.0.1 /Home/login/is_login.html
INFO: [ app_init ] --START--
INFO: Run Behavior\BuildLiteBehavior [ RunTime:0.000031s ]
INFO: [ app_init ] --END-- [ RunTime:0.001075s ]
INFO: [ app_begin ] --START--
INFO: Run Behavior\ReadHtmlCacheBehavior [ RunTime:0.001092s ]
INFO: [ app_begin ] --END-- [ RunTime:0.001244s ]
SQL: SHOW COLUMNS FROM `m_admin_infor` [ RunTime:0.0061s ]
SQL: SELECT * FROM `m_admin_infor` WHERE ( id=1 ) LIMIT 1   [ RunTime:0.0005s ]
NOTIC: [2] array_reverse() expects parameter 1 to be array, null given E:\wamp\www\myhunll\Application\Home\Controller\FontEndController.class.php 第 58 行.

[ 2016-03-20T22:23:52+08:00 ] 127.0.0.1 /Home/Goods/index/goods_id/173.html
INFO: [ app_init ] --START--
INFO: Run Behavior\BuildLiteBehavior [ RunTime:0.000032s ]
INFO: [ app_init ] --END-- [ RunTime:0.000843s ]
INFO: [ app_begin ] --START--
INFO: Run Behavior\ReadHtmlCacheBehavior [ RunTime:0.001139s ]
INFO: [ app_begin ] --END-- [ RunTime:0.001263s ]
SQL: SHOW COLUMNS FROM `m_admin_infor` [ RunTime:0.0052s ]
SQL: SELECT * FROM `m_admin_infor` WHERE ( id=1 ) LIMIT 1   [ RunTime:0.0003s ]
NOTIC: [2] array_reverse() expects parameter 1 to be array, null given E:\wamp\www\myhunll\Application\Home\Controller\FontEndController.class.php 第 58 行.
SQL: SHOW COLUMNS FROM `m_goods` [ RunTime:0.0042s ]
SQL: SELECT t1.user_id,t1.goods_id,t1.area,t1.goods_name,t1.price,t1.yuan_price,t1.goods_img,t1.goods_img_qita,t1.goods_sex,t1.goods_desc,t1.comment_number,t1.shuxing,t1.score,t3.cat_name,t2.user_name,t1.user_id,t2.weixin,t2.qq,t2.mobile_phone,t2.email,t1.comment_number,t2.shop_introduce,t1.daijinquan,t1.fanxian,t2.weixin_erweima,t1.cat_id,t1.is_delete,t1.buy_number FROM m_goods t1,m_users t2,m_category t3 WHERE ( t1.user_id=t2.user_id and t1.goods_id=173 and t1.cat_id=t3.cat_id ) LIMIT 1   [ RunTime:0.0006s ]
SQL: SELECT `pingfen` FROM `m_order` WHERE ( goods_id=173 )  [ RunTime:0.0554s ]
NOTIC: [2] Invalid argument supplied for foreach() E:\wamp\www\myhunll\Application\Home\Controller\GoodsController.class.php 第 65 行.
NOTIC: [8] Undefined variable: pingfen0 E:\wamp\www\myhunll\Application\Home\Controller\GoodsController.class.php 第 71 行.
NOTIC: [2] Division by zero E:\wamp\www\myhunll\Application\Home\Controller\GoodsController.class.php 第 71 行.
NOTIC: [8] Undefined variable: pingfen1 E:\wamp\www\myhunll\Application\Home\Controller\GoodsController.class.php 第 72 行.
NOTIC: [2] Division by zero E:\wamp\www\myhunll\Application\Home\Controller\GoodsController.class.php 第 72 行.
NOTIC: [8] Undefined variable: pingfen2 E:\wamp\www\myhunll\Application\Home\Controller\GoodsController.class.php 第 73 行.
NOTIC: [2] Division by zero E:\wamp\www\myhunll\Application\Home\Controller\GoodsController.class.php 第 73 行.
SQL: SELECT COUNT(*) AS tp_count FROM `m_order` WHERE ( goods_id=173 and status=3 ) LIMIT 1   [ RunTime:0.0008s ]
SQL: SHOW COLUMNS FROM `m_order` [ RunTime:0.0116s ]
SQL: SELECT t1.updated,t1.score,t1.appraise_img,t1.appraise,t1.appraise_img,t2.user_name,t2.head_url FROM m_order t1,m_users t2 WHERE ( t1.goods_id=173 and t1.user_id=t2.user_id and t1.status=3 ) ORDER BY t1.updated desc LIMIT 0,4   [ RunTime:0.1257s ]
SQL: SELECT `goods_id`,`goods_name`,`goods_img`,`price`,`buy_number` FROM `m_goods` WHERE ( cat_id=1 ) ORDER BY advert_shop_order LIMIT 12   [ RunTime:0.0009s ]
SQL: SELECT `server_day` FROM `m_order` WHERE ( goods_id=173 and status<>'4' )  [ RunTime:0.0006s ]
SQL: SELECT COUNT(*) AS tp_count FROM `m_sellection` WHERE ( goods_id=173 ) LIMIT 1   [ RunTime:0.0010s ]
SQL: SELECT `user_id` FROM `m_goods` WHERE ( goods_id=173 ) LIMIT 1   [ RunTime:0.0005s ]
SQL: SELECT `goods_id`,`goods_name`,`goods_img`,`price`,`buy_number` FROM `m_goods` WHERE ( user_id=34 and is_delete=0 ) ORDER BY last_update desc LIMIT 12   [ RunTime:0.0013s ]
INFO: [ view_parse ] --START--
INFO: [ template_filter ] --START--
INFO: Run Behavior\ContentReplaceBehavior [ RunTime:0.000578s ]
INFO: [ template_filter ] --END-- [ RunTime:0.000699s ]
NOTIC: [8] Undefined variable: distory_goods E:\wamp\www\myhunll\Application\Runtime\Cache\Home\de55fe09c769b1090475114391cf2b17.php 第 55 行.
NOTIC: [8] Undefined variable: get E:\wamp\www\myhunll\Application\Runtime\Cache\Home\de55fe09c769b1090475114391cf2b17.php 第 79 行.
NOTIC: [8] Undefined variable: page_foot E:\wamp\www\myhunll\Application\Runtime\Cache\Home\de55fe09c769b1090475114391cf2b17.php 第 372 行.
NOTIC: [8] Undefined variable: infor_mima E:\wamp\www\myhunll\Application\Runtime\Cache\Home\de55fe09c769b1090475114391cf2b17.php 第 461 行.
NOTIC: [8] Undefined variable: user_id E:\wamp\www\myhunll\Application\Runtime\Cache\Home\de55fe09c769b1090475114391cf2b17.php 第 644 行.
INFO: Run Behavior\ParseTemplateBehavior [ RunTime:0.113455s ]
INFO: [ view_parse ] --END-- [ RunTime:0.113605s ]
INFO: [ view_filter ] --START--
INFO: Run Behavior\WriteHtmlCacheBehavior [ RunTime:0.000780s ]
INFO: [ view_filter ] --END-- [ RunTime:0.000877s ]
INFO: [ app_end ] --START--
INFO: Run Behavior\ShowPageTraceBehavior [ RunTime:0.001131s ]
INFO: [ app_end ] --END-- [ RunTime:0.001261s ]

[ 2016-03-20T22:23:53+08:00 ] 127.0.0.1 /Home/index/menu.html
INFO: [ app_init ] --START--
INFO: Run Behavior\BuildLiteBehavior [ RunTime:0.000043s ]
INFO: [ app_init ] --END-- [ RunTime:0.000901s ]
INFO: [ app_begin ] --START--
INFO: Run Behavior\ReadHtmlCacheBehavior [ RunTime:0.001234s ]
INFO: [ app_begin ] --END-- [ RunTime:0.001450s ]
SQL: SHOW COLUMNS FROM `m_admin_infor` [ RunTime:0.0056s ]
SQL: SELECT * FROM `m_admin_infor` WHERE ( id=1 ) LIMIT 1   [ RunTime:0.0004s ]
SQL: SELECT `goods_id`,`goods_name`,`yuan_price`,`price`,`goods_img` FROM `m_goods` WHERE ( goods_id=173 ) LIMIT 1   [ RunTime:0.0004s ]
INFO: [ view_parse ] --START--
INFO: [ template_filter ] --START--
INFO: Run Behavior\ContentReplaceBehavior [ RunTime:0.000139s ]
INFO: [ template_filter ] --END-- [ RunTime:0.000310s ]
NOTIC: [8] Undefined variable: huiyuanming E:\wamp\www\myhunll\Application\Runtime\Cache\Home\1f35679180272d72da162141f7221c2f.php 第 21 行.
NOTIC: [8] Undefined variable: yonghu_url E:\wamp\www\myhunll\Application\Runtime\Cache\Home\1f35679180272d72da162141f7221c2f.php 第 22 行.
NOTIC: [8] Undefined variable: tuichu_url E:\wamp\www\myhunll\Application\Runtime\Cache\Home\1f35679180272d72da162141f7221c2f.php 第 26 行.
INFO: Run Behavior\ParseTemplateBehavior [ RunTime:0.018725s ]
INFO: [ view_parse ] --END-- [ RunTime:0.018890s ]
INFO: [ view_filter ] --START--
INFO: Run Behavior\WriteHtmlCacheBehavior [ RunTime:0.001067s ]
INFO: [ view_filter ] --END-- [ RunTime:0.001224s ]
INFO: [ app_end ] --START--
INFO: Run Behavior\ShowPageTraceBehavior [ RunTime:0.001135s ]
INFO: [ app_end ] --END-- [ RunTime:0.001297s ]

[ 2016-03-20T22:23:53+08:00 ] 127.0.0.1 /Home/Goods/pinglun/goods_id/173.html
INFO: [ app_init ] --START--
INFO: Run Behavior\BuildLiteBehavior [ RunTime:0.000041s ]
INFO: [ app_init ] --END-- [ RunTime:0.000890s ]
INFO: [ app_begin ] --START--
INFO: Run Behavior\ReadHtmlCacheBehavior [ RunTime:0.001267s ]
INFO: [ app_begin ] --END-- [ RunTime:0.001423s ]
SQL: SHOW COLUMNS FROM `m_admin_infor` [ RunTime:0.0064s ]
SQL: SELECT * FROM `m_admin_infor` WHERE ( id=1 ) LIMIT 1   [ RunTime:0.0009s ]
SQL: SELECT `goods_id`,`goods_name`,`yuan_price`,`price`,`goods_img` FROM `m_goods` WHERE ( goods_id=173 ) LIMIT 1   [ RunTime:0.0006s ]
SQL: SELECT COUNT(*) AS tp_count FROM `m_order` WHERE ( goods_id=173 and status=3 ) LIMIT 1   [ RunTime:0.0006s ]
SQL: SHOW COLUMNS FROM `m_order` [ RunTime:0.0071s ]
SQL: SELECT t1.updated,t1.score,t1.appraise_img,t1.appraise,t1.appraise_img,t2.user_name,t2.head_url FROM m_order t1,m_users t2 WHERE ( t1.goods_id=173 and t1.user_id=t2.user_id and t1.status=3 ) ORDER BY t1.updated desc LIMIT 0,4   [ RunTime:0.0012s ]

[ 2016-03-20T22:23:53+08:00 ] 127.0.0.1 /Home/Goods/page/goods_id/173.html
INFO: [ app_init ] --START--
INFO: Run Behavior\BuildLiteBehavior [ RunTime:0.000038s ]
INFO: [ app_init ] --END-- [ RunTime:0.000801s ]
INFO: [ app_begin ] --START--
INFO: Run Behavior\ReadHtmlCacheBehavior [ RunTime:0.001392s ]
INFO: [ app_begin ] --END-- [ RunTime:0.001584s ]
SQL: SHOW COLUMNS FROM `m_admin_infor` [ RunTime:0.0061s ]
SQL: SELECT * FROM `m_admin_infor` WHERE ( id=1 ) LIMIT 1   [ RunTime:0.0004s ]
SQL: SELECT `goods_id`,`goods_name`,`yuan_price`,`price`,`goods_img` FROM `m_goods` WHERE ( goods_id=173 ) LIMIT 1   [ RunTime:0.0005s ]
SQL: SELECT `user_id` FROM `m_goods` WHERE ( goods_id=173 ) LIMIT 1   [ RunTime:0.0004s ]
SQL: SELECT COUNT(*) AS tp_count FROM `m_goods` WHERE ( user_id=34 and is_delete=0 ) LIMIT 1   [ RunTime:0.0006s ]
SQL: SHOW COLUMNS FROM `m_goods` [ RunTime:0.0067s ]
SQL: SELECT t2.cat_name,t1.goods_name,t1.price,t1.yuan_price,t1.goods_id,t1.buy_number FROM m_goods t1,m_category t2 WHERE ( t1.cat_id=t2.cat_id and t1.user_id=34  and t1.is_delete=0 ) ORDER BY t1.last_update desc LIMIT 0,5   [ RunTime:0.0006s ]

[ 2016-03-20T22:23:53+08:00 ] 127.0.0.1 /Home/login/is_login.html
INFO: [ app_init ] --START--
INFO: Run Behavior\BuildLiteBehavior [ RunTime:0.000040s ]
INFO: [ app_init ] --END-- [ RunTime:0.000957s ]
INFO: [ app_begin ] --START--
INFO: Run Behavior\ReadHtmlCacheBehavior [ RunTime:0.001312s ]
INFO: [ app_begin ] --END-- [ RunTime:0.001507s ]
SQL: SHOW COLUMNS FROM `m_admin_infor` [ RunTime:0.0097s ]
SQL: SELECT * FROM `m_admin_infor` WHERE ( id=1 ) LIMIT 1   [ RunTime:0.0028s ]
SQL: SELECT `goods_id`,`goods_name`,`yuan_price`,`price`,`goods_img` FROM `m_goods` WHERE ( goods_id=173 ) LIMIT 1   [ RunTime:0.0008s ]

[ 2016-03-20T22:23:53+08:00 ] 127.0.0.1 /Home/Index/menu.html
INFO: [ app_init ] --START--
INFO: Run Behavior\BuildLiteBehavior [ RunTime:0.000039s ]
INFO: [ app_init ] --END-- [ RunTime:0.000742s ]
INFO: [ app_begin ] --START--
INFO: Run Behavior\ReadHtmlCacheBehavior [ RunTime:0.001545s ]
INFO: [ app_begin ] --END-- [ RunTime:0.001763s ]
SQL: SHOW COLUMNS FROM `m_admin_infor` [ RunTime:0.0037s ]
SQL: SELECT * FROM `m_admin_infor` WHERE ( id=1 ) LIMIT 1   [ RunTime:0.0003s ]
SQL: SELECT `goods_id`,`goods_name`,`yuan_price`,`price`,`goods_img` FROM `m_goods` WHERE ( goods_id=173 ) LIMIT 1   [ RunTime:0.0003s ]
INFO: [ view_parse ] --START--
INFO: [ template_filter ] --START--
INFO: Run Behavior\ContentReplaceBehavior [ RunTime:0.000083s ]
INFO: [ template_filter ] --END-- [ RunTime:0.000177s ]
NOTIC: [8] Undefined variable: huiyuanming E:\wamp\www\myhunll\Application\Runtime\Cache\Home\1f35679180272d72da162141f7221c2f.php 第 21 行.
NOTIC: [8] Undefined variable: yonghu_url E:\wamp\www\myhunll\Application\Runtime\Cache\Home\1f35679180272d72da162141f7221c2f.php 第 22 行.
NOTIC: [8] Undefined variable: tuichu_url E:\wamp\www\myhunll\Application\Runtime\Cache\Home\1f35679180272d72da162141f7221c2f.php 第 26 行.
INFO: Run Behavior\ParseTemplateBehavior [ RunTime:0.009446s ]
INFO: [ view_parse ] --END-- [ RunTime:0.009528s ]
INFO: [ view_filter ] --START--
INFO: Run Behavior\WriteHtmlCacheBehavior [ RunTime:0.000689s ]
INFO: [ view_filter ] --END-- [ RunTime:0.000769s ]
INFO: [ app_end ] --START--
INFO: Run Behavior\ShowPageTraceBehavior [ RunTime:0.000804s ]
INFO: [ app_end ] --END-- [ RunTime:0.000876s ]

[ 2016-03-20T22:23:53+08:00 ] 127.0.0.1 /Home/login/is_login.html
INFO: [ app_init ] --START--
INFO: Run Behavior\BuildLiteBehavior [ RunTime:0.000031s ]
INFO: [ app_init ] --END-- [ RunTime:0.000754s ]
INFO: [ app_begin ] --START--
INFO: Run Behavior\ReadHtmlCacheBehavior [ RunTime:0.001289s ]
INFO: [ app_begin ] --END-- [ RunTime:0.001446s ]
SQL: SHOW COLUMNS FROM `m_admin_infor` [ RunTime:0.0059s ]
SQL: SELECT * FROM `m_admin_infor` WHERE ( id=1 ) LIMIT 1   [ RunTime:0.0004s ]
SQL: SELECT `goods_id`,`goods_name`,`yuan_price`,`price`,`goods_img` FROM `m_goods` WHERE ( goods_id=173 ) LIMIT 1   [ RunTime:0.0005s ]

