[ 2016-04-14T00:40:57+08:00 ] 127.0.0.1 /
INFO: [ app_init ] --START--
INFO: Run Behavior\BuildLiteBehavior [ RunTime:0.000032s ]
INFO: [ app_init ] --END-- [ RunTime:0.051073s ]
INFO: [ app_begin ] --START--
INFO: Run Behavior\ReadHtmlCacheBehavior [ RunTime:0.001208s ]
INFO: [ app_begin ] --END-- [ RunTime:0.001318s ]
SQL: SHOW COLUMNS FROM `m_admin_infor` [ RunTime:0.3389s ]
SQL: SELECT * FROM `m_admin_infor` WHERE ( id=1 ) LIMIT 1   [ RunTime:0.1420s ]
SQL: SELECT `goods_id`,`goods_name`,`yuan_price`,`price`,`goods_img` FROM `m_goods` WHERE ( goods_id=171 ) LIMIT 1   [ RunTime:0.0822s ]
SQL: SELECT `goods_id`,`goods_name`,`yuan_price`,`price`,`goods_img` FROM `m_goods` WHERE ( goods_id=108 ) LIMIT 1   [ RunTime:0.0052s ]
SQL: SELECT `goods_id`,`goods_name`,`yuan_price`,`price`,`goods_img` FROM `m_goods` WHERE ( goods_id=168 ) LIMIT 1   [ RunTime:0.0010s ]
SQL: SELECT `goods_id`,`goods_name`,`yuan_price`,`price`,`goods_img` FROM `m_goods` WHERE ( goods_id=172 ) LIMIT 1   [ RunTime:0.0002s ]
SQL: SELECT `goods_id`,`goods_name`,`yuan_price`,`price`,`goods_img` FROM `m_goods` WHERE ( goods_id=173 ) LIMIT 1   [ RunTime:0.0010s ]
SQL: SHOW COLUMNS FROM `m_admin_advert` [ RunTime:0.0681s ]
SQL: SELECT `xuhao`,`img_url`,`url` FROM `m_admin_advert` WHERE ( position='轮播上' )  [ RunTime:0.0004s ]
SQL: SELECT `xuhao`,`img_url`,`url` FROM `m_admin_advert` WHERE ( position='轮播下' )  [ RunTime:0.0003s ]
SQL: SELECT `xuhao`,`img_url`,`url`,`title` FROM `m_admin_advert` WHERE ( position='首页右' )  [ RunTime:0.0003s ]
SQL: SHOW COLUMNS FROM `m_category` [ RunTime:0.0169s ]
SQL: SELECT t2.goods_id,t2.area,t2.user_id,t2.goods_name,t2.price,t2.yuan_price,t2.goods_img,t2.comment_number,t1.cat_name,t3.user_name,t2.goods_id,t2.score,t2.buy_number FROM m_category t1,m_goods t2,m_users t3 WHERE ( t2.cat_id=1 and t2.is_delete=0 and t2.cat_id=t1.cat_id and t2.user_id=t3.user_id ) ORDER BY t2.last_update desc LIMIT 8   [ RunTime:0.2138s ]
SQL: SHOW COLUMNS FROM `m_category` [ RunTime:0.0066s ]
SQL: SELECT t2.goods_id,t2.area,t2.user_id,t2.goods_name,t2.price,t2.yuan_price,t2.goods_img,t2.comment_number,t1.cat_name,t3.user_name,t2.goods_id,t2.buy_number FROM m_category t1,m_goods t2,m_users t3 WHERE ( t2.cat_id=2 and t2.is_delete=0 and t2.cat_id=t1.cat_id and t2.user_id=t3.user_id ) ORDER BY t2.last_update desc LIMIT 8   [ RunTime:0.0147s ]
SQL: SHOW COLUMNS FROM `m_category` [ RunTime:0.0063s ]
SQL: SELECT t2.goods_id,t2.area,t2.user_id,t2.goods_name,t2.price,t2.yuan_price,t2.goods_img,t2.comment_number,t1.cat_name,t3.user_name,t2.goods_id,t2.buy_number FROM m_category t1,m_goods t2,m_users t3 WHERE ( t2.cat_id=3 and t2.is_delete=0 and t2.cat_id=t1.cat_id and t2.user_id=t3.user_id ) ORDER BY t2.last_update desc LIMIT 8   [ RunTime:0.0021s ]
SQL: SHOW COLUMNS FROM `m_category` [ RunTime:0.0038s ]
SQL: SELECT t2.goods_id,t2.area,t2.user_id,t2.goods_name,t2.price,t2.yuan_price,t2.goods_img,t2.comment_number,t1.cat_name,t3.user_name,t2.goods_id,t2.buy_number FROM m_category t1,m_goods t2,m_users t3 WHERE ( t2.cat_id=4 and t2.is_delete=0 and t2.cat_id=t1.cat_id and t2.user_id=t3.user_id ) ORDER BY t2.last_update desc LIMIT 8   [ RunTime:0.0571s ]
SQL: SHOW COLUMNS FROM `m_category` [ RunTime:0.0053s ]
SQL: SELECT t2.goods_id,t2.area,t2.user_id,t2.goods_name,t2.price,t2.yuan_price,t2.goods_img,t2.comment_number,t1.cat_name,t3.user_name,t2.goods_id,t2.buy_number FROM m_category t1,m_goods t2,m_users t3 WHERE ( t2.cat_id=5 and t2.is_delete=0 and t2.cat_id=t1.cat_id and t2.user_id=t3.user_id ) ORDER BY t2.last_update desc LIMIT 8   [ RunTime:0.0041s ]
SQL: SHOW COLUMNS FROM `m_category` [ RunTime:0.0037s ]
SQL: SELECT t2.goods_id,t2.area,t2.user_id,t2.goods_name,t2.price,t2.yuan_price,t2.goods_img,t2.comment_number,t1.cat_name,t3.user_name,t2.goods_id,t2.buy_number FROM m_category t1,m_goods t2,m_users t3 WHERE ( t2.cat_id=6 and t2.is_delete=0 and t2.cat_id=t1.cat_id and t2.user_id=t3.user_id ) ORDER BY t2.last_update desc LIMIT 8   [ RunTime:0.0059s ]
SQL: SHOW COLUMNS FROM `m_category` [ RunTime:0.0038s ]
SQL: SELECT t2.goods_id,t2.area,t2.user_id,t2.goods_name,t2.price,t2.yuan_price,t2.goods_img,t2.comment_number,t1.cat_name,t3.user_name,t2.goods_id,t2.buy_number FROM m_category t1,m_goods t2,m_users t3 WHERE ( t2.cat_id=7 and t2.is_delete=0 and t2.cat_id=t1.cat_id and t2.user_id=t3.user_id ) ORDER BY t2.last_update desc LIMIT 8   [ RunTime:0.0017s ]
SQL: SHOW COLUMNS FROM `m_category` [ RunTime:0.0039s ]
SQL: SELECT t2.goods_id,t2.area,t2.user_id,t2.goods_name,t2.price,t2.yuan_price,t2.goods_img,t2.comment_number,t1.cat_name,t3.user_name,t2.goods_id,t2.buy_number FROM m_category t1,m_goods t2,m_users t3 WHERE ( t2.cat_id=8 and t2.is_delete=0 and t2.cat_id=t1.cat_id and t2.user_id=t3.user_id ) ORDER BY t2.last_update desc LIMIT 8   [ RunTime:0.0008s ]
SQL: SHOW COLUMNS FROM `m_category` [ RunTime:0.0059s ]
SQL: SELECT t2.goods_id,t2.area,t2.user_id,t2.goods_name,t2.price,t2.yuan_price,t2.goods_img,t2.comment_number,t1.cat_name,t3.user_name,t2.goods_id,t2.buy_number FROM m_category t1,m_goods t2,m_users t3 WHERE ( t2.cat_id=9 and t2.is_delete=0 and t2.cat_id=t1.cat_id and t2.user_id=t3.user_id ) ORDER BY t2.last_update desc LIMIT 8   [ RunTime:0.0037s ]
SQL: SHOW COLUMNS FROM `m_category` [ RunTime:0.0046s ]
SQL: SELECT t2.goods_id,t2.area,t2.user_id,t2.goods_name,t2.price,t2.yuan_price,t2.goods_img,t2.comment_number,t1.cat_name,t3.user_name,t2.goods_id,t2.buy_number FROM m_category t1,m_goods t2,m_users t3 WHERE ( t2.cat_id=10 and t2.is_delete=0 and t2.cat_id=t1.cat_id and t2.user_id=t3.user_id ) ORDER BY t2.last_update desc LIMIT 8   [ RunTime:0.0006s ]
INFO: [ view_parse ] --START--
INFO: [ template_filter ] --START--
INFO: Run Behavior\ContentReplaceBehavior [ RunTime:0.000539s ]
INFO: [ template_filter ] --END-- [ RunTime:0.000674s ]
NOTIC: [8] Undefined variable: get E:\wamp\www\myhunll\Application\Runtime\Cache\Home\4e8495c7f76d7caca27531a7e2e983f7.php 第 73 行.
NOTIC: [8] Undefined index: score E:\wamp\www\myhunll\Application\Runtime\Cache\Home\4e8495c7f76d7caca27531a7e2e983f7.php 第 350 行.
NOTIC: [8] Undefined index: score E:\wamp\www\myhunll\Application\Runtime\Cache\Home\4e8495c7f76d7caca27531a7e2e983f7.php 第 350 行.
NOTIC: [8] Undefined index: score E:\wamp\www\myhunll\Application\Runtime\Cache\Home\4e8495c7f76d7caca27531a7e2e983f7.php 第 350 行.
NOTIC: [8] Undefined index: score E:\wamp\www\myhunll\Application\Runtime\Cache\Home\4e8495c7f76d7caca27531a7e2e983f7.php 第 350 行.
NOTIC: [8] Undefined index: score E:\wamp\www\myhunll\Application\Runtime\Cache\Home\4e8495c7f76d7caca27531a7e2e983f7.php 第 350 行.
NOTIC: [8] Undefined index: score E:\wamp\www\myhunll\Application\Runtime\Cache\Home\4e8495c7f76d7caca27531a7e2e983f7.php 第 382 行.
NOTIC: [8] Undefined index: score E:\wamp\www\myhunll\Application\Runtime\Cache\Home\4e8495c7f76d7caca27531a7e2e983f7.php 第 382 行.
NOTIC: [8] Undefined index: score E:\wamp\www\myhunll\Application\Runtime\Cache\Home\4e8495c7f76d7caca27531a7e2e983f7.php 第 382 行.
NOTIC: [8] Undefined index: score E:\wamp\www\myhunll\Application\Runtime\Cache\Home\4e8495c7f76d7caca27531a7e2e983f7.php 第 382 行.
NOTIC: [8] Undefined index: score E:\wamp\www\myhunll\Application\Runtime\Cache\Home\4e8495c7f76d7caca27531a7e2e983f7.php 第 382 行.
NOTIC: [8] Undefined index: score E:\wamp\www\myhunll\Application\Runtime\Cache\Home\4e8495c7f76d7caca27531a7e2e983f7.php 第 382 行.
NOTIC: [8] Undefined index: score E:\wamp\www\myhunll\Application\Runtime\Cache\Home\4e8495c7f76d7caca27531a7e2e983f7.php 第 382 行.
NOTIC: [8] Undefined index: score E:\wamp\www\myhunll\Application\Runtime\Cache\Home\4e8495c7f76d7caca27531a7e2e983f7.php 第 382 行.
NOTIC: [8] Undefined index: score E:\wamp\www\myhunll\Application\Runtime\Cache\Home\4e8495c7f76d7caca27531a7e2e983f7.php 第 411 行.
NOTIC: [8] Undefined index: score E:\wamp\www\myhunll\Application\Runtime\Cache\Home\4e8495c7f76d7caca27531a7e2e983f7.php 第 411 行.
NOTIC: [8] Undefined index: score E:\wamp\www\myhunll\Application\Runtime\Cache\Home\4e8495c7f76d7caca27531a7e2e983f7.php 第 411 行.
NOTIC: [8] Undefined index: score E:\wamp\www\myhunll\Application\Runtime\Cache\Home\4e8495c7f76d7caca27531a7e2e983f7.php 第 411 行.
NOTIC: [8] Undefined index: score E:\wamp\www\myhunll\Application\Runtime\Cache\Home\4e8495c7f76d7caca27531a7e2e983f7.php 第 411 行.
NOTIC: [8] Undefined index: score E:\wamp\www\myhunll\Application\Runtime\Cache\Home\4e8495c7f76d7caca27531a7e2e983f7.php 第 411 行.
NOTIC: [8] Undefined index: score E:\wamp\www\myhunll\Application\Runtime\Cache\Home\4e8495c7f76d7caca27531a7e2e983f7.php 第 411 行.
NOTIC: [8] Undefined index: score E:\wamp\www\myhunll\Application\Runtime\Cache\Home\4e8495c7f76d7caca27531a7e2e983f7.php 第 411 行.
NOTIC: [8] Undefined index: score E:\wamp\www\myhunll\Application\Runtime\Cache\Home\4e8495c7f76d7caca27531a7e2e983f7.php 第 440 行.
NOTIC: [8] Undefined index: score E:\wamp\www\myhunll\Application\Runtime\Cache\Home\4e8495c7f76d7caca27531a7e2e983f7.php 第 440 行.
NOTIC: [8] Undefined index: score E:\wamp\www\myhunll\Application\Runtime\Cache\Home\4e8495c7f76d7caca27531a7e2e983f7.php 第 440 行.
NOTIC: [8] Undefined index: score E:\wamp\www\myhunll\Application\Runtime\Cache\Home\4e8495c7f76d7caca27531a7e2e983f7.php 第 440 行.
NOTIC: [8] Undefined index: score E:\wamp\www\myhunll\Application\Runtime\Cache\Home\4e8495c7f76d7caca27531a7e2e983f7.php 第 440 行.
NOTIC: [8] Undefined index: score E:\wamp\www\myhunll\Application\Runtime\Cache\Home\4e8495c7f76d7caca27531a7e2e983f7.php 第 440 行.
NOTIC: [8] Undefined index: score E:\wamp\www\myhunll\Application\Runtime\Cache\Home\4e8495c7f76d7caca27531a7e2e983f7.php 第 440 行.
NOTIC: [8] Undefined index: score E:\wamp\www\myhunll\Application\Runtime\Cache\Home\4e8495c7f76d7caca27531a7e2e983f7.php 第 440 行.
NOTIC: [8] Undefined index: score E:\wamp\www\myhunll\Application\Runtime\Cache\Home\4e8495c7f76d7caca27531a7e2e983f7.php 第 468 行.
NOTIC: [8] Undefined index: score E:\wamp\www\myhunll\Application\Runtime\Cache\Home\4e8495c7f76d7caca27531a7e2e983f7.php 第 468 行.
NOTIC: [8] Undefined index: score E:\wamp\www\myhunll\Application\Runtime\Cache\Home\4e8495c7f76d7caca27531a7e2e983f7.php 第 468 行.
NOTIC: [8] Undefined index: score E:\wamp\www\myhunll\Application\Runtime\Cache\Home\4e8495c7f76d7caca27531a7e2e983f7.php 第 468 行.
NOTIC: [8] Undefined index: score E:\wamp\www\myhunll\Application\Runtime\Cache\Home\4e8495c7f76d7caca27531a7e2e983f7.php 第 468 行.
NOTIC: [8] Undefined index: score E:\wamp\www\myhunll\Application\Runtime\Cache\Home\4e8495c7f76d7caca27531a7e2e983f7.php 第 468 行.
NOTIC: [8] Undefined index: score E:\wamp\www\myhunll\Application\Runtime\Cache\Home\4e8495c7f76d7caca27531a7e2e983f7.php 第 468 行.
NOTIC: [8] Undefined index: score E:\wamp\www\myhunll\Application\Runtime\Cache\Home\4e8495c7f76d7caca27531a7e2e983f7.php 第 468 行.
NOTIC: [8] Undefined index: score E:\wamp\www\myhunll\Application\Runtime\Cache\Home\4e8495c7f76d7caca27531a7e2e983f7.php 第 496 行.
NOTIC: [8] Undefined index: score E:\wamp\www\myhunll\Application\Runtime\Cache\Home\4e8495c7f76d7caca27531a7e2e983f7.php 第 496 行.
NOTIC: [8] Undefined index: score E:\wamp\www\myhunll\Application\Runtime\Cache\Home\4e8495c7f76d7caca27531a7e2e983f7.php 第 496 行.
NOTIC: [8] Undefined index: score E:\wamp\www\myhunll\Application\Runtime\Cache\Home\4e8495c7f76d7caca27531a7e2e983f7.php 第 496 行.
NOTIC: [8] Undefined index: score E:\wamp\www\myhunll\Application\Runtime\Cache\Home\4e8495c7f76d7caca27531a7e2e983f7.php 第 496 行.
NOTIC: [8] Undefined index: score E:\wamp\www\myhunll\Application\Runtime\Cache\Home\4e8495c7f76d7caca27531a7e2e983f7.php 第 496 行.
NOTIC: [8] Undefined index: score E:\wamp\www\myhunll\Application\Runtime\Cache\Home\4e8495c7f76d7caca27531a7e2e983f7.php 第 496 行.
NOTIC: [8] Undefined index: score E:\wamp\www\myhunll\Application\Runtime\Cache\Home\4e8495c7f76d7caca27531a7e2e983f7.php 第 496 行.
NOTIC: [8] Undefined index: score E:\wamp\www\myhunll\Application\Runtime\Cache\Home\4e8495c7f76d7caca27531a7e2e983f7.php 第 524 行.
NOTIC: [8] Undefined index: score E:\wamp\www\myhunll\Application\Runtime\Cache\Home\4e8495c7f76d7caca27531a7e2e983f7.php 第 524 行.
NOTIC: [8] Undefined index: score E:\wamp\www\myhunll\Application\Runtime\Cache\Home\4e8495c7f76d7caca27531a7e2e983f7.php 第 524 行.
NOTIC: [8] Undefined index: score E:\wamp\www\myhunll\Application\Runtime\Cache\Home\4e8495c7f76d7caca27531a7e2e983f7.php 第 524 行.
NOTIC: [8] Undefined index: score E:\wamp\www\myhunll\Application\Runtime\Cache\Home\4e8495c7f76d7caca27531a7e2e983f7.php 第 524 行.
NOTIC: [8] Undefined index: score E:\wamp\www\myhunll\Application\Runtime\Cache\Home\4e8495c7f76d7caca27531a7e2e983f7.php 第 524 行.
NOTIC: [8] Undefined index: score E:\wamp\www\myhunll\Application\Runtime\Cache\Home\4e8495c7f76d7caca27531a7e2e983f7.php 第 524 行.
NOTIC: [8] Undefined index: score E:\wamp\www\myhunll\Application\Runtime\Cache\Home\4e8495c7f76d7caca27531a7e2e983f7.php 第 524 行.
NOTIC: [8] Undefined index: score E:\wamp\www\myhunll\Application\Runtime\Cache\Home\4e8495c7f76d7caca27531a7e2e983f7.php 第 551 行.
NOTIC: [8] Undefined index: score E:\wamp\www\myhunll\Application\Runtime\Cache\Home\4e8495c7f76d7caca27531a7e2e983f7.php 第 551 行.
NOTIC: [8] Undefined index: score E:\wamp\www\myhunll\Application\Runtime\Cache\Home\4e8495c7f76d7caca27531a7e2e983f7.php 第 551 行.
NOTIC: [8] Undefined index: score E:\wamp\www\myhunll\Application\Runtime\Cache\Home\4e8495c7f76d7caca27531a7e2e983f7.php 第 551 行.
NOTIC: [8] Undefined index: score E:\wamp\www\myhunll\Application\Runtime\Cache\Home\4e8495c7f76d7caca27531a7e2e983f7.php 第 551 行.
NOTIC: [8] Undefined index: score E:\wamp\www\myhunll\Application\Runtime\Cache\Home\4e8495c7f76d7caca27531a7e2e983f7.php 第 551 行.
NOTIC: [8] Undefined index: score E:\wamp\www\myhunll\Application\Runtime\Cache\Home\4e8495c7f76d7caca27531a7e2e983f7.php 第 551 行.
NOTIC: [8] Undefined index: score E:\wamp\www\myhunll\Application\Runtime\Cache\Home\4e8495c7f76d7caca27531a7e2e983f7.php 第 551 行.
INFO: Run Behavior\ParseTemplateBehavior [ RunTime:0.396636s ]
INFO: [ view_parse ] --END-- [ RunTime:0.396735s ]
INFO: [ view_filter ] --START--
INFO: Run Behavior\WriteHtmlCacheBehavior [ RunTime:0.029112s ]
INFO: [ view_filter ] --END-- [ RunTime:0.029210s ]
INFO: [ app_end ] --START--
INFO: Run Behavior\ShowPageTraceBehavior [ RunTime:0.010737s ]
INFO: [ app_end ] --END-- [ RunTime:0.010852s ]

[ 2016-04-14T00:40:59+08:00 ] 127.0.0.1 /Home/Index/menu.html
INFO: [ app_init ] --START--
INFO: Run Behavior\BuildLiteBehavior [ RunTime:0.000037s ]
INFO: [ app_init ] --END-- [ RunTime:0.000838s ]
INFO: [ app_begin ] --START--
INFO: Run Behavior\ReadHtmlCacheBehavior [ RunTime:0.000909s ]
INFO: [ app_begin ] --END-- [ RunTime:0.001085s ]
SQL: SHOW COLUMNS FROM `m_admin_infor` [ RunTime:0.0047s ]
SQL: SELECT * FROM `m_admin_infor` WHERE ( id=1 ) LIMIT 1   [ RunTime:0.0004s ]
SQL: SELECT `goods_id`,`goods_name`,`yuan_price`,`price`,`goods_img` FROM `m_goods` WHERE ( goods_id=171 ) LIMIT 1   [ RunTime:0.0004s ]
SQL: SELECT `goods_id`,`goods_name`,`yuan_price`,`price`,`goods_img` FROM `m_goods` WHERE ( goods_id=108 ) LIMIT 1   [ RunTime:0.0007s ]
SQL: SELECT `goods_id`,`goods_name`,`yuan_price`,`price`,`goods_img` FROM `m_goods` WHERE ( goods_id=168 ) LIMIT 1   [ RunTime:0.0004s ]
SQL: SELECT `goods_id`,`goods_name`,`yuan_price`,`price`,`goods_img` FROM `m_goods` WHERE ( goods_id=172 ) LIMIT 1   [ RunTime:0.0003s ]
SQL: SELECT `goods_id`,`goods_name`,`yuan_price`,`price`,`goods_img` FROM `m_goods` WHERE ( goods_id=173 ) LIMIT 1   [ RunTime:0.0003s ]
INFO: [ view_parse ] --START--
INFO: [ template_filter ] --START--
INFO: Run Behavior\ContentReplaceBehavior [ RunTime:0.000114s ]
INFO: [ template_filter ] --END-- [ RunTime:0.000265s ]
NOTIC: [8] Undefined variable: huiyuanming E:\wamp\www\myhunll\Application\Runtime\Cache\Home\1f35679180272d72da162141f7221c2f.php 第 21 行.
NOTIC: [8] Undefined variable: yonghu_url E:\wamp\www\myhunll\Application\Runtime\Cache\Home\1f35679180272d72da162141f7221c2f.php 第 22 行.
NOTIC: [8] Undefined variable: tuichu_url E:\wamp\www\myhunll\Application\Runtime\Cache\Home\1f35679180272d72da162141f7221c2f.php 第 26 行.
INFO: Run Behavior\ParseTemplateBehavior [ RunTime:0.099446s ]
INFO: [ view_parse ] --END-- [ RunTime:0.099576s ]
INFO: [ view_filter ] --START--
INFO: Run Behavior\WriteHtmlCacheBehavior [ RunTime:0.000678s ]
INFO: [ view_filter ] --END-- [ RunTime:0.000830s ]
INFO: [ app_end ] --START--
INFO: Run Behavior\ShowPageTraceBehavior [ RunTime:0.001121s ]
INFO: [ app_end ] --END-- [ RunTime:0.001280s ]

[ 2016-04-14T00:40:59+08:00 ] 127.0.0.1 /Home/Index/menu.html
INFO: [ app_init ] --START--
INFO: Run Behavior\BuildLiteBehavior [ RunTime:0.000023s ]
INFO: [ app_init ] --END-- [ RunTime:0.000465s ]
INFO: [ app_begin ] --START--
INFO: Run Behavior\ReadHtmlCacheBehavior [ RunTime:0.000550s ]
INFO: [ app_begin ] --END-- [ RunTime:0.000626s ]
SQL: SHOW COLUMNS FROM `m_admin_infor` [ RunTime:0.0046s ]
SQL: SELECT * FROM `m_admin_infor` WHERE ( id=1 ) LIMIT 1   [ RunTime:0.0004s ]
SQL: SELECT `goods_id`,`goods_name`,`yuan_price`,`price`,`goods_img` FROM `m_goods` WHERE ( goods_id=171 ) LIMIT 1   [ RunTime:0.0006s ]
SQL: SELECT `goods_id`,`goods_name`,`yuan_price`,`price`,`goods_img` FROM `m_goods` WHERE ( goods_id=108 ) LIMIT 1   [ RunTime:0.0004s ]
SQL: SELECT `goods_id`,`goods_name`,`yuan_price`,`price`,`goods_img` FROM `m_goods` WHERE ( goods_id=168 ) LIMIT 1   [ RunTime:0.0003s ]
SQL: SELECT `goods_id`,`goods_name`,`yuan_price`,`price`,`goods_img` FROM `m_goods` WHERE ( goods_id=172 ) LIMIT 1   [ RunTime:0.0002s ]
SQL: SELECT `goods_id`,`goods_name`,`yuan_price`,`price`,`goods_img` FROM `m_goods` WHERE ( goods_id=173 ) LIMIT 1   [ RunTime:0.0002s ]
INFO: [ view_parse ] --START--
INFO: [ template_filter ] --START--
INFO: Run Behavior\ContentReplaceBehavior [ RunTime:0.000083s ]
INFO: [ template_filter ] --END-- [ RunTime:0.000172s ]
NOTIC: [8] Undefined variable: huiyuanming E:\wamp\www\myhunll\Application\Runtime\Cache\Home\1f35679180272d72da162141f7221c2f.php 第 21 行.
NOTIC: [8] Undefined variable: yonghu_url E:\wamp\www\myhunll\Application\Runtime\Cache\Home\1f35679180272d72da162141f7221c2f.php 第 22 行.
NOTIC: [8] Undefined variable: tuichu_url E:\wamp\www\myhunll\Application\Runtime\Cache\Home\1f35679180272d72da162141f7221c2f.php 第 26 行.
INFO: Run Behavior\ParseTemplateBehavior [ RunTime:0.008081s ]
INFO: [ view_parse ] --END-- [ RunTime:0.008186s ]
INFO: [ view_filter ] --START--
INFO: Run Behavior\WriteHtmlCacheBehavior [ RunTime:0.000732s ]
INFO: [ view_filter ] --END-- [ RunTime:0.000857s ]
INFO: [ app_end ] --START--
INFO: Run Behavior\ShowPageTraceBehavior [ RunTime:0.000775s ]
INFO: [ app_end ] --END-- [ RunTime:0.000896s ]

[ 2016-04-14T00:41:00+08:00 ] 127.0.0.1 /Home/login/is_login.html
INFO: [ app_init ] --START--
INFO: Run Behavior\BuildLiteBehavior [ RunTime:0.000034s ]
INFO: [ app_init ] --END-- [ RunTime:0.000665s ]
INFO: [ app_begin ] --START--
INFO: Run Behavior\ReadHtmlCacheBehavior [ RunTime:0.000832s ]
INFO: [ app_begin ] --END-- [ RunTime:0.000946s ]
SQL: SHOW COLUMNS FROM `m_admin_infor` [ RunTime:0.0042s ]
SQL: SELECT * FROM `m_admin_infor` WHERE ( id=1 ) LIMIT 1   [ RunTime:0.0004s ]
SQL: SELECT `goods_id`,`goods_name`,`yuan_price`,`price`,`goods_img` FROM `m_goods` WHERE ( goods_id=171 ) LIMIT 1   [ RunTime:0.0004s ]
SQL: SELECT `goods_id`,`goods_name`,`yuan_price`,`price`,`goods_img` FROM `m_goods` WHERE ( goods_id=108 ) LIMIT 1   [ RunTime:0.0004s ]
SQL: SELECT `goods_id`,`goods_name`,`yuan_price`,`price`,`goods_img` FROM `m_goods` WHERE ( goods_id=168 ) LIMIT 1   [ RunTime:0.0003s ]
SQL: SELECT `goods_id`,`goods_name`,`yuan_price`,`price`,`goods_img` FROM `m_goods` WHERE ( goods_id=172 ) LIMIT 1   [ RunTime:0.0003s ]
SQL: SELECT `goods_id`,`goods_name`,`yuan_price`,`price`,`goods_img` FROM `m_goods` WHERE ( goods_id=173 ) LIMIT 1   [ RunTime:0.0004s ]

[ 2016-04-14T00:41:02+08:00 ] 127.0.0.1 /Home/Zhuce/index.html
INFO: [ app_init ] --START--
INFO: Run Behavior\BuildLiteBehavior [ RunTime:0.000022s ]
INFO: [ app_init ] --END-- [ RunTime:0.000462s ]
INFO: [ app_begin ] --START--
INFO: Run Behavior\ReadHtmlCacheBehavior [ RunTime:0.000568s ]
INFO: [ app_begin ] --END-- [ RunTime:0.000650s ]
SQL: SHOW COLUMNS FROM `m_admin_infor` [ RunTime:0.0047s ]
SQL: SELECT * FROM `m_admin_infor` WHERE ( id=1 ) LIMIT 1   [ RunTime:0.0010s ]
SQL: SELECT `goods_id`,`goods_name`,`yuan_price`,`price`,`goods_img` FROM `m_goods` WHERE ( goods_id=171 ) LIMIT 1   [ RunTime:0.0005s ]
SQL: SELECT `goods_id`,`goods_name`,`yuan_price`,`price`,`goods_img` FROM `m_goods` WHERE ( goods_id=108 ) LIMIT 1   [ RunTime:0.0004s ]
SQL: SELECT `goods_id`,`goods_name`,`yuan_price`,`price`,`goods_img` FROM `m_goods` WHERE ( goods_id=168 ) LIMIT 1   [ RunTime:0.0003s ]
SQL: SELECT `goods_id`,`goods_name`,`yuan_price`,`price`,`goods_img` FROM `m_goods` WHERE ( goods_id=172 ) LIMIT 1   [ RunTime:0.0005s ]
SQL: SELECT `goods_id`,`goods_name`,`yuan_price`,`price`,`goods_img` FROM `m_goods` WHERE ( goods_id=173 ) LIMIT 1   [ RunTime:0.0006s ]
INFO: [ view_parse ] --START--
INFO: [ template_filter ] --START--
INFO: Run Behavior\ContentReplaceBehavior [ RunTime:0.000435s ]
INFO: [ template_filter ] --END-- [ RunTime:0.000585s ]
NOTIC: [8] Undefined variable: infor_yanzhengma E:\wamp\www\myhunll\Application\Runtime\Cache\Home\de62ecc77725d22940d61da1cab75bb2.php 第 61 行.
INFO: Run Behavior\ParseTemplateBehavior [ RunTime:0.049142s ]
INFO: [ view_parse ] --END-- [ RunTime:0.049290s ]
INFO: [ view_filter ] --START--
INFO: Run Behavior\WriteHtmlCacheBehavior [ RunTime:0.000750s ]
INFO: [ view_filter ] --END-- [ RunTime:0.000895s ]
INFO: [ app_end ] --START--
INFO: Run Behavior\ShowPageTraceBehavior [ RunTime:0.001095s ]
INFO: [ app_end ] --END-- [ RunTime:0.001244s ]

[ 2016-04-14T00:41:08+08:00 ] 127.0.0.1 /Home/Zhuce/getCode
INFO: [ app_init ] --START--
INFO: Run Behavior\BuildLiteBehavior [ RunTime:0.000023s ]
INFO: [ app_init ] --END-- [ RunTime:0.000439s ]
INFO: [ app_begin ] --START--
INFO: Run Behavior\ReadHtmlCacheBehavior [ RunTime:0.000563s ]
INFO: [ app_begin ] --END-- [ RunTime:0.000669s ]
SQL: SHOW COLUMNS FROM `m_admin_infor` [ RunTime:0.0045s ]
SQL: SELECT * FROM `m_admin_infor` WHERE ( id=1 ) LIMIT 1   [ RunTime:0.0004s ]
SQL: SELECT `goods_id`,`goods_name`,`yuan_price`,`price`,`goods_img` FROM `m_goods` WHERE ( goods_id=171 ) LIMIT 1   [ RunTime:0.0003s ]
SQL: SELECT `goods_id`,`goods_name`,`yuan_price`,`price`,`goods_img` FROM `m_goods` WHERE ( goods_id=108 ) LIMIT 1   [ RunTime:0.0002s ]
SQL: SELECT `goods_id`,`goods_name`,`yuan_price`,`price`,`goods_img` FROM `m_goods` WHERE ( goods_id=168 ) LIMIT 1   [ RunTime:0.0002s ]
SQL: SELECT `goods_id`,`goods_name`,`yuan_price`,`price`,`goods_img` FROM `m_goods` WHERE ( goods_id=172 ) LIMIT 1   [ RunTime:0.0002s ]
SQL: SELECT `goods_id`,`goods_name`,`yuan_price`,`price`,`goods_img` FROM `m_goods` WHERE ( goods_id=173 ) LIMIT 1   [ RunTime:0.0002s ]
INFO: [ app_end ] --START--
INFO: Run Behavior\ShowPageTraceBehavior [ RunTime:0.000999s ]
INFO: [ app_end ] --END-- [ RunTime:0.001182s ]

[ 2016-04-14T00:41:19+08:00 ] 127.0.0.1 /Home/zhuce/check.html
INFO: [ app_init ] --START--
INFO: Run Behavior\BuildLiteBehavior [ RunTime:0.000024s ]
INFO: [ app_init ] --END-- [ RunTime:0.000478s ]
INFO: [ app_begin ] --START--
INFO: Run Behavior\ReadHtmlCacheBehavior [ RunTime:0.000621s ]
INFO: [ app_begin ] --END-- [ RunTime:0.000700s ]
SQL: SHOW COLUMNS FROM `m_admin_infor` [ RunTime:0.0034s ]
SQL: SELECT * FROM `m_admin_infor` WHERE ( id=1 ) LIMIT 1   [ RunTime:0.0008s ]
SQL: SELECT `goods_id`,`goods_name`,`yuan_price`,`price`,`goods_img` FROM `m_goods` WHERE ( goods_id=171 ) LIMIT 1   [ RunTime:0.0005s ]
SQL: SELECT `goods_id`,`goods_name`,`yuan_price`,`price`,`goods_img` FROM `m_goods` WHERE ( goods_id=108 ) LIMIT 1   [ RunTime:0.0004s ]
SQL: SELECT `goods_id`,`goods_name`,`yuan_price`,`price`,`goods_img` FROM `m_goods` WHERE ( goods_id=168 ) LIMIT 1   [ RunTime:0.0004s ]
SQL: SELECT `goods_id`,`goods_name`,`yuan_price`,`price`,`goods_img` FROM `m_goods` WHERE ( goods_id=172 ) LIMIT 1   [ RunTime:0.0003s ]
SQL: SELECT `goods_id`,`goods_name`,`yuan_price`,`price`,`goods_img` FROM `m_goods` WHERE ( goods_id=173 ) LIMIT 1   [ RunTime:0.0003s ]
SQL: SELECT COUNT(*) AS tp_count FROM `m_users` WHERE ( mobile_phone=13574506835 ) LIMIT 1   [ RunTime:0.1375s ]

[ 2016-04-14T00:44:04+08:00 ] 127.0.0.1 /Home/zhuce/check.html
INFO: [ app_init ] --START--
INFO: Run Behavior\BuildLiteBehavior [ RunTime:0.000023s ]
INFO: [ app_init ] --END-- [ RunTime:0.000572s ]
INFO: [ app_begin ] --START--
INFO: Run Behavior\ReadHtmlCacheBehavior [ RunTime:0.000723s ]
INFO: [ app_begin ] --END-- [ RunTime:0.000796s ]
SQL: SHOW COLUMNS FROM `m_admin_infor` [ RunTime:0.0033s ]
SQL: SELECT * FROM `m_admin_infor` WHERE ( id=1 ) LIMIT 1   [ RunTime:0.0004s ]
SQL: SELECT `goods_id`,`goods_name`,`yuan_price`,`price`,`goods_img` FROM `m_goods` WHERE ( goods_id=171 ) LIMIT 1   [ RunTime:0.0003s ]
SQL: SELECT `goods_id`,`goods_name`,`yuan_price`,`price`,`goods_img` FROM `m_goods` WHERE ( goods_id=108 ) LIMIT 1   [ RunTime:0.0003s ]
SQL: SELECT `goods_id`,`goods_name`,`yuan_price`,`price`,`goods_img` FROM `m_goods` WHERE ( goods_id=168 ) LIMIT 1   [ RunTime:0.0002s ]
SQL: SELECT `goods_id`,`goods_name`,`yuan_price`,`price`,`goods_img` FROM `m_goods` WHERE ( goods_id=172 ) LIMIT 1   [ RunTime:0.0003s ]
SQL: SELECT `goods_id`,`goods_name`,`yuan_price`,`price`,`goods_img` FROM `m_goods` WHERE ( goods_id=173 ) LIMIT 1   [ RunTime:0.0003s ]
SQL: SELECT COUNT(*) AS tp_count FROM `m_users` WHERE ( mobile_phone=13574506835 ) LIMIT 1   [ RunTime:0.0003s ]

[ 2016-04-14T00:44:05+08:00 ] 127.0.0.1 /Home/Zhuce/getCode?1460565845769
INFO: [ app_init ] --START--
INFO: Run Behavior\BuildLiteBehavior [ RunTime:0.000022s ]
INFO: [ app_init ] --END-- [ RunTime:0.000469s ]
INFO: [ app_begin ] --START--
INFO: Run Behavior\ReadHtmlCacheBehavior [ RunTime:0.000857s ]
INFO: [ app_begin ] --END-- [ RunTime:0.000981s ]
SQL: SHOW COLUMNS FROM `m_admin_infor` [ RunTime:0.0034s ]
SQL: SELECT * FROM `m_admin_infor` WHERE ( id=1 ) LIMIT 1   [ RunTime:0.0003s ]
SQL: SELECT `goods_id`,`goods_name`,`yuan_price`,`price`,`goods_img` FROM `m_goods` WHERE ( goods_id=171 ) LIMIT 1   [ RunTime:0.0005s ]
SQL: SELECT `goods_id`,`goods_name`,`yuan_price`,`price`,`goods_img` FROM `m_goods` WHERE ( goods_id=108 ) LIMIT 1   [ RunTime:0.0004s ]
SQL: SELECT `goods_id`,`goods_name`,`yuan_price`,`price`,`goods_img` FROM `m_goods` WHERE ( goods_id=168 ) LIMIT 1   [ RunTime:0.0003s ]
SQL: SELECT `goods_id`,`goods_name`,`yuan_price`,`price`,`goods_img` FROM `m_goods` WHERE ( goods_id=172 ) LIMIT 1   [ RunTime:0.0003s ]
SQL: SELECT `goods_id`,`goods_name`,`yuan_price`,`price`,`goods_img` FROM `m_goods` WHERE ( goods_id=173 ) LIMIT 1   [ RunTime:0.0005s ]
INFO: [ app_end ] --START--
INFO: Run Behavior\ShowPageTraceBehavior [ RunTime:0.001012s ]
INFO: [ app_end ] --END-- [ RunTime:0.001178s ]

[ 2016-04-14T00:44:07+08:00 ] 127.0.0.1 /Home/Zhuce/getCode?1460565847569
INFO: [ app_init ] --START--
INFO: Run Behavior\BuildLiteBehavior [ RunTime:0.000023s ]
INFO: [ app_init ] --END-- [ RunTime:0.000636s ]
INFO: [ app_begin ] --START--
INFO: Run Behavior\ReadHtmlCacheBehavior [ RunTime:0.000616s ]
INFO: [ app_begin ] --END-- [ RunTime:0.000702s ]
SQL: SHOW COLUMNS FROM `m_admin_infor` [ RunTime:0.0032s ]
SQL: SELECT * FROM `m_admin_infor` WHERE ( id=1 ) LIMIT 1   [ RunTime:0.0004s ]
SQL: SELECT `goods_id`,`goods_name`,`yuan_price`,`price`,`goods_img` FROM `m_goods` WHERE ( goods_id=171 ) LIMIT 1   [ RunTime:0.0003s ]
SQL: SELECT `goods_id`,`goods_name`,`yuan_price`,`price`,`goods_img` FROM `m_goods` WHERE ( goods_id=108 ) LIMIT 1   [ RunTime:0.0002s ]
SQL: SELECT `goods_id`,`goods_name`,`yuan_price`,`price`,`goods_img` FROM `m_goods` WHERE ( goods_id=168 ) LIMIT 1   [ RunTime:0.0003s ]
SQL: SELECT `goods_id`,`goods_name`,`yuan_price`,`price`,`goods_img` FROM `m_goods` WHERE ( goods_id=172 ) LIMIT 1   [ RunTime:0.0003s ]
SQL: SELECT `goods_id`,`goods_name`,`yuan_price`,`price`,`goods_img` FROM `m_goods` WHERE ( goods_id=173 ) LIMIT 1   [ RunTime:0.0003s ]
INFO: [ app_end ] --START--
INFO: Run Behavior\ShowPageTraceBehavior [ RunTime:0.000696s ]
INFO: [ app_end ] --END-- [ RunTime:0.000785s ]

[ 2016-04-14T00:44:13+08:00 ] 127.0.0.1 /Home/Zhuce/getCode?1460565853913
INFO: [ app_init ] --START--
INFO: Run Behavior\BuildLiteBehavior [ RunTime:0.000024s ]
INFO: [ app_init ] --END-- [ RunTime:0.000541s ]
INFO: [ app_begin ] --START--
INFO: Run Behavior\ReadHtmlCacheBehavior [ RunTime:0.000782s ]
INFO: [ app_begin ] --END-- [ RunTime:0.000905s ]
SQL: SHOW COLUMNS FROM `m_admin_infor` [ RunTime:0.0033s ]
SQL: SELECT * FROM `m_admin_infor` WHERE ( id=1 ) LIMIT 1   [ RunTime:0.0004s ]
SQL: SELECT `goods_id`,`goods_name`,`yuan_price`,`price`,`goods_img` FROM `m_goods` WHERE ( goods_id=171 ) LIMIT 1   [ RunTime:0.0004s ]
SQL: SELECT `goods_id`,`goods_name`,`yuan_price`,`price`,`goods_img` FROM `m_goods` WHERE ( goods_id=108 ) LIMIT 1   [ RunTime:0.0003s ]
SQL: SELECT `goods_id`,`goods_name`,`yuan_price`,`price`,`goods_img` FROM `m_goods` WHERE ( goods_id=168 ) LIMIT 1   [ RunTime:0.0003s ]
SQL: SELECT `goods_id`,`goods_name`,`yuan_price`,`price`,`goods_img` FROM `m_goods` WHERE ( goods_id=172 ) LIMIT 1   [ RunTime:0.0002s ]
SQL: SELECT `goods_id`,`goods_name`,`yuan_price`,`price`,`goods_img` FROM `m_goods` WHERE ( goods_id=173 ) LIMIT 1   [ RunTime:0.0002s ]
INFO: [ app_end ] --START--
INFO: Run Behavior\ShowPageTraceBehavior [ RunTime:0.000639s ]
INFO: [ app_end ] --END-- [ RunTime:0.000734s ]

[ 2016-04-14T00:44:21+08:00 ] 127.0.0.1 /Home/zhuce/check.html
INFO: [ app_init ] --START--
INFO: Run Behavior\BuildLiteBehavior [ RunTime:0.000032s ]
INFO: [ app_init ] --END-- [ RunTime:0.000777s ]
INFO: [ app_begin ] --START--
INFO: Run Behavior\ReadHtmlCacheBehavior [ RunTime:0.000927s ]
INFO: [ app_begin ] --END-- [ RunTime:0.001039s ]
SQL: SHOW COLUMNS FROM `m_admin_infor` [ RunTime:0.0051s ]
SQL: SELECT * FROM `m_admin_infor` WHERE ( id=1 ) LIMIT 1   [ RunTime:0.0005s ]
SQL: SELECT `goods_id`,`goods_name`,`yuan_price`,`price`,`goods_img` FROM `m_goods` WHERE ( goods_id=171 ) LIMIT 1   [ RunTime:0.0005s ]
SQL: SELECT `goods_id`,`goods_name`,`yuan_price`,`price`,`goods_img` FROM `m_goods` WHERE ( goods_id=108 ) LIMIT 1   [ RunTime:0.0004s ]
SQL: SELECT `goods_id`,`goods_name`,`yuan_price`,`price`,`goods_img` FROM `m_goods` WHERE ( goods_id=168 ) LIMIT 1   [ RunTime:0.0004s ]
SQL: SELECT `goods_id`,`goods_name`,`yuan_price`,`price`,`goods_img` FROM `m_goods` WHERE ( goods_id=172 ) LIMIT 1   [ RunTime:0.0004s ]
SQL: SELECT `goods_id`,`goods_name`,`yuan_price`,`price`,`goods_img` FROM `m_goods` WHERE ( goods_id=173 ) LIMIT 1   [ RunTime:0.0004s ]

[ 2016-04-14T00:44:21+08:00 ] 127.0.0.1 /Home/zhuce/check.html
INFO: [ app_init ] --START--
INFO: Run Behavior\BuildLiteBehavior [ RunTime:0.000023s ]
INFO: [ app_init ] --END-- [ RunTime:0.000454s ]
INFO: [ app_begin ] --START--
INFO: Run Behavior\ReadHtmlCacheBehavior [ RunTime:0.000600s ]
INFO: [ app_begin ] --END-- [ RunTime:0.000698s ]
SQL: SHOW COLUMNS FROM `m_admin_infor` [ RunTime:0.0034s ]
SQL: SELECT * FROM `m_admin_infor` WHERE ( id=1 ) LIMIT 1   [ RunTime:0.0003s ]
SQL: SELECT `goods_id`,`goods_name`,`yuan_price`,`price`,`goods_img` FROM `m_goods` WHERE ( goods_id=171 ) LIMIT 1   [ RunTime:0.0003s ]
SQL: SELECT `goods_id`,`goods_name`,`yuan_price`,`price`,`goods_img` FROM `m_goods` WHERE ( goods_id=108 ) LIMIT 1   [ RunTime:0.0002s ]
SQL: SELECT `goods_id`,`goods_name`,`yuan_price`,`price`,`goods_img` FROM `m_goods` WHERE ( goods_id=168 ) LIMIT 1   [ RunTime:0.0002s ]
SQL: SELECT `goods_id`,`goods_name`,`yuan_price`,`price`,`goods_img` FROM `m_goods` WHERE ( goods_id=172 ) LIMIT 1   [ RunTime:0.0002s ]
SQL: SELECT `goods_id`,`goods_name`,`yuan_price`,`price`,`goods_img` FROM `m_goods` WHERE ( goods_id=173 ) LIMIT 1   [ RunTime:0.0002s ]
SQL: SELECT COUNT(*) AS tp_count FROM `m_users` WHERE ( mobile_phone=13574506835 ) LIMIT 1   [ RunTime:0.0003s ]

[ 2016-04-14T00:44:21+08:00 ] 127.0.0.1 /Home/zhuce/zhuce2.html
INFO: [ app_init ] --START--
INFO: Run Behavior\BuildLiteBehavior [ RunTime:0.000035s ]
INFO: [ app_init ] --END-- [ RunTime:0.000828s ]
INFO: [ app_begin ] --START--
INFO: Run Behavior\ReadHtmlCacheBehavior [ RunTime:0.000731s ]
INFO: [ app_begin ] --END-- [ RunTime:0.000841s ]
SQL: SHOW COLUMNS FROM `m_admin_infor` [ RunTime:0.0032s ]
SQL: SELECT * FROM `m_admin_infor` WHERE ( id=1 ) LIMIT 1   [ RunTime:0.0003s ]
SQL: SELECT `goods_id`,`goods_name`,`yuan_price`,`price`,`goods_img` FROM `m_goods` WHERE ( goods_id=171 ) LIMIT 1   [ RunTime:0.0003s ]
SQL: SELECT `goods_id`,`goods_name`,`yuan_price`,`price`,`goods_img` FROM `m_goods` WHERE ( goods_id=108 ) LIMIT 1   [ RunTime:0.0002s ]
SQL: SELECT `goods_id`,`goods_name`,`yuan_price`,`price`,`goods_img` FROM `m_goods` WHERE ( goods_id=168 ) LIMIT 1   [ RunTime:0.0002s ]
SQL: SELECT `goods_id`,`goods_name`,`yuan_price`,`price`,`goods_img` FROM `m_goods` WHERE ( goods_id=172 ) LIMIT 1   [ RunTime:0.0002s ]
SQL: SELECT `goods_id`,`goods_name`,`yuan_price`,`price`,`goods_img` FROM `m_goods` WHERE ( goods_id=173 ) LIMIT 1   [ RunTime:0.0002s ]
INFO: [ view_parse ] --START--
INFO: [ template_filter ] --START--
INFO: Run Behavior\ContentReplaceBehavior [ RunTime:0.000123s ]
INFO: [ template_filter ] --END-- [ RunTime:0.000215s ]
INFO: Run Behavior\ParseTemplateBehavior [ RunTime:0.042323s ]
INFO: [ view_parse ] --END-- [ RunTime:0.042419s ]
INFO: [ view_filter ] --START--
INFO: Run Behavior\WriteHtmlCacheBehavior [ RunTime:0.000437s ]
INFO: [ view_filter ] --END-- [ RunTime:0.000507s ]
INFO: [ app_end ] --START--
INFO: Run Behavior\ShowPageTraceBehavior [ RunTime:0.000643s ]
INFO: [ app_end ] --END-- [ RunTime:0.000718s ]

[ 2016-04-14T00:45:01+08:00 ] 127.0.0.1 /Home/zhuce/send_message.html
INFO: [ app_init ] --START--
INFO: Run Behavior\BuildLiteBehavior [ RunTime:0.000023s ]
INFO: [ app_init ] --END-- [ RunTime:0.000466s ]
INFO: [ app_begin ] --START--
INFO: Run Behavior\ReadHtmlCacheBehavior [ RunTime:0.000555s ]
INFO: [ app_begin ] --END-- [ RunTime:0.000643s ]
SQL: SHOW COLUMNS FROM `m_admin_infor` [ RunTime:0.0037s ]
SQL: SELECT * FROM `m_admin_infor` WHERE ( id=1 ) LIMIT 1   [ RunTime:0.0004s ]
SQL: SELECT `goods_id`,`goods_name`,`yuan_price`,`price`,`goods_img` FROM `m_goods` WHERE ( goods_id=171 ) LIMIT 1   [ RunTime:0.0003s ]
SQL: SELECT `goods_id`,`goods_name`,`yuan_price`,`price`,`goods_img` FROM `m_goods` WHERE ( goods_id=108 ) LIMIT 1   [ RunTime:0.0003s ]
SQL: SELECT `goods_id`,`goods_name`,`yuan_price`,`price`,`goods_img` FROM `m_goods` WHERE ( goods_id=168 ) LIMIT 1   [ RunTime:0.0003s ]
SQL: SELECT `goods_id`,`goods_name`,`yuan_price`,`price`,`goods_img` FROM `m_goods` WHERE ( goods_id=172 ) LIMIT 1   [ RunTime:0.0002s ]
SQL: SELECT `goods_id`,`goods_name`,`yuan_price`,`price`,`goods_img` FROM `m_goods` WHERE ( goods_id=173 ) LIMIT 1   [ RunTime:0.0002s ]

[ 2016-04-14T00:45:18+08:00 ] 127.0.0.1 /Home/zhuce/send_message.html
INFO: [ app_init ] --START--
INFO: Run Behavior\BuildLiteBehavior [ RunTime:0.000022s ]
INFO: [ app_init ] --END-- [ RunTime:0.000461s ]
INFO: [ app_begin ] --START--
INFO: Run Behavior\ReadHtmlCacheBehavior [ RunTime:0.000576s ]
INFO: [ app_begin ] --END-- [ RunTime:0.000662s ]
SQL: SHOW COLUMNS FROM `m_admin_infor` [ RunTime:0.0031s ]
SQL: SELECT * FROM `m_admin_infor` WHERE ( id=1 ) LIMIT 1   [ RunTime:0.0004s ]
SQL: SELECT `goods_id`,`goods_name`,`yuan_price`,`price`,`goods_img` FROM `m_goods` WHERE ( goods_id=171 ) LIMIT 1   [ RunTime:0.0003s ]
SQL: SELECT `goods_id`,`goods_name`,`yuan_price`,`price`,`goods_img` FROM `m_goods` WHERE ( goods_id=108 ) LIMIT 1   [ RunTime:0.0002s ]
SQL: SELECT `goods_id`,`goods_name`,`yuan_price`,`price`,`goods_img` FROM `m_goods` WHERE ( goods_id=168 ) LIMIT 1   [ RunTime:0.0002s ]
SQL: SELECT `goods_id`,`goods_name`,`yuan_price`,`price`,`goods_img` FROM `m_goods` WHERE ( goods_id=172 ) LIMIT 1   [ RunTime:0.0002s ]
SQL: SELECT `goods_id`,`goods_name`,`yuan_price`,`price`,`goods_img` FROM `m_goods` WHERE ( goods_id=173 ) LIMIT 1   [ RunTime:0.0002s ]

[ 2016-04-14T00:45:27+08:00 ] 127.0.0.1 /Home/zhuce/check.html
INFO: [ app_init ] --START--
INFO: Run Behavior\BuildLiteBehavior [ RunTime:0.000028s ]
INFO: [ app_init ] --END-- [ RunTime:0.000491s ]
INFO: [ app_begin ] --START--
INFO: Run Behavior\ReadHtmlCacheBehavior [ RunTime:0.000578s ]
INFO: [ app_begin ] --END-- [ RunTime:0.000663s ]
SQL: SHOW COLUMNS FROM `m_admin_infor` [ RunTime:0.0033s ]
SQL: SELECT * FROM `m_admin_infor` WHERE ( id=1 ) LIMIT 1   [ RunTime:0.0003s ]
SQL: SELECT `goods_id`,`goods_name`,`yuan_price`,`price`,`goods_img` FROM `m_goods` WHERE ( goods_id=171 ) LIMIT 1   [ RunTime:0.0003s ]
SQL: SELECT `goods_id`,`goods_name`,`yuan_price`,`price`,`goods_img` FROM `m_goods` WHERE ( goods_id=108 ) LIMIT 1   [ RunTime:0.0002s ]
SQL: SELECT `goods_id`,`goods_name`,`yuan_price`,`price`,`goods_img` FROM `m_goods` WHERE ( goods_id=168 ) LIMIT 1   [ RunTime:0.0002s ]
SQL: SELECT `goods_id`,`goods_name`,`yuan_price`,`price`,`goods_img` FROM `m_goods` WHERE ( goods_id=172 ) LIMIT 1   [ RunTime:0.0002s ]
SQL: SELECT `goods_id`,`goods_name`,`yuan_price`,`price`,`goods_img` FROM `m_goods` WHERE ( goods_id=173 ) LIMIT 1   [ RunTime:0.0002s ]
SQL: SELECT COUNT(*) AS tp_count FROM `m_users` WHERE ( user_name='杨靖' ) LIMIT 1   [ RunTime:0.0003s ]

[ 2016-04-14T00:45:29+08:00 ] 127.0.0.1 /Home/zhuce/check.html
INFO: [ app_init ] --START--
INFO: Run Behavior\BuildLiteBehavior [ RunTime:0.000029s ]
INFO: [ app_init ] --END-- [ RunTime:0.000682s ]
INFO: [ app_begin ] --START--
INFO: Run Behavior\ReadHtmlCacheBehavior [ RunTime:0.000812s ]
INFO: [ app_begin ] --END-- [ RunTime:0.000927s ]
SQL: SHOW COLUMNS FROM `m_admin_infor` [ RunTime:0.0032s ]
SQL: SELECT * FROM `m_admin_infor` WHERE ( id=1 ) LIMIT 1   [ RunTime:0.0004s ]
SQL: SELECT `goods_id`,`goods_name`,`yuan_price`,`price`,`goods_img` FROM `m_goods` WHERE ( goods_id=171 ) LIMIT 1   [ RunTime:0.0003s ]
SQL: SELECT `goods_id`,`goods_name`,`yuan_price`,`price`,`goods_img` FROM `m_goods` WHERE ( goods_id=108 ) LIMIT 1   [ RunTime:0.0003s ]
SQL: SELECT `goods_id`,`goods_name`,`yuan_price`,`price`,`goods_img` FROM `m_goods` WHERE ( goods_id=168 ) LIMIT 1   [ RunTime:0.0002s ]
SQL: SELECT `goods_id`,`goods_name`,`yuan_price`,`price`,`goods_img` FROM `m_goods` WHERE ( goods_id=172 ) LIMIT 1   [ RunTime:0.0002s ]
SQL: SELECT `goods_id`,`goods_name`,`yuan_price`,`price`,`goods_img` FROM `m_goods` WHERE ( goods_id=173 ) LIMIT 1   [ RunTime:0.0002s ]
SQL: SELECT COUNT(*) AS tp_count FROM `m_users` WHERE ( user_name='杨靖1' ) LIMIT 1   [ RunTime:0.0002s ]

[ 2016-04-14T00:45:46+08:00 ] 127.0.0.1 /Home/zhuce/check.html
INFO: [ app_init ] --START--
INFO: Run Behavior\BuildLiteBehavior [ RunTime:0.000028s ]
INFO: [ app_init ] --END-- [ RunTime:0.000655s ]
INFO: [ app_begin ] --START--
INFO: Run Behavior\ReadHtmlCacheBehavior [ RunTime:0.000757s ]
INFO: [ app_begin ] --END-- [ RunTime:0.000869s ]
SQL: SHOW COLUMNS FROM `m_admin_infor` [ RunTime:0.0031s ]
SQL: SELECT * FROM `m_admin_infor` WHERE ( id=1 ) LIMIT 1   [ RunTime:0.0003s ]
SQL: SELECT `goods_id`,`goods_name`,`yuan_price`,`price`,`goods_img` FROM `m_goods` WHERE ( goods_id=171 ) LIMIT 1   [ RunTime:0.0003s ]
SQL: SELECT `goods_id`,`goods_name`,`yuan_price`,`price`,`goods_img` FROM `m_goods` WHERE ( goods_id=108 ) LIMIT 1   [ RunTime:0.0002s ]
SQL: SELECT `goods_id`,`goods_name`,`yuan_price`,`price`,`goods_img` FROM `m_goods` WHERE ( goods_id=168 ) LIMIT 1   [ RunTime:0.0002s ]
SQL: SELECT `goods_id`,`goods_name`,`yuan_price`,`price`,`goods_img` FROM `m_goods` WHERE ( goods_id=172 ) LIMIT 1   [ RunTime:0.0003s ]
SQL: SELECT `goods_id`,`goods_name`,`yuan_price`,`price`,`goods_img` FROM `m_goods` WHERE ( goods_id=173 ) LIMIT 1   [ RunTime:0.0003s ]
SQL: SELECT COUNT(*) AS tp_count FROM `m_users` WHERE ( user_name='杨靖1' ) LIMIT 1   [ RunTime:0.0003s ]

[ 2016-04-14T00:45:46+08:00 ] 127.0.0.1 /Home/zhuce/send_message.html
INFO: [ app_init ] --START--
INFO: Run Behavior\BuildLiteBehavior [ RunTime:0.000023s ]
INFO: [ app_init ] --END-- [ RunTime:0.000501s ]
INFO: [ app_begin ] --START--
INFO: Run Behavior\ReadHtmlCacheBehavior [ RunTime:0.000571s ]
INFO: [ app_begin ] --END-- [ RunTime:0.000664s ]
SQL: SHOW COLUMNS FROM `m_admin_infor` [ RunTime:0.0032s ]
SQL: SELECT * FROM `m_admin_infor` WHERE ( id=1 ) LIMIT 1   [ RunTime:0.0003s ]
SQL: SELECT `goods_id`,`goods_name`,`yuan_price`,`price`,`goods_img` FROM `m_goods` WHERE ( goods_id=171 ) LIMIT 1   [ RunTime:0.0003s ]
SQL: SELECT `goods_id`,`goods_name`,`yuan_price`,`price`,`goods_img` FROM `m_goods` WHERE ( goods_id=108 ) LIMIT 1   [ RunTime:0.0002s ]
SQL: SELECT `goods_id`,`goods_name`,`yuan_price`,`price`,`goods_img` FROM `m_goods` WHERE ( goods_id=168 ) LIMIT 1   [ RunTime:0.0002s ]
SQL: SELECT `goods_id`,`goods_name`,`yuan_price`,`price`,`goods_img` FROM `m_goods` WHERE ( goods_id=172 ) LIMIT 1   [ RunTime:0.0002s ]
SQL: SELECT `goods_id`,`goods_name`,`yuan_price`,`price`,`goods_img` FROM `m_goods` WHERE ( goods_id=173 ) LIMIT 1   [ RunTime:0.0002s ]

[ 2016-04-14T00:45:47+08:00 ] 127.0.0.1 /Home/zhuce/zhuce3.html
INFO: [ app_init ] --START--
INFO: Run Behavior\BuildLiteBehavior [ RunTime:0.000024s ]
INFO: [ app_init ] --END-- [ RunTime:0.000534s ]
INFO: [ app_begin ] --START--
INFO: Run Behavior\ReadHtmlCacheBehavior [ RunTime:0.000561s ]
INFO: [ app_begin ] --END-- [ RunTime:0.000673s ]
SQL: SHOW COLUMNS FROM `m_admin_infor` [ RunTime:0.0034s ]
SQL: SELECT * FROM `m_admin_infor` WHERE ( id=1 ) LIMIT 1   [ RunTime:0.0003s ]
SQL: SELECT `goods_id`,`goods_name`,`yuan_price`,`price`,`goods_img` FROM `m_goods` WHERE ( goods_id=171 ) LIMIT 1   [ RunTime:0.0004s ]
SQL: SELECT `goods_id`,`goods_name`,`yuan_price`,`price`,`goods_img` FROM `m_goods` WHERE ( goods_id=108 ) LIMIT 1   [ RunTime:0.0002s ]
SQL: SELECT `goods_id`,`goods_name`,`yuan_price`,`price`,`goods_img` FROM `m_goods` WHERE ( goods_id=168 ) LIMIT 1   [ RunTime:0.0002s ]
SQL: SELECT `goods_id`,`goods_name`,`yuan_price`,`price`,`goods_img` FROM `m_goods` WHERE ( goods_id=172 ) LIMIT 1   [ RunTime:0.0002s ]
SQL: SELECT `goods_id`,`goods_name`,`yuan_price`,`price`,`goods_img` FROM `m_goods` WHERE ( goods_id=173 ) LIMIT 1   [ RunTime:0.0002s ]
SQL: SELECT COUNT(*) AS tp_count FROM `m_users` WHERE ( mobile_phone='13574506835' ) LIMIT 1   [ RunTime:0.0003s ]
SQL: SELECT COUNT(*) AS tp_count FROM `m_users` WHERE ( user_name='杨靖1' ) LIMIT 1   [ RunTime:0.0002s ]
NOTIC: [2048] mktime(): You should be using the time() function instead E:\wamp\www\myhunll\Application\Home\Controller\ZhuceController.class.php 第 68 行.
NOTIC: [2048] mktime(): You should be using the time() function instead E:\wamp\www\myhunll\Application\Home\Controller\ZhuceController.class.php 第 71 行.
SQL: INSERT INTO `m_users` (`mobile_phone`,`user_name`,`password`,`zhifu_password`,`last_login`,`salt`,`head_url`,`reg_time`,`last_ip`) VALUES ('13574506835','杨靖1','3242cd539d97f88c2c26b90e3560a798','3242cd539d97f88c2c26b90e3560a798','1460565946','}t,a$u','/Public/Home/Images/public/man.png','1460565946','127.0.0.1') [ RunTime:0.0542s ]
INFO: [ view_parse ] --START--
INFO: [ template_filter ] --START--
INFO: Run Behavior\ContentReplaceBehavior [ RunTime:0.000178s ]
INFO: [ template_filter ] --END-- [ RunTime:0.000343s ]
INFO: Run Behavior\ParseTemplateBehavior [ RunTime:0.024354s ]
INFO: [ view_parse ] --END-- [ RunTime:0.024546s ]
INFO: [ view_filter ] --START--
INFO: Run Behavior\WriteHtmlCacheBehavior [ RunTime:0.000714s ]
INFO: [ view_filter ] --END-- [ RunTime:0.000847s ]
SQL: SELECT `user_id` FROM `m_users` WHERE ( user_name='杨靖1' ) LIMIT 1   [ RunTime:0.0005s ]
SQL: SELECT `shopman_id` FROM `m_users` WHERE ( user_name='杨靖1' ) LIMIT 1   [ RunTime:0.0003s ]
INFO: [ app_end ] --START--
INFO: Run Behavior\ShowPageTraceBehavior [ RunTime:0.000984s ]
INFO: [ app_end ] --END-- [ RunTime:0.001115s ]

[ 2016-04-14T00:46:21+08:00 ] 127.0.0.1 /Home/Zhuce/zhuce4.html
INFO: [ app_init ] --START--
INFO: Run Behavior\BuildLiteBehavior [ RunTime:0.000030s ]
INFO: [ app_init ] --END-- [ RunTime:0.000681s ]
INFO: [ app_begin ] --START--
INFO: Run Behavior\ReadHtmlCacheBehavior [ RunTime:0.000907s ]
INFO: [ app_begin ] --END-- [ RunTime:0.001032s ]
SQL: SHOW COLUMNS FROM `m_admin_infor` [ RunTime:0.0030s ]
SQL: SELECT * FROM `m_admin_infor` WHERE ( id=1 ) LIMIT 1   [ RunTime:0.0003s ]
SQL: SELECT `goods_id`,`goods_name`,`yuan_price`,`price`,`goods_img` FROM `m_goods` WHERE ( goods_id=171 ) LIMIT 1   [ RunTime:0.0004s ]
SQL: SELECT `goods_id`,`goods_name`,`yuan_price`,`price`,`goods_img` FROM `m_goods` WHERE ( goods_id=108 ) LIMIT 1   [ RunTime:0.0002s ]
SQL: SELECT `goods_id`,`goods_name`,`yuan_price`,`price`,`goods_img` FROM `m_goods` WHERE ( goods_id=168 ) LIMIT 1   [ RunTime:0.0002s ]
SQL: SELECT `goods_id`,`goods_name`,`yuan_price`,`price`,`goods_img` FROM `m_goods` WHERE ( goods_id=172 ) LIMIT 1   [ RunTime:0.0002s ]
SQL: SELECT `goods_id`,`goods_name`,`yuan_price`,`price`,`goods_img` FROM `m_goods` WHERE ( goods_id=173 ) LIMIT 1   [ RunTime:0.0002s ]
NOTIC: [8] Use of undefined constant zhuce4 - assumed 'zhuce4' E:\wamp\www\myhunll\Application\Home\Controller\ZhuceController.class.php 第 112 行.
INFO: [ view_parse ] --START--
INFO: [ template_filter ] --START--
INFO: Run Behavior\ContentReplaceBehavior [ RunTime:0.000178s ]
INFO: [ template_filter ] --END-- [ RunTime:0.000281s ]
INFO: Run Behavior\ParseTemplateBehavior [ RunTime:0.013498s ]
INFO: [ view_parse ] --END-- [ RunTime:0.013607s ]
INFO: [ view_filter ] --START--
INFO: Run Behavior\WriteHtmlCacheBehavior [ RunTime:0.000543s ]
INFO: [ view_filter ] --END-- [ RunTime:0.000630s ]
INFO: [ app_end ] --START--
INFO: Run Behavior\ShowPageTraceBehavior [ RunTime:0.000621s ]
INFO: [ app_end ] --END-- [ RunTime:0.000699s ]

[ 2016-04-14T00:57:58+08:00 ] 127.0.0.1 /Home/Zhuce/zhuce4.html
INFO: [ app_init ] --START--
INFO: Run Behavior\BuildLiteBehavior [ RunTime:0.000023s ]
INFO: [ app_init ] --END-- [ RunTime:0.000874s ]
INFO: [ app_begin ] --START--
INFO: Run Behavior\ReadHtmlCacheBehavior [ RunTime:0.000737s ]
INFO: [ app_begin ] --END-- [ RunTime:0.000840s ]
SQL: SHOW COLUMNS FROM `m_admin_infor` [ RunTime:0.0036s ]
SQL: SELECT * FROM `m_admin_infor` WHERE ( id=1 ) LIMIT 1   [ RunTime:0.0004s ]
SQL: SELECT `goods_id`,`goods_name`,`yuan_price`,`price`,`goods_img` FROM `m_goods` WHERE ( goods_id=171 ) LIMIT 1   [ RunTime:0.0003s ]
SQL: SELECT `goods_id`,`goods_name`,`yuan_price`,`price`,`goods_img` FROM `m_goods` WHERE ( goods_id=108 ) LIMIT 1   [ RunTime:0.0002s ]
SQL: SELECT `goods_id`,`goods_name`,`yuan_price`,`price`,`goods_img` FROM `m_goods` WHERE ( goods_id=168 ) LIMIT 1   [ RunTime:0.0002s ]
SQL: SELECT `goods_id`,`goods_name`,`yuan_price`,`price`,`goods_img` FROM `m_goods` WHERE ( goods_id=172 ) LIMIT 1   [ RunTime:0.0002s ]
SQL: SELECT `goods_id`,`goods_name`,`yuan_price`,`price`,`goods_img` FROM `m_goods` WHERE ( goods_id=173 ) LIMIT 1   [ RunTime:0.0003s ]
NOTIC: [8] Use of undefined constant zhuce4 - assumed 'zhuce4' E:\wamp\www\myhunll\Application\Home\Controller\ZhuceController.class.php 第 112 行.
INFO: [ view_parse ] --START--
INFO: [ template_filter ] --START--
INFO: Run Behavior\ContentReplaceBehavior [ RunTime:0.000220s ]
INFO: [ template_filter ] --END-- [ RunTime:0.000365s ]
INFO: Run Behavior\ParseTemplateBehavior [ RunTime:0.014144s ]
INFO: [ view_parse ] --END-- [ RunTime:0.014243s ]
INFO: [ view_filter ] --START--
INFO: Run Behavior\WriteHtmlCacheBehavior [ RunTime:0.000651s ]
INFO: [ view_filter ] --END-- [ RunTime:0.000740s ]
INFO: [ app_end ] --START--
INFO: Run Behavior\ShowPageTraceBehavior [ RunTime:0.000757s ]
INFO: [ app_end ] --END-- [ RunTime:0.000873s ]

[ 2016-04-14T00:58:35+08:00 ] 127.0.0.1 /Home/Zhuce/zhuce4.html
INFO: [ app_init ] --START--
INFO: Run Behavior\BuildLiteBehavior [ RunTime:0.000023s ]
INFO: [ app_init ] --END-- [ RunTime:0.000480s ]
INFO: [ app_begin ] --START--
INFO: Run Behavior\ReadHtmlCacheBehavior [ RunTime:0.000814s ]
INFO: [ app_begin ] --END-- [ RunTime:0.000954s ]
SQL: SHOW COLUMNS FROM `m_admin_infor` [ RunTime:0.0040s ]
SQL: SELECT * FROM `m_admin_infor` WHERE ( id=1 ) LIMIT 1   [ RunTime:0.0003s ]
SQL: SELECT `goods_id`,`goods_name`,`yuan_price`,`price`,`goods_img` FROM `m_goods` WHERE ( goods_id=171 ) LIMIT 1   [ RunTime:0.0004s ]
SQL: SELECT `goods_id`,`goods_name`,`yuan_price`,`price`,`goods_img` FROM `m_goods` WHERE ( goods_id=108 ) LIMIT 1   [ RunTime:0.0003s ]
SQL: SELECT `goods_id`,`goods_name`,`yuan_price`,`price`,`goods_img` FROM `m_goods` WHERE ( goods_id=168 ) LIMIT 1   [ RunTime:0.0003s ]
SQL: SELECT `goods_id`,`goods_name`,`yuan_price`,`price`,`goods_img` FROM `m_goods` WHERE ( goods_id=172 ) LIMIT 1   [ RunTime:0.0003s ]
SQL: SELECT `goods_id`,`goods_name`,`yuan_price`,`price`,`goods_img` FROM `m_goods` WHERE ( goods_id=173 ) LIMIT 1   [ RunTime:0.0003s ]
NOTIC: [8] Use of undefined constant zhuce4 - assumed 'zhuce4' E:\wamp\www\myhunll\Application\Home\Controller\ZhuceController.class.php 第 112 行.
INFO: [ view_parse ] --START--
INFO: [ template_filter ] --START--
INFO: Run Behavior\ContentReplaceBehavior [ RunTime:0.000209s ]
INFO: [ template_filter ] --END-- [ RunTime:0.000328s ]
INFO: Run Behavior\ParseTemplateBehavior [ RunTime:0.015523s ]
INFO: [ view_parse ] --END-- [ RunTime:0.015627s ]
INFO: [ view_filter ] --START--
INFO: Run Behavior\WriteHtmlCacheBehavior [ RunTime:0.000462s ]
INFO: [ view_filter ] --END-- [ RunTime:0.000541s ]
INFO: [ app_end ] --START--
INFO: Run Behavior\ShowPageTraceBehavior [ RunTime:0.000696s ]
INFO: [ app_end ] --END-- [ RunTime:0.000811s ]

[ 2016-04-14T00:59:09+08:00 ] 127.0.0.1 /Home/Zhuce/zhuce4.html
INFO: [ app_init ] --START--
INFO: Run Behavior\BuildLiteBehavior [ RunTime:0.000023s ]
INFO: [ app_init ] --END-- [ RunTime:0.000460s ]
INFO: [ app_begin ] --START--
INFO: Run Behavior\ReadHtmlCacheBehavior [ RunTime:0.000614s ]
INFO: [ app_begin ] --END-- [ RunTime:0.000719s ]
SQL: SHOW COLUMNS FROM `m_admin_infor` [ RunTime:0.0045s ]
SQL: SELECT * FROM `m_admin_infor` WHERE ( id=1 ) LIMIT 1   [ RunTime:0.0004s ]
SQL: SELECT `goods_id`,`goods_name`,`yuan_price`,`price`,`goods_img` FROM `m_goods` WHERE ( goods_id=171 ) LIMIT 1   [ RunTime:0.0004s ]
SQL: SELECT `goods_id`,`goods_name`,`yuan_price`,`price`,`goods_img` FROM `m_goods` WHERE ( goods_id=108 ) LIMIT 1   [ RunTime:0.0003s ]
SQL: SELECT `goods_id`,`goods_name`,`yuan_price`,`price`,`goods_img` FROM `m_goods` WHERE ( goods_id=168 ) LIMIT 1   [ RunTime:0.0003s ]
SQL: SELECT `goods_id`,`goods_name`,`yuan_price`,`price`,`goods_img` FROM `m_goods` WHERE ( goods_id=172 ) LIMIT 1   [ RunTime:0.0003s ]
SQL: SELECT `goods_id`,`goods_name`,`yuan_price`,`price`,`goods_img` FROM `m_goods` WHERE ( goods_id=173 ) LIMIT 1   [ RunTime:0.0003s ]
NOTIC: [8] Use of undefined constant zhuce4 - assumed 'zhuce4' E:\wamp\www\myhunll\Application\Home\Controller\ZhuceController.class.php 第 112 行.
INFO: [ view_parse ] --START--
INFO: [ template_filter ] --START--
INFO: Run Behavior\ContentReplaceBehavior [ RunTime:0.000189s ]
INFO: [ template_filter ] --END-- [ RunTime:0.000298s ]
INFO: Run Behavior\ParseTemplateBehavior [ RunTime:0.013880s ]
INFO: [ view_parse ] --END-- [ RunTime:0.013978s ]
INFO: [ view_filter ] --START--
INFO: Run Behavior\WriteHtmlCacheBehavior [ RunTime:0.000440s ]
INFO: [ view_filter ] --END-- [ RunTime:0.000518s ]
INFO: [ app_end ] --START--
INFO: Run Behavior\ShowPageTraceBehavior [ RunTime:0.000534s ]
INFO: [ app_end ] --END-- [ RunTime:0.000614s ]

[ 2016-04-14T01:03:45+08:00 ] 127.0.0.1 /
INFO: [ app_init ] --START--
INFO: Run Behavior\BuildLiteBehavior [ RunTime:0.000025s ]
INFO: [ app_init ] --END-- [ RunTime:0.000544s ]
INFO: [ app_begin ] --START--
INFO: Run Behavior\ReadHtmlCacheBehavior [ RunTime:0.000676s ]
INFO: [ app_begin ] --END-- [ RunTime:0.000777s ]
SQL: SHOW COLUMNS FROM `m_admin_infor` [ RunTime:0.0042s ]
SQL: SELECT * FROM `m_admin_infor` WHERE ( id=1 ) LIMIT 1   [ RunTime:0.0004s ]
SQL: SELECT `goods_id`,`goods_name`,`yuan_price`,`price`,`goods_img` FROM `m_goods` WHERE ( goods_id=171 ) LIMIT 1   [ RunTime:0.0003s ]
SQL: SELECT `goods_id`,`goods_name`,`yuan_price`,`price`,`goods_img` FROM `m_goods` WHERE ( goods_id=108 ) LIMIT 1   [ RunTime:0.0003s ]
SQL: SELECT `goods_id`,`goods_name`,`yuan_price`,`price`,`goods_img` FROM `m_goods` WHERE ( goods_id=168 ) LIMIT 1   [ RunTime:0.0003s ]
SQL: SELECT `goods_id`,`goods_name`,`yuan_price`,`price`,`goods_img` FROM `m_goods` WHERE ( goods_id=172 ) LIMIT 1   [ RunTime:0.0003s ]
SQL: SELECT `goods_id`,`goods_name`,`yuan_price`,`price`,`goods_img` FROM `m_goods` WHERE ( goods_id=173 ) LIMIT 1   [ RunTime:0.0003s ]
SQL: SHOW COLUMNS FROM `m_admin_advert` [ RunTime:0.0036s ]
SQL: SELECT `xuhao`,`img_url`,`url` FROM `m_admin_advert` WHERE ( position='轮播上' )  [ RunTime:0.0003s ]
SQL: SELECT `xuhao`,`img_url`,`url` FROM `m_admin_advert` WHERE ( position='轮播下' )  [ RunTime:0.0003s ]
SQL: SELECT `xuhao`,`img_url`,`url`,`title` FROM `m_admin_advert` WHERE ( position='首页右' )  [ RunTime:0.0003s ]
SQL: SHOW COLUMNS FROM `m_category` [ RunTime:0.0036s ]
SQL: SELECT t2.goods_id,t2.area,t2.user_id,t2.goods_name,t2.price,t2.yuan_price,t2.goods_img,t2.comment_number,t1.cat_name,t3.user_name,t2.goods_id,t2.score,t2.buy_number FROM m_category t1,m_goods t2,m_users t3 WHERE ( t2.cat_id=1 and t2.is_delete=0 and t2.cat_id=t1.cat_id and t2.user_id=t3.user_id ) ORDER BY t2.last_update desc LIMIT 8   [ RunTime:0.0010s ]
SQL: SHOW COLUMNS FROM `m_category` [ RunTime:0.0038s ]
SQL: SELECT t2.goods_id,t2.area,t2.user_id,t2.goods_name,t2.price,t2.yuan_price,t2.goods_img,t2.comment_number,t1.cat_name,t3.user_name,t2.goods_id,t2.buy_number FROM m_category t1,m_goods t2,m_users t3 WHERE ( t2.cat_id=2 and t2.is_delete=0 and t2.cat_id=t1.cat_id and t2.user_id=t3.user_id ) ORDER BY t2.last_update desc LIMIT 8   [ RunTime:0.0006s ]
SQL: SHOW COLUMNS FROM `m_category` [ RunTime:0.0035s ]
SQL: SELECT t2.goods_id,t2.area,t2.user_id,t2.goods_name,t2.price,t2.yuan_price,t2.goods_img,t2.comment_number,t1.cat_name,t3.user_name,t2.goods_id,t2.buy_number FROM m_category t1,m_goods t2,m_users t3 WHERE ( t2.cat_id=3 and t2.is_delete=0 and t2.cat_id=t1.cat_id and t2.user_id=t3.user_id ) ORDER BY t2.last_update desc LIMIT 8   [ RunTime:0.0007s ]
SQL: SHOW COLUMNS FROM `m_category` [ RunTime:0.0036s ]
SQL: SELECT t2.goods_id,t2.area,t2.user_id,t2.goods_name,t2.price,t2.yuan_price,t2.goods_img,t2.comment_number,t1.cat_name,t3.user_name,t2.goods_id,t2.buy_number FROM m_category t1,m_goods t2,m_users t3 WHERE ( t2.cat_id=4 and t2.is_delete=0 and t2.cat_id=t1.cat_id and t2.user_id=t3.user_id ) ORDER BY t2.last_update desc LIMIT 8   [ RunTime:0.0008s ]
SQL: SHOW COLUMNS FROM `m_category` [ RunTime:0.0041s ]
SQL: SELECT t2.goods_id,t2.area,t2.user_id,t2.goods_name,t2.price,t2.yuan_price,t2.goods_img,t2.comment_number,t1.cat_name,t3.user_name,t2.goods_id,t2.buy_number FROM m_category t1,m_goods t2,m_users t3 WHERE ( t2.cat_id=5 and t2.is_delete=0 and t2.cat_id=t1.cat_id and t2.user_id=t3.user_id ) ORDER BY t2.last_update desc LIMIT 8   [ RunTime:0.0007s ]
SQL: SHOW COLUMNS FROM `m_category` [ RunTime:0.0035s ]
SQL: SELECT t2.goods_id,t2.area,t2.user_id,t2.goods_name,t2.price,t2.yuan_price,t2.goods_img,t2.comment_number,t1.cat_name,t3.user_name,t2.goods_id,t2.buy_number FROM m_category t1,m_goods t2,m_users t3 WHERE ( t2.cat_id=6 and t2.is_delete=0 and t2.cat_id=t1.cat_id and t2.user_id=t3.user_id ) ORDER BY t2.last_update desc LIMIT 8   [ RunTime:0.0007s ]
SQL: SHOW COLUMNS FROM `m_category` [ RunTime:0.0036s ]
SQL: SELECT t2.goods_id,t2.area,t2.user_id,t2.goods_name,t2.price,t2.yuan_price,t2.goods_img,t2.comment_number,t1.cat_name,t3.user_name,t2.goods_id,t2.buy_number FROM m_category t1,m_goods t2,m_users t3 WHERE ( t2.cat_id=7 and t2.is_delete=0 and t2.cat_id=t1.cat_id and t2.user_id=t3.user_id ) ORDER BY t2.last_update desc LIMIT 8   [ RunTime:0.0007s ]
SQL: SHOW COLUMNS FROM `m_category` [ RunTime:0.0037s ]
SQL: SELECT t2.goods_id,t2.area,t2.user_id,t2.goods_name,t2.price,t2.yuan_price,t2.goods_img,t2.comment_number,t1.cat_name,t3.user_name,t2.goods_id,t2.buy_number FROM m_category t1,m_goods t2,m_users t3 WHERE ( t2.cat_id=8 and t2.is_delete=0 and t2.cat_id=t1.cat_id and t2.user_id=t3.user_id ) ORDER BY t2.last_update desc LIMIT 8   [ RunTime:0.0007s ]
SQL: SHOW COLUMNS FROM `m_category` [ RunTime:0.0035s ]
SQL: SELECT t2.goods_id,t2.area,t2.user_id,t2.goods_name,t2.price,t2.yuan_price,t2.goods_img,t2.comment_number,t1.cat_name,t3.user_name,t2.goods_id,t2.buy_number FROM m_category t1,m_goods t2,m_users t3 WHERE ( t2.cat_id=9 and t2.is_delete=0 and t2.cat_id=t1.cat_id and t2.user_id=t3.user_id ) ORDER BY t2.last_update desc LIMIT 8   [ RunTime:0.0007s ]
SQL: SHOW COLUMNS FROM `m_category` [ RunTime:0.0035s ]
SQL: SELECT t2.goods_id,t2.area,t2.user_id,t2.goods_name,t2.price,t2.yuan_price,t2.goods_img,t2.comment_number,t1.cat_name,t3.user_name,t2.goods_id,t2.buy_number FROM m_category t1,m_goods t2,m_users t3 WHERE ( t2.cat_id=10 and t2.is_delete=0 and t2.cat_id=t1.cat_id and t2.user_id=t3.user_id ) ORDER BY t2.last_update desc LIMIT 8   [ RunTime:0.0004s ]
INFO: [ view_parse ] --START--
INFO: [ template_filter ] --START--
INFO: Run Behavior\ContentReplaceBehavior [ RunTime:0.000555s ]
INFO: [ template_filter ] --END-- [ RunTime:0.000661s ]
NOTIC: [8] Undefined variable: get E:\wamp\www\myhunll\Application\Runtime\Cache\Home\4e8495c7f76d7caca27531a7e2e983f7.php 第 73 行.
NOTIC: [8] Undefined index: score E:\wamp\www\myhunll\Application\Runtime\Cache\Home\4e8495c7f76d7caca27531a7e2e983f7.php 第 350 行.
NOTIC: [8] Undefined index: score E:\wamp\www\myhunll\Application\Runtime\Cache\Home\4e8495c7f76d7caca27531a7e2e983f7.php 第 350 行.
NOTIC: [8] Undefined index: score E:\wamp\www\myhunll\Application\Runtime\Cache\Home\4e8495c7f76d7caca27531a7e2e983f7.php 第 350 行.
NOTIC: [8] Undefined index: score E:\wamp\www\myhunll\Application\Runtime\Cache\Home\4e8495c7f76d7caca27531a7e2e983f7.php 第 350 行.
NOTIC: [8] Undefined index: score E:\wamp\www\myhunll\Application\Runtime\Cache\Home\4e8495c7f76d7caca27531a7e2e983f7.php 第 350 行.
NOTIC: [8] Undefined index: score E:\wamp\www\myhunll\Application\Runtime\Cache\Home\4e8495c7f76d7caca27531a7e2e983f7.php 第 382 行.
NOTIC: [8] Undefined index: score E:\wamp\www\myhunll\Application\Runtime\Cache\Home\4e8495c7f76d7caca27531a7e2e983f7.php 第 382 行.
NOTIC: [8] Undefined index: score E:\wamp\www\myhunll\Application\Runtime\Cache\Home\4e8495c7f76d7caca27531a7e2e983f7.php 第 382 行.
NOTIC: [8] Undefined index: score E:\wamp\www\myhunll\Application\Runtime\Cache\Home\4e8495c7f76d7caca27531a7e2e983f7.php 第 382 行.
NOTIC: [8] Undefined index: score E:\wamp\www\myhunll\Application\Runtime\Cache\Home\4e8495c7f76d7caca27531a7e2e983f7.php 第 382 行.
NOTIC: [8] Undefined index: score E:\wamp\www\myhunll\Application\Runtime\Cache\Home\4e8495c7f76d7caca27531a7e2e983f7.php 第 382 行.
NOTIC: [8] Undefined index: score E:\wamp\www\myhunll\Application\Runtime\Cache\Home\4e8495c7f76d7caca27531a7e2e983f7.php 第 382 行.
NOTIC: [8] Undefined index: score E:\wamp\www\myhunll\Application\Runtime\Cache\Home\4e8495c7f76d7caca27531a7e2e983f7.php 第 382 行.
NOTIC: [8] Undefined index: score E:\wamp\www\myhunll\Application\Runtime\Cache\Home\4e8495c7f76d7caca27531a7e2e983f7.php 第 411 行.
NOTIC: [8] Undefined index: score E:\wamp\www\myhunll\Application\Runtime\Cache\Home\4e8495c7f76d7caca27531a7e2e983f7.php 第 411 行.
NOTIC: [8] Undefined index: score E:\wamp\www\myhunll\Application\Runtime\Cache\Home\4e8495c7f76d7caca27531a7e2e983f7.php 第 411 行.
NOTIC: [8] Undefined index: score E:\wamp\www\myhunll\Application\Runtime\Cache\Home\4e8495c7f76d7caca27531a7e2e983f7.php 第 411 行.
NOTIC: [8] Undefined index: score E:\wamp\www\myhunll\Application\Runtime\Cache\Home\4e8495c7f76d7caca27531a7e2e983f7.php 第 411 行.
NOTIC: [8] Undefined index: score E:\wamp\www\myhunll\Application\Runtime\Cache\Home\4e8495c7f76d7caca27531a7e2e983f7.php 第 411 行.
NOTIC: [8] Undefined index: score E:\wamp\www\myhunll\Application\Runtime\Cache\Home\4e8495c7f76d7caca27531a7e2e983f7.php 第 411 行.
NOTIC: [8] Undefined index: score E:\wamp\www\myhunll\Application\Runtime\Cache\Home\4e8495c7f76d7caca27531a7e2e983f7.php 第 411 行.
NOTIC: [8] Undefined index: score E:\wamp\www\myhunll\Application\Runtime\Cache\Home\4e8495c7f76d7caca27531a7e2e983f7.php 第 440 行.
NOTIC: [8] Undefined index: score E:\wamp\www\myhunll\Application\Runtime\Cache\Home\4e8495c7f76d7caca27531a7e2e983f7.php 第 440 行.
NOTIC: [8] Undefined index: score E:\wamp\www\myhunll\Application\Runtime\Cache\Home\4e8495c7f76d7caca27531a7e2e983f7.php 第 440 行.
NOTIC: [8] Undefined index: score E:\wamp\www\myhunll\Application\Runtime\Cache\Home\4e8495c7f76d7caca27531a7e2e983f7.php 第 440 行.
NOTIC: [8] Undefined index: score E:\wamp\www\myhunll\Application\Runtime\Cache\Home\4e8495c7f76d7caca27531a7e2e983f7.php 第 440 行.
NOTIC: [8] Undefined index: score E:\wamp\www\myhunll\Application\Runtime\Cache\Home\4e8495c7f76d7caca27531a7e2e983f7.php 第 440 行.
NOTIC: [8] Undefined index: score E:\wamp\www\myhunll\Application\Runtime\Cache\Home\4e8495c7f76d7caca27531a7e2e983f7.php 第 440 行.
NOTIC: [8] Undefined index: score E:\wamp\www\myhunll\Application\Runtime\Cache\Home\4e8495c7f76d7caca27531a7e2e983f7.php 第 440 行.
NOTIC: [8] Undefined index: score E:\wamp\www\myhunll\Application\Runtime\Cache\Home\4e8495c7f76d7caca27531a7e2e983f7.php 第 468 行.
NOTIC: [8] Undefined index: score E:\wamp\www\myhunll\Application\Runtime\Cache\Home\4e8495c7f76d7caca27531a7e2e983f7.php 第 468 行.
NOTIC: [8] Undefined index: score E:\wamp\www\myhunll\Application\Runtime\Cache\Home\4e8495c7f76d7caca27531a7e2e983f7.php 第 468 行.
NOTIC: [8] Undefined index: score E:\wamp\www\myhunll\Application\Runtime\Cache\Home\4e8495c7f76d7caca27531a7e2e983f7.php 第 468 行.
NOTIC: [8] Undefined index: score E:\wamp\www\myhunll\Application\Runtime\Cache\Home\4e8495c7f76d7caca27531a7e2e983f7.php 第 468 行.
NOTIC: [8] Undefined index: score E:\wamp\www\myhunll\Application\Runtime\Cache\Home\4e8495c7f76d7caca27531a7e2e983f7.php 第 468 行.
NOTIC: [8] Undefined index: score E:\wamp\www\myhunll\Application\Runtime\Cache\Home\4e8495c7f76d7caca27531a7e2e983f7.php 第 468 行.
NOTIC: [8] Undefined index: score E:\wamp\www\myhunll\Application\Runtime\Cache\Home\4e8495c7f76d7caca27531a7e2e983f7.php 第 468 行.
NOTIC: [8] Undefined index: score E:\wamp\www\myhunll\Application\Runtime\Cache\Home\4e8495c7f76d7caca27531a7e2e983f7.php 第 496 行.
NOTIC: [8] Undefined index: score E:\wamp\www\myhunll\Application\Runtime\Cache\Home\4e8495c7f76d7caca27531a7e2e983f7.php 第 496 行.
NOTIC: [8] Undefined index: score E:\wamp\www\myhunll\Application\Runtime\Cache\Home\4e8495c7f76d7caca27531a7e2e983f7.php 第 496 行.
NOTIC: [8] Undefined index: score E:\wamp\www\myhunll\Application\Runtime\Cache\Home\4e8495c7f76d7caca27531a7e2e983f7.php 第 496 行.
NOTIC: [8] Undefined index: score E:\wamp\www\myhunll\Application\Runtime\Cache\Home\4e8495c7f76d7caca27531a7e2e983f7.php 第 496 行.
NOTIC: [8] Undefined index: score E:\wamp\www\myhunll\Application\Runtime\Cache\Home\4e8495c7f76d7caca27531a7e2e983f7.php 第 496 行.
NOTIC: [8] Undefined index: score E:\wamp\www\myhunll\Application\Runtime\Cache\Home\4e8495c7f76d7caca27531a7e2e983f7.php 第 496 行.
NOTIC: [8] Undefined index: score E:\wamp\www\myhunll\Application\Runtime\Cache\Home\4e8495c7f76d7caca27531a7e2e983f7.php 第 496 行.
NOTIC: [8] Undefined index: score E:\wamp\www\myhunll\Application\Runtime\Cache\Home\4e8495c7f76d7caca27531a7e2e983f7.php 第 524 行.
NOTIC: [8] Undefined index: score E:\wamp\www\myhunll\Application\Runtime\Cache\Home\4e8495c7f76d7caca27531a7e2e983f7.php 第 524 行.
NOTIC: [8] Undefined index: score E:\wamp\www\myhunll\Application\Runtime\Cache\Home\4e8495c7f76d7caca27531a7e2e983f7.php 第 524 行.
NOTIC: [8] Undefined index: score E:\wamp\www\myhunll\Application\Runtime\Cache\Home\4e8495c7f76d7caca27531a7e2e983f7.php 第 524 行.
NOTIC: [8] Undefined index: score E:\wamp\www\myhunll\Application\Runtime\Cache\Home\4e8495c7f76d7caca27531a7e2e983f7.php 第 524 行.
NOTIC: [8] Undefined index: score E:\wamp\www\myhunll\Application\Runtime\Cache\Home\4e8495c7f76d7caca27531a7e2e983f7.php 第 524 行.
NOTIC: [8] Undefined index: score E:\wamp\www\myhunll\Application\Runtime\Cache\Home\4e8495c7f76d7caca27531a7e2e983f7.php 第 524 行.
NOTIC: [8] Undefined index: score E:\wamp\www\myhunll\Application\Runtime\Cache\Home\4e8495c7f76d7caca27531a7e2e983f7.php 第 524 行.
NOTIC: [8] Undefined index: score E:\wamp\www\myhunll\Application\Runtime\Cache\Home\4e8495c7f76d7caca27531a7e2e983f7.php 第 551 行.
NOTIC: [8] Undefined index: score E:\wamp\www\myhunll\Application\Runtime\Cache\Home\4e8495c7f76d7caca27531a7e2e983f7.php 第 551 行.
NOTIC: [8] Undefined index: score E:\wamp\www\myhunll\Application\Runtime\Cache\Home\4e8495c7f76d7caca27531a7e2e983f7.php 第 551 行.
NOTIC: [8] Undefined index: score E:\wamp\www\myhunll\Application\Runtime\Cache\Home\4e8495c7f76d7caca27531a7e2e983f7.php 第 551 行.
NOTIC: [8] Undefined index: score E:\wamp\www\myhunll\Application\Runtime\Cache\Home\4e8495c7f76d7caca27531a7e2e983f7.php 第 551 行.
NOTIC: [8] Undefined index: score E:\wamp\www\myhunll\Application\Runtime\Cache\Home\4e8495c7f76d7caca27531a7e2e983f7.php 第 551 行.
NOTIC: [8] Undefined index: score E:\wamp\www\myhunll\Application\Runtime\Cache\Home\4e8495c7f76d7caca27531a7e2e983f7.php 第 551 行.
NOTIC: [8] Undefined index: score E:\wamp\www\myhunll\Application\Runtime\Cache\Home\4e8495c7f76d7caca27531a7e2e983f7.php 第 551 行.
INFO: Run Behavior\ParseTemplateBehavior [ RunTime:0.090944s ]
INFO: [ view_parse ] --END-- [ RunTime:0.091035s ]
INFO: [ view_filter ] --START--
INFO: Run Behavior\WriteHtmlCacheBehavior [ RunTime:0.000567s ]
INFO: [ view_filter ] --END-- [ RunTime:0.000641s ]
INFO: [ app_end ] --START--
INFO: Run Behavior\ShowPageTraceBehavior [ RunTime:0.000615s ]
INFO: [ app_end ] --END-- [ RunTime:0.000688s ]

[ 2016-04-14T01:03:46+08:00 ] 127.0.0.1 /Home/Index/menu.html
INFO: [ app_init ] --START--
INFO: Run Behavior\BuildLiteBehavior [ RunTime:0.000066s ]
INFO: [ app_init ] --END-- [ RunTime:0.001036s ]
INFO: [ app_begin ] --START--
INFO: Run Behavior\ReadHtmlCacheBehavior [ RunTime:0.001292s ]
INFO: [ app_begin ] --END-- [ RunTime:0.001464s ]
SQL: SHOW COLUMNS FROM `m_admin_infor` [ RunTime:0.0062s ]
SQL: SELECT * FROM `m_admin_infor` WHERE ( id=1 ) LIMIT 1   [ RunTime:0.0005s ]
SQL: SELECT `goods_id`,`goods_name`,`yuan_price`,`price`,`goods_img` FROM `m_goods` WHERE ( goods_id=171 ) LIMIT 1   [ RunTime:0.0005s ]
SQL: SELECT `goods_id`,`goods_name`,`yuan_price`,`price`,`goods_img` FROM `m_goods` WHERE ( goods_id=108 ) LIMIT 1   [ RunTime:0.0003s ]
SQL: SELECT `goods_id`,`goods_name`,`yuan_price`,`price`,`goods_img` FROM `m_goods` WHERE ( goods_id=168 ) LIMIT 1   [ RunTime:0.0005s ]
SQL: SELECT `goods_id`,`goods_name`,`yuan_price`,`price`,`goods_img` FROM `m_goods` WHERE ( goods_id=172 ) LIMIT 1   [ RunTime:0.0005s ]
SQL: SELECT `goods_id`,`goods_name`,`yuan_price`,`price`,`goods_img` FROM `m_goods` WHERE ( goods_id=173 ) LIMIT 1   [ RunTime:0.0006s ]
INFO: [ view_parse ] --START--
INFO: [ template_filter ] --START--
INFO: Run Behavior\ContentReplaceBehavior [ RunTime:0.000157s ]
INFO: [ template_filter ] --END-- [ RunTime:0.000358s ]
NOTIC: [8] Undefined variable: huiyuanming E:\wamp\www\myhunll\Application\Runtime\Cache\Home\1f35679180272d72da162141f7221c2f.php 第 21 行.
NOTIC: [8] Undefined variable: yonghu_url E:\wamp\www\myhunll\Application\Runtime\Cache\Home\1f35679180272d72da162141f7221c2f.php 第 22 行.
NOTIC: [8] Undefined variable: tuichu_url E:\wamp\www\myhunll\Application\Runtime\Cache\Home\1f35679180272d72da162141f7221c2f.php 第 26 行.
INFO: Run Behavior\ParseTemplateBehavior [ RunTime:0.012418s ]
INFO: [ view_parse ] --END-- [ RunTime:0.012615s ]
INFO: [ view_filter ] --START--
INFO: Run Behavior\WriteHtmlCacheBehavior [ RunTime:0.000925s ]
INFO: [ view_filter ] --END-- [ RunTime:0.001096s ]
INFO: [ app_end ] --START--
INFO: Run Behavior\ShowPageTraceBehavior [ RunTime:0.001396s ]
INFO: [ app_end ] --END-- [ RunTime:0.001545s ]

[ 2016-04-14T01:03:46+08:00 ] 127.0.0.1 /Home/Index/menu.html
INFO: [ app_init ] --START--
INFO: Run Behavior\BuildLiteBehavior [ RunTime:0.000023s ]
INFO: [ app_init ] --END-- [ RunTime:0.000434s ]
INFO: [ app_begin ] --START--
INFO: Run Behavior\ReadHtmlCacheBehavior [ RunTime:0.000580s ]
INFO: [ app_begin ] --END-- [ RunTime:0.000667s ]
SQL: SHOW COLUMNS FROM `m_admin_infor` [ RunTime:0.0037s ]
SQL: SELECT * FROM `m_admin_infor` WHERE ( id=1 ) LIMIT 1   [ RunTime:0.0004s ]
SQL: SELECT `goods_id`,`goods_name`,`yuan_price`,`price`,`goods_img` FROM `m_goods` WHERE ( goods_id=171 ) LIMIT 1   [ RunTime:0.0005s ]
SQL: SELECT `goods_id`,`goods_name`,`yuan_price`,`price`,`goods_img` FROM `m_goods` WHERE ( goods_id=108 ) LIMIT 1   [ RunTime:0.0005s ]
SQL: SELECT `goods_id`,`goods_name`,`yuan_price`,`price`,`goods_img` FROM `m_goods` WHERE ( goods_id=168 ) LIMIT 1   [ RunTime:0.0004s ]
SQL: SELECT `goods_id`,`goods_name`,`yuan_price`,`price`,`goods_img` FROM `m_goods` WHERE ( goods_id=172 ) LIMIT 1   [ RunTime:0.0003s ]
SQL: SELECT `goods_id`,`goods_name`,`yuan_price`,`price`,`goods_img` FROM `m_goods` WHERE ( goods_id=173 ) LIMIT 1   [ RunTime:0.0003s ]
INFO: [ view_parse ] --START--
INFO: [ template_filter ] --START--
INFO: Run Behavior\ContentReplaceBehavior [ RunTime:0.000097s ]
INFO: [ template_filter ] --END-- [ RunTime:0.000191s ]
NOTIC: [8] Undefined variable: huiyuanming E:\wamp\www\myhunll\Application\Runtime\Cache\Home\1f35679180272d72da162141f7221c2f.php 第 21 行.
NOTIC: [8] Undefined variable: yonghu_url E:\wamp\www\myhunll\Application\Runtime\Cache\Home\1f35679180272d72da162141f7221c2f.php 第 22 行.
NOTIC: [8] Undefined variable: tuichu_url E:\wamp\www\myhunll\Application\Runtime\Cache\Home\1f35679180272d72da162141f7221c2f.php 第 26 行.
INFO: Run Behavior\ParseTemplateBehavior [ RunTime:0.007956s ]
INFO: [ view_parse ] --END-- [ RunTime:0.008034s ]
INFO: [ view_filter ] --START--
INFO: Run Behavior\WriteHtmlCacheBehavior [ RunTime:0.000418s ]
INFO: [ view_filter ] --END-- [ RunTime:0.000481s ]
INFO: [ app_end ] --START--
INFO: Run Behavior\ShowPageTraceBehavior [ RunTime:0.000558s ]
INFO: [ app_end ] --END-- [ RunTime:0.000627s ]

[ 2016-04-14T01:03:46+08:00 ] 127.0.0.1 /Home/login/is_login.html
INFO: [ app_init ] --START--
INFO: Run Behavior\BuildLiteBehavior [ RunTime:0.000039s ]
INFO: [ app_init ] --END-- [ RunTime:0.000767s ]
INFO: [ app_begin ] --START--
INFO: Run Behavior\ReadHtmlCacheBehavior [ RunTime:0.000943s ]
INFO: [ app_begin ] --END-- [ RunTime:0.001061s ]
SQL: SHOW COLUMNS FROM `m_admin_infor` [ RunTime:0.0053s ]
SQL: SELECT * FROM `m_admin_infor` WHERE ( id=1 ) LIMIT 1   [ RunTime:0.0004s ]
SQL: SELECT `goods_id`,`goods_name`,`yuan_price`,`price`,`goods_img` FROM `m_goods` WHERE ( goods_id=171 ) LIMIT 1   [ RunTime:0.0004s ]
SQL: SELECT `goods_id`,`goods_name`,`yuan_price`,`price`,`goods_img` FROM `m_goods` WHERE ( goods_id=108 ) LIMIT 1   [ RunTime:0.0003s ]
SQL: SELECT `goods_id`,`goods_name`,`yuan_price`,`price`,`goods_img` FROM `m_goods` WHERE ( goods_id=168 ) LIMIT 1   [ RunTime:0.0003s ]
SQL: SELECT `goods_id`,`goods_name`,`yuan_price`,`price`,`goods_img` FROM `m_goods` WHERE ( goods_id=172 ) LIMIT 1   [ RunTime:0.0002s ]
SQL: SELECT `goods_id`,`goods_name`,`yuan_price`,`price`,`goods_img` FROM `m_goods` WHERE ( goods_id=173 ) LIMIT 1   [ RunTime:0.0002s ]

[ 2016-04-14T01:03:47+08:00 ] 127.0.0.1 /Home/Login/index.html
INFO: [ app_init ] --START--
INFO: Run Behavior\BuildLiteBehavior [ RunTime:0.000023s ]
INFO: [ app_init ] --END-- [ RunTime:0.000426s ]
INFO: [ app_begin ] --START--
INFO: Run Behavior\ReadHtmlCacheBehavior [ RunTime:0.000628s ]
INFO: [ app_begin ] --END-- [ RunTime:0.000738s ]
SQL: SHOW COLUMNS FROM `m_admin_infor` [ RunTime:0.0039s ]
SQL: SELECT * FROM `m_admin_infor` WHERE ( id=1 ) LIMIT 1   [ RunTime:0.0003s ]
SQL: SELECT `goods_id`,`goods_name`,`yuan_price`,`price`,`goods_img` FROM `m_goods` WHERE ( goods_id=171 ) LIMIT 1   [ RunTime:0.0003s ]
SQL: SELECT `goods_id`,`goods_name`,`yuan_price`,`price`,`goods_img` FROM `m_goods` WHERE ( goods_id=108 ) LIMIT 1   [ RunTime:0.0002s ]
SQL: SELECT `goods_id`,`goods_name`,`yuan_price`,`price`,`goods_img` FROM `m_goods` WHERE ( goods_id=168 ) LIMIT 1   [ RunTime:0.0002s ]
SQL: SELECT `goods_id`,`goods_name`,`yuan_price`,`price`,`goods_img` FROM `m_goods` WHERE ( goods_id=172 ) LIMIT 1   [ RunTime:0.0002s ]
SQL: SELECT `goods_id`,`goods_name`,`yuan_price`,`price`,`goods_img` FROM `m_goods` WHERE ( goods_id=173 ) LIMIT 1   [ RunTime:0.0002s ]
INFO: [ view_parse ] --START--
INFO: [ template_filter ] --START--
INFO: Run Behavior\ContentReplaceBehavior [ RunTime:0.000118s ]
INFO: [ template_filter ] --END-- [ RunTime:0.000223s ]
NOTIC: [8] Undefined variable: infor_mima E:\wamp\www\myhunll\Application\Runtime\Cache\Home\71e023ad50fd1212773cf0a26f5ea150.php 第 57 行.
INFO: Run Behavior\ParseTemplateBehavior [ RunTime:0.011501s ]
INFO: [ view_parse ] --END-- [ RunTime:0.011634s ]
INFO: [ view_filter ] --START--
INFO: Run Behavior\WriteHtmlCacheBehavior [ RunTime:0.000453s ]
INFO: [ view_filter ] --END-- [ RunTime:0.000527s ]
INFO: [ app_end ] --START--
INFO: Run Behavior\ShowPageTraceBehavior [ RunTime:0.000562s ]
INFO: [ app_end ] --END-- [ RunTime:0.000636s ]

[ 2016-04-14T01:03:51+08:00 ] 127.0.0.1 /Home/login/login.html
INFO: [ app_init ] --START--
INFO: Run Behavior\BuildLiteBehavior [ RunTime:0.000023s ]
INFO: [ app_init ] --END-- [ RunTime:0.000540s ]
INFO: [ app_begin ] --START--
INFO: Run Behavior\ReadHtmlCacheBehavior [ RunTime:0.000578s ]
INFO: [ app_begin ] --END-- [ RunTime:0.000653s ]
SQL: SHOW COLUMNS FROM `m_admin_infor` [ RunTime:0.0040s ]
SQL: SELECT * FROM `m_admin_infor` WHERE ( id=1 ) LIMIT 1   [ RunTime:0.0004s ]
SQL: SELECT `goods_id`,`goods_name`,`yuan_price`,`price`,`goods_img` FROM `m_goods` WHERE ( goods_id=171 ) LIMIT 1   [ RunTime:0.0004s ]
SQL: SELECT `goods_id`,`goods_name`,`yuan_price`,`price`,`goods_img` FROM `m_goods` WHERE ( goods_id=108 ) LIMIT 1   [ RunTime:0.0003s ]
SQL: SELECT `goods_id`,`goods_name`,`yuan_price`,`price`,`goods_img` FROM `m_goods` WHERE ( goods_id=168 ) LIMIT 1   [ RunTime:0.0003s ]
SQL: SELECT `goods_id`,`goods_name`,`yuan_price`,`price`,`goods_img` FROM `m_goods` WHERE ( goods_id=172 ) LIMIT 1   [ RunTime:0.0003s ]
SQL: SELECT `goods_id`,`goods_name`,`yuan_price`,`price`,`goods_img` FROM `m_goods` WHERE ( goods_id=173 ) LIMIT 1   [ RunTime:0.0003s ]
SQL: SELECT COUNT(*) AS tp_count FROM `m_users` WHERE ( mobile_phone='13574506835' ) LIMIT 1   [ RunTime:0.0003s ]
SQL: SELECT `salt` FROM `m_users` WHERE ( mobile_phone='13574506835' ) LIMIT 1   [ RunTime:0.0003s ]
SQL: SELECT COUNT(*) AS tp_count FROM `m_users` WHERE ( mobile_phone='13574506835' and password='3242cd539d97f88c2c26b90e3560a798' ) LIMIT 1   [ RunTime:0.0003s ]

[ 2016-04-14T01:03:51+08:00 ] 127.0.0.1 /Home/Login/chenggong.html
INFO: [ app_init ] --START--
INFO: Run Behavior\BuildLiteBehavior [ RunTime:0.000023s ]
INFO: [ app_init ] --END-- [ RunTime:0.000716s ]
INFO: [ app_begin ] --START--
INFO: Run Behavior\ReadHtmlCacheBehavior [ RunTime:0.000590s ]
INFO: [ app_begin ] --END-- [ RunTime:0.000681s ]
SQL: SHOW COLUMNS FROM `m_admin_infor` [ RunTime:0.0040s ]
SQL: SELECT * FROM `m_admin_infor` WHERE ( id=1 ) LIMIT 1   [ RunTime:0.0005s ]
SQL: SELECT `goods_id`,`goods_name`,`yuan_price`,`price`,`goods_img` FROM `m_goods` WHERE ( goods_id=171 ) LIMIT 1   [ RunTime:0.0004s ]
SQL: SELECT `goods_id`,`goods_name`,`yuan_price`,`price`,`goods_img` FROM `m_goods` WHERE ( goods_id=108 ) LIMIT 1   [ RunTime:0.0003s ]
SQL: SELECT `goods_id`,`goods_name`,`yuan_price`,`price`,`goods_img` FROM `m_goods` WHERE ( goods_id=168 ) LIMIT 1   [ RunTime:0.0003s ]
SQL: SELECT `goods_id`,`goods_name`,`yuan_price`,`price`,`goods_img` FROM `m_goods` WHERE ( goods_id=172 ) LIMIT 1   [ RunTime:0.0003s ]
SQL: SELECT `goods_id`,`goods_name`,`yuan_price`,`price`,`goods_img` FROM `m_goods` WHERE ( goods_id=173 ) LIMIT 1   [ RunTime:0.0003s ]
SQL: SELECT COUNT(*) AS tp_count FROM `m_users` WHERE ( mobile_phone='13574506835' ) LIMIT 1   [ RunTime:0.0014s ]
SQL: SELECT `salt` FROM `m_users` WHERE ( mobile_phone='13574506835' ) LIMIT 1   [ RunTime:0.0004s ]
SQL: SELECT COUNT(*) AS tp_count FROM `m_users` WHERE ( mobile_phone='13574506835' and password='3242cd539d97f88c2c26b90e3560a798' ) LIMIT 1   [ RunTime:0.0003s ]
NOTIC: [2048] mktime(): You should be using the time() function instead E:\wamp\www\myhunll\Application\Home\Controller\LoginController.class.php 第 70 行.
SQL: UPDATE `m_users` SET `last_login`='1460567031',`last_ip`='127.0.0.1' WHERE ( mobile_phone='13574506835' ) [ RunTime:0.0005s ]
SQL: SELECT `user_id` FROM `m_users` WHERE ( mobile_phone='13574506835' ) LIMIT 1   [ RunTime:0.0003s ]
SQL: SELECT `user_name` FROM `m_users` WHERE ( mobile_phone='13574506835' ) LIMIT 1   [ RunTime:0.0003s ]
SQL: SELECT `shopman_id` FROM `m_users` WHERE ( mobile_phone='13574506835' ) LIMIT 1   [ RunTime:0.0003s ]

[ 2016-04-14T01:03:51+08:00 ] 127.0.0.1 /Home/index/index.html
INFO: [ app_init ] --START--
INFO: Run Behavior\BuildLiteBehavior [ RunTime:0.000023s ]
INFO: [ app_init ] --END-- [ RunTime:0.000494s ]
INFO: [ app_begin ] --START--
INFO: Run Behavior\ReadHtmlCacheBehavior [ RunTime:0.000623s ]
INFO: [ app_begin ] --END-- [ RunTime:0.000727s ]
SQL: SHOW COLUMNS FROM `m_admin_infor` [ RunTime:0.0036s ]
SQL: SELECT * FROM `m_admin_infor` WHERE ( id=1 ) LIMIT 1   [ RunTime:0.0003s ]
SQL: SELECT `goods_id`,`goods_name`,`yuan_price`,`price`,`goods_img` FROM `m_goods` WHERE ( goods_id=171 ) LIMIT 1   [ RunTime:0.0003s ]
SQL: SELECT `goods_id`,`goods_name`,`yuan_price`,`price`,`goods_img` FROM `m_goods` WHERE ( goods_id=108 ) LIMIT 1   [ RunTime:0.0003s ]
SQL: SELECT `goods_id`,`goods_name`,`yuan_price`,`price`,`goods_img` FROM `m_goods` WHERE ( goods_id=168 ) LIMIT 1   [ RunTime:0.0002s ]
SQL: SELECT `goods_id`,`goods_name`,`yuan_price`,`price`,`goods_img` FROM `m_goods` WHERE ( goods_id=172 ) LIMIT 1   [ RunTime:0.0002s ]
SQL: SELECT `goods_id`,`goods_name`,`yuan_price`,`price`,`goods_img` FROM `m_goods` WHERE ( goods_id=173 ) LIMIT 1   [ RunTime:0.0002s ]
SQL: SHOW COLUMNS FROM `m_admin_advert` [ RunTime:0.0040s ]
SQL: SELECT `xuhao`,`img_url`,`url` FROM `m_admin_advert` WHERE ( position='轮播上' )  [ RunTime:0.0003s ]
SQL: SELECT `xuhao`,`img_url`,`url` FROM `m_admin_advert` WHERE ( position='轮播下' )  [ RunTime:0.0003s ]
SQL: SELECT `xuhao`,`img_url`,`url`,`title` FROM `m_admin_advert` WHERE ( position='首页右' )  [ RunTime:0.0004s ]
SQL: SHOW COLUMNS FROM `m_category` [ RunTime:0.0037s ]
SQL: SELECT t2.goods_id,t2.area,t2.user_id,t2.goods_name,t2.price,t2.yuan_price,t2.goods_img,t2.comment_number,t1.cat_name,t3.user_name,t2.goods_id,t2.score,t2.buy_number FROM m_category t1,m_goods t2,m_users t3 WHERE ( t2.cat_id=1 and t2.is_delete=0 and t2.cat_id=t1.cat_id and t2.user_id=t3.user_id ) ORDER BY t2.last_update desc LIMIT 8   [ RunTime:0.0007s ]
SQL: SHOW COLUMNS FROM `m_category` [ RunTime:0.0036s ]
SQL: SELECT t2.goods_id,t2.area,t2.user_id,t2.goods_name,t2.price,t2.yuan_price,t2.goods_img,t2.comment_number,t1.cat_name,t3.user_name,t2.goods_id,t2.buy_number FROM m_category t1,m_goods t2,m_users t3 WHERE ( t2.cat_id=2 and t2.is_delete=0 and t2.cat_id=t1.cat_id and t2.user_id=t3.user_id ) ORDER BY t2.last_update desc LIMIT 8   [ RunTime:0.0006s ]
SQL: SHOW COLUMNS FROM `m_category` [ RunTime:0.0041s ]
SQL: SELECT t2.goods_id,t2.area,t2.user_id,t2.goods_name,t2.price,t2.yuan_price,t2.goods_img,t2.comment_number,t1.cat_name,t3.user_name,t2.goods_id,t2.buy_number FROM m_category t1,m_goods t2,m_users t3 WHERE ( t2.cat_id=3 and t2.is_delete=0 and t2.cat_id=t1.cat_id and t2.user_id=t3.user_id ) ORDER BY t2.last_update desc LIMIT 8   [ RunTime:0.0008s ]
SQL: SHOW COLUMNS FROM `m_category` [ RunTime:0.0036s ]
SQL: SELECT t2.goods_id,t2.area,t2.user_id,t2.goods_name,t2.price,t2.yuan_price,t2.goods_img,t2.comment_number,t1.cat_name,t3.user_name,t2.goods_id,t2.buy_number FROM m_category t1,m_goods t2,m_users t3 WHERE ( t2.cat_id=4 and t2.is_delete=0 and t2.cat_id=t1.cat_id and t2.user_id=t3.user_id ) ORDER BY t2.last_update desc LIMIT 8   [ RunTime:0.0007s ]
SQL: SHOW COLUMNS FROM `m_category` [ RunTime:0.0035s ]
SQL: SELECT t2.goods_id,t2.area,t2.user_id,t2.goods_name,t2.price,t2.yuan_price,t2.goods_img,t2.comment_number,t1.cat_name,t3.user_name,t2.goods_id,t2.buy_number FROM m_category t1,m_goods t2,m_users t3 WHERE ( t2.cat_id=5 and t2.is_delete=0 and t2.cat_id=t1.cat_id and t2.user_id=t3.user_id ) ORDER BY t2.last_update desc LIMIT 8   [ RunTime:0.0007s ]
SQL: SHOW COLUMNS FROM `m_category` [ RunTime:0.0035s ]
SQL: SELECT t2.goods_id,t2.area,t2.user_id,t2.goods_name,t2.price,t2.yuan_price,t2.goods_img,t2.comment_number,t1.cat_name,t3.user_name,t2.goods_id,t2.buy_number FROM m_category t1,m_goods t2,m_users t3 WHERE ( t2.cat_id=6 and t2.is_delete=0 and t2.cat_id=t1.cat_id and t2.user_id=t3.user_id ) ORDER BY t2.last_update desc LIMIT 8   [ RunTime:0.0008s ]
SQL: SHOW COLUMNS FROM `m_category` [ RunTime:0.0036s ]
SQL: SELECT t2.goods_id,t2.area,t2.user_id,t2.goods_name,t2.price,t2.yuan_price,t2.goods_img,t2.comment_number,t1.cat_name,t3.user_name,t2.goods_id,t2.buy_number FROM m_category t1,m_goods t2,m_users t3 WHERE ( t2.cat_id=7 and t2.is_delete=0 and t2.cat_id=t1.cat_id and t2.user_id=t3.user_id ) ORDER BY t2.last_update desc LIMIT 8   [ RunTime:0.0007s ]
SQL: SHOW COLUMNS FROM `m_category` [ RunTime:0.0034s ]
SQL: SELECT t2.goods_id,t2.area,t2.user_id,t2.goods_name,t2.price,t2.yuan_price,t2.goods_img,t2.comment_number,t1.cat_name,t3.user_name,t2.goods_id,t2.buy_number FROM m_category t1,m_goods t2,m_users t3 WHERE ( t2.cat_id=8 and t2.is_delete=0 and t2.cat_id=t1.cat_id and t2.user_id=t3.user_id ) ORDER BY t2.last_update desc LIMIT 8   [ RunTime:0.0007s ]
SQL: SHOW COLUMNS FROM `m_category` [ RunTime:0.0035s ]
SQL: SELECT t2.goods_id,t2.area,t2.user_id,t2.goods_name,t2.price,t2.yuan_price,t2.goods_img,t2.comment_number,t1.cat_name,t3.user_name,t2.goods_id,t2.buy_number FROM m_category t1,m_goods t2,m_users t3 WHERE ( t2.cat_id=9 and t2.is_delete=0 and t2.cat_id=t1.cat_id and t2.user_id=t3.user_id ) ORDER BY t2.last_update desc LIMIT 8   [ RunTime:0.0007s ]
SQL: SHOW COLUMNS FROM `m_category` [ RunTime:0.0039s ]
SQL: SELECT t2.goods_id,t2.area,t2.user_id,t2.goods_name,t2.price,t2.yuan_price,t2.goods_img,t2.comment_number,t1.cat_name,t3.user_name,t2.goods_id,t2.buy_number FROM m_category t1,m_goods t2,m_users t3 WHERE ( t2.cat_id=10 and t2.is_delete=0 and t2.cat_id=t1.cat_id and t2.user_id=t3.user_id ) ORDER BY t2.last_update desc LIMIT 8   [ RunTime:0.0005s ]
INFO: [ view_parse ] --START--
INFO: [ template_filter ] --START--
INFO: Run Behavior\ContentReplaceBehavior [ RunTime:0.000530s ]
INFO: [ template_filter ] --END-- [ RunTime:0.000629s ]
NOTIC: [8] Undefined variable: get E:\wamp\www\myhunll\Application\Runtime\Cache\Home\4e8495c7f76d7caca27531a7e2e983f7.php 第 73 行.
NOTIC: [8] Undefined index: score E:\wamp\www\myhunll\Application\Runtime\Cache\Home\4e8495c7f76d7caca27531a7e2e983f7.php 第 350 行.
NOTIC: [8] Undefined index: score E:\wamp\www\myhunll\Application\Runtime\Cache\Home\4e8495c7f76d7caca27531a7e2e983f7.php 第 350 行.
NOTIC: [8] Undefined index: score E:\wamp\www\myhunll\Application\Runtime\Cache\Home\4e8495c7f76d7caca27531a7e2e983f7.php 第 350 行.
NOTIC: [8] Undefined index: score E:\wamp\www\myhunll\Application\Runtime\Cache\Home\4e8495c7f76d7caca27531a7e2e983f7.php 第 350 行.
NOTIC: [8] Undefined index: score E:\wamp\www\myhunll\Application\Runtime\Cache\Home\4e8495c7f76d7caca27531a7e2e983f7.php 第 350 行.
NOTIC: [8] Undefined index: score E:\wamp\www\myhunll\Application\Runtime\Cache\Home\4e8495c7f76d7caca27531a7e2e983f7.php 第 382 行.
NOTIC: [8] Undefined index: score E:\wamp\www\myhunll\Application\Runtime\Cache\Home\4e8495c7f76d7caca27531a7e2e983f7.php 第 382 行.
NOTIC: [8] Undefined index: score E:\wamp\www\myhunll\Application\Runtime\Cache\Home\4e8495c7f76d7caca27531a7e2e983f7.php 第 382 行.
NOTIC: [8] Undefined index: score E:\wamp\www\myhunll\Application\Runtime\Cache\Home\4e8495c7f76d7caca27531a7e2e983f7.php 第 382 行.
NOTIC: [8] Undefined index: score E:\wamp\www\myhunll\Application\Runtime\Cache\Home\4e8495c7f76d7caca27531a7e2e983f7.php 第 382 行.
NOTIC: [8] Undefined index: score E:\wamp\www\myhunll\Application\Runtime\Cache\Home\4e8495c7f76d7caca27531a7e2e983f7.php 第 382 行.
NOTIC: [8] Undefined index: score E:\wamp\www\myhunll\Application\Runtime\Cache\Home\4e8495c7f76d7caca27531a7e2e983f7.php 第 382 行.
NOTIC: [8] Undefined index: score E:\wamp\www\myhunll\Application\Runtime\Cache\Home\4e8495c7f76d7caca27531a7e2e983f7.php 第 382 行.
NOTIC: [8] Undefined index: score E:\wamp\www\myhunll\Application\Runtime\Cache\Home\4e8495c7f76d7caca27531a7e2e983f7.php 第 411 行.
NOTIC: [8] Undefined index: score E:\wamp\www\myhunll\Application\Runtime\Cache\Home\4e8495c7f76d7caca27531a7e2e983f7.php 第 411 行.
NOTIC: [8] Undefined index: score E:\wamp\www\myhunll\Application\Runtime\Cache\Home\4e8495c7f76d7caca27531a7e2e983f7.php 第 411 行.
NOTIC: [8] Undefined index: score E:\wamp\www\myhunll\Application\Runtime\Cache\Home\4e8495c7f76d7caca27531a7e2e983f7.php 第 411 行.
NOTIC: [8] Undefined index: score E:\wamp\www\myhunll\Application\Runtime\Cache\Home\4e8495c7f76d7caca27531a7e2e983f7.php 第 411 行.
NOTIC: [8] Undefined index: score E:\wamp\www\myhunll\Application\Runtime\Cache\Home\4e8495c7f76d7caca27531a7e2e983f7.php 第 411 行.
NOTIC: [8] Undefined index: score E:\wamp\www\myhunll\Application\Runtime\Cache\Home\4e8495c7f76d7caca27531a7e2e983f7.php 第 411 行.
NOTIC: [8] Undefined index: score E:\wamp\www\myhunll\Application\Runtime\Cache\Home\4e8495c7f76d7caca27531a7e2e983f7.php 第 411 行.
NOTIC: [8] Undefined index: score E:\wamp\www\myhunll\Application\Runtime\Cache\Home\4e8495c7f76d7caca27531a7e2e983f7.php 第 440 行.
NOTIC: [8] Undefined index: score E:\wamp\www\myhunll\Application\Runtime\Cache\Home\4e8495c7f76d7caca27531a7e2e983f7.php 第 440 行.
NOTIC: [8] Undefined index: score E:\wamp\www\myhunll\Application\Runtime\Cache\Home\4e8495c7f76d7caca27531a7e2e983f7.php 第 440 行.
NOTIC: [8] Undefined index: score E:\wamp\www\myhunll\Application\Runtime\Cache\Home\4e8495c7f76d7caca27531a7e2e983f7.php 第 440 行.
NOTIC: [8] Undefined index: score E:\wamp\www\myhunll\Application\Runtime\Cache\Home\4e8495c7f76d7caca27531a7e2e983f7.php 第 440 行.
NOTIC: [8] Undefined index: score E:\wamp\www\myhunll\Application\Runtime\Cache\Home\4e8495c7f76d7caca27531a7e2e983f7.php 第 440 行.
NOTIC: [8] Undefined index: score E:\wamp\www\myhunll\Application\Runtime\Cache\Home\4e8495c7f76d7caca27531a7e2e983f7.php 第 440 行.
NOTIC: [8] Undefined index: score E:\wamp\www\myhunll\Application\Runtime\Cache\Home\4e8495c7f76d7caca27531a7e2e983f7.php 第 440 行.
NOTIC: [8] Undefined index: score E:\wamp\www\myhunll\Application\Runtime\Cache\Home\4e8495c7f76d7caca27531a7e2e983f7.php 第 468 行.
NOTIC: [8] Undefined index: score E:\wamp\www\myhunll\Application\Runtime\Cache\Home\4e8495c7f76d7caca27531a7e2e983f7.php 第 468 行.
NOTIC: [8] Undefined index: score E:\wamp\www\myhunll\Application\Runtime\Cache\Home\4e8495c7f76d7caca27531a7e2e983f7.php 第 468 行.
NOTIC: [8] Undefined index: score E:\wamp\www\myhunll\Application\Runtime\Cache\Home\4e8495c7f76d7caca27531a7e2e983f7.php 第 468 行.
NOTIC: [8] Undefined index: score E:\wamp\www\myhunll\Application\Runtime\Cache\Home\4e8495c7f76d7caca27531a7e2e983f7.php 第 468 行.
NOTIC: [8] Undefined index: score E:\wamp\www\myhunll\Application\Runtime\Cache\Home\4e8495c7f76d7caca27531a7e2e983f7.php 第 468 行.
NOTIC: [8] Undefined index: score E:\wamp\www\myhunll\Application\Runtime\Cache\Home\4e8495c7f76d7caca27531a7e2e983f7.php 第 468 行.
NOTIC: [8] Undefined index: score E:\wamp\www\myhunll\Application\Runtime\Cache\Home\4e8495c7f76d7caca27531a7e2e983f7.php 第 468 行.
NOTIC: [8] Undefined index: score E:\wamp\www\myhunll\Application\Runtime\Cache\Home\4e8495c7f76d7caca27531a7e2e983f7.php 第 496 行.
NOTIC: [8] Undefined index: score E:\wamp\www\myhunll\Application\Runtime\Cache\Home\4e8495c7f76d7caca27531a7e2e983f7.php 第 496 行.
NOTIC: [8] Undefined index: score E:\wamp\www\myhunll\Application\Runtime\Cache\Home\4e8495c7f76d7caca27531a7e2e983f7.php 第 496 行.
NOTIC: [8] Undefined index: score E:\wamp\www\myhunll\Application\Runtime\Cache\Home\4e8495c7f76d7caca27531a7e2e983f7.php 第 496 行.
NOTIC: [8] Undefined index: score E:\wamp\www\myhunll\Application\Runtime\Cache\Home\4e8495c7f76d7caca27531a7e2e983f7.php 第 496 行.
NOTIC: [8] Undefined index: score E:\wamp\www\myhunll\Application\Runtime\Cache\Home\4e8495c7f76d7caca27531a7e2e983f7.php 第 496 行.
NOTIC: [8] Undefined index: score E:\wamp\www\myhunll\Application\Runtime\Cache\Home\4e8495c7f76d7caca27531a7e2e983f7.php 第 496 行.
NOTIC: [8] Undefined index: score E:\wamp\www\myhunll\Application\Runtime\Cache\Home\4e8495c7f76d7caca27531a7e2e983f7.php 第 496 行.
NOTIC: [8] Undefined index: score E:\wamp\www\myhunll\Application\Runtime\Cache\Home\4e8495c7f76d7caca27531a7e2e983f7.php 第 524 行.
NOTIC: [8] Undefined index: score E:\wamp\www\myhunll\Application\Runtime\Cache\Home\4e8495c7f76d7caca27531a7e2e983f7.php 第 524 行.
NOTIC: [8] Undefined index: score E:\wamp\www\myhunll\Application\Runtime\Cache\Home\4e8495c7f76d7caca27531a7e2e983f7.php 第 524 行.
NOTIC: [8] Undefined index: score E:\wamp\www\myhunll\Application\Runtime\Cache\Home\4e8495c7f76d7caca27531a7e2e983f7.php 第 524 行.
NOTIC: [8] Undefined index: score E:\wamp\www\myhunll\Application\Runtime\Cache\Home\4e8495c7f76d7caca27531a7e2e983f7.php 第 524 行.
NOTIC: [8] Undefined index: score E:\wamp\www\myhunll\Application\Runtime\Cache\Home\4e8495c7f76d7caca27531a7e2e983f7.php 第 524 行.
NOTIC: [8] Undefined index: score E:\wamp\www\myhunll\Application\Runtime\Cache\Home\4e8495c7f76d7caca27531a7e2e983f7.php 第 524 行.
NOTIC: [8] Undefined index: score E:\wamp\www\myhunll\Application\Runtime\Cache\Home\4e8495c7f76d7caca27531a7e2e983f7.php 第 524 行.
NOTIC: [8] Undefined index: score E:\wamp\www\myhunll\Application\Runtime\Cache\Home\4e8495c7f76d7caca27531a7e2e983f7.php 第 551 行.
NOTIC: [8] Undefined index: score E:\wamp\www\myhunll\Application\Runtime\Cache\Home\4e8495c7f76d7caca27531a7e2e983f7.php 第 551 行.
NOTIC: [8] Undefined index: score E:\wamp\www\myhunll\Application\Runtime\Cache\Home\4e8495c7f76d7caca27531a7e2e983f7.php 第 551 行.
NOTIC: [8] Undefined index: score E:\wamp\www\myhunll\Application\Runtime\Cache\Home\4e8495c7f76d7caca27531a7e2e983f7.php 第 551 行.
NOTIC: [8] Undefined index: score E:\wamp\www\myhunll\Application\Runtime\Cache\Home\4e8495c7f76d7caca27531a7e2e983f7.php 第 551 行.
NOTIC: [8] Undefined index: score E:\wamp\www\myhunll\Application\Runtime\Cache\Home\4e8495c7f76d7caca27531a7e2e983f7.php 第 551 行.
NOTIC: [8] Undefined index: score E:\wamp\www\myhunll\Application\Runtime\Cache\Home\4e8495c7f76d7caca27531a7e2e983f7.php 第 551 行.
NOTIC: [8] Undefined index: score E:\wamp\www\myhunll\Application\Runtime\Cache\Home\4e8495c7f76d7caca27531a7e2e983f7.php 第 551 行.
INFO: Run Behavior\ParseTemplateBehavior [ RunTime:0.087993s ]
INFO: [ view_parse ] --END-- [ RunTime:0.088080s ]
INFO: [ view_filter ] --START--
INFO: Run Behavior\WriteHtmlCacheBehavior [ RunTime:0.000575s ]
INFO: [ view_filter ] --END-- [ RunTime:0.000647s ]
INFO: [ app_end ] --START--
INFO: Run Behavior\ShowPageTraceBehavior [ RunTime:0.000728s ]
INFO: [ app_end ] --END-- [ RunTime:0.000822s ]

[ 2016-04-14T01:03:51+08:00 ] 127.0.0.1 /Home/index/u/Public/Uploads/image/goods/20160408/14600491187657877541.jpg
INFO: [ app_init ] --START--
INFO: Run Behavior\BuildLiteBehavior [ RunTime:0.000034s ]
INFO: [ app_init ] --END-- [ RunTime:0.000641s ]

[ 2016-04-14T01:03:52+08:00 ] 127.0.0.1 /Home/Index/menu.html
INFO: [ app_init ] --START--
INFO: Run Behavior\BuildLiteBehavior [ RunTime:0.000040s ]
INFO: [ app_init ] --END-- [ RunTime:0.000790s ]
INFO: [ app_begin ] --START--
INFO: Run Behavior\ReadHtmlCacheBehavior [ RunTime:0.001259s ]
INFO: [ app_begin ] --END-- [ RunTime:0.001425s ]
SQL: SHOW COLUMNS FROM `m_admin_infor` [ RunTime:0.0054s ]
SQL: SELECT * FROM `m_admin_infor` WHERE ( id=1 ) LIMIT 1   [ RunTime:0.0004s ]
SQL: SELECT `goods_id`,`goods_name`,`yuan_price`,`price`,`goods_img` FROM `m_goods` WHERE ( goods_id=171 ) LIMIT 1   [ RunTime:0.0004s ]
SQL: SELECT `goods_id`,`goods_name`,`yuan_price`,`price`,`goods_img` FROM `m_goods` WHERE ( goods_id=108 ) LIMIT 1   [ RunTime:0.0003s ]
SQL: SELECT `goods_id`,`goods_name`,`yuan_price`,`price`,`goods_img` FROM `m_goods` WHERE ( goods_id=168 ) LIMIT 1   [ RunTime:0.0003s ]
SQL: SELECT `goods_id`,`goods_name`,`yuan_price`,`price`,`goods_img` FROM `m_goods` WHERE ( goods_id=172 ) LIMIT 1   [ RunTime:0.0003s ]
SQL: SELECT `goods_id`,`goods_name`,`yuan_price`,`price`,`goods_img` FROM `m_goods` WHERE ( goods_id=173 ) LIMIT 1   [ RunTime:0.0003s ]
INFO: [ view_parse ] --START--
INFO: [ template_filter ] --START--
INFO: Run Behavior\ContentReplaceBehavior [ RunTime:0.000127s ]
INFO: [ template_filter ] --END-- [ RunTime:0.000278s ]
INFO: Run Behavior\ParseTemplateBehavior [ RunTime:0.011414s ]
INFO: [ view_parse ] --END-- [ RunTime:0.011586s ]
INFO: [ view_filter ] --START--
INFO: Run Behavior\WriteHtmlCacheBehavior [ RunTime:0.007320s ]
INFO: [ view_filter ] --END-- [ RunTime:0.007485s ]
INFO: [ app_end ] --START--
INFO: Run Behavior\ShowPageTraceBehavior [ RunTime:0.002139s ]
INFO: [ app_end ] --END-- [ RunTime:0.002298s ]

[ 2016-04-14T01:03:52+08:00 ] 127.0.0.1 /Home/Index/menu.html
INFO: [ app_init ] --START--
INFO: Run Behavior\BuildLiteBehavior [ RunTime:0.000022s ]
INFO: [ app_init ] --END-- [ RunTime:0.000423s ]
INFO: [ app_begin ] --START--
INFO: Run Behavior\ReadHtmlCacheBehavior [ RunTime:0.000548s ]
INFO: [ app_begin ] --END-- [ RunTime:0.000631s ]
SQL: SHOW COLUMNS FROM `m_admin_infor` [ RunTime:0.0042s ]
SQL: SELECT * FROM `m_admin_infor` WHERE ( id=1 ) LIMIT 1   [ RunTime:0.0003s ]
SQL: SELECT `goods_id`,`goods_name`,`yuan_price`,`price`,`goods_img` FROM `m_goods` WHERE ( goods_id=171 ) LIMIT 1   [ RunTime:0.0003s ]
SQL: SELECT `goods_id`,`goods_name`,`yuan_price`,`price`,`goods_img` FROM `m_goods` WHERE ( goods_id=108 ) LIMIT 1   [ RunTime:0.0002s ]
SQL: SELECT `goods_id`,`goods_name`,`yuan_price`,`price`,`goods_img` FROM `m_goods` WHERE ( goods_id=168 ) LIMIT 1   [ RunTime:0.0002s ]
SQL: SELECT `goods_id`,`goods_name`,`yuan_price`,`price`,`goods_img` FROM `m_goods` WHERE ( goods_id=172 ) LIMIT 1   [ RunTime:0.0002s ]
SQL: SELECT `goods_id`,`goods_name`,`yuan_price`,`price`,`goods_img` FROM `m_goods` WHERE ( goods_id=173 ) LIMIT 1   [ RunTime:0.0002s ]
INFO: [ view_parse ] --START--
INFO: [ template_filter ] --START--
INFO: Run Behavior\ContentReplaceBehavior [ RunTime:0.000085s ]
INFO: [ template_filter ] --END-- [ RunTime:0.000221s ]
INFO: Run Behavior\ParseTemplateBehavior [ RunTime:0.007841s ]
INFO: [ view_parse ] --END-- [ RunTime:0.007919s ]
INFO: [ view_filter ] --START--
INFO: Run Behavior\WriteHtmlCacheBehavior [ RunTime:0.000464s ]
INFO: [ view_filter ] --END-- [ RunTime:0.000531s ]
INFO: [ app_end ] --START--
INFO: Run Behavior\ShowPageTraceBehavior [ RunTime:0.000707s ]
INFO: [ app_end ] --END-- [ RunTime:0.000809s ]

[ 2016-04-14T01:03:52+08:00 ] 127.0.0.1 /Home/login/is_login.html
INFO: [ app_init ] --START--
INFO: Run Behavior\BuildLiteBehavior [ RunTime:0.000031s ]
INFO: [ app_init ] --END-- [ RunTime:0.000565s ]
INFO: [ app_begin ] --START--
INFO: Run Behavior\ReadHtmlCacheBehavior [ RunTime:0.000821s ]
INFO: [ app_begin ] --END-- [ RunTime:0.000916s ]
SQL: SHOW COLUMNS FROM `m_admin_infor` [ RunTime:0.0036s ]
SQL: SELECT * FROM `m_admin_infor` WHERE ( id=1 ) LIMIT 1   [ RunTime:0.0003s ]
SQL: SELECT `goods_id`,`goods_name`,`yuan_price`,`price`,`goods_img` FROM `m_goods` WHERE ( goods_id=171 ) LIMIT 1   [ RunTime:0.0004s ]
SQL: SELECT `goods_id`,`goods_name`,`yuan_price`,`price`,`goods_img` FROM `m_goods` WHERE ( goods_id=108 ) LIMIT 1   [ RunTime:0.0003s ]
SQL: SELECT `goods_id`,`goods_name`,`yuan_price`,`price`,`goods_img` FROM `m_goods` WHERE ( goods_id=168 ) LIMIT 1   [ RunTime:0.0003s ]
SQL: SELECT `goods_id`,`goods_name`,`yuan_price`,`price`,`goods_img` FROM `m_goods` WHERE ( goods_id=172 ) LIMIT 1   [ RunTime:0.0003s ]
SQL: SELECT `goods_id`,`goods_name`,`yuan_price`,`price`,`goods_img` FROM `m_goods` WHERE ( goods_id=173 ) LIMIT 1   [ RunTime:0.0003s ]

[ 2016-04-14T01:03:56+08:00 ] 127.0.0.1 /Home/Member/hunlirenshangjiaxinxi.html
INFO: [ app_init ] --START--
INFO: Run Behavior\BuildLiteBehavior [ RunTime:0.000022s ]
INFO: [ app_init ] --END-- [ RunTime:0.000449s ]
INFO: [ app_begin ] --START--
INFO: Run Behavior\ReadHtmlCacheBehavior [ RunTime:0.000626s ]
INFO: [ app_begin ] --END-- [ RunTime:0.000710s ]
SQL: SHOW COLUMNS FROM `m_admin_infor` [ RunTime:0.0039s ]
SQL: SELECT * FROM `m_admin_infor` WHERE ( id=1 ) LIMIT 1   [ RunTime:0.0003s ]
SQL: SELECT `goods_id`,`goods_name`,`yuan_price`,`price`,`goods_img` FROM `m_goods` WHERE ( goods_id=171 ) LIMIT 1   [ RunTime:0.0003s ]
SQL: SELECT `goods_id`,`goods_name`,`yuan_price`,`price`,`goods_img` FROM `m_goods` WHERE ( goods_id=108 ) LIMIT 1   [ RunTime:0.0002s ]
SQL: SELECT `goods_id`,`goods_name`,`yuan_price`,`price`,`goods_img` FROM `m_goods` WHERE ( goods_id=168 ) LIMIT 1   [ RunTime:0.0002s ]
SQL: SELECT `goods_id`,`goods_name`,`yuan_price`,`price`,`goods_img` FROM `m_goods` WHERE ( goods_id=172 ) LIMIT 1   [ RunTime:0.0002s ]
SQL: SELECT `goods_id`,`goods_name`,`yuan_price`,`price`,`goods_img` FROM `m_goods` WHERE ( goods_id=173 ) LIMIT 1   [ RunTime:0.0002s ]
INFO: [ view_parse ] --START--
INFO: [ template_filter ] --START--
INFO: Run Behavior\ContentReplaceBehavior [ RunTime:0.000077s ]
INFO: [ template_filter ] --END-- [ RunTime:0.000170s ]
INFO: Run Behavior\ParseTemplateBehavior [ RunTime:0.007346s ]
INFO: [ view_parse ] --END-- [ RunTime:0.007512s ]
INFO: [ view_filter ] --START--
INFO: Run Behavior\WriteHtmlCacheBehavior [ RunTime:0.000614s ]
INFO: [ view_filter ] --END-- [ RunTime:0.000718s ]

[ 2016-04-14T01:03:59+08:00 ] 127.0.0.1 /Home/Zhuce/zhuce4.html
INFO: [ app_init ] --START--
INFO: Run Behavior\BuildLiteBehavior [ RunTime:0.000024s ]
INFO: [ app_init ] --END-- [ RunTime:0.000442s ]
INFO: [ app_begin ] --START--
INFO: Run Behavior\ReadHtmlCacheBehavior [ RunTime:0.000540s ]
INFO: [ app_begin ] --END-- [ RunTime:0.000625s ]
SQL: SHOW COLUMNS FROM `m_admin_infor` [ RunTime:0.0037s ]
SQL: SELECT * FROM `m_admin_infor` WHERE ( id=1 ) LIMIT 1   [ RunTime:0.0004s ]
SQL: SELECT `goods_id`,`goods_name`,`yuan_price`,`price`,`goods_img` FROM `m_goods` WHERE ( goods_id=171 ) LIMIT 1   [ RunTime:0.0003s ]
SQL: SELECT `goods_id`,`goods_name`,`yuan_price`,`price`,`goods_img` FROM `m_goods` WHERE ( goods_id=108 ) LIMIT 1   [ RunTime:0.0004s ]
SQL: SELECT `goods_id`,`goods_name`,`yuan_price`,`price`,`goods_img` FROM `m_goods` WHERE ( goods_id=168 ) LIMIT 1   [ RunTime:0.0003s ]
SQL: SELECT `goods_id`,`goods_name`,`yuan_price`,`price`,`goods_img` FROM `m_goods` WHERE ( goods_id=172 ) LIMIT 1   [ RunTime:0.0002s ]
SQL: SELECT `goods_id`,`goods_name`,`yuan_price`,`price`,`goods_img` FROM `m_goods` WHERE ( goods_id=173 ) LIMIT 1   [ RunTime:0.0002s ]
NOTIC: [8] Use of undefined constant zhuce4 - assumed 'zhuce4' E:\wamp\www\myhunll\Application\Home\Controller\ZhuceController.class.php 第 112 行.
INFO: [ view_parse ] --START--
INFO: [ template_filter ] --START--
INFO: Run Behavior\ContentReplaceBehavior [ RunTime:0.000176s ]
INFO: [ template_filter ] --END-- [ RunTime:0.000267s ]
INFO: Run Behavior\ParseTemplateBehavior [ RunTime:0.013052s ]
INFO: [ view_parse ] --END-- [ RunTime:0.013146s ]
INFO: [ view_filter ] --START--
INFO: Run Behavior\WriteHtmlCacheBehavior [ RunTime:0.000431s ]
INFO: [ view_filter ] --END-- [ RunTime:0.000525s ]
INFO: [ app_end ] --START--
INFO: Run Behavior\ShowPageTraceBehavior [ RunTime:0.000861s ]
INFO: [ app_end ] --END-- [ RunTime:0.000975s ]

