[ 2016-03-04T12:29:23+08:00 ] 127.0.0.1 /Public/Uploads/image/goods/20160229/14567435730985498603.jpg
INFO: [ app_init ] --START--
INFO: Run Behavior\BuildLiteBehavior [ RunTime:0.000039s ]
INFO: [ app_init ] --END-- [ RunTime:0.001423s ]
ERR: 无法加载模块:Public

[ 2016-03-04T12:29:23+08:00 ] 127.0.0.1 /Public/Uploads/image/goods/20160301/14568122747703643501.jpg
INFO: [ app_init ] --START--
INFO: Run Behavior\BuildLiteBehavior [ RunTime:0.000045s ]
INFO: [ app_init ] --END-- [ RunTime:0.000842s ]
ERR: 无法加载模块:Public

[ 2016-03-04T12:29:23+08:00 ] 127.0.0.1 /Public/Uploads/image/goods/20160301/14568129532659019726.jpg
INFO: [ app_init ] --START--
INFO: Run Behavior\BuildLiteBehavior [ RunTime:0.000039s ]
INFO: [ app_init ] --END-- [ RunTime:0.000850s ]
ERR: 无法加载模块:Public

[ 2016-03-04T12:29:23+08:00 ] 127.0.0.1 /Public/Uploads/image/goods/20160229/14567417738561586526.jpg
INFO: [ app_init ] --START--
INFO: Run Behavior\BuildLiteBehavior [ RunTime:0.000041s ]
INFO: [ app_init ] --END-- [ RunTime:0.016919s ]
ERR: 无法加载模块:Public

[ 2016-03-04T12:29:23+08:00 ] 127.0.0.1 /Public/Uploads/image/goods/20160229/14567430141720828185.jpg
INFO: [ app_init ] --START--
INFO: Run Behavior\BuildLiteBehavior [ RunTime:0.000027s ]
INFO: [ app_init ] --END-- [ RunTime:0.000527s ]
ERR: 无法加载模块:Public

[ 2016-03-04T12:29:23+08:00 ] 127.0.0.1 /Public/Uploads/image/goods/20160229/14567426577872116661.jpg
INFO: [ app_init ] --START--
INFO: Run Behavior\BuildLiteBehavior [ RunTime:0.000026s ]
INFO: [ app_init ] --END-- [ RunTime:0.000490s ]
ERR: 无法加载模块:Public

[ 2016-03-04T12:29:23+08:00 ] 127.0.0.1 /Public/Uploads/image/goods/20160229/14567351203753713696.jpg
INFO: [ app_init ] --START--
INFO: Run Behavior\BuildLiteBehavior [ RunTime:0.000041s ]
INFO: [ app_init ] --END-- [ RunTime:0.000779s ]
ERR: 无法加载模块:Public

[ 2016-03-04T12:29:23+08:00 ] 127.0.0.1 /Public/Uploads/image/goods/20160229/14567396339227875483.jpg
INFO: [ app_init ] --START--
INFO: Run Behavior\BuildLiteBehavior [ RunTime:0.000037s ]
INFO: [ app_init ] --END-- [ RunTime:0.000616s ]
ERR: 无法加载模块:Public

[ 2016-03-04T12:29:23+08:00 ] 127.0.0.1 /Public/Uploads/image/goods/20160229/14567400169181642845.jpg
INFO: [ app_init ] --START--
INFO: Run Behavior\BuildLiteBehavior [ RunTime:0.000031s ]
INFO: [ app_init ] --END-- [ RunTime:0.000976s ]
ERR: 无法加载模块:Public

[ 2016-03-04T12:29:23+08:00 ] 127.0.0.1 /Public/Uploads/image/goods/20160229/14567432557760564715.jpg
INFO: [ app_init ] --START--
INFO: Run Behavior\BuildLiteBehavior [ RunTime:0.000028s ]
INFO: [ app_init ] --END-- [ RunTime:0.000620s ]
ERR: 无法加载模块:Public

[ 2016-03-04T12:29:23+08:00 ] 127.0.0.1 /Public/Uploads/image/goods/20160301/14568124202320509615.jpg
INFO: [ app_init ] --START--
INFO: Run Behavior\BuildLiteBehavior [ RunTime:0.000028s ]
INFO: [ app_init ] --END-- [ RunTime:0.001215s ]
ERR: 无法加载模块:Public

[ 2016-03-04T12:29:23+08:00 ] 127.0.0.1 /Public/Uploads/image/goods/20160229/14567187046061492937.jpg
INFO: [ app_init ] --START--
INFO: Run Behavior\BuildLiteBehavior [ RunTime:0.000034s ]
INFO: [ app_init ] --END-- [ RunTime:0.000671s ]
ERR: 无法加载模块:Public

[ 2016-03-04T12:29:23+08:00 ] 127.0.0.1 /Public/Uploads/image/goods/20160229/14567408468133145043.jpg
INFO: [ app_init ] --START--
INFO: Run Behavior\BuildLiteBehavior [ RunTime:0.000031s ]
INFO: [ app_init ] --END-- [ RunTime:0.005932s ]
ERR: 无法加载模块:Public

[ 2016-03-04T12:29:23+08:00 ] 127.0.0.1 /Public/Uploads/image/goods/20160229/14567165347539774328.jpg
INFO: [ app_init ] --START--
INFO: Run Behavior\BuildLiteBehavior [ RunTime:0.000039s ]
INFO: [ app_init ] --END-- [ RunTime:0.000650s ]
ERR: 无法加载模块:Public

[ 2016-03-04T12:29:23+08:00 ] 127.0.0.1 /Public/Uploads/image/goods/20160229/14567180405050327949.jpg
INFO: [ app_init ] --START--
INFO: Run Behavior\BuildLiteBehavior [ RunTime:0.000039s ]
INFO: [ app_init ] --END-- [ RunTime:0.000718s ]
ERR: 无法加载模块:Public

[ 2016-03-04T12:29:23+08:00 ] 127.0.0.1 /Public/Uploads/image/goods/20160229/14567156100656996994.jpg
INFO: [ app_init ] --START--
INFO: Run Behavior\BuildLiteBehavior [ RunTime:0.000032s ]
INFO: [ app_init ] --END-- [ RunTime:0.000705s ]
ERR: 无法加载模块:Public

[ 2016-03-04T12:29:23+08:00 ] 127.0.0.1 /Public/Uploads/image/goods/20160229/14567162671115162215.jpg
INFO: [ app_init ] --START--
INFO: Run Behavior\BuildLiteBehavior [ RunTime:0.000040s ]
INFO: [ app_init ] --END-- [ RunTime:0.001388s ]
ERR: 无法加载模块:Public

[ 2016-03-04T12:29:23+08:00 ] 127.0.0.1 /Public/Uploads/image/goods/20160229/14567152764651222524.png
INFO: [ app_init ] --START--
INFO: Run Behavior\BuildLiteBehavior [ RunTime:0.000036s ]
INFO: [ app_init ] --END-- [ RunTime:0.000872s ]
ERR: 无法加载模块:Public

[ 2016-03-04T12:29:23+08:00 ] 127.0.0.1 /Public/Uploads/image/goods/20160229/14567095207570136352.jpg
INFO: [ app_init ] --START--
INFO: Run Behavior\BuildLiteBehavior [ RunTime:0.000046s ]
INFO: [ app_init ] --END-- [ RunTime:0.001441s ]
ERR: 无法加载模块:Public

[ 2016-03-04T12:29:23+08:00 ] 127.0.0.1 /Public/Uploads/image/goods/20160229/14567145381332956953.jpg
INFO: [ app_init ] --START--
INFO: Run Behavior\BuildLiteBehavior [ RunTime:0.000037s ]
INFO: [ app_init ] --END-- [ RunTime:0.000686s ]
ERR: 无法加载模块:Public

[ 2016-03-04T12:29:23+08:00 ] 127.0.0.1 /Public/Uploads/image/goods/20160229/14567115600659233946.jpg
INFO: [ app_init ] --START--
INFO: Run Behavior\BuildLiteBehavior [ RunTime:0.000038s ]
INFO: [ app_init ] --END-- [ RunTime:0.000711s ]
ERR: 无法加载模块:Public

[ 2016-03-04T12:29:23+08:00 ] 127.0.0.1 /Public/Uploads/image/goods/20160229/14567139535818539255.jpg
INFO: [ app_init ] --START--
INFO: Run Behavior\BuildLiteBehavior [ RunTime:0.000049s ]
INFO: [ app_init ] --END-- [ RunTime:0.004537s ]
ERR: 无法加载模块:Public

[ 2016-03-04T12:29:23+08:00 ] 127.0.0.1 /Public/Uploads/image/goods/20160229/14567111687793273244.jpg
INFO: [ app_init ] --START--
INFO: Run Behavior\BuildLiteBehavior [ RunTime:0.000035s ]
INFO: [ app_init ] --END-- [ RunTime:0.000654s ]
ERR: 无法加载模块:Public

[ 2016-03-04T12:29:23+08:00 ] 127.0.0.1 /Public/Uploads/image/goods/20160229/14567105242563224799.jpg
INFO: [ app_init ] --START--
INFO: Run Behavior\BuildLiteBehavior [ RunTime:0.000051s ]
INFO: [ app_init ] --END-- [ RunTime:0.004722s ]
ERR: 无法加载模块:Public

[ 2016-03-04T12:29:23+08:00 ] 127.0.0.1 /Public/Uploads/image/goods/20160229/14567149158196137578.jpg
INFO: [ app_init ] --START--
INFO: Run Behavior\BuildLiteBehavior [ RunTime:0.000039s ]
INFO: [ app_init ] --END-- [ RunTime:0.000760s ]
ERR: 无法加载模块:Public

[ 2016-03-04T12:29:23+08:00 ] 127.0.0.1 /Public/Uploads/image/goods/20160229/14567390064882998455.jpg
INFO: [ app_init ] --START--
INFO: Run Behavior\BuildLiteBehavior [ RunTime:0.000043s ]
INFO: [ app_init ] --END-- [ RunTime:0.000822s ]
ERR: 无法加载模块:Public

[ 2016-03-04T12:29:23+08:00 ] 127.0.0.1 /Public/Uploads/image/goods/20160229/14567189238263685776.jpg
INFO: [ app_init ] --START--
INFO: Run Behavior\BuildLiteBehavior [ RunTime:0.000044s ]
INFO: [ app_init ] --END-- [ RunTime:0.003096s ]
ERR: 无法加载模块:Public

[ 2016-03-04T12:29:23+08:00 ] 127.0.0.1 /Public/Uploads/image/goods/20160229/14567379872063622455.jpg
INFO: [ app_init ] --START--
INFO: Run Behavior\BuildLiteBehavior [ RunTime:0.000035s ]
INFO: [ app_init ] --END-- [ RunTime:0.000755s ]
ERR: 无法加载模块:Public

[ 2016-03-04T12:29:23+08:00 ] 127.0.0.1 /Public/Uploads/image/goods/20160229/14567384697721531926.jpg
INFO: [ app_init ] --START--
INFO: Run Behavior\BuildLiteBehavior [ RunTime:0.000112s ]
INFO: [ app_init ] --END-- [ RunTime:0.000936s ]
ERR: 无法加载模块:Public

[ 2016-03-04T12:29:23+08:00 ] 127.0.0.1 /Public/Uploads/image/goods/20160229/14567375846027814026.jpg
INFO: [ app_init ] --START--
INFO: Run Behavior\BuildLiteBehavior [ RunTime:0.000044s ]
INFO: [ app_init ] --END-- [ RunTime:0.002178s ]
ERR: 无法加载模块:Public

[ 2016-03-04T12:29:23+08:00 ] 127.0.0.1 /Public/Uploads/image/goods/20160229/14567366782176712979.jpg
INFO: [ app_init ] --START--
INFO: Run Behavior\BuildLiteBehavior [ RunTime:0.000046s ]
INFO: [ app_init ] --END-- [ RunTime:0.002235s ]
ERR: 无法加载模块:Public

[ 2016-03-04T12:29:23+08:00 ] 127.0.0.1 /Public/Uploads/image/goods/20160229/14567363582283082115.jpg
INFO: [ app_init ] --START--
INFO: Run Behavior\BuildLiteBehavior [ RunTime:0.000037s ]
INFO: [ app_init ] --END-- [ RunTime:0.000713s ]
ERR: 无法加载模块:Public

[ 2016-03-04T12:29:23+08:00 ] 127.0.0.1 /Public/Uploads/image/goods/20160229/14567341055109471989.jpg
INFO: [ app_init ] --START--
INFO: Run Behavior\BuildLiteBehavior [ RunTime:0.000046s ]
INFO: [ app_init ] --END-- [ RunTime:0.000840s ]
ERR: 无法加载模块:Public

[ 2016-03-04T12:29:23+08:00 ] 127.0.0.1 /Public/Uploads/image/goods/20160229/14567338097980193755.jpg
INFO: [ app_init ] --START--
INFO: Run Behavior\BuildLiteBehavior [ RunTime:0.000034s ]
INFO: [ app_init ] --END-- [ RunTime:0.000689s ]
ERR: 无法加载模块:Public

[ 2016-03-04T12:29:23+08:00 ] 127.0.0.1 /Public/Uploads/image/goods/20160229/14567184959585311155.jpg
INFO: [ app_init ] --START--
INFO: Run Behavior\BuildLiteBehavior [ RunTime:0.000049s ]
INFO: [ app_init ] --END-- [ RunTime:0.007337s ]
ERR: 无法加载模块:Public

[ 2016-03-04T12:29:23+08:00 ] 127.0.0.1 /Public/Uploads/image/goods/20160229/14567327943490905320.jpg
INFO: [ app_init ] --START--
INFO: Run Behavior\BuildLiteBehavior [ RunTime:0.000039s ]
INFO: [ app_init ] --END-- [ RunTime:0.000939s ]
ERR: 无法加载模块:Public

[ 2016-03-04T12:29:23+08:00 ] 127.0.0.1 /Public/Uploads/image/goods/20160229/14567370563626894532.jpg
INFO: [ app_init ] --START--
INFO: Run Behavior\BuildLiteBehavior [ RunTime:0.000062s ]
INFO: [ app_init ] --END-- [ RunTime:0.001076s ]
ERR: 无法加载模块:Public

[ 2016-03-04T12:29:23+08:00 ] 127.0.0.1 /Public/Uploads/image/goods/20160229/14567323198063905684.jpg
INFO: [ app_init ] --START--
INFO: Run Behavior\BuildLiteBehavior [ RunTime:0.000038s ]
INFO: [ app_init ] --END-- [ RunTime:0.001666s ]
ERR: 无法加载模块:Public

[ 2016-03-04T12:29:23+08:00 ] 127.0.0.1 /Public/Uploads/image/goods/20160229/14567330518749806383.jpg
INFO: [ app_init ] --START--
INFO: Run Behavior\BuildLiteBehavior [ RunTime:0.000149s ]
INFO: [ app_init ] --END-- [ RunTime:0.033675s ]
ERR: 无法加载模块:Public

[ 2016-03-04T12:29:23+08:00 ] 127.0.0.1 /Public/Uploads/image/goods/20160229/14567333598372149706.jpg
INFO: [ app_init ] --START--
INFO: Run Behavior\BuildLiteBehavior [ RunTime:0.000039s ]
INFO: [ app_init ] --END-- [ RunTime:0.000759s ]
ERR: 无法加载模块:Public

[ 2016-03-04T12:29:23+08:00 ] 127.0.0.1 /Public/Uploads/image/goods/20160229/14567381775644614128.jpg
INFO: [ app_init ] --START--
INFO: Run Behavior\BuildLiteBehavior [ RunTime:0.000104s ]
INFO: [ app_init ] --END-- [ RunTime:0.108529s ]
ERR: 无法加载模块:Public

[ 2016-03-04T12:29:23+08:00 ] 127.0.0.1 /Public/Uploads/image/goods/20160229/14567319637666989025.jpg
INFO: [ app_init ] --START--
INFO: Run Behavior\BuildLiteBehavior [ RunTime:0.000045s ]
INFO: [ app_init ] --END-- [ RunTime:0.002337s ]
ERR: 无法加载模块:Public

[ 2016-03-04T12:29:23+08:00 ] 127.0.0.1 /Public/Uploads/image/goods/20160229/14567316470029927821.jpg
INFO: [ app_init ] --START--
INFO: Run Behavior\BuildLiteBehavior [ RunTime:0.000028s ]
INFO: [ app_init ] --END-- [ RunTime:0.000586s ]
ERR: 无法加载模块:Public

[ 2016-03-04T12:29:24+08:00 ] 127.0.0.1 /favicon.ico
INFO: [ app_init ] --START--
INFO: Run Behavior\BuildLiteBehavior [ RunTime:0.000044s ]
INFO: [ app_init ] --END-- [ RunTime:0.000765s ]
ERR: 无法加载模块:Favicon

[ 2016-03-04T12:29:24+08:00 ] 127.0.0.1 /favicon.ico
INFO: [ app_init ] --START--
INFO: Run Behavior\BuildLiteBehavior [ RunTime:0.000042s ]
INFO: [ app_init ] --END-- [ RunTime:0.000785s ]
ERR: 无法加载模块:Favicon

[ 2016-03-04T12:34:30+08:00 ] 127.0.0.1 /Public/Uploads/image/goods/20160229/14567417738561586526.jpg
INFO: [ app_init ] --START--
INFO: Run Behavior\BuildLiteBehavior [ RunTime:0.000041s ]
INFO: [ app_init ] --END-- [ RunTime:0.000979s ]
ERR: 无法加载模块:Public

[ 2016-03-04T12:34:30+08:00 ] 127.0.0.1 /Public/Uploads/image/goods/20160301/14568122747703643501.jpg
INFO: [ app_init ] --START--
INFO: Run Behavior\BuildLiteBehavior [ RunTime:0.000043s ]
INFO: [ app_init ] --END-- [ RunTime:0.000814s ]
ERR: 无法加载模块:Public

[ 2016-03-04T12:34:30+08:00 ] 127.0.0.1 /Public/Uploads/image/goods/20160229/14567432557760564715.jpg
INFO: [ app_init ] --START--
INFO: Run Behavior\BuildLiteBehavior [ RunTime:0.000045s ]
INFO: [ app_init ] --END-- [ RunTime:0.000743s ]
ERR: 无法加载模块:Public

[ 2016-03-04T12:34:30+08:00 ] 127.0.0.1 /Public/Uploads/image/goods/20160229/14567435730985498603.jpg
INFO: [ app_init ] --START--
INFO: Run Behavior\BuildLiteBehavior [ RunTime:0.000037s ]
INFO: [ app_init ] --END-- [ RunTime:0.000893s ]
ERR: 无法加载模块:Public

[ 2016-03-04T12:34:30+08:00 ] 127.0.0.1 /Public/Uploads/image/goods/20160301/14568124202320509615.jpg
INFO: [ app_init ] --START--
INFO: Run Behavior\BuildLiteBehavior [ RunTime:0.000041s ]
INFO: [ app_init ] --END-- [ RunTime:0.000785s ]
ERR: 无法加载模块:Public

[ 2016-03-04T12:34:30+08:00 ] 127.0.0.1 /Public/Uploads/image/goods/20160301/14568129532659019726.jpg
INFO: [ app_init ] --START--
INFO: Run Behavior\BuildLiteBehavior [ RunTime:0.000042s ]
INFO: [ app_init ] --END-- [ RunTime:0.000776s ]
ERR: 无法加载模块:Public

[ 2016-03-04T12:34:30+08:00 ] 127.0.0.1 /Public/Uploads/image/goods/20160229/14567430141720828185.jpg
INFO: [ app_init ] --START--
INFO: Run Behavior\BuildLiteBehavior [ RunTime:0.000042s ]
INFO: [ app_init ] --END-- [ RunTime:0.000754s ]
ERR: 无法加载模块:Public

[ 2016-03-04T12:34:30+08:00 ] 127.0.0.1 /Public/Uploads/image/goods/20160229/14567426577872116661.jpg
INFO: [ app_init ] --START--
INFO: Run Behavior\BuildLiteBehavior [ RunTime:0.000039s ]
INFO: [ app_init ] --END-- [ RunTime:0.000770s ]
ERR: 无法加载模块:Public

[ 2016-03-04T12:34:30+08:00 ] 127.0.0.1 /Public/Uploads/image/goods/20160229/14567095207570136352.jpg
INFO: [ app_init ] --START--
INFO: Run Behavior\BuildLiteBehavior [ RunTime:0.000045s ]
INFO: [ app_init ] --END-- [ RunTime:0.000896s ]
ERR: 无法加载模块:Public

[ 2016-03-04T12:34:30+08:00 ] 127.0.0.1 /Public/Uploads/image/goods/20160229/14567400169181642845.jpg
INFO: [ app_init ] --START--
INFO: Run Behavior\BuildLiteBehavior [ RunTime:0.000046s ]
INFO: [ app_init ] --END-- [ RunTime:0.000803s ]
ERR: 无法加载模块:Public

[ 2016-03-04T12:34:30+08:00 ] 127.0.0.1 /Public/Uploads/image/goods/20160229/14567189238263685776.jpg
INFO: [ app_init ] --START--
INFO: Run Behavior\BuildLiteBehavior [ RunTime:0.000034s ]
INFO: [ app_init ] --END-- [ RunTime:0.000693s ]
ERR: 无法加载模块:Public

[ 2016-03-04T12:34:30+08:00 ] 127.0.0.1 /Public/Uploads/image/goods/20160229/14567408468133145043.jpg
INFO: [ app_init ] --START--
INFO: Run Behavior\BuildLiteBehavior [ RunTime:0.000045s ]
INFO: [ app_init ] --END-- [ RunTime:0.005521s ]
ERR: 无法加载模块:Public

[ 2016-03-04T12:34:30+08:00 ] 127.0.0.1 /Public/Uploads/image/goods/20160229/14567184959585311155.jpg
INFO: [ app_init ] --START--
INFO: Run Behavior\BuildLiteBehavior [ RunTime:0.000064s ]
INFO: [ app_init ] --END-- [ RunTime:0.000861s ]
ERR: 无法加载模块:Public

[ 2016-03-04T12:34:30+08:00 ] 127.0.0.1 /Public/Uploads/image/goods/20160229/14567187046061492937.jpg
INFO: [ app_init ] --START--
INFO: Run Behavior\BuildLiteBehavior [ RunTime:0.000041s ]
INFO: [ app_init ] --END-- [ RunTime:0.000709s ]
ERR: 无法加载模块:Public

[ 2016-03-04T12:34:30+08:00 ] 127.0.0.1 /Public/Uploads/image/goods/20160229/14567165347539774328.jpg
INFO: [ app_init ] --START--
INFO: Run Behavior\BuildLiteBehavior [ RunTime:0.000063s ]
INFO: [ app_init ] --END-- [ RunTime:0.001396s ]
ERR: 无法加载模块:Public

[ 2016-03-04T12:34:30+08:00 ] 127.0.0.1 /Public/Uploads/image/goods/20160229/14567417738561586526.jpg
INFO: [ app_init ] --START--
INFO: Run Behavior\BuildLiteBehavior [ RunTime:0.000037s ]
INFO: [ app_init ] --END-- [ RunTime:0.000709s ]
ERR: 无法加载模块:Public

[ 2016-03-04T12:34:30+08:00 ] 127.0.0.1 /Public/Uploads/image/goods/20160229/14567396339227875483.jpg
INFO: [ app_init ] --START--
INFO: Run Behavior\BuildLiteBehavior [ RunTime:0.000035s ]
INFO: [ app_init ] --END-- [ RunTime:0.001324s ]
ERR: 无法加载模块:Public

[ 2016-03-04T12:34:30+08:00 ] 127.0.0.1 /Public/Uploads/image/goods/20160301/14568122747703643501.jpg
INFO: [ app_init ] --START--
INFO: Run Behavior\BuildLiteBehavior [ RunTime:0.000036s ]
INFO: [ app_init ] --END-- [ RunTime:0.006551s ]
ERR: 无法加载模块:Public

[ 2016-03-04T12:34:30+08:00 ] 127.0.0.1 /Public/Uploads/image/goods/20160229/14567351203753713696.jpg
INFO: [ app_init ] --START--
INFO: Run Behavior\BuildLiteBehavior [ RunTime:0.000035s ]
INFO: [ app_init ] --END-- [ RunTime:0.000662s ]
ERR: 无法加载模块:Public

[ 2016-03-04T12:34:30+08:00 ] 127.0.0.1 /Public/Uploads/image/goods/20160229/14567152764651222524.png
INFO: [ app_init ] --START--
INFO: Run Behavior\BuildLiteBehavior [ RunTime:0.000041s ]
INFO: [ app_init ] --END-- [ RunTime:0.000800s ]
ERR: 无法加载模块:Public

[ 2016-03-04T12:34:30+08:00 ] 127.0.0.1 /Public/Uploads/image/goods/20160229/14567149158196137578.jpg
INFO: [ app_init ] --START--
INFO: Run Behavior\BuildLiteBehavior [ RunTime:0.000035s ]
INFO: [ app_init ] --END-- [ RunTime:0.000714s ]
ERR: 无法加载模块:Public

[ 2016-03-04T12:34:30+08:00 ] 127.0.0.1 /Public/Uploads/image/goods/20160229/14567145381332956953.jpg
INFO: [ app_init ] --START--
INFO: Run Behavior\BuildLiteBehavior [ RunTime:0.000043s ]
INFO: [ app_init ] --END-- [ RunTime:0.001063s ]
ERR: 无法加载模块:Public

[ 2016-03-04T12:34:30+08:00 ] 127.0.0.1 /Public/Uploads/image/goods/20160229/14567162671115162215.jpg
INFO: [ app_init ] --START--
INFO: Run Behavior\BuildLiteBehavior [ RunTime:0.000039s ]
INFO: [ app_init ] --END-- [ RunTime:0.000802s ]
ERR: 无法加载模块:Public

[ 2016-03-04T12:34:30+08:00 ] 127.0.0.1 /Public/Uploads/image/goods/20160229/14567139535818539255.jpg
INFO: [ app_init ] --START--
INFO: Run Behavior\BuildLiteBehavior [ RunTime:0.000034s ]
INFO: [ app_init ] --END-- [ RunTime:0.000651s ]
ERR: 无法加载模块:Public

[ 2016-03-04T12:34:30+08:00 ] 127.0.0.1 /Public/Uploads/image/goods/20160229/14567115600659233946.jpg
INFO: [ app_init ] --START--
INFO: Run Behavior\BuildLiteBehavior [ RunTime:0.000041s ]
INFO: [ app_init ] --END-- [ RunTime:0.000816s ]
ERR: 无法加载模块:Public

[ 2016-03-04T12:34:30+08:00 ] 127.0.0.1 /Public/Uploads/image/goods/20160229/14567156100656996994.jpg
INFO: [ app_init ] --START--
INFO: Run Behavior\BuildLiteBehavior [ RunTime:0.000043s ]
INFO: [ app_init ] --END-- [ RunTime:0.003995s ]
ERR: 无法加载模块:Public

[ 2016-03-04T12:34:30+08:00 ] 127.0.0.1 /Public/Uploads/image/goods/20160229/14567180405050327949.jpg
INFO: [ app_init ] --START--
INFO: Run Behavior\BuildLiteBehavior [ RunTime:0.000037s ]
INFO: [ app_init ] --END-- [ RunTime:0.001715s ]
ERR: 无法加载模块:Public

[ 2016-03-04T12:34:30+08:00 ] 127.0.0.1 /Public/Uploads/image/goods/20160229/14567390064882998455.jpg
INFO: [ app_init ] --START--
INFO: Run Behavior\BuildLiteBehavior [ RunTime:0.000041s ]
INFO: [ app_init ] --END-- [ RunTime:0.001395s ]
ERR: 无法加载模块:Public

[ 2016-03-04T12:34:30+08:00 ] 127.0.0.1 /Public/Uploads/image/goods/20160229/14567381775644614128.jpg
INFO: [ app_init ] --START--
INFO: Run Behavior\BuildLiteBehavior [ RunTime:0.000040s ]
INFO: [ app_init ] --END-- [ RunTime:0.000942s ]
ERR: 无法加载模块:Public

[ 2016-03-04T12:34:30+08:00 ] 127.0.0.1 /Public/Uploads/image/goods/20160229/14567379872063622455.jpg
INFO: [ app_init ] --START--
INFO: Run Behavior\BuildLiteBehavior [ RunTime:0.000041s ]
INFO: [ app_init ] --END-- [ RunTime:0.001091s ]
ERR: 无法加载模块:Public

[ 2016-03-04T12:34:30+08:00 ] 127.0.0.1 /Public/Uploads/image/goods/20160229/14567384697721531926.jpg
INFO: [ app_init ] --START--
INFO: Run Behavior\BuildLiteBehavior [ RunTime:0.000039s ]
INFO: [ app_init ] --END-- [ RunTime:0.001020s ]
ERR: 无法加载模块:Public

[ 2016-03-04T12:34:30+08:00 ] 127.0.0.1 /Public/Uploads/image/goods/20160229/14567375846027814026.jpg
INFO: [ app_init ] --START--
INFO: Run Behavior\BuildLiteBehavior [ RunTime:0.000038s ]
INFO: [ app_init ] --END-- [ RunTime:0.000672s ]
ERR: 无法加载模块:Public

[ 2016-03-04T12:34:30+08:00 ] 127.0.0.1 /Public/Uploads/image/goods/20160229/14567366782176712979.jpg
INFO: [ app_init ] --START--
INFO: Run Behavior\BuildLiteBehavior [ RunTime:0.000043s ]
INFO: [ app_init ] --END-- [ RunTime:0.000953s ]
ERR: 无法加载模块:Public

[ 2016-03-04T12:34:30+08:00 ] 127.0.0.1 /Public/Uploads/image/goods/20160229/14567370563626894532.jpg
INFO: [ app_init ] --START--
INFO: Run Behavior\BuildLiteBehavior [ RunTime:0.000040s ]
INFO: [ app_init ] --END-- [ RunTime:0.001952s ]
ERR: 无法加载模块:Public

[ 2016-03-04T12:34:30+08:00 ] 127.0.0.1 /Public/Uploads/image/goods/20160229/14567363582283082115.jpg
INFO: [ app_init ] --START--
INFO: Run Behavior\BuildLiteBehavior [ RunTime:0.000036s ]
INFO: [ app_init ] --END-- [ RunTime:0.000736s ]
ERR: 无法加载模块:Public

[ 2016-03-04T12:34:30+08:00 ] 127.0.0.1 /Public/Uploads/image/goods/20160229/14567111687793273244.jpg
INFO: [ app_init ] --START--
INFO: Run Behavior\BuildLiteBehavior [ RunTime:0.000051s ]
INFO: [ app_init ] --END-- [ RunTime:0.009036s ]
ERR: 无法加载模块:Public

[ 2016-03-04T12:34:30+08:00 ] 127.0.0.1 /Public/Uploads/image/goods/20160229/14567341055109471989.jpg
INFO: [ app_init ] --START--
INFO: Run Behavior\BuildLiteBehavior [ RunTime:0.000045s ]
INFO: [ app_init ] --END-- [ RunTime:0.001531s ]
ERR: 无法加载模块:Public

[ 2016-03-04T12:34:30+08:00 ] 127.0.0.1 /Public/Uploads/image/goods/20160229/14567338097980193755.jpg
INFO: [ app_init ] --START--
INFO: Run Behavior\BuildLiteBehavior [ RunTime:0.000047s ]
INFO: [ app_init ] --END-- [ RunTime:0.000812s ]
ERR: 无法加载模块:Public

[ 2016-03-04T12:34:30+08:00 ] 127.0.0.1 /Public/Uploads/image/goods/20160229/14567333598372149706.jpg
INFO: [ app_init ] --START--
INFO: Run Behavior\BuildLiteBehavior [ RunTime:0.000035s ]
INFO: [ app_init ] --END-- [ RunTime:0.000922s ]
ERR: 无法加载模块:Public

[ 2016-03-04T12:34:30+08:00 ] 127.0.0.1 /Public/Uploads/image/goods/20160229/14567319637666989025.jpg
INFO: [ app_init ] --START--
INFO: Run Behavior\BuildLiteBehavior [ RunTime:0.000036s ]
INFO: [ app_init ] --END-- [ RunTime:0.001648s ]
ERR: 无法加载模块:Public

[ 2016-03-04T12:34:30+08:00 ] 127.0.0.1 /Public/Uploads/image/goods/20160229/14567323198063905684.jpg
INFO: [ app_init ] --START--
INFO: Run Behavior\BuildLiteBehavior [ RunTime:0.000046s ]
INFO: [ app_init ] --END-- [ RunTime:0.000946s ]
ERR: 无法加载模块:Public

[ 2016-03-04T12:34:30+08:00 ] 127.0.0.1 /Public/Uploads/image/goods/20160229/14567327943490905320.jpg
INFO: [ app_init ] --START--
INFO: Run Behavior\BuildLiteBehavior [ RunTime:0.000041s ]
INFO: [ app_init ] --END-- [ RunTime:0.000754s ]
ERR: 无法加载模块:Public

[ 2016-03-04T12:34:30+08:00 ] 127.0.0.1 /Public/Uploads/image/goods/20160229/14567105242563224799.jpg
INFO: [ app_init ] --START--
INFO: Run Behavior\BuildLiteBehavior [ RunTime:0.000039s ]
INFO: [ app_init ] --END-- [ RunTime:0.008753s ]
ERR: 无法加载模块:Public

[ 2016-03-04T12:34:30+08:00 ] 127.0.0.1 /Public/Uploads/image/goods/20160229/14567316470029927821.jpg
INFO: [ app_init ] --START--
INFO: Run Behavior\BuildLiteBehavior [ RunTime:0.000046s ]
INFO: [ app_init ] --END-- [ RunTime:0.001666s ]
ERR: 无法加载模块:Public

[ 2016-03-04T12:34:30+08:00 ] 127.0.0.1 /Public/Uploads/image/goods/20160229/14567330518749806383.jpg
INFO: [ app_init ] --START--
INFO: Run Behavior\BuildLiteBehavior [ RunTime:0.000029s ]
INFO: [ app_init ] --END-- [ RunTime:0.000589s ]
ERR: 无法加载模块:Public

[ 2016-03-04T12:34:39+08:00 ] 127.0.0.1 /%5Bobject
INFO: [ app_init ] --START--
INFO: Run Behavior\BuildLiteBehavior [ RunTime:0.000068s ]
INFO: [ app_init ] --END-- [ RunTime:0.001231s ]
ERR: 无法加载模块:[object

[ 2016-03-04T12:49:56+08:00 ] 127.0.0.1 /%5Bobject
INFO: [ app_init ] --START--
INFO: Run Behavior\BuildLiteBehavior [ RunTime:0.000048s ]
INFO: [ app_init ] --END-- [ RunTime:0.001228s ]
ERR: 无法加载模块:[object

[ 2016-03-04T13:03:10+08:00 ] 127.0.0.1 /Public/Uploads/image/goods/20160229/14567400169181642845.jpg
INFO: [ app_init ] --START--
INFO: Run Behavior\BuildLiteBehavior [ RunTime:0.000040s ]
INFO: [ app_init ] --END-- [ RunTime:0.000736s ]
ERR: 无法加载模块:Public

[ 2016-03-04T13:03:10+08:00 ] 127.0.0.1 /Public/Uploads/image/goods/20160229/14567417738561586526.jpg
INFO: [ app_init ] --START--
INFO: Run Behavior\BuildLiteBehavior [ RunTime:0.000026s ]
INFO: [ app_init ] --END-- [ RunTime:0.000891s ]
ERR: 无法加载模块:Public

[ 2016-03-04T13:03:10+08:00 ] 127.0.0.1 /Public/Uploads/image/goods/20160229/14567408468133145043.jpg
INFO: [ app_init ] --START--
INFO: Run Behavior\BuildLiteBehavior [ RunTime:0.000026s ]
INFO: [ app_init ] --END-- [ RunTime:0.000688s ]
ERR: 无法加载模块:Public

[ 2016-03-04T13:03:12+08:00 ] 127.0.0.1 /Public/Uploads/image/goods/20160229/14567417738561586526.jpg
INFO: [ app_init ] --START--
INFO: Run Behavior\BuildLiteBehavior [ RunTime:0.000045s ]
INFO: [ app_init ] --END-- [ RunTime:0.000825s ]
ERR: 无法加载模块:Public

[ 2016-03-04T13:03:12+08:00 ] 127.0.0.1 /Public/Uploads/image/goods/20160229/14567417782831049753.jpg
INFO: [ app_init ] --START--
INFO: Run Behavior\BuildLiteBehavior [ RunTime:0.000039s ]
INFO: [ app_init ] --END-- [ RunTime:0.000667s ]
ERR: 无法加载模块:Public

[ 2016-03-04T13:03:12+08:00 ] 127.0.0.1 /Public/Uploads/image/goods/20160229/14567419583428298880.jpg
INFO: [ app_init ] --START--
INFO: Run Behavior\BuildLiteBehavior [ RunTime:0.000042s ]
INFO: [ app_init ] --END-- [ RunTime:0.000895s ]
ERR: 无法加载模块:Public

[ 2016-03-04T13:03:16+08:00 ] 127.0.0.1 /%5Bobject
INFO: [ app_init ] --START--
INFO: Run Behavior\BuildLiteBehavior [ RunTime:0.000042s ]
INFO: [ app_init ] --END-- [ RunTime:0.000840s ]
ERR: 无法加载模块:[object

[ 2016-03-04T13:03:23+08:00 ] 127.0.0.1 /Public/Uploads/image/goods/20160229/14567417738561586526.jpg
INFO: [ app_init ] --START--
INFO: Run Behavior\BuildLiteBehavior [ RunTime:0.000045s ]
INFO: [ app_init ] --END-- [ RunTime:0.000832s ]
ERR: 无法加载模块:Public

[ 2016-03-04T13:03:23+08:00 ] 127.0.0.1 /Public/Uploads/image/goods/20160229/14567417782831049753.jpg
INFO: [ app_init ] --START--
INFO: Run Behavior\BuildLiteBehavior [ RunTime:0.000029s ]
INFO: [ app_init ] --END-- [ RunTime:0.000537s ]
ERR: 无法加载模块:Public

[ 2016-03-04T13:03:23+08:00 ] 127.0.0.1 /Public/Uploads/image/goods/20160229/14567419583428298880.jpg
INFO: [ app_init ] --START--
INFO: Run Behavior\BuildLiteBehavior [ RunTime:0.000043s ]
INFO: [ app_init ] --END-- [ RunTime:0.000870s ]
ERR: 无法加载模块:Public

