[ 2016-02-29T12:45:17+08:00 ] 127.0.0.1 /Public/Uploads/image/member/20160229/14567168496065181758.jpg
INFO: [ app_init ] --START--
INFO: Run Behavior\BuildLiteBehavior [ RunTime:0.000028s ]
INFO: [ app_init ] --END-- [ RunTime:0.000651s ]
ERR: 无法加载模块:Public

[ 2016-02-29T12:45:17+08:00 ] 127.0.0.1 /Public/Uploads/image/member/20160229/14567168496065181758.jpg
INFO: [ app_init ] --START--
INFO: Run Behavior\BuildLiteBehavior [ RunTime:0.000031s ]
INFO: [ app_init ] --END-- [ RunTime:0.000580s ]
ERR: 无法加载模块:Public

[ 2016-02-29T12:53:18+08:00 ] 127.0.0.1 /Public/Uploads/image/member/20160229/14567168496065181758.jpg
INFO: [ app_init ] --START--
INFO: Run Behavior\BuildLiteBehavior [ RunTime:0.000026s ]
INFO: [ app_init ] --END-- [ RunTime:0.000522s ]
ERR: 无法加载模块:Public

[ 2016-02-29T12:53:19+08:00 ] 127.0.0.1 /Public/Uploads/image/member/20160229/14567168496065181758.jpg
INFO: [ app_init ] --START--
INFO: Run Behavior\BuildLiteBehavior [ RunTime:0.000043s ]
INFO: [ app_init ] --END-- [ RunTime:0.000739s ]
ERR: 无法加载模块:Public

[ 2016-02-29T12:53:19+08:00 ] 127.0.0.1 /Public/Uploads/image/hunliren/20160229/14567168581295201995.jpg
INFO: [ app_init ] --START--
INFO: Run Behavior\BuildLiteBehavior [ RunTime:0.000028s ]
INFO: [ app_init ] --END-- [ RunTime:0.000573s ]
ERR: 无法加载模块:Public

[ 2016-02-29T12:53:27+08:00 ] 127.0.0.1 /Public/Uploads/image/member/20160229/14567168496065181758.jpg
INFO: [ app_init ] --START--
INFO: Run Behavior\BuildLiteBehavior [ RunTime:0.000039s ]
INFO: [ app_init ] --END-- [ RunTime:0.001048s ]
ERR: 无法加载模块:Public

[ 2016-02-29T12:53:28+08:00 ] 127.0.0.1 /Public/Uploads/image/member/20160229/14567168496065181758.jpg
INFO: [ app_init ] --START--
INFO: Run Behavior\BuildLiteBehavior [ RunTime:0.000041s ]
INFO: [ app_init ] --END-- [ RunTime:0.000779s ]
ERR: 无法加载模块:Public

[ 2016-02-29T13:01:46+08:00 ] 127.0.0.1 /Public/Uploads/image/member/20160229/14567168496065181758.jpg
INFO: [ app_init ] --START--
INFO: Run Behavior\BuildLiteBehavior [ RunTime:0.000034s ]
INFO: [ app_init ] --END-- [ RunTime:0.000769s ]
ERR: 无法加载模块:Public

[ 2016-02-29T13:03:31+08:00 ] 127.0.0.1 /Public/Uploads/image/goods/20160229/14567184959585311155.jpg
INFO: [ app_init ] --START--
INFO: Run Behavior\BuildLiteBehavior [ RunTime:0.000025s ]
INFO: [ app_init ] --END-- [ RunTime:0.000516s ]
ERR: 无法加载模块:Public

[ 2016-02-29T13:03:31+08:00 ] 127.0.0.1 /Public/Uploads/image/goods/20160229/14567180405050327949.jpg
INFO: [ app_init ] --START--
INFO: Run Behavior\BuildLiteBehavior [ RunTime:0.000034s ]
INFO: [ app_init ] --END-- [ RunTime:0.000679s ]
ERR: 无法加载模块:Public

[ 2016-02-29T13:03:31+08:00 ] 127.0.0.1 /Public/Uploads/image/goods/20160229/14567187046061492937.jpg
INFO: [ app_init ] --START--
INFO: Run Behavior\BuildLiteBehavior [ RunTime:0.000035s ]
INFO: [ app_init ] --END-- [ RunTime:0.000731s ]
ERR: 无法加载模块:Public

[ 2016-02-29T13:03:31+08:00 ] 127.0.0.1 /Public/Uploads/image/goods/20160229/14567189238263685776.jpg
INFO: [ app_init ] --START--
INFO: Run Behavior\BuildLiteBehavior [ RunTime:0.000037s ]
INFO: [ app_init ] --END-- [ RunTime:0.000794s ]
ERR: 无法加载模块:Public

[ 2016-02-29T21:26:05+08:00 ] 127.0.0.1 /Public/Uploads/image/member/20160229/14567168496065181758.jpg
INFO: [ app_init ] --START--
INFO: Run Behavior\BuildLiteBehavior [ RunTime:0.000025s ]
INFO: [ app_init ] --END-- [ RunTime:0.000612s ]
ERR: 无法加载模块:Public

[ 2016-02-29T21:26:51+08:00 ] 127.0.0.1 /Public/Uploads/image/member/20160229/14567168496065181758.jpg
INFO: [ app_init ] --START--
INFO: Run Behavior\BuildLiteBehavior [ RunTime:0.000024s ]
INFO: [ app_init ] --END-- [ RunTime:0.000554s ]
ERR: 无法加载模块:Public

[ 2016-02-29T21:26:53+08:00 ] 127.0.0.1 /Public/Uploads/image/member/20160229/14567168496065181758.jpg
INFO: [ app_init ] --START--
INFO: Run Behavior\BuildLiteBehavior [ RunTime:0.000058s ]
INFO: [ app_init ] --END-- [ RunTime:0.000819s ]
ERR: 无法加载模块:Public

[ 2016-02-29T21:26:55+08:00 ] 127.0.0.1 /Public/Uploads/image/member/20160229/14567168496065181758.jpg
INFO: [ app_init ] --START--
INFO: Run Behavior\BuildLiteBehavior [ RunTime:0.000037s ]
INFO: [ app_init ] --END-- [ RunTime:0.000751s ]
ERR: 无法加载模块:Public

[ 2016-02-29T21:26:58+08:00 ] 127.0.0.1 /Public/Uploads/image/member/20160229/14567168496065181758.jpg
INFO: [ app_init ] --START--
INFO: Run Behavior\BuildLiteBehavior [ RunTime:0.000031s ]
INFO: [ app_init ] --END-- [ RunTime:0.000547s ]
ERR: 无法加载模块:Public

[ 2016-02-29T21:27:02+08:00 ] 127.0.0.1 /Public/Home/Images/menu_and_foot/logo.jpg
INFO: [ app_init ] --START--
INFO: Run Behavior\BuildLiteBehavior [ RunTime:0.000034s ]
INFO: [ app_init ] --END-- [ RunTime:0.000698s ]
ERR: 无法加载模块:Public

[ 2016-02-29T21:27:05+08:00 ] 127.0.0.1 /Public/Uploads/image/member/20160229/14567168496065181758.jpg
INFO: [ app_init ] --START--
INFO: Run Behavior\BuildLiteBehavior [ RunTime:0.000039s ]
INFO: [ app_init ] --END-- [ RunTime:0.000711s ]
ERR: 无法加载模块:Public

[ 2016-02-29T21:27:48+08:00 ] 127.0.0.1 /Public/Uploads/image/member/20160229/14567168496065181758.jpg
INFO: [ app_init ] --START--
INFO: Run Behavior\BuildLiteBehavior [ RunTime:0.000024s ]
INFO: [ app_init ] --END-- [ RunTime:0.000529s ]
ERR: 无法加载模块:Public

[ 2016-02-29T21:28:03+08:00 ] 127.0.0.1 /Public/Uploads/image/member/20160229/14567168496065181758.jpg
INFO: [ app_init ] --START--
INFO: Run Behavior\BuildLiteBehavior [ RunTime:0.000058s ]
INFO: [ app_init ] --END-- [ RunTime:0.001613s ]
ERR: 无法加载模块:Public

[ 2016-02-29T21:31:53+08:00 ] 127.0.0.1 /Public/Uploads/image/member/20160229/14567168496065181758.jpg
INFO: [ app_init ] --START--
INFO: Run Behavior\BuildLiteBehavior [ RunTime:0.000035s ]
INFO: [ app_init ] --END-- [ RunTime:0.000794s ]
ERR: 无法加载模块:Public

[ 2016-02-29T21:32:27+08:00 ] 127.0.0.1 /Public/Uploads/image/member/20160229/14567168496065181758.jpg
INFO: [ app_init ] --START--
INFO: Run Behavior\BuildLiteBehavior [ RunTime:0.000038s ]
INFO: [ app_init ] --END-- [ RunTime:0.000789s ]
ERR: 无法加载模块:Public

[ 2016-02-29T21:33:17+08:00 ] 127.0.0.1 /Public/Uploads/image/member/20160229/14567168496065181758.jpg
INFO: [ app_init ] --START--
INFO: Run Behavior\BuildLiteBehavior [ RunTime:0.000028s ]
INFO: [ app_init ] --END-- [ RunTime:0.000535s ]
ERR: 无法加载模块:Public

[ 2016-02-29T21:36:35+08:00 ] 127.0.0.1 /Public/Uploads/image/member/20160229/14567168496065181758.jpg
INFO: [ app_init ] --START--
INFO: Run Behavior\BuildLiteBehavior [ RunTime:0.000027s ]
INFO: [ app_init ] --END-- [ RunTime:0.000517s ]
ERR: 无法加载模块:Public

[ 2016-02-29T21:37:00+08:00 ] 127.0.0.1 /Public/Uploads/image/member/20160229/14567168496065181758.jpg
INFO: [ app_init ] --START--
INFO: Run Behavior\BuildLiteBehavior [ RunTime:0.000043s ]
INFO: [ app_init ] --END-- [ RunTime:0.000786s ]
ERR: 无法加载模块:Public

[ 2016-02-29T21:43:14+08:00 ] 127.0.0.1 /Public/Uploads/image/member/20160229/14567168496065181758.jpg
INFO: [ app_init ] --START--
INFO: Run Behavior\BuildLiteBehavior [ RunTime:0.000042s ]
INFO: [ app_init ] --END-- [ RunTime:0.000788s ]
ERR: 无法加载模块:Public

[ 2016-02-29T21:43:16+08:00 ] 127.0.0.1 /Public/Uploads/image/member/20160229/14567168496065181758.jpg
INFO: [ app_init ] --START--
INFO: Run Behavior\BuildLiteBehavior [ RunTime:0.000046s ]
INFO: [ app_init ] --END-- [ RunTime:0.000909s ]
ERR: 无法加载模块:Public

[ 2016-02-29T21:46:22+08:00 ] 127.0.0.1 /Public/Uploads/image/member/20160229/14567168496065181758.jpg
INFO: [ app_init ] --START--
INFO: Run Behavior\BuildLiteBehavior [ RunTime:0.000037s ]
INFO: [ app_init ] --END-- [ RunTime:0.000761s ]
ERR: 无法加载模块:Public

[ 2016-02-29T21:46:46+08:00 ] 127.0.0.1 /Public/Uploads/image/member/20160229/14567168496065181758.jpg
INFO: [ app_init ] --START--
INFO: Run Behavior\BuildLiteBehavior [ RunTime:0.000040s ]
INFO: [ app_init ] --END-- [ RunTime:0.000825s ]
ERR: 无法加载模块:Public

[ 2016-02-29T21:47:55+08:00 ] 127.0.0.1 /Public/Uploads/image/member/20160229/14567168496065181758.jpg
INFO: [ app_init ] --START--
INFO: Run Behavior\BuildLiteBehavior [ RunTime:0.000025s ]
INFO: [ app_init ] --END-- [ RunTime:0.000519s ]
ERR: 无法加载模块:Public

[ 2016-02-29T21:48:02+08:00 ] 127.0.0.1 /Public/Uploads/image/member/20160229/14567168496065181758.jpg
INFO: [ app_init ] --START--
INFO: Run Behavior\BuildLiteBehavior [ RunTime:0.000037s ]
INFO: [ app_init ] --END-- [ RunTime:0.000786s ]
ERR: 无法加载模块:Public

[ 2016-02-29T21:48:13+08:00 ] 127.0.0.1 /Public/Uploads/image/member/20160229/14567168496065181758.jpg
INFO: [ app_init ] --START--
INFO: Run Behavior\BuildLiteBehavior [ RunTime:0.000040s ]
INFO: [ app_init ] --END-- [ RunTime:0.000791s ]
ERR: 无法加载模块:Public

[ 2016-02-29T21:48:39+08:00 ] 127.0.0.1 /Public/Uploads/image/member/20160229/14567168496065181758.jpg
INFO: [ app_init ] --START--
INFO: Run Behavior\BuildLiteBehavior [ RunTime:0.000040s ]
INFO: [ app_init ] --END-- [ RunTime:0.000893s ]
ERR: 无法加载模块:Public

[ 2016-02-29T21:48:45+08:00 ] 127.0.0.1 /Public/Uploads/image/member/20160229/14567168496065181758.jpg
INFO: [ app_init ] --START--
INFO: Run Behavior\BuildLiteBehavior [ RunTime:0.000045s ]
INFO: [ app_init ] --END-- [ RunTime:0.000650s ]
ERR: 无法加载模块:Public

[ 2016-02-29T21:49:28+08:00 ] 127.0.0.1 /Public/Uploads/image/member/20160229/14567168496065181758.jpg
INFO: [ app_init ] --START--
INFO: Run Behavior\BuildLiteBehavior [ RunTime:0.000040s ]
INFO: [ app_init ] --END-- [ RunTime:0.000785s ]
ERR: 无法加载模块:Public

[ 2016-02-29T21:49:44+08:00 ] 127.0.0.1 /Public/Uploads/image/member/20160229/14567168496065181758.jpg
INFO: [ app_init ] --START--
INFO: Run Behavior\BuildLiteBehavior [ RunTime:0.000028s ]
INFO: [ app_init ] --END-- [ RunTime:0.000521s ]
ERR: 无法加载模块:Public

[ 2016-02-29T21:50:34+08:00 ] 127.0.0.1 /Public/Uploads/image/member/20160229/14567168496065181758.jpg
INFO: [ app_init ] --START--
INFO: Run Behavior\BuildLiteBehavior [ RunTime:0.000027s ]
INFO: [ app_init ] --END-- [ RunTime:0.000527s ]
ERR: 无法加载模块:Public

[ 2016-02-29T22:05:15+08:00 ] 127.0.0.1 /Public/Uploads/image/member/20160229/14567168496065181758.jpg
INFO: [ app_init ] --START--
INFO: Run Behavior\BuildLiteBehavior [ RunTime:0.000024s ]
INFO: [ app_init ] --END-- [ RunTime:0.000531s ]
ERR: 无法加载模块:Public

[ 2016-02-29T22:05:15+08:00 ] 127.0.0.1 /Public/Home/Js/tixian.js
INFO: [ app_init ] --START--
INFO: Run Behavior\BuildLiteBehavior [ RunTime:0.000037s ]
INFO: [ app_init ] --END-- [ RunTime:0.000720s ]
ERR: 无法加载模块:Public

[ 2016-02-29T22:05:15+08:00 ] 127.0.0.1 /Public/Home/Js/tixian.js
INFO: [ app_init ] --START--
INFO: Run Behavior\BuildLiteBehavior [ RunTime:0.000021s ]
INFO: [ app_init ] --END-- [ RunTime:0.000493s ]
ERR: 无法加载模块:Public

[ 2016-02-29T22:05:24+08:00 ] 127.0.0.1 /Public/Uploads/image/member/20160229/14567168496065181758.jpg
INFO: [ app_init ] --START--
INFO: Run Behavior\BuildLiteBehavior [ RunTime:0.000037s ]
INFO: [ app_init ] --END-- [ RunTime:0.000712s ]
ERR: 无法加载模块:Public

[ 2016-02-29T22:06:27+08:00 ] 127.0.0.1 /Public/Uploads/image/member/20160229/14567168496065181758.jpg
INFO: [ app_init ] --START--
INFO: Run Behavior\BuildLiteBehavior [ RunTime:0.000024s ]
INFO: [ app_init ] --END-- [ RunTime:0.000474s ]
ERR: 无法加载模块:Public

[ 2016-02-29T22:06:27+08:00 ] 127.0.0.1 /Public/Home/Js/tixian.js
INFO: [ app_init ] --START--
INFO: Run Behavior\BuildLiteBehavior [ RunTime:0.000026s ]
INFO: [ app_init ] --END-- [ RunTime:0.000636s ]
ERR: 无法加载模块:Public

[ 2016-02-29T22:06:46+08:00 ] 127.0.0.1 /Public/Uploads/image/member/20160229/14567168496065181758.jpg
INFO: [ app_init ] --START--
INFO: Run Behavior\BuildLiteBehavior [ RunTime:0.000024s ]
INFO: [ app_init ] --END-- [ RunTime:0.000493s ]
ERR: 无法加载模块:Public

[ 2016-02-29T22:11:13+08:00 ] 127.0.0.1 /Public/Uploads/image/goods/20160229/14567095207570136352.jpg
INFO: [ app_init ] --START--
INFO: Run Behavior\BuildLiteBehavior [ RunTime:0.000024s ]
INFO: [ app_init ] --END-- [ RunTime:0.000459s ]
ERR: 无法加载模块:Public

[ 2016-02-29T22:11:13+08:00 ] 127.0.0.1 /Public/Uploads/image/goods/20160229/14567162671115162215.jpg
INFO: [ app_init ] --START--
INFO: Run Behavior\BuildLiteBehavior [ RunTime:0.000023s ]
INFO: [ app_init ] --END-- [ RunTime:0.000490s ]
ERR: 无法加载模块:Public

[ 2016-02-29T22:11:13+08:00 ] 127.0.0.1 /Public/Uploads/image/goods/20160229/14567184959585311155.jpg
INFO: [ app_init ] --START--
INFO: Run Behavior\BuildLiteBehavior [ RunTime:0.000041s ]
INFO: [ app_init ] --END-- [ RunTime:0.000726s ]
ERR: 无法加载模块:Public

[ 2016-02-29T22:11:13+08:00 ] 127.0.0.1 /Public/Uploads/image/goods/20160229/14567156100656996994.jpg
INFO: [ app_init ] --START--
INFO: Run Behavior\BuildLiteBehavior [ RunTime:0.000023s ]
INFO: [ app_init ] --END-- [ RunTime:0.000469s ]
ERR: 无法加载模块:Public

[ 2016-02-29T22:11:13+08:00 ] 127.0.0.1 /Public/Uploads/image/goods/20160229/14567165347539774328.jpg
INFO: [ app_init ] --START--
INFO: Run Behavior\BuildLiteBehavior [ RunTime:0.000039s ]
INFO: [ app_init ] --END-- [ RunTime:0.000720s ]
ERR: 无法加载模块:Public

[ 2016-02-29T22:11:13+08:00 ] 127.0.0.1 /Public/Uploads/image/goods/20160229/14567187046061492937.jpg
INFO: [ app_init ] --START--
INFO: Run Behavior\BuildLiteBehavior [ RunTime:0.000035s ]
INFO: [ app_init ] --END-- [ RunTime:0.000797s ]
ERR: 无法加载模块:Public

[ 2016-02-29T22:11:13+08:00 ] 127.0.0.1 /Public/Uploads/image/goods/20160229/14567189238263685776.jpg
INFO: [ app_init ] --START--
INFO: Run Behavior\BuildLiteBehavior [ RunTime:0.000032s ]
INFO: [ app_init ] --END-- [ RunTime:0.000667s ]
ERR: 无法加载模块:Public

[ 2016-02-29T22:11:13+08:00 ] 127.0.0.1 /Public/Uploads/image/goods/20160229/14567149158196137578.jpg
INFO: [ app_init ] --START--
INFO: Run Behavior\BuildLiteBehavior [ RunTime:0.000036s ]
INFO: [ app_init ] --END-- [ RunTime:0.000752s ]
ERR: 无法加载模块:Public

[ 2016-02-29T22:11:13+08:00 ] 127.0.0.1 /Public/Uploads/image/goods/20160229/14567180405050327949.jpg
INFO: [ app_init ] --START--
INFO: Run Behavior\BuildLiteBehavior [ RunTime:0.000035s ]
INFO: [ app_init ] --END-- [ RunTime:0.000755s ]
ERR: 无法加载模块:Public

[ 2016-02-29T22:11:13+08:00 ] 127.0.0.1 /Public/Uploads/image/goods/20160229/14567145381332956953.jpg
INFO: [ app_init ] --START--
INFO: Run Behavior\BuildLiteBehavior [ RunTime:0.000044s ]
INFO: [ app_init ] --END-- [ RunTime:0.010608s ]
ERR: 无法加载模块:Public

[ 2016-02-29T22:11:13+08:00 ] 127.0.0.1 /Public/Uploads/image/goods/20160229/14567111687793273244.jpg
INFO: [ app_init ] --START--
INFO: Run Behavior\BuildLiteBehavior [ RunTime:0.000032s ]
INFO: [ app_init ] --END-- [ RunTime:0.000592s ]
ERR: 无法加载模块:Public

[ 2016-02-29T22:11:13+08:00 ] 127.0.0.1 /Public/Uploads/image/goods/20160229/14567139535818539255.jpg
INFO: [ app_init ] --START--
INFO: Run Behavior\BuildLiteBehavior [ RunTime:0.000036s ]
INFO: [ app_init ] --END-- [ RunTime:0.000686s ]
ERR: 无法加载模块:Public

[ 2016-02-29T22:11:13+08:00 ] 127.0.0.1 /Public/Uploads/image/goods/20160229/14567115600659233946.jpg
INFO: [ app_init ] --START--
INFO: Run Behavior\BuildLiteBehavior [ RunTime:0.000038s ]
INFO: [ app_init ] --END-- [ RunTime:0.001096s ]
ERR: 无法加载模块:Public

[ 2016-02-29T22:11:13+08:00 ] 127.0.0.1 /Public/Uploads/image/goods/20160229/14567152764651222524.png
INFO: [ app_init ] --START--
INFO: Run Behavior\BuildLiteBehavior [ RunTime:0.000042s ]
INFO: [ app_init ] --END-- [ RunTime:0.000910s ]
ERR: 无法加载模块:Public

[ 2016-02-29T22:11:13+08:00 ] 127.0.0.1 /Public/Uploads/image/goods/20160229/14567105242563224799.jpg
INFO: [ app_init ] --START--
INFO: Run Behavior\BuildLiteBehavior [ RunTime:0.000043s ]
INFO: [ app_init ] --END-- [ RunTime:0.001531s ]
ERR: 无法加载模块:Public

[ 2016-02-29T22:11:13+08:00 ] 127.0.0.1 /Public/Uploads/image/goods/20160229/14567180405050327949.jpg
INFO: [ app_init ] --START--
INFO: Run Behavior\BuildLiteBehavior [ RunTime:0.000036s ]
INFO: [ app_init ] --END-- [ RunTime:0.000674s ]
ERR: 无法加载模块:Public

[ 2016-02-29T22:11:13+08:00 ] 127.0.0.1 /Public/Uploads/image/goods/20160229/14567189238263685776.jpg
INFO: [ app_init ] --START--
INFO: Run Behavior\BuildLiteBehavior [ RunTime:0.000040s ]
INFO: [ app_init ] --END-- [ RunTime:0.000719s ]
ERR: 无法加载模块:Public

[ 2016-02-29T22:11:13+08:00 ] 127.0.0.1 /Public/Uploads/image/goods/20160229/14567187046061492937.jpg
INFO: [ app_init ] --START--
INFO: Run Behavior\BuildLiteBehavior [ RunTime:0.000040s ]
INFO: [ app_init ] --END-- [ RunTime:0.002523s ]
ERR: 无法加载模块:Public

[ 2016-02-29T22:11:13+08:00 ] 127.0.0.1 /Public/Uploads/image/goods/20160229/14567162671115162215.jpg
INFO: [ app_init ] --START--
INFO: Run Behavior\BuildLiteBehavior [ RunTime:0.000080s ]
INFO: [ app_init ] --END-- [ RunTime:0.000789s ]
ERR: 无法加载模块:Public

[ 2016-02-29T22:11:13+08:00 ] 127.0.0.1 /Public/Uploads/image/goods/20160229/14567165347539774328.jpg
INFO: [ app_init ] --START--
INFO: Run Behavior\BuildLiteBehavior [ RunTime:0.000035s ]
INFO: [ app_init ] --END-- [ RunTime:0.000649s ]
ERR: 无法加载模块:Public

[ 2016-02-29T22:11:13+08:00 ] 127.0.0.1 /Public/Uploads/image/goods/20160229/14567156100656996994.jpg
INFO: [ app_init ] --START--
INFO: Run Behavior\BuildLiteBehavior [ RunTime:0.000035s ]
INFO: [ app_init ] --END-- [ RunTime:0.000898s ]
ERR: 无法加载模块:Public

[ 2016-02-29T22:11:13+08:00 ] 127.0.0.1 /Public/Uploads/image/goods/20160229/14567139535818539255.jpg
INFO: [ app_init ] --START--
INFO: Run Behavior\BuildLiteBehavior [ RunTime:0.000034s ]
INFO: [ app_init ] --END-- [ RunTime:0.000654s ]
ERR: 无法加载模块:Public

[ 2016-02-29T22:11:13+08:00 ] 127.0.0.1 /Public/Uploads/image/goods/20160229/14567149158196137578.jpg
INFO: [ app_init ] --START--
INFO: Run Behavior\BuildLiteBehavior [ RunTime:0.000033s ]
INFO: [ app_init ] --END-- [ RunTime:0.000680s ]
ERR: 无法加载模块:Public

[ 2016-02-29T22:11:13+08:00 ] 127.0.0.1 /Public/Uploads/image/goods/20160229/14567145381332956953.jpg
INFO: [ app_init ] --START--
INFO: Run Behavior\BuildLiteBehavior [ RunTime:0.000043s ]
INFO: [ app_init ] --END-- [ RunTime:0.000883s ]
ERR: 无法加载模块:Public

[ 2016-02-29T22:11:13+08:00 ] 127.0.0.1 /Public/Uploads/image/goods/20160229/14567184959585311155.jpg
INFO: [ app_init ] --START--
INFO: Run Behavior\BuildLiteBehavior [ RunTime:0.000035s ]
INFO: [ app_init ] --END-- [ RunTime:0.000611s ]
ERR: 无法加载模块:Public

[ 2016-02-29T22:11:13+08:00 ] 127.0.0.1 /Public/Uploads/image/goods/20160229/14567111687793273244.jpg
INFO: [ app_init ] --START--
INFO: Run Behavior\BuildLiteBehavior [ RunTime:0.000045s ]
INFO: [ app_init ] --END-- [ RunTime:0.005572s ]
ERR: 无法加载模块:Public

[ 2016-02-29T22:11:13+08:00 ] 127.0.0.1 /Public/Uploads/image/goods/20160229/14567095207570136352.jpg
INFO: [ app_init ] --START--
INFO: Run Behavior\BuildLiteBehavior [ RunTime:0.000042s ]
INFO: [ app_init ] --END-- [ RunTime:0.000743s ]
ERR: 无法加载模块:Public

[ 2016-02-29T22:11:54+08:00 ] 127.0.0.1 /Public/Uploads/image/goods/20160229/14567095207570136352.jpg
INFO: [ app_init ] --START--
INFO: Run Behavior\BuildLiteBehavior [ RunTime:0.000026s ]
INFO: [ app_init ] --END-- [ RunTime:0.000692s ]
ERR: 无法加载模块:Public

[ 2016-02-29T22:11:54+08:00 ] 127.0.0.1 /Public/Uploads/image/goods/20160229/14567189238263685776.jpg
INFO: [ app_init ] --START--
INFO: Run Behavior\BuildLiteBehavior [ RunTime:0.000053s ]
INFO: [ app_init ] --END-- [ RunTime:0.000767s ]
ERR: 无法加载模块:Public

[ 2016-02-29T22:11:54+08:00 ] 127.0.0.1 /Public/Uploads/image/goods/20160229/14567165347539774328.jpg
INFO: [ app_init ] --START--
INFO: Run Behavior\BuildLiteBehavior [ RunTime:0.000059s ]
INFO: [ app_init ] --END-- [ RunTime:0.000788s ]
ERR: 无法加载模块:Public

[ 2016-02-29T22:11:54+08:00 ] 127.0.0.1 /Public/Uploads/image/goods/20160229/14567162671115162215.jpg
INFO: [ app_init ] --START--
INFO: Run Behavior\BuildLiteBehavior [ RunTime:0.000046s ]
INFO: [ app_init ] --END-- [ RunTime:0.000979s ]
ERR: 无法加载模块:Public

[ 2016-02-29T22:11:54+08:00 ] 127.0.0.1 /Public/Uploads/image/goods/20160229/14567156100656996994.jpg
INFO: [ app_init ] --START--
INFO: Run Behavior\BuildLiteBehavior [ RunTime:0.000038s ]
INFO: [ app_init ] --END-- [ RunTime:0.001868s ]
ERR: 无法加载模块:Public

[ 2016-02-29T22:11:54+08:00 ] 127.0.0.1 /Public/Uploads/image/goods/20160229/14567180405050327949.jpg
INFO: [ app_init ] --START--
INFO: Run Behavior\BuildLiteBehavior [ RunTime:0.000035s ]
INFO: [ app_init ] --END-- [ RunTime:0.000735s ]
ERR: 无法加载模块:Public

[ 2016-02-29T22:11:54+08:00 ] 127.0.0.1 /Public/Uploads/image/goods/20160229/14567152764651222524.png
INFO: [ app_init ] --START--
INFO: Run Behavior\BuildLiteBehavior [ RunTime:0.000041s ]
INFO: [ app_init ] --END-- [ RunTime:0.000756s ]
ERR: 无法加载模块:Public

[ 2016-02-29T22:11:54+08:00 ] 127.0.0.1 /Public/Uploads/image/goods/20160229/14567115600659233946.jpg
INFO: [ app_init ] --START--
INFO: Run Behavior\BuildLiteBehavior [ RunTime:0.000034s ]
INFO: [ app_init ] --END-- [ RunTime:0.000711s ]
ERR: 无法加载模块:Public

[ 2016-02-29T22:11:54+08:00 ] 127.0.0.1 /Public/Uploads/image/goods/20160229/14567187046061492937.jpg
INFO: [ app_init ] --START--
INFO: Run Behavior\BuildLiteBehavior [ RunTime:0.000039s ]
INFO: [ app_init ] --END-- [ RunTime:0.019608s ]
ERR: 无法加载模块:Public

[ 2016-02-29T22:11:54+08:00 ] 127.0.0.1 /Public/Uploads/image/goods/20160229/14567111687793273244.jpg
INFO: [ app_init ] --START--
INFO: Run Behavior\BuildLiteBehavior [ RunTime:0.000035s ]
INFO: [ app_init ] --END-- [ RunTime:0.000647s ]
ERR: 无法加载模块:Public

[ 2016-02-29T22:11:54+08:00 ] 127.0.0.1 /Public/Uploads/image/goods/20160229/14567145381332956953.jpg
INFO: [ app_init ] --START--
INFO: Run Behavior\BuildLiteBehavior [ RunTime:0.000035s ]
INFO: [ app_init ] --END-- [ RunTime:0.002404s ]
ERR: 无法加载模块:Public

[ 2016-02-29T22:11:54+08:00 ] 127.0.0.1 /Public/Uploads/image/goods/20160229/14567184959585311155.jpg
INFO: [ app_init ] --START--
INFO: Run Behavior\BuildLiteBehavior [ RunTime:0.000035s ]
INFO: [ app_init ] --END-- [ RunTime:0.000948s ]
ERR: 无法加载模块:Public

[ 2016-02-29T22:11:54+08:00 ] 127.0.0.1 /Public/Uploads/image/goods/20160229/14567139535818539255.jpg
INFO: [ app_init ] --START--
INFO: Run Behavior\BuildLiteBehavior [ RunTime:0.000036s ]
INFO: [ app_init ] --END-- [ RunTime:0.001663s ]
ERR: 无法加载模块:Public

[ 2016-02-29T22:11:54+08:00 ] 127.0.0.1 /Public/Uploads/image/goods/20160229/14567149158196137578.jpg
INFO: [ app_init ] --START--
INFO: Run Behavior\BuildLiteBehavior [ RunTime:0.000027s ]
INFO: [ app_init ] --END-- [ RunTime:0.000510s ]
ERR: 无法加载模块:Public

[ 2016-02-29T22:11:54+08:00 ] 127.0.0.1 /Public/Uploads/image/goods/20160229/14567105242563224799.jpg
INFO: [ app_init ] --START--
INFO: Run Behavior\BuildLiteBehavior [ RunTime:0.000024s ]
INFO: [ app_init ] --END-- [ RunTime:0.000518s ]
ERR: 无法加载模块:Public

[ 2016-02-29T22:14:10+08:00 ] 127.0.0.1 /Public/Uploads/image/goods/20160229/14567095207570136352.jpg
INFO: [ app_init ] --START--
INFO: Run Behavior\BuildLiteBehavior [ RunTime:0.000044s ]
INFO: [ app_init ] --END-- [ RunTime:0.006555s ]
ERR: 无法加载模块:Public

[ 2016-02-29T22:14:10+08:00 ] 127.0.0.1 /Public/Uploads/image/goods/20160229/14567189238263685776.jpg
INFO: [ app_init ] --START--
INFO: Run Behavior\BuildLiteBehavior [ RunTime:0.000041s ]
INFO: [ app_init ] --END-- [ RunTime:0.000798s ]
ERR: 无法加载模块:Public

[ 2016-02-29T22:14:10+08:00 ] 127.0.0.1 /Public/Uploads/image/goods/20160229/14567180405050327949.jpg
INFO: [ app_init ] --START--
INFO: Run Behavior\BuildLiteBehavior [ RunTime:0.000038s ]
INFO: [ app_init ] --END-- [ RunTime:0.000765s ]
ERR: 无法加载模块:Public

[ 2016-02-29T22:14:10+08:00 ] 127.0.0.1 /Public/Uploads/image/goods/20160229/14567165347539774328.jpg
INFO: [ app_init ] --START--
INFO: Run Behavior\BuildLiteBehavior [ RunTime:0.000041s ]
INFO: [ app_init ] --END-- [ RunTime:0.000681s ]
ERR: 无法加载模块:Public

[ 2016-02-29T22:14:10+08:00 ] 127.0.0.1 /Public/Uploads/image/goods/20160229/14567152764651222524.png
INFO: [ app_init ] --START--
INFO: Run Behavior\BuildLiteBehavior [ RunTime:0.000038s ]
INFO: [ app_init ] --END-- [ RunTime:0.000789s ]
ERR: 无法加载模块:Public

[ 2016-02-29T22:14:10+08:00 ] 127.0.0.1 /Public/Uploads/image/goods/20160229/14567149158196137578.jpg
INFO: [ app_init ] --START--
INFO: Run Behavior\BuildLiteBehavior [ RunTime:0.000034s ]
INFO: [ app_init ] --END-- [ RunTime:0.000633s ]
ERR: 无法加载模块:Public

[ 2016-02-29T22:14:10+08:00 ] 127.0.0.1 /Public/Uploads/image/goods/20160229/14567139535818539255.jpg
INFO: [ app_init ] --START--
INFO: Run Behavior\BuildLiteBehavior [ RunTime:0.000040s ]
INFO: [ app_init ] --END-- [ RunTime:0.000667s ]
ERR: 无法加载模块:Public

[ 2016-02-29T22:14:10+08:00 ] 127.0.0.1 /Public/Uploads/image/goods/20160229/14567162671115162215.jpg
INFO: [ app_init ] --START--
INFO: Run Behavior\BuildLiteBehavior [ RunTime:0.000036s ]
INFO: [ app_init ] --END-- [ RunTime:0.001510s ]
ERR: 无法加载模块:Public

[ 2016-02-29T22:14:10+08:00 ] 127.0.0.1 /Public/Uploads/image/goods/20160229/14567111687793273244.jpg
INFO: [ app_init ] --START--
INFO: Run Behavior\BuildLiteBehavior [ RunTime:0.000036s ]
INFO: [ app_init ] --END-- [ RunTime:0.000638s ]
ERR: 无法加载模块:Public

[ 2016-02-29T22:14:10+08:00 ] 127.0.0.1 /Public/Uploads/image/goods/20160229/14567115600659233946.jpg
INFO: [ app_init ] --START--
INFO: Run Behavior\BuildLiteBehavior [ RunTime:0.000034s ]
INFO: [ app_init ] --END-- [ RunTime:0.000688s ]
ERR: 无法加载模块:Public

[ 2016-02-29T22:14:10+08:00 ] 127.0.0.1 /Public/Uploads/image/goods/20160229/14567184959585311155.jpg
INFO: [ app_init ] --START--
INFO: Run Behavior\BuildLiteBehavior [ RunTime:0.000068s ]
INFO: [ app_init ] --END-- [ RunTime:0.001140s ]
ERR: 无法加载模块:Public

[ 2016-02-29T22:14:10+08:00 ] 127.0.0.1 /Public/Uploads/image/goods/20160229/14567145381332956953.jpg
INFO: [ app_init ] --START--
INFO: Run Behavior\BuildLiteBehavior [ RunTime:0.000042s ]
INFO: [ app_init ] --END-- [ RunTime:0.000882s ]
ERR: 无法加载模块:Public

[ 2016-02-29T22:14:10+08:00 ] 127.0.0.1 /Public/Uploads/image/goods/20160229/14567105242563224799.jpg
INFO: [ app_init ] --START--
INFO: Run Behavior\BuildLiteBehavior [ RunTime:0.000048s ]
INFO: [ app_init ] --END-- [ RunTime:0.001942s ]
ERR: 无法加载模块:Public

[ 2016-02-29T22:14:10+08:00 ] 127.0.0.1 /Public/Uploads/image/goods/20160229/14567187046061492937.jpg
INFO: [ app_init ] --START--
INFO: Run Behavior\BuildLiteBehavior [ RunTime:0.000027s ]
INFO: [ app_init ] --END-- [ RunTime:0.000573s ]
ERR: 无法加载模块:Public

[ 2016-02-29T22:14:11+08:00 ] 127.0.0.1 /Public/Uploads/image/goods/20160229/14567156100656996994.jpg
INFO: [ app_init ] --START--
INFO: Run Behavior\BuildLiteBehavior [ RunTime:0.000029s ]
INFO: [ app_init ] --END-- [ RunTime:0.000657s ]
ERR: 无法加载模块:Public

[ 2016-02-29T22:14:17+08:00 ] 127.0.0.1 /Public/Uploads/image/goods/20160229/14567095207570136352.jpg
INFO: [ app_init ] --START--
INFO: Run Behavior\BuildLiteBehavior [ RunTime:0.000025s ]
INFO: [ app_init ] --END-- [ RunTime:0.000528s ]
ERR: 无法加载模块:Public

[ 2016-02-29T22:14:18+08:00 ] 127.0.0.1 /Public/Uploads/image/goods/20160229/14567189238263685776.jpg
INFO: [ app_init ] --START--
INFO: Run Behavior\BuildLiteBehavior [ RunTime:0.000024s ]
INFO: [ app_init ] --END-- [ RunTime:0.000529s ]
ERR: 无法加载模块:Public

[ 2016-02-29T22:14:18+08:00 ] 127.0.0.1 /Public/Uploads/image/goods/20160229/14567152764651222524.png
INFO: [ app_init ] --START--
INFO: Run Behavior\BuildLiteBehavior [ RunTime:0.000038s ]
INFO: [ app_init ] --END-- [ RunTime:0.000776s ]
ERR: 无法加载模块:Public

[ 2016-02-29T22:14:18+08:00 ] 127.0.0.1 /Public/Uploads/image/goods/20160229/14567165347539774328.jpg
INFO: [ app_init ] --START--
INFO: Run Behavior\BuildLiteBehavior [ RunTime:0.000040s ]
INFO: [ app_init ] --END-- [ RunTime:0.000753s ]
ERR: 无法加载模块:Public

[ 2016-02-29T22:14:18+08:00 ] 127.0.0.1 /Public/Uploads/image/goods/20160229/14567162671115162215.jpg
INFO: [ app_init ] --START--
INFO: Run Behavior\BuildLiteBehavior [ RunTime:0.000044s ]
INFO: [ app_init ] --END-- [ RunTime:0.001795s ]
ERR: 无法加载模块:Public

[ 2016-02-29T22:14:18+08:00 ] 127.0.0.1 /Public/Uploads/image/goods/20160229/14567184959585311155.jpg
INFO: [ app_init ] --START--
INFO: Run Behavior\BuildLiteBehavior [ RunTime:0.000043s ]
INFO: [ app_init ] --END-- [ RunTime:0.001901s ]
ERR: 无法加载模块:Public

[ 2016-02-29T22:14:18+08:00 ] 127.0.0.1 /Public/Uploads/image/goods/20160229/14567187046061492937.jpg
INFO: [ app_init ] --START--
INFO: Run Behavior\BuildLiteBehavior [ RunTime:0.000037s ]
INFO: [ app_init ] --END-- [ RunTime:0.001338s ]
ERR: 无法加载模块:Public

[ 2016-02-29T22:14:18+08:00 ] 127.0.0.1 /Public/Uploads/image/goods/20160229/14567156100656996994.jpg
INFO: [ app_init ] --START--
INFO: Run Behavior\BuildLiteBehavior [ RunTime:0.000039s ]
INFO: [ app_init ] --END-- [ RunTime:0.000785s ]
ERR: 无法加载模块:Public

[ 2016-02-29T22:14:18+08:00 ] 127.0.0.1 /Public/Uploads/image/goods/20160229/14567180405050327949.jpg
INFO: [ app_init ] --START--
INFO: Run Behavior\BuildLiteBehavior [ RunTime:0.000025s ]
INFO: [ app_init ] --END-- [ RunTime:0.000544s ]
ERR: 无法加载模块:Public

[ 2016-02-29T22:14:19+08:00 ] 127.0.0.1 /Public/Uploads/image/goods/20160229/14567189238263685776.jpg
INFO: [ app_init ] --START--
INFO: Run Behavior\BuildLiteBehavior [ RunTime:0.000034s ]
INFO: [ app_init ] --END-- [ RunTime:0.000763s ]
ERR: 无法加载模块:Public

[ 2016-02-29T22:14:20+08:00 ] 127.0.0.1 /Public/Uploads/image/goods/20160229/14567115600659233946.jpg
INFO: [ app_init ] --START--
INFO: Run Behavior\BuildLiteBehavior [ RunTime:0.000023s ]
INFO: [ app_init ] --END-- [ RunTime:0.000489s ]
ERR: 无法加载模块:Public

[ 2016-02-29T22:14:20+08:00 ] 127.0.0.1 /Public/Uploads/image/goods/20160229/14567105242563224799.jpg
INFO: [ app_init ] --START--
INFO: Run Behavior\BuildLiteBehavior [ RunTime:0.000023s ]
INFO: [ app_init ] --END-- [ RunTime:0.000501s ]
ERR: 无法加载模块:Public

[ 2016-02-29T22:14:20+08:00 ] 127.0.0.1 /Public/Uploads/image/goods/20160229/14567149158196137578.jpg
INFO: [ app_init ] --START--
INFO: Run Behavior\BuildLiteBehavior [ RunTime:0.000026s ]
INFO: [ app_init ] --END-- [ RunTime:0.000549s ]
ERR: 无法加载模块:Public

[ 2016-02-29T22:14:20+08:00 ] 127.0.0.1 /Public/Uploads/image/goods/20160229/14567145381332956953.jpg
INFO: [ app_init ] --START--
INFO: Run Behavior\BuildLiteBehavior [ RunTime:0.000038s ]
INFO: [ app_init ] --END-- [ RunTime:0.001055s ]
ERR: 无法加载模块:Public

[ 2016-02-29T22:14:20+08:00 ] 127.0.0.1 /Public/Uploads/image/goods/20160229/14567111687793273244.jpg
INFO: [ app_init ] --START--
INFO: Run Behavior\BuildLiteBehavior [ RunTime:0.000038s ]
INFO: [ app_init ] --END-- [ RunTime:0.000692s ]
ERR: 无法加载模块:Public

[ 2016-02-29T22:14:20+08:00 ] 127.0.0.1 /Public/Uploads/image/goods/20160229/14567139535818539255.jpg
INFO: [ app_init ] --START--
INFO: Run Behavior\BuildLiteBehavior [ RunTime:0.000035s ]
INFO: [ app_init ] --END-- [ RunTime:0.001147s ]
ERR: 无法加载模块:Public

[ 2016-02-29T22:14:28+08:00 ] 127.0.0.1 /Public/Uploads/image/goods/20160229/14567095207570136352.jpg
INFO: [ app_init ] --START--
INFO: Run Behavior\BuildLiteBehavior [ RunTime:0.000033s ]
INFO: [ app_init ] --END-- [ RunTime:0.000580s ]
ERR: 无法加载模块:Public

[ 2016-02-29T22:14:28+08:00 ] 127.0.0.1 /Public/Uploads/image/goods/20160229/14567189238263685776.jpg
INFO: [ app_init ] --START--
INFO: Run Behavior\BuildLiteBehavior [ RunTime:0.000039s ]
INFO: [ app_init ] --END-- [ RunTime:0.000719s ]
ERR: 无法加载模块:Public

[ 2016-02-29T22:14:28+08:00 ] 127.0.0.1 /Public/Uploads/image/goods/20160229/14567162671115162215.jpg
INFO: [ app_init ] --START--
INFO: Run Behavior\BuildLiteBehavior [ RunTime:0.000039s ]
INFO: [ app_init ] --END-- [ RunTime:0.000732s ]
ERR: 无法加载模块:Public

[ 2016-02-29T22:14:28+08:00 ] 127.0.0.1 /Public/Uploads/image/goods/20160229/14567187046061492937.jpg
INFO: [ app_init ] --START--
INFO: Run Behavior\BuildLiteBehavior [ RunTime:0.000036s ]
INFO: [ app_init ] --END-- [ RunTime:0.000891s ]
ERR: 无法加载模块:Public

[ 2016-02-29T22:14:28+08:00 ] 127.0.0.1 /Public/Uploads/image/goods/20160229/14567184959585311155.jpg
INFO: [ app_init ] --START--
INFO: Run Behavior\BuildLiteBehavior [ RunTime:0.000032s ]
INFO: [ app_init ] --END-- [ RunTime:0.000664s ]
ERR: 无法加载模块:Public

[ 2016-02-29T22:14:28+08:00 ] 127.0.0.1 /Public/Uploads/image/goods/20160229/14567156100656996994.jpg
INFO: [ app_init ] --START--
INFO: Run Behavior\BuildLiteBehavior [ RunTime:0.000052s ]
INFO: [ app_init ] --END-- [ RunTime:0.001771s ]
ERR: 无法加载模块:Public

[ 2016-02-29T22:14:28+08:00 ] 127.0.0.1 /Public/Uploads/image/goods/20160229/14567165347539774328.jpg
INFO: [ app_init ] --START--
INFO: Run Behavior\BuildLiteBehavior [ RunTime:0.000036s ]
INFO: [ app_init ] --END-- [ RunTime:0.000708s ]
ERR: 无法加载模块:Public

[ 2016-02-29T22:14:28+08:00 ] 127.0.0.1 /Public/Uploads/image/goods/20160229/14567145381332956953.jpg
INFO: [ app_init ] --START--
INFO: Run Behavior\BuildLiteBehavior [ RunTime:0.000036s ]
INFO: [ app_init ] --END-- [ RunTime:0.003453s ]
ERR: 无法加载模块:Public

[ 2016-02-29T22:14:28+08:00 ] 127.0.0.1 /Public/Uploads/image/goods/20160229/14567180405050327949.jpg
INFO: [ app_init ] --START--
INFO: Run Behavior\BuildLiteBehavior [ RunTime:0.000039s ]
INFO: [ app_init ] --END-- [ RunTime:0.000861s ]
ERR: 无法加载模块:Public

[ 2016-02-29T22:14:28+08:00 ] 127.0.0.1 /Public/Uploads/image/goods/20160229/14567149158196137578.jpg
INFO: [ app_init ] --START--
INFO: Run Behavior\BuildLiteBehavior [ RunTime:0.000056s ]
INFO: [ app_init ] --END-- [ RunTime:0.000716s ]
ERR: 无法加载模块:Public

[ 2016-02-29T22:14:28+08:00 ] 127.0.0.1 /Public/Uploads/image/goods/20160229/14567115600659233946.jpg
INFO: [ app_init ] --START--
INFO: Run Behavior\BuildLiteBehavior [ RunTime:0.000037s ]
INFO: [ app_init ] --END-- [ RunTime:0.000730s ]
ERR: 无法加载模块:Public

[ 2016-02-29T22:14:28+08:00 ] 127.0.0.1 /Public/Uploads/image/goods/20160229/14567111687793273244.jpg
INFO: [ app_init ] --START--
INFO: Run Behavior\BuildLiteBehavior [ RunTime:0.000034s ]
INFO: [ app_init ] --END-- [ RunTime:0.000660s ]
ERR: 无法加载模块:Public

[ 2016-02-29T22:14:28+08:00 ] 127.0.0.1 /Public/Uploads/image/goods/20160229/14567152764651222524.png
INFO: [ app_init ] --START--
INFO: Run Behavior\BuildLiteBehavior [ RunTime:0.000040s ]
INFO: [ app_init ] --END-- [ RunTime:0.000780s ]
ERR: 无法加载模块:Public

[ 2016-02-29T22:14:28+08:00 ] 127.0.0.1 /Public/Uploads/image/goods/20160229/14567139535818539255.jpg
INFO: [ app_init ] --START--
INFO: Run Behavior\BuildLiteBehavior [ RunTime:0.000034s ]
INFO: [ app_init ] --END-- [ RunTime:0.000621s ]
ERR: 无法加载模块:Public

[ 2016-02-29T22:14:28+08:00 ] 127.0.0.1 /Public/Uploads/image/goods/20160229/14567105242563224799.jpg
INFO: [ app_init ] --START--
INFO: Run Behavior\BuildLiteBehavior [ RunTime:0.000074s ]
INFO: [ app_init ] --END-- [ RunTime:0.000828s ]
ERR: 无法加载模块:Public

[ 2016-02-29T22:14:28+08:00 ] 127.0.0.1 /Public/Uploads/image/goods/20160229/14567162671115162215.jpg
INFO: [ app_init ] --START--
INFO: Run Behavior\BuildLiteBehavior [ RunTime:0.000035s ]
INFO: [ app_init ] --END-- [ RunTime:0.000614s ]
ERR: 无法加载模块:Public

[ 2016-02-29T22:14:28+08:00 ] 127.0.0.1 /Public/Uploads/image/goods/20160229/14567095207570136352.jpg
INFO: [ app_init ] --START--
INFO: Run Behavior\BuildLiteBehavior [ RunTime:0.000035s ]
INFO: [ app_init ] --END-- [ RunTime:0.000719s ]
ERR: 无法加载模块:Public

[ 2016-02-29T22:14:28+08:00 ] 127.0.0.1 /Public/Uploads/image/goods/20160229/14567187046061492937.jpg
INFO: [ app_init ] --START--
INFO: Run Behavior\BuildLiteBehavior [ RunTime:0.000037s ]
INFO: [ app_init ] --END-- [ RunTime:0.000748s ]
ERR: 无法加载模块:Public

[ 2016-02-29T22:14:28+08:00 ] 127.0.0.1 /Public/Uploads/image/goods/20160229/14567189238263685776.jpg
INFO: [ app_init ] --START--
INFO: Run Behavior\BuildLiteBehavior [ RunTime:0.000088s ]
INFO: [ app_init ] --END-- [ RunTime:0.001152s ]
ERR: 无法加载模块:Public

[ 2016-02-29T22:51:05+08:00 ] 127.0.0.1 /Public/Uploads/image/member/20160229/14567168496065181758.jpg
INFO: [ app_init ] --START--
INFO: Run Behavior\BuildLiteBehavior [ RunTime:0.000027s ]
INFO: [ app_init ] --END-- [ RunTime:0.001258s ]
ERR: 无法加载模块:Public

[ 2016-02-29T22:51:13+08:00 ] 127.0.0.1 /Public/Uploads/image/member/20160229/14567168496065181758.jpg
INFO: [ app_init ] --START--
INFO: Run Behavior\BuildLiteBehavior [ RunTime:0.000025s ]
INFO: [ app_init ] --END-- [ RunTime:0.000578s ]
ERR: 无法加载模块:Public

