[ 2016-03-14T21:11:02+08:00 ] 127.0.0.1 /Public/Uploads/image/goods/20160305/14571752704278434735.jpg
INFO: [ app_init ] --START--
INFO: Run Behavior\BuildLiteBehavior [ RunTime:0.000027s ]
INFO: [ app_init ] --END-- [ RunTime:0.000662s ]
ERR: 无法加载模块:Public

[ 2016-03-14T21:11:03+08:00 ] 127.0.0.1 /Public/Uploads/image/goods/20160305/14571752704278434735.jpg
INFO: [ app_init ] --START--
INFO: Run Behavior\BuildLiteBehavior [ RunTime:0.000055s ]
INFO: [ app_init ] --END-- [ RunTime:0.000790s ]
ERR: 无法加载模块:Public

[ 2016-03-14T21:11:03+08:00 ] 127.0.0.1 /favicon.ico
INFO: [ app_init ] --START--
INFO: Run Behavior\BuildLiteBehavior [ RunTime:0.000024s ]
INFO: [ app_init ] --END-- [ RunTime:0.000481s ]
ERR: 无法加载模块:Favicon

[ 2016-03-14T21:11:03+08:00 ] 127.0.0.1 /favicon.ico
INFO: [ app_init ] --START--
INFO: Run Behavior\BuildLiteBehavior [ RunTime:0.000023s ]
INFO: [ app_init ] --END-- [ RunTime:0.000462s ]
ERR: 无法加载模块:Favicon

[ 2016-03-14T21:11:14+08:00 ] 127.0.0.1 /Public/Uploads/image/goods/20160305/14571752704278434735.jpg
INFO: [ app_init ] --START--
INFO: Run Behavior\BuildLiteBehavior [ RunTime:0.000025s ]
INFO: [ app_init ] --END-- [ RunTime:0.000475s ]
ERR: 无法加载模块:Public

[ 2016-03-14T21:15:14+08:00 ] 127.0.0.1 /Public/Uploads/image/goods/20160305/14571752704278434735.jpg
INFO: [ app_init ] --START--
INFO: Run Behavior\BuildLiteBehavior [ RunTime:0.000037s ]
INFO: [ app_init ] --END-- [ RunTime:0.000805s ]
ERR: 无法加载模块:Public

[ 2016-03-14T21:15:15+08:00 ] 127.0.0.1 /Public/Uploads/image/goods/20160305/14571752704278434735.jpg
INFO: [ app_init ] --START--
INFO: Run Behavior\BuildLiteBehavior [ RunTime:0.000040s ]
INFO: [ app_init ] --END-- [ RunTime:0.000698s ]
ERR: 无法加载模块:Public

[ 2016-03-14T21:15:16+08:00 ] 127.0.0.1 /Public/Uploads/image/goods/20160305/14571752704278434735.jpg
INFO: [ app_init ] --START--
INFO: Run Behavior\BuildLiteBehavior [ RunTime:0.000038s ]
INFO: [ app_init ] --END-- [ RunTime:0.000760s ]
ERR: 无法加载模块:Public

[ 2016-03-14T21:15:16+08:00 ] 127.0.0.1 /Public/Uploads/image/goods/20160305/14571752704278434735.jpg
INFO: [ app_init ] --START--
INFO: Run Behavior\BuildLiteBehavior [ RunTime:0.000042s ]
INFO: [ app_init ] --END-- [ RunTime:0.000730s ]
ERR: 无法加载模块:Public

[ 2016-03-14T21:20:05+08:00 ] 127.0.0.1 /Public/Uploads/image/goods/20160305/14571752704278434735.jpg
INFO: [ app_init ] --START--
INFO: Run Behavior\BuildLiteBehavior [ RunTime:0.000039s ]
INFO: [ app_init ] --END-- [ RunTime:0.000659s ]
ERR: 无法加载模块:Public

[ 2016-03-14T21:34:08+08:00 ] 127.0.0.1 /Public/Uploads/image/goods/20160305/14571752704278434735.jpg
INFO: [ app_init ] --START--
INFO: Run Behavior\BuildLiteBehavior [ RunTime:0.000041s ]
INFO: [ app_init ] --END-- [ RunTime:0.000702s ]
ERR: 无法加载模块:Public

[ 2016-03-14T21:34:22+08:00 ] 127.0.0.1 /Public/Uploads/image/goods/20160305/14571752704278434735.jpg
INFO: [ app_init ] --START--
INFO: Run Behavior\BuildLiteBehavior [ RunTime:0.000039s ]
INFO: [ app_init ] --END-- [ RunTime:0.000603s ]
ERR: 无法加载模块:Public

[ 2016-03-14T21:34:44+08:00 ] 127.0.0.1 /Public/Uploads/image/goods/20160305/14571752704278434735.jpg
INFO: [ app_init ] --START--
INFO: Run Behavior\BuildLiteBehavior [ RunTime:0.000040s ]
INFO: [ app_init ] --END-- [ RunTime:0.000722s ]
ERR: 无法加载模块:Public

[ 2016-03-14T21:35:07+08:00 ] 127.0.0.1 /Public/Uploads/image/goods/20160305/14571752704278434735.jpg
INFO: [ app_init ] --START--
INFO: Run Behavior\BuildLiteBehavior [ RunTime:0.000024s ]
INFO: [ app_init ] --END-- [ RunTime:0.000457s ]
ERR: 无法加载模块:Public

[ 2016-03-14T21:38:04+08:00 ] 127.0.0.1 /Public/Uploads/image/goods/20160305/14571752704278434735.jpg
INFO: [ app_init ] --START--
INFO: Run Behavior\BuildLiteBehavior [ RunTime:0.000024s ]
INFO: [ app_init ] --END-- [ RunTime:0.000521s ]
ERR: 无法加载模块:Public

[ 2016-03-14T22:00:23+08:00 ] 127.0.0.1 /Public/Uploads/image/goods/20160305/14571752704278434735.jpg
INFO: [ app_init ] --START--
INFO: Run Behavior\BuildLiteBehavior [ RunTime:0.000025s ]
INFO: [ app_init ] --END-- [ RunTime:0.000472s ]
ERR: 无法加载模块:Public

[ 2016-03-14T22:00:23+08:00 ] 127.0.0.1 /Public/Uploads/image/goods/20160305/14571752704278434735.jpg
INFO: [ app_init ] --START--
INFO: Run Behavior\BuildLiteBehavior [ RunTime:0.000037s ]
INFO: [ app_init ] --END-- [ RunTime:0.000657s ]
ERR: 无法加载模块:Public

[ 2016-03-14T22:00:45+08:00 ] 127.0.0.1 /Public/Uploads/image/goods/20160305/14571752704278434735.jpg
INFO: [ app_init ] --START--
INFO: Run Behavior\BuildLiteBehavior [ RunTime:0.000027s ]
INFO: [ app_init ] --END-- [ RunTime:0.000481s ]
ERR: 无法加载模块:Public

[ 2016-03-14T23:22:23+08:00 ] 127.0.0.1 /Public/Uploads/image/goods/20160305/14571752704278434735.jpg
INFO: [ app_init ] --START--
INFO: Run Behavior\BuildLiteBehavior [ RunTime:0.000042s ]
INFO: [ app_init ] --END-- [ RunTime:0.000849s ]
ERR: 无法加载模块:Public

[ 2016-03-14T23:22:23+08:00 ] 127.0.0.1 /Public/Uploads/image/goods/20160305/14571752704278434735.jpg
INFO: [ app_init ] --START--
INFO: Run Behavior\BuildLiteBehavior [ RunTime:0.000040s ]
INFO: [ app_init ] --END-- [ RunTime:0.000735s ]
ERR: 无法加载模块:Public

[ 2016-03-14T23:23:19+08:00 ] 127.0.0.1 /Public/Uploads/image/goods/20160305/14571752704278434735.jpg
INFO: [ app_init ] --START--
INFO: Run Behavior\BuildLiteBehavior [ RunTime:0.000025s ]
INFO: [ app_init ] --END-- [ RunTime:0.000520s ]
ERR: 无法加载模块:Public

[ 2016-03-14T23:23:19+08:00 ] 127.0.0.1 /Public/Uploads/image/goods/20160305/14571752704278434735.jpg
INFO: [ app_init ] --START--
INFO: Run Behavior\BuildLiteBehavior [ RunTime:0.000037s ]
INFO: [ app_init ] --END-- [ RunTime:0.000637s ]
ERR: 无法加载模块:Public

