[ 2016-03-17T09:51:22+08:00 ] 127.0.0.1 /favicon.ico
INFO: [ app_init ] --START--
INFO: Run Behavior\BuildLiteBehavior [ RunTime:0.000024s ]
INFO: [ app_init ] --END-- [ RunTime:0.000750s ]
ERR: 无法加载模块:Favicon

[ 2016-03-17T10:34:16+08:00 ] 127.0.0.1 /Public/Uploads/image/goods/20160305/14571752704278434735.jpg
INFO: [ app_init ] --START--
INFO: Run Behavior\BuildLiteBehavior [ RunTime:0.000027s ]
INFO: [ app_init ] --END-- [ RunTime:0.000536s ]
ERR: 无法加载模块:Public

[ 2016-03-17T10:34:16+08:00 ] 127.0.0.1 /Public/Uploads/image/goods/20160305/14571752704278434735.jpg
INFO: [ app_init ] --START--
INFO: Run Behavior\BuildLiteBehavior [ RunTime:0.000038s ]
INFO: [ app_init ] --END-- [ RunTime:0.000866s ]
ERR: 无法加载模块:Public

[ 2016-03-17T10:34:18+08:00 ] 127.0.0.1 /favicon.ico
INFO: [ app_init ] --START--
INFO: Run Behavior\BuildLiteBehavior [ RunTime:0.000049s ]
INFO: [ app_init ] --END-- [ RunTime:0.001148s ]
ERR: 无法加载模块:Favicon

[ 2016-03-17T10:34:18+08:00 ] 127.0.0.1 /favicon.ico
INFO: [ app_init ] --START--
INFO: Run Behavior\BuildLiteBehavior [ RunTime:0.000049s ]
INFO: [ app_init ] --END-- [ RunTime:0.000813s ]
ERR: 无法加载模块:Favicon

[ 2016-03-17T10:35:11+08:00 ] 127.0.0.1 /Public/Uploads/image/goods/20160305/14571752704278434735.jpg
INFO: [ app_init ] --START--
INFO: Run Behavior\BuildLiteBehavior [ RunTime:0.000027s ]
INFO: [ app_init ] --END-- [ RunTime:0.000520s ]
ERR: 无法加载模块:Public

[ 2016-03-17T12:21:09+08:00 ] 127.0.0.1 /Public/Uploads/image/goods/20160305/14571752704278434735.jpg
INFO: [ app_init ] --START--
INFO: Run Behavior\BuildLiteBehavior [ RunTime:0.000041s ]
INFO: [ app_init ] --END-- [ RunTime:0.000824s ]
ERR: 无法加载模块:Public

[ 2016-03-17T12:21:09+08:00 ] 127.0.0.1 /Public/Uploads/image/goods/20160305/14571752704278434735.jpg
INFO: [ app_init ] --START--
INFO: Run Behavior\BuildLiteBehavior [ RunTime:0.000032s ]
INFO: [ app_init ] --END-- [ RunTime:0.000684s ]
ERR: 无法加载模块:Public

[ 2016-03-17T12:23:13+08:00 ] 127.0.0.1 /Public/Uploads/image/goods/20160311/14576852757638042269.jpg
INFO: [ app_init ] --START--
INFO: Run Behavior\BuildLiteBehavior [ RunTime:0.000042s ]
INFO: [ app_init ] --END-- [ RunTime:0.001065s ]
ERR: 无法加载模块:Public

[ 2016-03-17T12:23:13+08:00 ] 127.0.0.1 /Public/Uploads/image/goods/20160311/14576942021192388926.jpg
INFO: [ app_init ] --START--
INFO: Run Behavior\BuildLiteBehavior [ RunTime:0.000041s ]
INFO: [ app_init ] --END-- [ RunTime:0.000829s ]
ERR: 无法加载模块:Public

[ 2016-03-17T12:23:13+08:00 ] 127.0.0.1 /Public/Uploads/image/goods/20160311/14576954977208611643.jpg
INFO: [ app_init ] --START--
INFO: Run Behavior\BuildLiteBehavior [ RunTime:0.000037s ]
INFO: [ app_init ] --END-- [ RunTime:0.000796s ]
ERR: 无法加载模块:Public

[ 2016-03-17T12:23:13+08:00 ] 127.0.0.1 /Public/Uploads/image/goods/20160311/14576947448804795247.jpg
INFO: [ app_init ] --START--
INFO: Run Behavior\BuildLiteBehavior [ RunTime:0.000023s ]
INFO: [ app_init ] --END-- [ RunTime:0.000507s ]
ERR: 无法加载模块:Public

[ 2016-03-17T12:23:13+08:00 ] 127.0.0.1 /Public/Uploads/image/goods/20160311/14576949864868468673.jpg
INFO: [ app_init ] --START--
INFO: Run Behavior\BuildLiteBehavior [ RunTime:0.000038s ]
INFO: [ app_init ] --END-- [ RunTime:0.002148s ]
ERR: 无法加载模块:Public

[ 2016-03-17T12:23:13+08:00 ] 127.0.0.1 /Public/Uploads/image/goods/20160311/14576934768160855265.jpg
INFO: [ app_init ] --START--
INFO: Run Behavior\BuildLiteBehavior [ RunTime:0.000039s ]
INFO: [ app_init ] --END-- [ RunTime:0.000754s ]
ERR: 无法加载模块:Public

[ 2016-03-17T12:23:13+08:00 ] 127.0.0.1 /Public/Uploads/image/goods/20160311/14576861403338833508.jpg
INFO: [ app_init ] --START--
INFO: Run Behavior\BuildLiteBehavior [ RunTime:0.000041s ]
INFO: [ app_init ] --END-- [ RunTime:0.000836s ]
ERR: 无法加载模块:Public

[ 2016-03-17T12:23:14+08:00 ] 127.0.0.1 /Public/Uploads/image/goods/20160311/14576869349032326707.jpg
INFO: [ app_init ] --START--
INFO: Run Behavior\BuildLiteBehavior [ RunTime:0.000039s ]
INFO: [ app_init ] --END-- [ RunTime:0.000734s ]
ERR: 无法加载模块:Public

[ 2016-03-17T12:23:14+08:00 ] 127.0.0.1 /Public/Uploads/image/goods/20160311/14576938704625992393.jpg
INFO: [ app_init ] --START--
INFO: Run Behavior\BuildLiteBehavior [ RunTime:0.000041s ]
INFO: [ app_init ] --END-- [ RunTime:0.005897s ]
ERR: 无法加载模块:Public

[ 2016-03-17T12:23:14+08:00 ] 127.0.0.1 /Public/Uploads/image/goods/20160311/14576801009241479847.jpg
INFO: [ app_init ] --START--
INFO: Run Behavior\BuildLiteBehavior [ RunTime:0.000043s ]
INFO: [ app_init ] --END-- [ RunTime:0.001417s ]
ERR: 无法加载模块:Public

[ 2016-03-17T12:23:14+08:00 ] 127.0.0.1 /Public/Uploads/image/goods/20160311/14576813568176988105.jpg
INFO: [ app_init ] --START--
INFO: Run Behavior\BuildLiteBehavior [ RunTime:0.000039s ]
INFO: [ app_init ] --END-- [ RunTime:0.000696s ]
ERR: 无法加载模块:Public

[ 2016-03-17T12:23:14+08:00 ] 127.0.0.1 /Public/Uploads/image/goods/20160311/14576808717648636446.jpg
INFO: [ app_init ] --START--
INFO: Run Behavior\BuildLiteBehavior [ RunTime:0.000039s ]
INFO: [ app_init ] --END-- [ RunTime:0.000941s ]
ERR: 无法加载模块:Public

[ 2016-03-17T12:23:14+08:00 ] 127.0.0.1 /Public/Uploads/image/goods/20160311/14576855198145057721.png
INFO: [ app_init ] --START--
INFO: Run Behavior\BuildLiteBehavior [ RunTime:0.000037s ]
INFO: [ app_init ] --END-- [ RunTime:0.000693s ]
ERR: 无法加载模块:Public

[ 2016-03-17T12:23:14+08:00 ] 127.0.0.1 /Public/Uploads/image/goods/20160311/14576788175259555616.jpg
INFO: [ app_init ] --START--
INFO: Run Behavior\BuildLiteBehavior [ RunTime:0.000041s ]
INFO: [ app_init ] --END-- [ RunTime:0.015242s ]
ERR: 无法加载模块:Public

[ 2016-03-17T12:23:14+08:00 ] 127.0.0.1 /Public/Uploads/image/goods/20160311/14576780680859749081.jpg
INFO: [ app_init ] --START--
INFO: Run Behavior\BuildLiteBehavior [ RunTime:0.000042s ]
INFO: [ app_init ] --END-- [ RunTime:0.000846s ]
ERR: 无法加载模块:Public

[ 2016-03-17T12:23:14+08:00 ] 127.0.0.1 /Public/Uploads/image/goods/20160305/14571752704278434735.jpg
INFO: [ app_init ] --START--
INFO: Run Behavior\BuildLiteBehavior [ RunTime:0.000041s ]
INFO: [ app_init ] --END-- [ RunTime:0.000746s ]
ERR: 无法加载模块:Public

[ 2016-03-17T12:23:14+08:00 ] 127.0.0.1 /Public/Uploads/image/goods/20160317/14581858496976154141.jpg
INFO: [ app_init ] --START--
INFO: Run Behavior\BuildLiteBehavior [ RunTime:0.000042s ]
INFO: [ app_init ] --END-- [ RunTime:0.000741s ]
ERR: 无法加载模块:Public

[ 2016-03-17T12:23:14+08:00 ] 127.0.0.1 /Public/Uploads/image/goods/20160311/14576857064044278514.jpg
INFO: [ app_init ] --START--
INFO: Run Behavior\BuildLiteBehavior [ RunTime:0.000023s ]
INFO: [ app_init ] --END-- [ RunTime:0.000498s ]
ERR: 无法加载模块:Public

[ 2016-03-17T12:23:19+08:00 ] 127.0.0.1 /Public/Uploads/image/goods/20160311/14576857064044278514.jpg
INFO: [ app_init ] --START--
INFO: Run Behavior\BuildLiteBehavior [ RunTime:0.000039s ]
INFO: [ app_init ] --END-- [ RunTime:0.000748s ]
ERR: 无法加载模块:Public

[ 2016-03-17T12:23:19+08:00 ] 127.0.0.1 /Public/Uploads/image/goods/20160311/14576788175259555616.jpg
INFO: [ app_init ] --START--
INFO: Run Behavior\BuildLiteBehavior [ RunTime:0.000021s ]
INFO: [ app_init ] --END-- [ RunTime:0.000462s ]
ERR: 无法加载模块:Public

[ 2016-03-17T12:23:19+08:00 ] 127.0.0.1 /Public/Uploads/image/goods/20160311/14576855198145057721.png
INFO: [ app_init ] --START--
INFO: Run Behavior\BuildLiteBehavior [ RunTime:0.000036s ]
INFO: [ app_init ] --END-- [ RunTime:0.000692s ]
ERR: 无法加载模块:Public

[ 2016-03-17T12:23:19+08:00 ] 127.0.0.1 /Public/Uploads/image/goods/20160311/14576852757638042269.jpg
INFO: [ app_init ] --START--
INFO: Run Behavior\BuildLiteBehavior [ RunTime:0.000038s ]
INFO: [ app_init ] --END-- [ RunTime:0.000751s ]
ERR: 无法加载模块:Public

[ 2016-03-17T12:23:19+08:00 ] 127.0.0.1 /Public/Uploads/image/goods/20160311/14576801009241479847.jpg
INFO: [ app_init ] --START--
INFO: Run Behavior\BuildLiteBehavior [ RunTime:0.000035s ]
INFO: [ app_init ] --END-- [ RunTime:0.000723s ]
ERR: 无法加载模块:Public

[ 2016-03-17T12:23:19+08:00 ] 127.0.0.1 /Public/Uploads/image/goods/20160311/14576780680859749081.jpg
INFO: [ app_init ] --START--
INFO: Run Behavior\BuildLiteBehavior [ RunTime:0.000036s ]
INFO: [ app_init ] --END-- [ RunTime:0.003121s ]
ERR: 无法加载模块:Public

[ 2016-03-17T12:23:19+08:00 ] 127.0.0.1 /Public/Uploads/image/goods/20160311/14576813568176988105.jpg
INFO: [ app_init ] --START--
INFO: Run Behavior\BuildLiteBehavior [ RunTime:0.000038s ]
INFO: [ app_init ] --END-- [ RunTime:0.000719s ]
ERR: 无法加载模块:Public

[ 2016-03-17T12:23:19+08:00 ] 127.0.0.1 /Public/Uploads/image/goods/20160311/14576808717648636446.jpg
INFO: [ app_init ] --START--
INFO: Run Behavior\BuildLiteBehavior [ RunTime:0.000041s ]
INFO: [ app_init ] --END-- [ RunTime:0.002572s ]
ERR: 无法加载模块:Public

[ 2016-03-17T12:23:19+08:00 ] 127.0.0.1 /Public/Uploads/image/goods/20160311/14576855674558278715.png
INFO: [ app_init ] --START--
INFO: Run Behavior\BuildLiteBehavior [ RunTime:0.000038s ]
INFO: [ app_init ] --END-- [ RunTime:0.000826s ]
ERR: 无法加载模块:Public

[ 2016-03-17T12:23:19+08:00 ] 127.0.0.1 /Public/Uploads/image/goods/20160305/14571752704278434735.jpg
INFO: [ app_init ] --START--
INFO: Run Behavior\BuildLiteBehavior [ RunTime:0.000039s ]
INFO: [ app_init ] --END-- [ RunTime:0.000926s ]
ERR: 无法加载模块:Public

[ 2016-03-17T12:23:19+08:00 ] 127.0.0.1 /Public/Uploads/image/goods/20160311/14576855859051787695.jpg
INFO: [ app_init ] --START--
INFO: Run Behavior\BuildLiteBehavior [ RunTime:0.000042s ]
INFO: [ app_init ] --END-- [ RunTime:0.007468s ]
ERR: 无法加载模块:Public

[ 2016-03-17T12:23:20+08:00 ] 127.0.0.1 /Public/Uploads/image/goods/20160311/14576857064044278514.jpg
INFO: [ app_init ] --START--
INFO: Run Behavior\BuildLiteBehavior [ RunTime:0.000036s ]
INFO: [ app_init ] --END-- [ RunTime:0.000719s ]
ERR: 无法加载模块:Public

[ 2016-03-17T12:23:20+08:00 ] 127.0.0.1 /Public/Uploads/image/goods/20160311/14576852757638042269.jpg
INFO: [ app_init ] --START--
INFO: Run Behavior\BuildLiteBehavior [ RunTime:0.000050s ]
INFO: [ app_init ] --END-- [ RunTime:0.000787s ]
ERR: 无法加载模块:Public

[ 2016-03-17T12:23:20+08:00 ] 127.0.0.1 /Public/Uploads/image/goods/20160311/14576855198145057721.png
INFO: [ app_init ] --START--
INFO: Run Behavior\BuildLiteBehavior [ RunTime:0.000039s ]
INFO: [ app_init ] --END-- [ RunTime:0.001231s ]
ERR: 无法加载模块:Public

[ 2016-03-17T12:23:20+08:00 ] 127.0.0.1 /Public/Uploads/image/goods/20160311/14576808717648636446.jpg
INFO: [ app_init ] --START--
INFO: Run Behavior\BuildLiteBehavior [ RunTime:0.000041s ]
INFO: [ app_init ] --END-- [ RunTime:0.000715s ]
ERR: 无法加载模块:Public

[ 2016-03-17T12:23:20+08:00 ] 127.0.0.1 /Public/Uploads/image/goods/20160311/14576801009241479847.jpg
INFO: [ app_init ] --START--
INFO: Run Behavior\BuildLiteBehavior [ RunTime:0.000038s ]
INFO: [ app_init ] --END-- [ RunTime:0.000760s ]
ERR: 无法加载模块:Public

[ 2016-03-17T12:23:20+08:00 ] 127.0.0.1 /Public/Uploads/image/goods/20160311/14576788175259555616.jpg
INFO: [ app_init ] --START--
INFO: Run Behavior\BuildLiteBehavior [ RunTime:0.000039s ]
INFO: [ app_init ] --END-- [ RunTime:0.000702s ]
ERR: 无法加载模块:Public

[ 2016-03-17T12:23:20+08:00 ] 127.0.0.1 /Public/Uploads/image/goods/20160311/14576780680859749081.jpg
INFO: [ app_init ] --START--
INFO: Run Behavior\BuildLiteBehavior [ RunTime:0.000024s ]
INFO: [ app_init ] --END-- [ RunTime:0.000507s ]
ERR: 无法加载模块:Public

[ 2016-03-17T12:23:20+08:00 ] 127.0.0.1 /Public/Uploads/image/goods/20160311/14576813568176988105.jpg
INFO: [ app_init ] --START--
INFO: Run Behavior\BuildLiteBehavior [ RunTime:0.000037s ]
INFO: [ app_init ] --END-- [ RunTime:0.000731s ]
ERR: 无法加载模块:Public

[ 2016-03-17T12:23:20+08:00 ] 127.0.0.1 /Public/Uploads/image/goods/20160311/14576855674558278715.png
INFO: [ app_init ] --START--
INFO: Run Behavior\BuildLiteBehavior [ RunTime:0.000037s ]
INFO: [ app_init ] --END-- [ RunTime:0.001006s ]
ERR: 无法加载模块:Public

[ 2016-03-17T12:23:29+08:00 ] 127.0.0.1 /Public/Uploads/image/goods/20160311/14576855198145057721.png
INFO: [ app_init ] --START--
INFO: Run Behavior\BuildLiteBehavior [ RunTime:0.000040s ]
INFO: [ app_init ] --END-- [ RunTime:0.000706s ]
ERR: 无法加载模块:Public

[ 2016-03-17T12:23:34+08:00 ] 127.0.0.1 /Public/Uploads/image/goods/20160311/14576855198145057721.png
INFO: [ app_init ] --START--
INFO: Run Behavior\BuildLiteBehavior [ RunTime:0.000040s ]
INFO: [ app_init ] --END-- [ RunTime:0.000745s ]
ERR: 无法加载模块:Public

[ 2016-03-17T12:24:27+08:00 ] 127.0.0.1 /Public/Uploads/image/goods/20160311/14576855198145057721.png
INFO: [ app_init ] --START--
INFO: Run Behavior\BuildLiteBehavior [ RunTime:0.000038s ]
INFO: [ app_init ] --END-- [ RunTime:0.000781s ]
ERR: 无法加载模块:Public

[ 2016-03-17T12:24:40+08:00 ] 127.0.0.1 /Public/Uploads/image/goods/20160311/14576855198145057721.png
INFO: [ app_init ] --START--
INFO: Run Behavior\BuildLiteBehavior [ RunTime:0.000030s ]
INFO: [ app_init ] --END-- [ RunTime:0.000584s ]
ERR: 无法加载模块:Public

[ 2016-03-17T12:24:57+08:00 ] 127.0.0.1 /Public/Uploads/image/goods/20160311/14576855198145057721.png
INFO: [ app_init ] --START--
INFO: Run Behavior\BuildLiteBehavior [ RunTime:0.000027s ]
INFO: [ app_init ] --END-- [ RunTime:0.000608s ]
ERR: 无法加载模块:Public

[ 2016-03-17T12:25:15+08:00 ] 127.0.0.1 /Public/Uploads/image/goods/20160311/14576855198145057721.png
INFO: [ app_init ] --START--
INFO: Run Behavior\BuildLiteBehavior [ RunTime:0.000064s ]
INFO: [ app_init ] --END-- [ RunTime:0.001021s ]
ERR: 无法加载模块:Public

[ 2016-03-17T12:26:06+08:00 ] 127.0.0.1 /Public/Uploads/image/goods/20160311/14576855198145057721.png
INFO: [ app_init ] --START--
INFO: Run Behavior\BuildLiteBehavior [ RunTime:0.000042s ]
INFO: [ app_init ] --END-- [ RunTime:0.000866s ]
ERR: 无法加载模块:Public

[ 2016-03-17T12:26:38+08:00 ] 127.0.0.1 /Public/Uploads/image/goods/20160311/14576855198145057721.png
INFO: [ app_init ] --START--
INFO: Run Behavior\BuildLiteBehavior [ RunTime:0.000023s ]
INFO: [ app_init ] --END-- [ RunTime:0.000512s ]
ERR: 无法加载模块:Public

[ 2016-03-17T12:26:43+08:00 ] 127.0.0.1 /Public/Uploads/image/goods/20160311/14576855198145057721.png
INFO: [ app_init ] --START--
INFO: Run Behavior\BuildLiteBehavior [ RunTime:0.000044s ]
INFO: [ app_init ] --END-- [ RunTime:0.000828s ]
ERR: 无法加载模块:Public

[ 2016-03-17T12:26:57+08:00 ] 127.0.0.1 /Public/Uploads/image/goods/20160311/14576855198145057721.png
INFO: [ app_init ] --START--
INFO: Run Behavior\BuildLiteBehavior [ RunTime:0.000039s ]
INFO: [ app_init ] --END-- [ RunTime:0.000861s ]
ERR: 无法加载模块:Public

[ 2016-03-17T12:29:59+08:00 ] 127.0.0.1 /Public/Uploads/image/goods/20160311/14576855198145057721.png
INFO: [ app_init ] --START--
INFO: Run Behavior\BuildLiteBehavior [ RunTime:0.000032s ]
INFO: [ app_init ] --END-- [ RunTime:0.000618s ]
ERR: 无法加载模块:Public

[ 2016-03-17T12:30:05+08:00 ] 127.0.0.1 /Public/Uploads/image/goods/20160311/14576855198145057721.png
INFO: [ app_init ] --START--
INFO: Run Behavior\BuildLiteBehavior [ RunTime:0.000049s ]
INFO: [ app_init ] --END-- [ RunTime:0.001383s ]
ERR: 无法加载模块:Public

[ 2016-03-17T12:31:27+08:00 ] 127.0.0.1 /Public/Uploads/image/goods/20160311/14576855198145057721.png
INFO: [ app_init ] --START--
INFO: Run Behavior\BuildLiteBehavior [ RunTime:0.000037s ]
INFO: [ app_init ] --END-- [ RunTime:0.000906s ]
ERR: 无法加载模块:Public

[ 2016-03-17T12:31:34+08:00 ] 127.0.0.1 /Public/Uploads/image/goods/20160311/14576855198145057721.png
INFO: [ app_init ] --START--
INFO: Run Behavior\BuildLiteBehavior [ RunTime:0.000039s ]
INFO: [ app_init ] --END-- [ RunTime:0.000827s ]
ERR: 无法加载模块:Public

[ 2016-03-17T12:31:51+08:00 ] 127.0.0.1 /Public/Uploads/image/goods/20160311/14576855198145057721.png
INFO: [ app_init ] --START--
INFO: Run Behavior\BuildLiteBehavior [ RunTime:0.000024s ]
INFO: [ app_init ] --END-- [ RunTime:0.000513s ]
ERR: 无法加载模块:Public

[ 2016-03-17T12:32:20+08:00 ] 127.0.0.1 /Public/Uploads/image/goods/20160311/14576855198145057721.png
INFO: [ app_init ] --START--
INFO: Run Behavior\BuildLiteBehavior [ RunTime:0.000025s ]
INFO: [ app_init ] --END-- [ RunTime:0.000671s ]
ERR: 无法加载模块:Public

[ 2016-03-17T12:36:13+08:00 ] 127.0.0.1 /Public/Uploads/image/goods/20160311/14576855198145057721.png
INFO: [ app_init ] --START--
INFO: Run Behavior\BuildLiteBehavior [ RunTime:0.000041s ]
INFO: [ app_init ] --END-- [ RunTime:0.000765s ]
ERR: 无法加载模块:Public

[ 2016-03-17T12:36:19+08:00 ] 127.0.0.1 /Public/Uploads/image/goods/20160311/14576855198145057721.png
INFO: [ app_init ] --START--
INFO: Run Behavior\BuildLiteBehavior [ RunTime:0.000035s ]
INFO: [ app_init ] --END-- [ RunTime:0.000568s ]
ERR: 无法加载模块:Public

[ 2016-03-17T12:36:35+08:00 ] 127.0.0.1 /Public/Uploads/image/goods/20160311/14576855198145057721.png
INFO: [ app_init ] --START--
INFO: Run Behavior\BuildLiteBehavior [ RunTime:0.000039s ]
INFO: [ app_init ] --END-- [ RunTime:0.000828s ]
ERR: 无法加载模块:Public

[ 2016-03-17T12:36:56+08:00 ] 127.0.0.1 /Public/Uploads/image/goods/20160311/14576855198145057721.png
INFO: [ app_init ] --START--
INFO: Run Behavior\BuildLiteBehavior [ RunTime:0.000043s ]
INFO: [ app_init ] --END-- [ RunTime:0.000894s ]
ERR: 无法加载模块:Public

[ 2016-03-17T12:37:58+08:00 ] 127.0.0.1 /Public/Uploads/image/goods/20160311/14576855198145057721.png
INFO: [ app_init ] --START--
INFO: Run Behavior\BuildLiteBehavior [ RunTime:0.000026s ]
INFO: [ app_init ] --END-- [ RunTime:0.000510s ]
ERR: 无法加载模块:Public

[ 2016-03-17T12:40:58+08:00 ] 127.0.0.1 /Public/Uploads/image/goods/20160311/14576855198145057721.png
INFO: [ app_init ] --START--
INFO: Run Behavior\BuildLiteBehavior [ RunTime:0.000024s ]
INFO: [ app_init ] --END-- [ RunTime:0.000483s ]
ERR: 无法加载模块:Public

[ 2016-03-17T12:41:04+08:00 ] 127.0.0.1 /Public/Uploads/image/goods/20160311/14576855198145057721.png
INFO: [ app_init ] --START--
INFO: Run Behavior\BuildLiteBehavior [ RunTime:0.000029s ]
INFO: [ app_init ] --END-- [ RunTime:0.000715s ]
ERR: 无法加载模块:Public

[ 2016-03-17T15:06:28+08:00 ] 127.0.0.1 /Public/Uploads/image/goods/20160311/14576855198145057721.png
INFO: [ app_init ] --START--
INFO: Run Behavior\BuildLiteBehavior [ RunTime:0.000026s ]
INFO: [ app_init ] --END-- [ RunTime:0.000832s ]
ERR: 无法加载模块:Public

[ 2016-03-17T15:06:28+08:00 ] 127.0.0.1 /Public/Uploads/image/goods/20160311/14576949864868468673.jpg
INFO: [ app_init ] --START--
INFO: Run Behavior\BuildLiteBehavior [ RunTime:0.000040s ]
INFO: [ app_init ] --END-- [ RunTime:0.000839s ]
ERR: 无法加载模块:Public

[ 2016-03-17T15:10:26+08:00 ] 127.0.0.1 /Public/Uploads/image/goods/20160311/14576855198145057721.png
INFO: [ app_init ] --START--
INFO: Run Behavior\BuildLiteBehavior [ RunTime:0.000027s ]
INFO: [ app_init ] --END-- [ RunTime:0.000527s ]
ERR: 无法加载模块:Public

[ 2016-03-17T15:10:26+08:00 ] 127.0.0.1 /Public/Uploads/image/goods/20160311/14576949864868468673.jpg
INFO: [ app_init ] --START--
INFO: Run Behavior\BuildLiteBehavior [ RunTime:0.000024s ]
INFO: [ app_init ] --END-- [ RunTime:0.000501s ]
ERR: 无法加载模块:Public

[ 2016-03-17T15:10:28+08:00 ] 127.0.0.1 /Public/Uploads/image/goods/20160311/14576855198145057721.png
INFO: [ app_init ] --START--
INFO: Run Behavior\BuildLiteBehavior [ RunTime:0.000037s ]
INFO: [ app_init ] --END-- [ RunTime:0.000763s ]
ERR: 无法加载模块:Public

[ 2016-03-17T15:12:19+08:00 ] 127.0.0.1 /Public/Uploads/image/goods/20160311/14576855198145057721.png
INFO: [ app_init ] --START--
INFO: Run Behavior\BuildLiteBehavior [ RunTime:0.000029s ]
INFO: [ app_init ] --END-- [ RunTime:0.000485s ]
ERR: 无法加载模块:Public

[ 2016-03-17T15:12:19+08:00 ] 127.0.0.1 /Public/Uploads/image/goods/20160311/14576855198145057721.png
INFO: [ app_init ] --START--
INFO: Run Behavior\BuildLiteBehavior [ RunTime:0.000044s ]
INFO: [ app_init ] --END-- [ RunTime:0.001363s ]
ERR: 无法加载模块:Public

[ 2016-03-17T15:14:12+08:00 ] 127.0.0.1 /Public/Uploads/image/goods/20160311/14576855198145057721.png
INFO: [ app_init ] --START--
INFO: Run Behavior\BuildLiteBehavior [ RunTime:0.000040s ]
INFO: [ app_init ] --END-- [ RunTime:0.000806s ]
ERR: 无法加载模块:Public

[ 2016-03-17T15:14:12+08:00 ] 127.0.0.1 /Public/Uploads/image/goods/20160311/14576855198145057721.png
INFO: [ app_init ] --START--
INFO: Run Behavior\BuildLiteBehavior [ RunTime:0.000021s ]
INFO: [ app_init ] --END-- [ RunTime:0.000495s ]
ERR: 无法加载模块:Public

[ 2016-03-17T15:14:45+08:00 ] 127.0.0.1 /Public/Uploads/image/goods/20160311/14576855198145057721.png
INFO: [ app_init ] --START--
INFO: Run Behavior\BuildLiteBehavior [ RunTime:0.000035s ]
INFO: [ app_init ] --END-- [ RunTime:0.000698s ]
ERR: 无法加载模块:Public

[ 2016-03-17T15:14:50+08:00 ] 127.0.0.1 /Public/Uploads/image/goods/20160311/14576949864868468673.jpg
INFO: [ app_init ] --START--
INFO: Run Behavior\BuildLiteBehavior [ RunTime:0.000043s ]
INFO: [ app_init ] --END-- [ RunTime:0.000739s ]
ERR: 无法加载模块:Public

[ 2016-03-17T15:14:50+08:00 ] 127.0.0.1 /Public/Uploads/image/goods/20160311/14576855198145057721.png
INFO: [ app_init ] --START--
INFO: Run Behavior\BuildLiteBehavior [ RunTime:0.000031s ]
INFO: [ app_init ] --END-- [ RunTime:0.000753s ]
ERR: 无法加载模块:Public

[ 2016-03-17T15:14:52+08:00 ] 127.0.0.1 /Public/Uploads/image/goods/20160311/14576855198145057721.png
INFO: [ app_init ] --START--
INFO: Run Behavior\BuildLiteBehavior [ RunTime:0.000039s ]
INFO: [ app_init ] --END-- [ RunTime:0.000818s ]
ERR: 无法加载模块:Public

[ 2016-03-17T15:14:55+08:00 ] 127.0.0.1 /Public/Uploads/image/goods/20160311/14576949864868468673.jpg
INFO: [ app_init ] --START--
INFO: Run Behavior\BuildLiteBehavior [ RunTime:0.000040s ]
INFO: [ app_init ] --END-- [ RunTime:0.000688s ]
ERR: 无法加载模块:Public

[ 2016-03-17T15:14:55+08:00 ] 127.0.0.1 /Public/Uploads/image/goods/20160311/14576855198145057721.png
INFO: [ app_init ] --START--
INFO: Run Behavior\BuildLiteBehavior [ RunTime:0.000027s ]
INFO: [ app_init ] --END-- [ RunTime:0.000586s ]
ERR: 无法加载模块:Public

[ 2016-03-17T15:14:57+08:00 ] 127.0.0.1 /Public/Uploads/image/goods/20160311/14576855198145057721.png
INFO: [ app_init ] --START--
INFO: Run Behavior\BuildLiteBehavior [ RunTime:0.000026s ]
INFO: [ app_init ] --END-- [ RunTime:0.000546s ]
ERR: 无法加载模块:Public

[ 2016-03-17T15:15:07+08:00 ] 127.0.0.1 /Public/Uploads/image/goods/20160311/14576855198145057721.png
INFO: [ app_init ] --START--
INFO: Run Behavior\BuildLiteBehavior [ RunTime:0.000025s ]
INFO: [ app_init ] --END-- [ RunTime:0.000513s ]
ERR: 无法加载模块:Public

[ 2016-03-17T15:15:07+08:00 ] 127.0.0.1 /Public/Uploads/image/goods/20160311/14576855198145057721.png
INFO: [ app_init ] --START--
INFO: Run Behavior\BuildLiteBehavior [ RunTime:0.000028s ]
INFO: [ app_init ] --END-- [ RunTime:0.000637s ]
ERR: 无法加载模块:Public

[ 2016-03-17T15:15:25+08:00 ] 127.0.0.1 /Public/Uploads/image/goods/20160311/14576855198145057721.png
INFO: [ app_init ] --START--
INFO: Run Behavior\BuildLiteBehavior [ RunTime:0.000025s ]
INFO: [ app_init ] --END-- [ RunTime:0.000535s ]
ERR: 无法加载模块:Public

[ 2016-03-17T15:15:25+08:00 ] 127.0.0.1 /Public/Uploads/image/goods/20160311/14576949864868468673.jpg
INFO: [ app_init ] --START--
INFO: Run Behavior\BuildLiteBehavior [ RunTime:0.000041s ]
INFO: [ app_init ] --END-- [ RunTime:0.000814s ]
ERR: 无法加载模块:Public

[ 2016-03-17T15:15:28+08:00 ] 127.0.0.1 /Public/Uploads/image/goods/20160311/14576855198145057721.png
INFO: [ app_init ] --START--
INFO: Run Behavior\BuildLiteBehavior [ RunTime:0.000025s ]
INFO: [ app_init ] --END-- [ RunTime:0.000514s ]
ERR: 无法加载模块:Public

[ 2016-03-17T15:18:18+08:00 ] 127.0.0.1 /Public/Uploads/image/goods/20160311/14576855198145057721.png
INFO: [ app_init ] --START--
INFO: Run Behavior\BuildLiteBehavior [ RunTime:0.000042s ]
INFO: [ app_init ] --END-- [ RunTime:0.000766s ]
ERR: 无法加载模块:Public

[ 2016-03-17T15:18:18+08:00 ] 127.0.0.1 /Public/Uploads/image/goods/20160311/14576949864868468673.jpg
INFO: [ app_init ] --START--
INFO: Run Behavior\BuildLiteBehavior [ RunTime:0.000024s ]
INFO: [ app_init ] --END-- [ RunTime:0.000489s ]
ERR: 无法加载模块:Public

[ 2016-03-17T15:23:16+08:00 ] 127.0.0.1 /Public/Uploads/image/goods/20160311/14576949864868468673.jpg
INFO: [ app_init ] --START--
INFO: Run Behavior\BuildLiteBehavior [ RunTime:0.000026s ]
INFO: [ app_init ] --END-- [ RunTime:0.000526s ]
ERR: 无法加载模块:Public

[ 2016-03-17T15:23:16+08:00 ] 127.0.0.1 /Public/Uploads/image/goods/20160311/14576855198145057721.png
INFO: [ app_init ] --START--
INFO: Run Behavior\BuildLiteBehavior [ RunTime:0.000040s ]
INFO: [ app_init ] --END-- [ RunTime:0.000782s ]
ERR: 无法加载模块:Public

[ 2016-03-17T15:23:17+08:00 ] 127.0.0.1 /Public/Uploads/image/goods/20160311/14576949864868468673.jpg
INFO: [ app_init ] --START--
INFO: Run Behavior\BuildLiteBehavior [ RunTime:0.000023s ]
INFO: [ app_init ] --END-- [ RunTime:0.000457s ]
ERR: 无法加载模块:Public

[ 2016-03-17T15:23:17+08:00 ] 127.0.0.1 /Public/Uploads/image/goods/20160311/14576855198145057721.png
INFO: [ app_init ] --START--
INFO: Run Behavior\BuildLiteBehavior [ RunTime:0.000025s ]
INFO: [ app_init ] --END-- [ RunTime:0.000511s ]
ERR: 无法加载模块:Public

[ 2016-03-17T15:23:18+08:00 ] 127.0.0.1 /Public/Uploads/image/goods/20160311/14576949864868468673.jpg
INFO: [ app_init ] --START--
INFO: Run Behavior\BuildLiteBehavior [ RunTime:0.000040s ]
INFO: [ app_init ] --END-- [ RunTime:0.000851s ]
ERR: 无法加载模块:Public

[ 2016-03-17T15:23:18+08:00 ] 127.0.0.1 /Public/Uploads/image/goods/20160311/14576855198145057721.png
INFO: [ app_init ] --START--
INFO: Run Behavior\BuildLiteBehavior [ RunTime:0.000041s ]
INFO: [ app_init ] --END-- [ RunTime:0.001028s ]
ERR: 无法加载模块:Public

[ 2016-03-17T15:23:20+08:00 ] 127.0.0.1 /Public/Uploads/image/goods/20160311/14576855198145057721.png
INFO: [ app_init ] --START--
INFO: Run Behavior\BuildLiteBehavior [ RunTime:0.000043s ]
INFO: [ app_init ] --END-- [ RunTime:0.001445s ]
ERR: 无法加载模块:Public

[ 2016-03-17T15:23:20+08:00 ] 127.0.0.1 /Public/Uploads/image/goods/20160311/14576949864868468673.jpg
INFO: [ app_init ] --START--
INFO: Run Behavior\BuildLiteBehavior [ RunTime:0.000036s ]
INFO: [ app_init ] --END-- [ RunTime:0.000750s ]
ERR: 无法加载模块:Public

[ 2016-03-17T15:23:20+08:00 ] 127.0.0.1 /Public/Uploads/image/goods/20160311/14576954977208611643.jpg
INFO: [ app_init ] --START--
INFO: Run Behavior\BuildLiteBehavior [ RunTime:0.000038s ]
INFO: [ app_init ] --END-- [ RunTime:0.001298s ]
ERR: 无法加载模块:Public

[ 2016-03-17T15:23:20+08:00 ] 127.0.0.1 /Public/Uploads/image/goods/20160311/14576938704625992393.jpg
INFO: [ app_init ] --START--
INFO: Run Behavior\BuildLiteBehavior [ RunTime:0.000037s ]
INFO: [ app_init ] --END-- [ RunTime:0.000772s ]
ERR: 无法加载模块:Public

[ 2016-03-17T15:23:20+08:00 ] 127.0.0.1 /Public/Uploads/image/goods/20160311/14576861403338833508.jpg
INFO: [ app_init ] --START--
INFO: Run Behavior\BuildLiteBehavior [ RunTime:0.000031s ]
INFO: [ app_init ] --END-- [ RunTime:0.000573s ]
ERR: 无法加载模块:Public

[ 2016-03-17T15:23:20+08:00 ] 127.0.0.1 /Public/Uploads/image/goods/20160311/14576947448804795247.jpg
INFO: [ app_init ] --START--
INFO: Run Behavior\BuildLiteBehavior [ RunTime:0.000041s ]
INFO: [ app_init ] --END-- [ RunTime:0.000795s ]
ERR: 无法加载模块:Public

[ 2016-03-17T15:23:20+08:00 ] 127.0.0.1 /Public/Uploads/image/goods/20160311/14576869349032326707.jpg
INFO: [ app_init ] --START--
INFO: Run Behavior\BuildLiteBehavior [ RunTime:0.000040s ]
INFO: [ app_init ] --END-- [ RunTime:0.000742s ]
ERR: 无法加载模块:Public

[ 2016-03-17T15:23:20+08:00 ] 127.0.0.1 /Public/Uploads/image/goods/20160311/14576942021192388926.jpg
INFO: [ app_init ] --START--
INFO: Run Behavior\BuildLiteBehavior [ RunTime:0.000042s ]
INFO: [ app_init ] --END-- [ RunTime:0.001175s ]
ERR: 无法加载模块:Public

[ 2016-03-17T15:23:20+08:00 ] 127.0.0.1 /Public/Uploads/image/goods/20160311/14576934768160855265.jpg
INFO: [ app_init ] --START--
INFO: Run Behavior\BuildLiteBehavior [ RunTime:0.000039s ]
INFO: [ app_init ] --END-- [ RunTime:0.000753s ]
ERR: 无法加载模块:Public

[ 2016-03-17T15:23:22+08:00 ] 127.0.0.1 /Public/Uploads/image/goods/20160311/14576949927813552537.jpg
INFO: [ app_init ] --START--
INFO: Run Behavior\BuildLiteBehavior [ RunTime:0.000025s ]
INFO: [ app_init ] --END-- [ RunTime:0.000479s ]
ERR: 无法加载模块:Public

[ 2016-03-17T15:23:22+08:00 ] 127.0.0.1 /Public/Uploads/image/goods/20160311/14576949976651884737.jpg
INFO: [ app_init ] --START--
INFO: Run Behavior\BuildLiteBehavior [ RunTime:0.000040s ]
INFO: [ app_init ] --END-- [ RunTime:0.002296s ]
ERR: 无法加载模块:Public

[ 2016-03-17T15:23:22+08:00 ] 127.0.0.1 /Public/Uploads/image/goods/20160311/14576947448804795247.jpg
INFO: [ app_init ] --START--
INFO: Run Behavior\BuildLiteBehavior [ RunTime:0.000026s ]
INFO: [ app_init ] --END-- [ RunTime:0.000640s ]
ERR: 无法加载模块:Public

[ 2016-03-17T15:23:22+08:00 ] 127.0.0.1 /Public/Uploads/image/goods/20160311/14576949864868468673.jpg
INFO: [ app_init ] --START--
INFO: Run Behavior\BuildLiteBehavior [ RunTime:0.000038s ]
INFO: [ app_init ] --END-- [ RunTime:0.000650s ]
ERR: 无法加载模块:Public

[ 2016-03-17T15:23:22+08:00 ] 127.0.0.1 /Public/Uploads/image/goods/20160317/14581858496976154141.jpg
INFO: [ app_init ] --START--
INFO: Run Behavior\BuildLiteBehavior [ RunTime:0.000038s ]
INFO: [ app_init ] --END-- [ RunTime:0.001305s ]
ERR: 无法加载模块:Public

[ 2016-03-17T15:23:22+08:00 ] 127.0.0.1 /Public/Uploads/image/goods/20160311/14576950036690622427.jpg
INFO: [ app_init ] --START--
INFO: Run Behavior\BuildLiteBehavior [ RunTime:0.000034s ]
INFO: [ app_init ] --END-- [ RunTime:0.000692s ]
ERR: 无法加载模块:Public

[ 2016-03-17T15:23:22+08:00 ] 127.0.0.1 /Public/Uploads/image/goods/20160311/14576942021192388926.jpg
INFO: [ app_init ] --START--
INFO: Run Behavior\BuildLiteBehavior [ RunTime:0.000038s ]
INFO: [ app_init ] --END-- [ RunTime:0.000781s ]
ERR: 无法加载模块:Public

[ 2016-03-17T15:23:22+08:00 ] 127.0.0.1 /Public/Uploads/image/goods/20160311/14576855198145057721.png
INFO: [ app_init ] --START--
INFO: Run Behavior\BuildLiteBehavior [ RunTime:0.000041s ]
INFO: [ app_init ] --END-- [ RunTime:0.000810s ]
ERR: 无法加载模块:Public

[ 2016-03-17T15:23:22+08:00 ] 127.0.0.1 /Public/Uploads/image/goods/20160311/14576869349032326707.jpg
INFO: [ app_init ] --START--
INFO: Run Behavior\BuildLiteBehavior [ RunTime:0.000036s ]
INFO: [ app_init ] --END-- [ RunTime:0.000679s ]
ERR: 无法加载模块:Public

[ 2016-03-17T15:23:22+08:00 ] 127.0.0.1 /Public/Uploads/image/goods/20160311/14576951849791264574.jpg
INFO: [ app_init ] --START--
INFO: Run Behavior\BuildLiteBehavior [ RunTime:0.000035s ]
INFO: [ app_init ] --END-- [ RunTime:0.000729s ]
ERR: 无法加载模块:Public

[ 2016-03-17T15:23:22+08:00 ] 127.0.0.1 /Public/Uploads/image/goods/20160311/14576938704625992393.jpg
INFO: [ app_init ] --START--
INFO: Run Behavior\BuildLiteBehavior [ RunTime:0.000037s ]
INFO: [ app_init ] --END-- [ RunTime:0.000701s ]
ERR: 无法加载模块:Public

[ 2016-03-17T15:23:22+08:00 ] 127.0.0.1 /Public/Uploads/image/goods/20160311/14576934768160855265.jpg
INFO: [ app_init ] --START--
INFO: Run Behavior\BuildLiteBehavior [ RunTime:0.000034s ]
INFO: [ app_init ] --END-- [ RunTime:0.000638s ]
ERR: 无法加载模块:Public

[ 2016-03-17T15:23:22+08:00 ] 127.0.0.1 /Public/Uploads/image/goods/20160311/14576951879991878643.jpg
INFO: [ app_init ] --START--
INFO: Run Behavior\BuildLiteBehavior [ RunTime:0.000038s ]
INFO: [ app_init ] --END-- [ RunTime:0.000765s ]
ERR: 无法加载模块:Public

[ 2016-03-17T15:23:22+08:00 ] 127.0.0.1 /Public/Uploads/image/goods/20160311/14576951863005315299.jpg
INFO: [ app_init ] --START--
INFO: Run Behavior\BuildLiteBehavior [ RunTime:0.000036s ]
INFO: [ app_init ] --END-- [ RunTime:0.000666s ]
ERR: 无法加载模块:Public

[ 2016-03-17T15:23:22+08:00 ] 127.0.0.1 /Public/Uploads/image/goods/20160311/14576951895178752685.jpg
INFO: [ app_init ] --START--
INFO: Run Behavior\BuildLiteBehavior [ RunTime:0.000038s ]
INFO: [ app_init ] --END-- [ RunTime:0.000686s ]
ERR: 无法加载模块:Public

[ 2016-03-17T15:23:22+08:00 ] 127.0.0.1 /Public/Uploads/image/goods/20160311/14576951908810334608.jpg
INFO: [ app_init ] --START--
INFO: Run Behavior\BuildLiteBehavior [ RunTime:0.000037s ]
INFO: [ app_init ] --END-- [ RunTime:0.000723s ]
ERR: 无法加载模块:Public

[ 2016-03-17T15:23:22+08:00 ] 127.0.0.1 /Public/Uploads/image/goods/20160311/14576951917799361225.jpg
INFO: [ app_init ] --START--
INFO: Run Behavior\BuildLiteBehavior [ RunTime:0.000039s ]
INFO: [ app_init ] --END-- [ RunTime:0.000776s ]
ERR: 无法加载模块:Public

[ 2016-03-17T15:23:22+08:00 ] 127.0.0.1 /Public/Uploads/image/goods/20160311/14576951953275512361.jpg
INFO: [ app_init ] --START--
INFO: Run Behavior\BuildLiteBehavior [ RunTime:0.000031s ]
INFO: [ app_init ] --END-- [ RunTime:0.000609s ]
ERR: 无法加载模块:Public

[ 2016-03-17T15:23:22+08:00 ] 127.0.0.1 /Public/Uploads/image/goods/20160311/14576951926817648750.jpg
INFO: [ app_init ] --START--
INFO: Run Behavior\BuildLiteBehavior [ RunTime:0.000036s ]
INFO: [ app_init ] --END-- [ RunTime:0.000690s ]
ERR: 无法加载模块:Public

[ 2016-03-17T15:23:22+08:00 ] 127.0.0.1 /Public/Uploads/image/goods/20160311/14576951935783411572.jpg
INFO: [ app_init ] --START--
INFO: Run Behavior\BuildLiteBehavior [ RunTime:0.000043s ]
INFO: [ app_init ] --END-- [ RunTime:0.000751s ]
ERR: 无法加载模块:Public

[ 2016-03-17T15:23:22+08:00 ] 127.0.0.1 /Public/Uploads/image/goods/20160311/14576951945992635589.jpg
INFO: [ app_init ] --START--
INFO: Run Behavior\BuildLiteBehavior [ RunTime:0.000067s ]
INFO: [ app_init ] --END-- [ RunTime:0.000778s ]
ERR: 无法加载模块:Public

[ 2016-03-17T15:23:22+08:00 ] 127.0.0.1 /Public/Uploads/image/goods/20160311/14576951963253791156.jpg
INFO: [ app_init ] --START--
INFO: Run Behavior\BuildLiteBehavior [ RunTime:0.000032s ]
INFO: [ app_init ] --END-- [ RunTime:0.000672s ]
ERR: 无法加载模块:Public

[ 2016-03-17T15:23:22+08:00 ] 127.0.0.1 /Public/Uploads/image/goods/20160311/14576951992629526464.jpg
INFO: [ app_init ] --START--
INFO: Run Behavior\BuildLiteBehavior [ RunTime:0.000043s ]
INFO: [ app_init ] --END-- [ RunTime:0.000710s ]
ERR: 无法加载模块:Public

[ 2016-03-17T15:23:22+08:00 ] 127.0.0.1 /Public/Uploads/image/goods/20160311/14576951855925375404.jpg
INFO: [ app_init ] --START--
INFO: Run Behavior\BuildLiteBehavior [ RunTime:0.000039s ]
INFO: [ app_init ] --END-- [ RunTime:0.000702s ]
ERR: 无法加载模块:Public

[ 2016-03-17T15:23:22+08:00 ] 127.0.0.1 /Public/Uploads/image/goods/20160311/14576951979806557041.jpg
INFO: [ app_init ] --START--
INFO: Run Behavior\BuildLiteBehavior [ RunTime:0.000034s ]
INFO: [ app_init ] --END-- [ RunTime:0.000680s ]
ERR: 无法加载模块:Public

[ 2016-03-17T15:23:22+08:00 ] 127.0.0.1 /Public/Uploads/image/goods/20160311/14576861403338833508.jpg
INFO: [ app_init ] --START--
INFO: Run Behavior\BuildLiteBehavior [ RunTime:0.000050s ]
INFO: [ app_init ] --END-- [ RunTime:0.001399s ]
ERR: 无法加载模块:Public

[ 2016-03-17T15:23:22+08:00 ] 127.0.0.1 /Public/Uploads/image/goods/20160311/14576951999381712661.jpg
INFO: [ app_init ] --START--
INFO: Run Behavior\BuildLiteBehavior [ RunTime:0.000025s ]
INFO: [ app_init ] --END-- [ RunTime:0.000590s ]
ERR: 无法加载模块:Public

[ 2016-03-17T15:23:22+08:00 ] 127.0.0.1 /Public/Uploads/image/goods/20160311/14576954977208611643.jpg
INFO: [ app_init ] --START--
INFO: Run Behavior\BuildLiteBehavior [ RunTime:0.000040s ]
INFO: [ app_init ] --END-- [ RunTime:0.001052s ]
ERR: 无法加载模块:Public

[ 2016-03-17T15:23:22+08:00 ] 127.0.0.1 /Public/Uploads/image/goods/20160311/14576855198145057721.png
INFO: [ app_init ] --START--
INFO: Run Behavior\BuildLiteBehavior [ RunTime:0.000037s ]
INFO: [ app_init ] --END-- [ RunTime:0.000817s ]
ERR: 无法加载模块:Public

[ 2016-03-17T15:23:22+08:00 ] 127.0.0.1 /Public/Uploads/image/goods/20160311/14576949864868468673.jpg
INFO: [ app_init ] --START--
INFO: Run Behavior\BuildLiteBehavior [ RunTime:0.000037s ]
INFO: [ app_init ] --END-- [ RunTime:0.000950s ]
ERR: 无法加载模块:Public

[ 2016-03-17T15:23:22+08:00 ] 127.0.0.1 /Public/Uploads/image/goods/20160311/14576950036690622427.jpg
INFO: [ app_init ] --START--
INFO: Run Behavior\BuildLiteBehavior [ RunTime:0.000035s ]
INFO: [ app_init ] --END-- [ RunTime:0.000683s ]
ERR: 无法加载模块:Public

[ 2016-03-17T15:23:22+08:00 ] 127.0.0.1 /Public/Uploads/image/goods/20160311/14576947448804795247.jpg
INFO: [ app_init ] --START--
INFO: Run Behavior\BuildLiteBehavior [ RunTime:0.000036s ]
INFO: [ app_init ] --END-- [ RunTime:0.000836s ]
ERR: 无法加载模块:Public

[ 2016-03-17T15:23:22+08:00 ] 127.0.0.1 /Public/Uploads/image/goods/20160317/14581858496976154141.jpg
INFO: [ app_init ] --START--
INFO: Run Behavior\BuildLiteBehavior [ RunTime:0.000062s ]
INFO: [ app_init ] --END-- [ RunTime:0.000709s ]
ERR: 无法加载模块:Public

[ 2016-03-17T15:23:22+08:00 ] 127.0.0.1 /Public/Uploads/image/goods/20160311/14576949927813552537.jpg
INFO: [ app_init ] --START--
INFO: Run Behavior\BuildLiteBehavior [ RunTime:0.000039s ]
INFO: [ app_init ] --END-- [ RunTime:0.001053s ]
ERR: 无法加载模块:Public

[ 2016-03-17T15:23:22+08:00 ] 127.0.0.1 /Public/Uploads/image/goods/20160311/14576934768160855265.jpg
INFO: [ app_init ] --START--
INFO: Run Behavior\BuildLiteBehavior [ RunTime:0.000038s ]
INFO: [ app_init ] --END-- [ RunTime:0.000881s ]
ERR: 无法加载模块:Public

[ 2016-03-17T15:23:22+08:00 ] 127.0.0.1 /Public/Uploads/image/goods/20160311/14576942021192388926.jpg
INFO: [ app_init ] --START--
INFO: Run Behavior\BuildLiteBehavior [ RunTime:0.000039s ]
INFO: [ app_init ] --END-- [ RunTime:0.000730s ]
ERR: 无法加载模块:Public

[ 2016-03-17T15:23:22+08:00 ] 127.0.0.1 /Public/Uploads/image/goods/20160311/14576938704625992393.jpg
INFO: [ app_init ] --START--
INFO: Run Behavior\BuildLiteBehavior [ RunTime:0.000040s ]
INFO: [ app_init ] --END-- [ RunTime:0.001024s ]
ERR: 无法加载模块:Public

[ 2016-03-17T15:23:22+08:00 ] 127.0.0.1 /Public/Uploads/image/goods/20160311/14576949976651884737.jpg
INFO: [ app_init ] --START--
INFO: Run Behavior\BuildLiteBehavior [ RunTime:0.000044s ]
INFO: [ app_init ] --END-- [ RunTime:0.020774s ]
ERR: 无法加载模块:Public

[ 2016-03-17T15:23:22+08:00 ] 127.0.0.1 /Public/Uploads/image/goods/20160311/14576954977208611643.jpg
INFO: [ app_init ] --START--
INFO: Run Behavior\BuildLiteBehavior [ RunTime:0.000088s ]
INFO: [ app_init ] --END-- [ RunTime:0.000981s ]
ERR: 无法加载模块:Public

[ 2016-03-17T15:23:22+08:00 ] 127.0.0.1 /Public/Uploads/image/goods/20160311/14576869349032326707.jpg
INFO: [ app_init ] --START--
INFO: Run Behavior\BuildLiteBehavior [ RunTime:0.000036s ]
INFO: [ app_init ] --END-- [ RunTime:0.000724s ]
ERR: 无法加载模块:Public

[ 2016-03-17T15:23:22+08:00 ] 127.0.0.1 /Public/Uploads/image/goods/20160311/14576951849791264574.jpg
INFO: [ app_init ] --START--
INFO: Run Behavior\BuildLiteBehavior [ RunTime:0.000038s ]
INFO: [ app_init ] --END-- [ RunTime:0.001084s ]
ERR: 无法加载模块:Public

[ 2016-03-17T15:23:22+08:00 ] 127.0.0.1 /Public/Uploads/image/goods/20160311/14576951863005315299.jpg
INFO: [ app_init ] --START--
INFO: Run Behavior\BuildLiteBehavior [ RunTime:0.000181s ]
INFO: [ app_init ] --END-- [ RunTime:0.001601s ]
ERR: 无法加载模块:Public

[ 2016-03-17T15:23:22+08:00 ] 127.0.0.1 /Public/Uploads/image/goods/20160311/14576951895178752685.jpg
INFO: [ app_init ] --START--
INFO: Run Behavior\BuildLiteBehavior [ RunTime:0.000039s ]
INFO: [ app_init ] --END-- [ RunTime:0.000832s ]
ERR: 无法加载模块:Public

[ 2016-03-17T15:23:22+08:00 ] 127.0.0.1 /Public/Uploads/image/goods/20160311/14576951908810334608.jpg
INFO: [ app_init ] --START--
INFO: Run Behavior\BuildLiteBehavior [ RunTime:0.000040s ]
INFO: [ app_init ] --END-- [ RunTime:0.000892s ]
ERR: 无法加载模块:Public

[ 2016-03-17T15:23:22+08:00 ] 127.0.0.1 /Public/Uploads/image/goods/20160311/14576951855925375404.jpg
INFO: [ app_init ] --START--
INFO: Run Behavior\BuildLiteBehavior [ RunTime:0.000036s ]
INFO: [ app_init ] --END-- [ RunTime:0.000728s ]
ERR: 无法加载模块:Public

[ 2016-03-17T15:23:22+08:00 ] 127.0.0.1 /Public/Uploads/image/goods/20160311/14576951917799361225.jpg
INFO: [ app_init ] --START--
INFO: Run Behavior\BuildLiteBehavior [ RunTime:0.000037s ]
INFO: [ app_init ] --END-- [ RunTime:0.000792s ]
ERR: 无法加载模块:Public

[ 2016-03-17T15:23:22+08:00 ] 127.0.0.1 /Public/Uploads/image/goods/20160311/14576951879991878643.jpg
INFO: [ app_init ] --START--
INFO: Run Behavior\BuildLiteBehavior [ RunTime:0.000057s ]
INFO: [ app_init ] --END-- [ RunTime:0.000760s ]
ERR: 无法加载模块:Public

[ 2016-03-17T15:23:22+08:00 ] 127.0.0.1 /Public/Uploads/image/goods/20160311/14576951926817648750.jpg
INFO: [ app_init ] --START--
INFO: Run Behavior\BuildLiteBehavior [ RunTime:0.000040s ]
INFO: [ app_init ] --END-- [ RunTime:0.002711s ]
ERR: 无法加载模块:Public

[ 2016-03-17T15:23:22+08:00 ] 127.0.0.1 /Public/Uploads/image/goods/20160311/14576951945992635589.jpg
INFO: [ app_init ] --START--
INFO: Run Behavior\BuildLiteBehavior [ RunTime:0.000034s ]
INFO: [ app_init ] --END-- [ RunTime:0.000745s ]
ERR: 无法加载模块:Public

[ 2016-03-17T15:23:22+08:00 ] 127.0.0.1 /Public/Uploads/image/goods/20160311/14576951953275512361.jpg
INFO: [ app_init ] --START--
INFO: Run Behavior\BuildLiteBehavior [ RunTime:0.000033s ]
INFO: [ app_init ] --END-- [ RunTime:0.000700s ]
ERR: 无法加载模块:Public

[ 2016-03-17T15:23:22+08:00 ] 127.0.0.1 /Public/Uploads/image/goods/20160311/14576951963253791156.jpg
INFO: [ app_init ] --START--
INFO: Run Behavior\BuildLiteBehavior [ RunTime:0.000035s ]
INFO: [ app_init ] --END-- [ RunTime:0.000796s ]
ERR: 无法加载模块:Public

[ 2016-03-17T15:23:22+08:00 ] 127.0.0.1 /Public/Uploads/image/goods/20160311/14576951979806557041.jpg
INFO: [ app_init ] --START--
INFO: Run Behavior\BuildLiteBehavior [ RunTime:0.000036s ]
INFO: [ app_init ] --END-- [ RunTime:0.000931s ]
ERR: 无法加载模块:Public

[ 2016-03-17T15:23:22+08:00 ] 127.0.0.1 /Public/Uploads/image/goods/20160311/14576951992629526464.jpg
INFO: [ app_init ] --START--
INFO: Run Behavior\BuildLiteBehavior [ RunTime:0.000034s ]
INFO: [ app_init ] --END-- [ RunTime:0.000692s ]
ERR: 无法加载模块:Public

[ 2016-03-17T15:23:22+08:00 ] 127.0.0.1 /Public/Uploads/image/goods/20160311/14576951999381712661.jpg
INFO: [ app_init ] --START--
INFO: Run Behavior\BuildLiteBehavior [ RunTime:0.000035s ]
INFO: [ app_init ] --END-- [ RunTime:0.000685s ]
ERR: 无法加载模块:Public

[ 2016-03-17T15:23:22+08:00 ] 127.0.0.1 /Public/Uploads/image/goods/20160311/14576951935783411572.jpg
INFO: [ app_init ] --START--
INFO: Run Behavior\BuildLiteBehavior [ RunTime:0.000045s ]
INFO: [ app_init ] --END-- [ RunTime:0.000732s ]
ERR: 无法加载模块:Public

[ 2016-03-17T15:24:11+08:00 ] 127.0.0.1 /Public/Uploads/image/goods/20160311/14576949864868468673.jpg
INFO: [ app_init ] --START--
INFO: Run Behavior\BuildLiteBehavior [ RunTime:0.000039s ]
INFO: [ app_init ] --END-- [ RunTime:0.000796s ]
ERR: 无法加载模块:Public

[ 2016-03-17T15:24:11+08:00 ] 127.0.0.1 /Public/Uploads/image/goods/20160311/14576855198145057721.png
INFO: [ app_init ] --START--
INFO: Run Behavior\BuildLiteBehavior [ RunTime:0.000026s ]
INFO: [ app_init ] --END-- [ RunTime:0.000568s ]
ERR: 无法加载模块:Public

[ 2016-03-17T15:24:11+08:00 ] 127.0.0.1 /Public/Uploads/image/goods/20160311/14576949864868468673.jpg
INFO: [ app_init ] --START--
INFO: Run Behavior\BuildLiteBehavior [ RunTime:0.000040s ]
INFO: [ app_init ] --END-- [ RunTime:0.000824s ]
ERR: 无法加载模块:Public

[ 2016-03-17T15:24:16+08:00 ] 127.0.0.1 /Public/Uploads/image/goods/20160311/14576855198145057721.png
INFO: [ app_init ] --START--
INFO: Run Behavior\BuildLiteBehavior [ RunTime:0.000039s ]
INFO: [ app_init ] --END-- [ RunTime:0.000757s ]
ERR: 无法加载模块:Public

[ 2016-03-17T15:24:16+08:00 ] 127.0.0.1 /Public/Uploads/image/goods/20160311/14576949864868468673.jpg
INFO: [ app_init ] --START--
INFO: Run Behavior\BuildLiteBehavior [ RunTime:0.000037s ]
INFO: [ app_init ] --END-- [ RunTime:0.000706s ]
ERR: 无法加载模块:Public

[ 2016-03-17T15:24:20+08:00 ] 127.0.0.1 /Public/Uploads/image/goods/20160311/14576855198145057721.png
INFO: [ app_init ] --START--
INFO: Run Behavior\BuildLiteBehavior [ RunTime:0.000024s ]
INFO: [ app_init ] --END-- [ RunTime:0.000504s ]
ERR: 无法加载模块:Public

[ 2016-03-17T15:24:20+08:00 ] 127.0.0.1 /Public/Uploads/image/goods/20160311/14576949864868468673.jpg
INFO: [ app_init ] --START--
INFO: Run Behavior\BuildLiteBehavior [ RunTime:0.000034s ]
INFO: [ app_init ] --END-- [ RunTime:0.000680s ]
ERR: 无法加载模块:Public

[ 2016-03-17T15:24:47+08:00 ] 127.0.0.1 /Public/Uploads/image/goods/20160311/14576855198145057721.png
INFO: [ app_init ] --START--
INFO: Run Behavior\BuildLiteBehavior [ RunTime:0.000036s ]
INFO: [ app_init ] --END-- [ RunTime:0.000665s ]
ERR: 无法加载模块:Public

[ 2016-03-17T15:24:47+08:00 ] 127.0.0.1 /Public/Uploads/image/goods/20160311/14576949864868468673.jpg
INFO: [ app_init ] --START--
INFO: Run Behavior\BuildLiteBehavior [ RunTime:0.000040s ]
INFO: [ app_init ] --END-- [ RunTime:0.000895s ]
ERR: 无法加载模块:Public

[ 2016-03-17T15:24:48+08:00 ] 127.0.0.1 /Public/Uploads/image/goods/20160311/14576855198145057721.png
INFO: [ app_init ] --START--
INFO: Run Behavior\BuildLiteBehavior [ RunTime:0.000038s ]
INFO: [ app_init ] --END-- [ RunTime:0.000682s ]
ERR: 无法加载模块:Public

[ 2016-03-17T15:24:48+08:00 ] 127.0.0.1 /Public/Uploads/image/goods/20160311/14576949864868468673.jpg
INFO: [ app_init ] --START--
INFO: Run Behavior\BuildLiteBehavior [ RunTime:0.000040s ]
INFO: [ app_init ] --END-- [ RunTime:0.000731s ]
ERR: 无法加载模块:Public

[ 2016-03-17T15:25:41+08:00 ] 127.0.0.1 /Public/Uploads/image/goods/20160311/14576949864868468673.jpg
INFO: [ app_init ] --START--
INFO: Run Behavior\BuildLiteBehavior [ RunTime:0.000034s ]
INFO: [ app_init ] --END-- [ RunTime:0.000653s ]
ERR: 无法加载模块:Public

[ 2016-03-17T15:25:41+08:00 ] 127.0.0.1 /Public/Uploads/image/goods/20160311/14576855198145057721.png
INFO: [ app_init ] --START--
INFO: Run Behavior\BuildLiteBehavior [ RunTime:0.000943s ]
INFO: [ app_init ] --END-- [ RunTime:0.001827s ]
ERR: 无法加载模块:Public

[ 2016-03-17T15:32:39+08:00 ] 127.0.0.1 /Public/Uploads/image/goods/20160311/14576949864868468673.jpg
INFO: [ app_init ] --START--
INFO: Run Behavior\BuildLiteBehavior [ RunTime:0.000042s ]
INFO: [ app_init ] --END-- [ RunTime:0.000803s ]
ERR: 无法加载模块:Public

[ 2016-03-17T15:32:39+08:00 ] 127.0.0.1 /Public/Uploads/image/goods/20160311/14576855198145057721.png
INFO: [ app_init ] --START--
INFO: Run Behavior\BuildLiteBehavior [ RunTime:0.000038s ]
INFO: [ app_init ] --END-- [ RunTime:0.000775s ]
ERR: 无法加载模块:Public

[ 2016-03-17T15:32:45+08:00 ] 127.0.0.1 /Public/Uploads/image/goods/20160311/14576949864868468673.jpg
INFO: [ app_init ] --START--
INFO: Run Behavior\BuildLiteBehavior [ RunTime:0.000043s ]
INFO: [ app_init ] --END-- [ RunTime:0.000925s ]
ERR: 无法加载模块:Public

[ 2016-03-17T15:32:45+08:00 ] 127.0.0.1 /Public/Uploads/image/goods/20160311/14576855198145057721.png
INFO: [ app_init ] --START--
INFO: Run Behavior\BuildLiteBehavior [ RunTime:0.000025s ]
INFO: [ app_init ] --END-- [ RunTime:0.000560s ]
ERR: 无法加载模块:Public

[ 2016-03-17T15:32:53+08:00 ] 127.0.0.1 /Public/Uploads/image/goods/20160311/14576949864868468673.jpg
INFO: [ app_init ] --START--
INFO: Run Behavior\BuildLiteBehavior [ RunTime:0.000046s ]
INFO: [ app_init ] --END-- [ RunTime:0.000806s ]
ERR: 无法加载模块:Public

[ 2016-03-17T15:32:53+08:00 ] 127.0.0.1 /Public/Uploads/image/goods/20160311/14576855198145057721.png
INFO: [ app_init ] --START--
INFO: Run Behavior\BuildLiteBehavior [ RunTime:0.000038s ]
INFO: [ app_init ] --END-- [ RunTime:0.000854s ]
ERR: 无法加载模块:Public

[ 2016-03-17T15:33:31+08:00 ] 127.0.0.1 /Public/Uploads/image/goods/20160311/14576949864868468673.jpg
INFO: [ app_init ] --START--
INFO: Run Behavior\BuildLiteBehavior [ RunTime:0.000039s ]
INFO: [ app_init ] --END-- [ RunTime:0.000716s ]
ERR: 无法加载模块:Public

[ 2016-03-17T15:33:31+08:00 ] 127.0.0.1 /Public/Uploads/image/goods/20160311/14576855198145057721.png
INFO: [ app_init ] --START--
INFO: Run Behavior\BuildLiteBehavior [ RunTime:0.000026s ]
INFO: [ app_init ] --END-- [ RunTime:0.000523s ]
ERR: 无法加载模块:Public

[ 2016-03-17T15:33:39+08:00 ] 127.0.0.1 /Public/Uploads/image/goods/20160311/14576949864868468673.jpg
INFO: [ app_init ] --START--
INFO: Run Behavior\BuildLiteBehavior [ RunTime:0.000040s ]
INFO: [ app_init ] --END-- [ RunTime:0.000756s ]
ERR: 无法加载模块:Public

[ 2016-03-17T15:33:39+08:00 ] 127.0.0.1 /Public/Uploads/image/goods/20160311/14576855198145057721.png
INFO: [ app_init ] --START--
INFO: Run Behavior\BuildLiteBehavior [ RunTime:0.000036s ]
INFO: [ app_init ] --END-- [ RunTime:0.000722s ]
ERR: 无法加载模块:Public

[ 2016-03-17T15:33:39+08:00 ] 127.0.0.1 /Public/Uploads/image/goods/20160311/14576949864868468673.jpg
INFO: [ app_init ] --START--
INFO: Run Behavior\BuildLiteBehavior [ RunTime:0.000039s ]
INFO: [ app_init ] --END-- [ RunTime:0.000574s ]
ERR: 无法加载模块:Public

[ 2016-03-17T15:33:43+08:00 ] 127.0.0.1 /Public/Uploads/image/goods/20160311/14576855198145057721.png
INFO: [ app_init ] --START--
INFO: Run Behavior\BuildLiteBehavior [ RunTime:0.000038s ]
INFO: [ app_init ] --END-- [ RunTime:0.000818s ]
ERR: 无法加载模块:Public

[ 2016-03-17T15:33:43+08:00 ] 127.0.0.1 /Public/Uploads/image/goods/20160311/14576949864868468673.jpg
INFO: [ app_init ] --START--
INFO: Run Behavior\BuildLiteBehavior [ RunTime:0.000042s ]
INFO: [ app_init ] --END-- [ RunTime:0.000796s ]
ERR: 无法加载模块:Public

[ 2016-03-17T15:33:46+08:00 ] 127.0.0.1 /Public/Uploads/image/goods/20160311/14576855198145057721.png
INFO: [ app_init ] --START--
INFO: Run Behavior\BuildLiteBehavior [ RunTime:0.000028s ]
INFO: [ app_init ] --END-- [ RunTime:0.000849s ]
ERR: 无法加载模块:Public

[ 2016-03-17T15:33:46+08:00 ] 127.0.0.1 /Public/Uploads/image/goods/20160311/14576949864868468673.jpg
INFO: [ app_init ] --START--
INFO: Run Behavior\BuildLiteBehavior [ RunTime:0.000040s ]
INFO: [ app_init ] --END-- [ RunTime:0.000852s ]
ERR: 无法加载模块:Public

[ 2016-03-17T15:34:14+08:00 ] 127.0.0.1 /Public/Uploads/image/goods/20160311/14576855198145057721.png
INFO: [ app_init ] --START--
INFO: Run Behavior\BuildLiteBehavior [ RunTime:0.000041s ]
INFO: [ app_init ] --END-- [ RunTime:0.000741s ]
ERR: 无法加载模块:Public

[ 2016-03-17T15:34:14+08:00 ] 127.0.0.1 /Public/Uploads/image/goods/20160311/14576949864868468673.jpg
INFO: [ app_init ] --START--
INFO: Run Behavior\BuildLiteBehavior [ RunTime:0.000040s ]
INFO: [ app_init ] --END-- [ RunTime:0.000813s ]
ERR: 无法加载模块:Public

[ 2016-03-17T15:34:16+08:00 ] 127.0.0.1 /Public/Uploads/image/goods/20160311/14576949864868468673.jpg
INFO: [ app_init ] --START--
INFO: Run Behavior\BuildLiteBehavior [ RunTime:0.000026s ]
INFO: [ app_init ] --END-- [ RunTime:0.000485s ]
ERR: 无法加载模块:Public

[ 2016-03-17T15:34:16+08:00 ] 127.0.0.1 /Public/Uploads/image/goods/20160311/14576855198145057721.png
INFO: [ app_init ] --START--
INFO: Run Behavior\BuildLiteBehavior [ RunTime:0.000036s ]
INFO: [ app_init ] --END-- [ RunTime:0.000756s ]
ERR: 无法加载模块:Public

[ 2016-03-17T15:34:18+08:00 ] 127.0.0.1 /Public/Uploads/image/goods/20160311/14576855198145057721.png
INFO: [ app_init ] --START--
INFO: Run Behavior\BuildLiteBehavior [ RunTime:0.000040s ]
INFO: [ app_init ] --END-- [ RunTime:0.000774s ]
ERR: 无法加载模块:Public

[ 2016-03-17T15:34:18+08:00 ] 127.0.0.1 /Public/Uploads/image/goods/20160311/14576949864868468673.jpg
INFO: [ app_init ] --START--
INFO: Run Behavior\BuildLiteBehavior [ RunTime:0.000039s ]
INFO: [ app_init ] --END-- [ RunTime:0.000809s ]
ERR: 无法加载模块:Public

[ 2016-03-17T15:34:20+08:00 ] 127.0.0.1 /Public/Uploads/image/goods/20160311/14576855198145057721.png
INFO: [ app_init ] --START--
INFO: Run Behavior\BuildLiteBehavior [ RunTime:0.000039s ]
INFO: [ app_init ] --END-- [ RunTime:0.000880s ]
ERR: 无法加载模块:Public

[ 2016-03-17T15:34:20+08:00 ] 127.0.0.1 /Public/Uploads/image/goods/20160311/14576949864868468673.jpg
INFO: [ app_init ] --START--
INFO: Run Behavior\BuildLiteBehavior [ RunTime:0.000025s ]
INFO: [ app_init ] --END-- [ RunTime:0.000534s ]
ERR: 无法加载模块:Public

[ 2016-03-17T15:34:45+08:00 ] 127.0.0.1 /Public/Uploads/image/goods/20160311/14576949864868468673.jpg
INFO: [ app_init ] --START--
INFO: Run Behavior\BuildLiteBehavior [ RunTime:0.000037s ]
INFO: [ app_init ] --END-- [ RunTime:0.000743s ]
ERR: 无法加载模块:Public

[ 2016-03-17T15:34:45+08:00 ] 127.0.0.1 /Public/Uploads/image/goods/20160311/14576855198145057721.png
INFO: [ app_init ] --START--
INFO: Run Behavior\BuildLiteBehavior [ RunTime:0.000038s ]
INFO: [ app_init ] --END-- [ RunTime:0.000749s ]
ERR: 无法加载模块:Public

[ 2016-03-17T15:40:40+08:00 ] 127.0.0.1 /Public/Uploads/image/goods/20160311/14576949864868468673.jpg
INFO: [ app_init ] --START--
INFO: Run Behavior\BuildLiteBehavior [ RunTime:0.000050s ]
INFO: [ app_init ] --END-- [ RunTime:0.000784s ]
ERR: 无法加载模块:Public

[ 2016-03-17T15:40:40+08:00 ] 127.0.0.1 /Public/Uploads/image/goods/20160311/14576855198145057721.png
INFO: [ app_init ] --START--
INFO: Run Behavior\BuildLiteBehavior [ RunTime:0.000039s ]
INFO: [ app_init ] --END-- [ RunTime:0.000719s ]
ERR: 无法加载模块:Public

[ 2016-03-17T15:40:40+08:00 ] 127.0.0.1 /Public/Uploads/image/goods/20160311/14576934768160855265.jpg
INFO: [ app_init ] --START--
INFO: Run Behavior\BuildLiteBehavior [ RunTime:0.000039s ]
INFO: [ app_init ] --END-- [ RunTime:0.000797s ]
ERR: 无法加载模块:Public

[ 2016-03-17T15:40:40+08:00 ] 127.0.0.1 /Public/Uploads/image/goods/20160311/14576954977208611643.jpg
INFO: [ app_init ] --START--
INFO: Run Behavior\BuildLiteBehavior [ RunTime:0.000037s ]
INFO: [ app_init ] --END-- [ RunTime:0.001162s ]
ERR: 无法加载模块:Public

[ 2016-03-17T15:40:40+08:00 ] 127.0.0.1 /Public/Uploads/image/goods/20160311/14576947448804795247.jpg
INFO: [ app_init ] --START--
INFO: Run Behavior\BuildLiteBehavior [ RunTime:0.000037s ]
INFO: [ app_init ] --END-- [ RunTime:0.002924s ]
ERR: 无法加载模块:Public

[ 2016-03-17T15:40:40+08:00 ] 127.0.0.1 /Public/Uploads/image/goods/20160311/14576869349032326707.jpg
INFO: [ app_init ] --START--
INFO: Run Behavior\BuildLiteBehavior [ RunTime:0.000040s ]
INFO: [ app_init ] --END-- [ RunTime:0.000768s ]
ERR: 无法加载模块:Public

[ 2016-03-17T15:40:40+08:00 ] 127.0.0.1 /Public/Uploads/image/goods/20160311/14576861403338833508.jpg
INFO: [ app_init ] --START--
INFO: Run Behavior\BuildLiteBehavior [ RunTime:0.000037s ]
INFO: [ app_init ] --END-- [ RunTime:0.000741s ]
ERR: 无法加载模块:Public

[ 2016-03-17T15:40:40+08:00 ] 127.0.0.1 /Public/Uploads/image/goods/20160311/14576852757638042269.jpg
INFO: [ app_init ] --START--
INFO: Run Behavior\BuildLiteBehavior [ RunTime:0.000036s ]
INFO: [ app_init ] --END-- [ RunTime:0.001702s ]
ERR: 无法加载模块:Public

[ 2016-03-17T15:40:40+08:00 ] 127.0.0.1 /Public/Uploads/image/goods/20160311/14576942021192388926.jpg
INFO: [ app_init ] --START--
INFO: Run Behavior\BuildLiteBehavior [ RunTime:0.000039s ]
INFO: [ app_init ] --END-- [ RunTime:0.001367s ]
ERR: 无法加载模块:Public

[ 2016-03-17T15:40:40+08:00 ] 127.0.0.1 /Public/Uploads/image/goods/20160311/14576801009241479847.jpg
INFO: [ app_init ] --START--
INFO: Run Behavior\BuildLiteBehavior [ RunTime:0.000040s ]
INFO: [ app_init ] --END-- [ RunTime:0.000743s ]
ERR: 无法加载模块:Public

[ 2016-03-17T15:40:40+08:00 ] 127.0.0.1 /Public/Uploads/image/goods/20160311/14576938704625992393.jpg
INFO: [ app_init ] --START--
INFO: Run Behavior\BuildLiteBehavior [ RunTime:0.000045s ]
INFO: [ app_init ] --END-- [ RunTime:0.000865s ]
ERR: 无法加载模块:Public

[ 2016-03-17T15:40:40+08:00 ] 127.0.0.1 /Public/Uploads/image/goods/20160311/14576808717648636446.jpg
INFO: [ app_init ] --START--
INFO: Run Behavior\BuildLiteBehavior [ RunTime:0.000049s ]
INFO: [ app_init ] --END-- [ RunTime:0.000761s ]
ERR: 无法加载模块:Public

[ 2016-03-17T15:40:40+08:00 ] 127.0.0.1 /Public/Uploads/image/goods/20160311/14576788175259555616.jpg
INFO: [ app_init ] --START--
INFO: Run Behavior\BuildLiteBehavior [ RunTime:0.000039s ]
INFO: [ app_init ] --END-- [ RunTime:0.000696s ]
ERR: 无法加载模块:Public

[ 2016-03-17T15:40:40+08:00 ] 127.0.0.1 /Public/Uploads/image/goods/20160305/14571752704278434735.jpg
INFO: [ app_init ] --START--
INFO: Run Behavior\BuildLiteBehavior [ RunTime:0.000032s ]
INFO: [ app_init ] --END-- [ RunTime:0.000660s ]
ERR: 无法加载模块:Public

[ 2016-03-17T15:40:40+08:00 ] 127.0.0.1 /Public/Uploads/image/goods/20160317/14581858496976154141.jpg
INFO: [ app_init ] --START--
INFO: Run Behavior\BuildLiteBehavior [ RunTime:0.000042s ]
INFO: [ app_init ] --END-- [ RunTime:0.000892s ]
ERR: 无法加载模块:Public

[ 2016-03-17T15:40:40+08:00 ] 127.0.0.1 /Public/Uploads/image/goods/20160311/14576857064044278514.jpg
INFO: [ app_init ] --START--
INFO: Run Behavior\BuildLiteBehavior [ RunTime:0.000037s ]
INFO: [ app_init ] --END-- [ RunTime:0.001046s ]
ERR: 无法加载模块:Public

[ 2016-03-17T15:40:40+08:00 ] 127.0.0.1 /Public/Uploads/image/goods/20160311/14576813568176988105.jpg
INFO: [ app_init ] --START--
INFO: Run Behavior\BuildLiteBehavior [ RunTime:0.000037s ]
INFO: [ app_init ] --END-- [ RunTime:0.000696s ]
ERR: 无法加载模块:Public

[ 2016-03-17T15:40:40+08:00 ] 127.0.0.1 /Public/Uploads/image/goods/20160311/14576780680859749081.jpg
INFO: [ app_init ] --START--
INFO: Run Behavior\BuildLiteBehavior [ RunTime:0.000041s ]
INFO: [ app_init ] --END-- [ RunTime:0.000739s ]
ERR: 无法加载模块:Public

[ 2016-03-17T15:40:40+08:00 ] 127.0.0.1 /Public/Uploads/image/goods/20160311/14576949864868468673.jpg
INFO: [ app_init ] --START--
INFO: Run Behavior\BuildLiteBehavior [ RunTime:0.000037s ]
INFO: [ app_init ] --END-- [ RunTime:0.000697s ]
ERR: 无法加载模块:Public

[ 2016-03-17T15:40:40+08:00 ] 127.0.0.1 /Public/Uploads/image/goods/20160311/14576947448804795247.jpg
INFO: [ app_init ] --START--
INFO: Run Behavior\BuildLiteBehavior [ RunTime:0.000038s ]
INFO: [ app_init ] --END-- [ RunTime:0.000687s ]
ERR: 无法加载模块:Public

[ 2016-03-17T15:40:40+08:00 ] 127.0.0.1 /Public/Uploads/image/goods/20160311/14576869349032326707.jpg
INFO: [ app_init ] --START--
INFO: Run Behavior\BuildLiteBehavior [ RunTime:0.000034s ]
INFO: [ app_init ] --END-- [ RunTime:0.000641s ]
ERR: 无法加载模块:Public

[ 2016-03-17T15:40:40+08:00 ] 127.0.0.1 /Public/Uploads/image/goods/20160311/14576954977208611643.jpg
INFO: [ app_init ] --START--
INFO: Run Behavior\BuildLiteBehavior [ RunTime:0.000041s ]
INFO: [ app_init ] --END-- [ RunTime:0.001360s ]
ERR: 无法加载模块:Public

[ 2016-03-17T15:40:40+08:00 ] 127.0.0.1 /Public/Uploads/image/goods/20160311/14576934768160855265.jpg
INFO: [ app_init ] --START--
INFO: Run Behavior\BuildLiteBehavior [ RunTime:0.000032s ]
INFO: [ app_init ] --END-- [ RunTime:0.000700s ]
ERR: 无法加载模块:Public

[ 2016-03-17T15:40:40+08:00 ] 127.0.0.1 /Public/Uploads/image/goods/20160311/14576855198145057721.png
INFO: [ app_init ] --START--
INFO: Run Behavior\BuildLiteBehavior [ RunTime:0.000041s ]
INFO: [ app_init ] --END-- [ RunTime:0.001160s ]
ERR: 无法加载模块:Public

[ 2016-03-17T15:40:43+08:00 ] 127.0.0.1 /Public/Uploads/image/goods/20160311/14576855198145057721.png
INFO: [ app_init ] --START--
INFO: Run Behavior\BuildLiteBehavior [ RunTime:0.000026s ]
INFO: [ app_init ] --END-- [ RunTime:0.000619s ]
ERR: 无法加载模块:Public

[ 2016-03-17T15:40:43+08:00 ] 127.0.0.1 /Public/Uploads/image/goods/20160311/14576949864868468673.jpg
INFO: [ app_init ] --START--
INFO: Run Behavior\BuildLiteBehavior [ RunTime:0.000025s ]
INFO: [ app_init ] --END-- [ RunTime:0.000562s ]
ERR: 无法加载模块:Public

[ 2016-03-17T15:40:44+08:00 ] 127.0.0.1 /Public/Uploads/image/goods/20160311/14576855198145057721.png
INFO: [ app_init ] --START--
INFO: Run Behavior\BuildLiteBehavior [ RunTime:0.000035s ]
INFO: [ app_init ] --END-- [ RunTime:0.000635s ]
ERR: 无法加载模块:Public

[ 2016-03-17T15:40:44+08:00 ] 127.0.0.1 /Public/Uploads/image/goods/20160311/14576949864868468673.jpg
INFO: [ app_init ] --START--
INFO: Run Behavior\BuildLiteBehavior [ RunTime:0.000042s ]
INFO: [ app_init ] --END-- [ RunTime:0.000844s ]
ERR: 无法加载模块:Public

[ 2016-03-17T15:40:49+08:00 ] 127.0.0.1 /Public/Uploads/image/goods/20160311/14576855198145057721.png
INFO: [ app_init ] --START--
INFO: Run Behavior\BuildLiteBehavior [ RunTime:0.000035s ]
INFO: [ app_init ] --END-- [ RunTime:0.000685s ]
ERR: 无法加载模块:Public

[ 2016-03-17T15:40:49+08:00 ] 127.0.0.1 /Public/Uploads/image/goods/20160311/14576949864868468673.jpg
INFO: [ app_init ] --START--
INFO: Run Behavior\BuildLiteBehavior [ RunTime:0.000039s ]
INFO: [ app_init ] --END-- [ RunTime:0.000890s ]
ERR: 无法加载模块:Public

[ 2016-03-17T15:40:51+08:00 ] 127.0.0.1 /Public/Uploads/image/goods/20160311/14576855198145057721.png
INFO: [ app_init ] --START--
INFO: Run Behavior\BuildLiteBehavior [ RunTime:0.000040s ]
INFO: [ app_init ] --END-- [ RunTime:0.000701s ]
ERR: 无法加载模块:Public

[ 2016-03-17T15:40:51+08:00 ] 127.0.0.1 /Public/Uploads/image/goods/20160311/14576949864868468673.jpg
INFO: [ app_init ] --START--
INFO: Run Behavior\BuildLiteBehavior [ RunTime:0.000035s ]
INFO: [ app_init ] --END-- [ RunTime:0.000715s ]
ERR: 无法加载模块:Public

[ 2016-03-17T15:41:14+08:00 ] 127.0.0.1 /Public/Uploads/image/goods/20160311/14576855198145057721.png
INFO: [ app_init ] --START--
INFO: Run Behavior\BuildLiteBehavior [ RunTime:0.000053s ]
INFO: [ app_init ] --END-- [ RunTime:0.001054s ]
ERR: 无法加载模块:Public

[ 2016-03-17T15:41:14+08:00 ] 127.0.0.1 /Public/Uploads/image/goods/20160311/14576949864868468673.jpg
INFO: [ app_init ] --START--
INFO: Run Behavior\BuildLiteBehavior [ RunTime:0.000040s ]
INFO: [ app_init ] --END-- [ RunTime:0.000811s ]
ERR: 无法加载模块:Public

[ 2016-03-17T15:41:15+08:00 ] 127.0.0.1 /Public/Uploads/image/goods/20160311/14576949864868468673.jpg
INFO: [ app_init ] --START--
INFO: Run Behavior\BuildLiteBehavior [ RunTime:0.000028s ]
INFO: [ app_init ] --END-- [ RunTime:0.000752s ]
ERR: 无法加载模块:Public

[ 2016-03-17T15:41:15+08:00 ] 127.0.0.1 /Public/Uploads/image/goods/20160311/14576855198145057721.png
INFO: [ app_init ] --START--
INFO: Run Behavior\BuildLiteBehavior [ RunTime:0.000039s ]
INFO: [ app_init ] --END-- [ RunTime:0.000798s ]
ERR: 无法加载模块:Public

[ 2016-03-17T15:41:18+08:00 ] 127.0.0.1 /Public/Uploads/image/goods/20160311/14576855198145057721.png
INFO: [ app_init ] --START--
INFO: Run Behavior\BuildLiteBehavior [ RunTime:0.000036s ]
INFO: [ app_init ] --END-- [ RunTime:0.000695s ]
ERR: 无法加载模块:Public

[ 2016-03-17T15:41:18+08:00 ] 127.0.0.1 /Public/Uploads/image/goods/20160311/14576949864868468673.jpg
INFO: [ app_init ] --START--
INFO: Run Behavior\BuildLiteBehavior [ RunTime:0.000039s ]
INFO: [ app_init ] --END-- [ RunTime:0.000744s ]
ERR: 无法加载模块:Public

[ 2016-03-17T15:41:29+08:00 ] 127.0.0.1 /Public/Uploads/image/goods/20160311/14576949864868468673.jpg
INFO: [ app_init ] --START--
INFO: Run Behavior\BuildLiteBehavior [ RunTime:0.000038s ]
INFO: [ app_init ] --END-- [ RunTime:0.000799s ]
ERR: 无法加载模块:Public

[ 2016-03-17T15:41:29+08:00 ] 127.0.0.1 /Public/Uploads/image/goods/20160311/14576855198145057721.png
INFO: [ app_init ] --START--
INFO: Run Behavior\BuildLiteBehavior [ RunTime:0.000037s ]
INFO: [ app_init ] --END-- [ RunTime:0.000677s ]
ERR: 无法加载模块:Public

[ 2016-03-17T15:43:11+08:00 ] 127.0.0.1 /Public/Uploads/image/goods/20160311/14576949864868468673.jpg
INFO: [ app_init ] --START--
INFO: Run Behavior\BuildLiteBehavior [ RunTime:0.000038s ]
INFO: [ app_init ] --END-- [ RunTime:0.000964s ]
ERR: 无法加载模块:Public

[ 2016-03-17T15:43:11+08:00 ] 127.0.0.1 /Public/Uploads/image/goods/20160311/14576855198145057721.png
INFO: [ app_init ] --START--
INFO: Run Behavior\BuildLiteBehavior [ RunTime:0.000039s ]
INFO: [ app_init ] --END-- [ RunTime:0.000768s ]
ERR: 无法加载模块:Public

[ 2016-03-17T15:43:30+08:00 ] 127.0.0.1 /Public/Uploads/image/goods/20160311/14576855198145057721.png
INFO: [ app_init ] --START--
INFO: Run Behavior\BuildLiteBehavior [ RunTime:0.000040s ]
INFO: [ app_init ] --END-- [ RunTime:0.000967s ]
ERR: 无法加载模块:Public

[ 2016-03-17T15:43:30+08:00 ] 127.0.0.1 /Public/Uploads/image/goods/20160311/14576949864868468673.jpg
INFO: [ app_init ] --START--
INFO: Run Behavior\BuildLiteBehavior [ RunTime:0.000036s ]
INFO: [ app_init ] --END-- [ RunTime:0.000766s ]
ERR: 无法加载模块:Public

[ 2016-03-17T15:43:50+08:00 ] 127.0.0.1 /Public/Uploads/image/goods/20160311/14576855198145057721.png
INFO: [ app_init ] --START--
INFO: Run Behavior\BuildLiteBehavior [ RunTime:0.000041s ]
INFO: [ app_init ] --END-- [ RunTime:0.000712s ]
ERR: 无法加载模块:Public

[ 2016-03-17T15:43:50+08:00 ] 127.0.0.1 /Public/Uploads/image/goods/20160311/14576949864868468673.jpg
INFO: [ app_init ] --START--
INFO: Run Behavior\BuildLiteBehavior [ RunTime:0.000043s ]
INFO: [ app_init ] --END-- [ RunTime:0.000912s ]
ERR: 无法加载模块:Public

[ 2016-03-17T15:49:43+08:00 ] 127.0.0.1 /Public/Uploads/image/goods/20160311/14576949864868468673.jpg
INFO: [ app_init ] --START--
INFO: Run Behavior\BuildLiteBehavior [ RunTime:0.000039s ]
INFO: [ app_init ] --END-- [ RunTime:0.000708s ]
ERR: 无法加载模块:Public

[ 2016-03-17T15:49:43+08:00 ] 127.0.0.1 /Public/Uploads/image/goods/20160311/14576855198145057721.png
INFO: [ app_init ] --START--
INFO: Run Behavior\BuildLiteBehavior [ RunTime:0.000036s ]
INFO: [ app_init ] --END-- [ RunTime:0.000664s ]
ERR: 无法加载模块:Public

[ 2016-03-17T15:49:53+08:00 ] 127.0.0.1 /Public/Uploads/image/goods/20160311/14576855198145057721.png
INFO: [ app_init ] --START--
INFO: Run Behavior\BuildLiteBehavior [ RunTime:0.000031s ]
INFO: [ app_init ] --END-- [ RunTime:0.000654s ]
ERR: 无法加载模块:Public

[ 2016-03-17T15:49:53+08:00 ] 127.0.0.1 /Public/Uploads/image/goods/20160311/14576949864868468673.jpg
INFO: [ app_init ] --START--
INFO: Run Behavior\BuildLiteBehavior [ RunTime:0.000024s ]
INFO: [ app_init ] --END-- [ RunTime:0.000528s ]
ERR: 无法加载模块:Public

