[ 2016-03-01T19:27:29+08:00 ] 127.0.0.1 /Public/Uploads/image/goods/20160229/14567095207570136352.jpg
INFO: [ app_init ] --START--
INFO: Run Behavior\BuildLiteBehavior [ RunTime:0.000038s ]
INFO: [ app_init ] --END-- [ RunTime:0.000707s ]
ERR: 无法加载模块:Public

[ 2016-03-01T19:27:29+08:00 ] 127.0.0.1 /Public/Uploads/image/goods/20160229/14567187046061492937.jpg
INFO: [ app_init ] --START--
INFO: Run Behavior\BuildLiteBehavior [ RunTime:0.000038s ]
INFO: [ app_init ] --END-- [ RunTime:0.000786s ]
ERR: 无法加载模块:Public

[ 2016-03-01T19:27:29+08:00 ] 127.0.0.1 /Public/Uploads/image/goods/20160229/14567165347539774328.jpg
INFO: [ app_init ] --START--
INFO: Run Behavior\BuildLiteBehavior [ RunTime:0.000038s ]
INFO: [ app_init ] --END-- [ RunTime:0.001281s ]
ERR: 无法加载模块:Public

[ 2016-03-01T19:27:29+08:00 ] 127.0.0.1 /Public/Uploads/image/goods/20160229/14567184959585311155.jpg
INFO: [ app_init ] --START--
INFO: Run Behavior\BuildLiteBehavior [ RunTime:0.000032s ]
INFO: [ app_init ] --END-- [ RunTime:0.000713s ]
ERR: 无法加载模块:Public

[ 2016-03-01T19:27:29+08:00 ] 127.0.0.1 /Public/Uploads/image/goods/20160229/14567162671115162215.jpg
INFO: [ app_init ] --START--
INFO: Run Behavior\BuildLiteBehavior [ RunTime:0.000033s ]
INFO: [ app_init ] --END-- [ RunTime:0.000618s ]
ERR: 无法加载模块:Public

[ 2016-03-01T19:27:29+08:00 ] 127.0.0.1 /Public/Uploads/image/goods/20160229/14567156100656996994.jpg
INFO: [ app_init ] --START--
INFO: Run Behavior\BuildLiteBehavior [ RunTime:0.000037s ]
INFO: [ app_init ] --END-- [ RunTime:0.000658s ]
ERR: 无法加载模块:Public

[ 2016-03-01T19:27:29+08:00 ] 127.0.0.1 /Public/Uploads/image/goods/20160229/14567145381332956953.jpg
INFO: [ app_init ] --START--
INFO: Run Behavior\BuildLiteBehavior [ RunTime:0.000033s ]
INFO: [ app_init ] --END-- [ RunTime:0.000687s ]
ERR: 无法加载模块:Public

[ 2016-03-01T19:27:29+08:00 ] 127.0.0.1 /Public/Uploads/image/goods/20160229/14567189238263685776.jpg
INFO: [ app_init ] --START--
INFO: Run Behavior\BuildLiteBehavior [ RunTime:0.000044s ]
INFO: [ app_init ] --END-- [ RunTime:0.001477s ]
ERR: 无法加载模块:Public

[ 2016-03-01T19:27:29+08:00 ] 127.0.0.1 /Public/Uploads/image/goods/20160229/14567180405050327949.jpg
INFO: [ app_init ] --START--
INFO: Run Behavior\BuildLiteBehavior [ RunTime:0.000035s ]
INFO: [ app_init ] --END-- [ RunTime:0.002043s ]
ERR: 无法加载模块:Public

[ 2016-03-01T19:27:29+08:00 ] 127.0.0.1 /Public/Uploads/image/goods/20160229/14567139535818539255.jpg
INFO: [ app_init ] --START--
INFO: Run Behavior\BuildLiteBehavior [ RunTime:0.000039s ]
INFO: [ app_init ] --END-- [ RunTime:0.000660s ]
ERR: 无法加载模块:Public

[ 2016-03-01T19:27:29+08:00 ] 127.0.0.1 /Public/Uploads/image/goods/20160229/14567149158196137578.jpg
INFO: [ app_init ] --START--
INFO: Run Behavior\BuildLiteBehavior [ RunTime:0.000033s ]
INFO: [ app_init ] --END-- [ RunTime:0.000633s ]
ERR: 无法加载模块:Public

[ 2016-03-01T19:27:29+08:00 ] 127.0.0.1 /Public/Uploads/image/goods/20160229/14567115600659233946.jpg
INFO: [ app_init ] --START--
INFO: Run Behavior\BuildLiteBehavior [ RunTime:0.000034s ]
INFO: [ app_init ] --END-- [ RunTime:0.000667s ]
ERR: 无法加载模块:Public

[ 2016-03-01T19:27:29+08:00 ] 127.0.0.1 /Public/Uploads/image/goods/20160229/14567111687793273244.jpg
INFO: [ app_init ] --START--
INFO: Run Behavior\BuildLiteBehavior [ RunTime:0.000040s ]
INFO: [ app_init ] --END-- [ RunTime:0.000742s ]
ERR: 无法加载模块:Public

[ 2016-03-01T19:27:29+08:00 ] 127.0.0.1 /Public/Uploads/image/goods/20160229/14567105242563224799.jpg
INFO: [ app_init ] --START--
INFO: Run Behavior\BuildLiteBehavior [ RunTime:0.000027s ]
INFO: [ app_init ] --END-- [ RunTime:0.000505s ]
ERR: 无法加载模块:Public

[ 2016-03-01T19:27:30+08:00 ] 127.0.0.1 /favicon.ico
INFO: [ app_init ] --START--
INFO: Run Behavior\BuildLiteBehavior [ RunTime:0.000036s ]
INFO: [ app_init ] --END-- [ RunTime:0.000738s ]
ERR: 无法加载模块:Favicon

[ 2016-03-01T19:27:30+08:00 ] 127.0.0.1 /favicon.ico
INFO: [ app_init ] --START--
INFO: Run Behavior\BuildLiteBehavior [ RunTime:0.000022s ]
INFO: [ app_init ] --END-- [ RunTime:0.000445s ]
ERR: 无法加载模块:Favicon

[ 2016-03-01T19:27:39+08:00 ] 127.0.0.1 /Public/Uploads/image/goods/20160229/14567095207570136352.jpg
INFO: [ app_init ] --START--
INFO: Run Behavior\BuildLiteBehavior [ RunTime:0.000024s ]
INFO: [ app_init ] --END-- [ RunTime:0.000467s ]
ERR: 无法加载模块:Public

[ 2016-03-01T19:27:39+08:00 ] 127.0.0.1 /Public/Uploads/image/goods/20160229/14567187046061492937.jpg
INFO: [ app_init ] --START--
INFO: Run Behavior\BuildLiteBehavior [ RunTime:0.000037s ]
INFO: [ app_init ] --END-- [ RunTime:0.000724s ]
ERR: 无法加载模块:Public

[ 2016-03-01T19:27:39+08:00 ] 127.0.0.1 /Public/Uploads/image/goods/20160229/14567162671115162215.jpg
INFO: [ app_init ] --START--
INFO: Run Behavior\BuildLiteBehavior [ RunTime:0.000037s ]
INFO: [ app_init ] --END-- [ RunTime:0.000911s ]
ERR: 无法加载模块:Public

[ 2016-03-01T19:27:39+08:00 ] 127.0.0.1 /Public/Uploads/image/goods/20160229/14567165347539774328.jpg
INFO: [ app_init ] --START--
INFO: Run Behavior\BuildLiteBehavior [ RunTime:0.000033s ]
INFO: [ app_init ] --END-- [ RunTime:0.000639s ]
ERR: 无法加载模块:Public

[ 2016-03-01T19:27:39+08:00 ] 127.0.0.1 /Public/Uploads/image/goods/20160229/14567152764651222524.png
INFO: [ app_init ] --START--
INFO: Run Behavior\BuildLiteBehavior [ RunTime:0.000036s ]
INFO: [ app_init ] --END-- [ RunTime:0.000654s ]
ERR: 无法加载模块:Public

[ 2016-03-01T19:27:39+08:00 ] 127.0.0.1 /Public/Uploads/image/goods/20160229/14567184959585311155.jpg
INFO: [ app_init ] --START--
INFO: Run Behavior\BuildLiteBehavior [ RunTime:0.000043s ]
INFO: [ app_init ] --END-- [ RunTime:0.001181s ]
ERR: 无法加载模块:Public

[ 2016-03-01T19:27:39+08:00 ] 127.0.0.1 /Public/Uploads/image/goods/20160229/14567149158196137578.jpg
INFO: [ app_init ] --START--
INFO: Run Behavior\BuildLiteBehavior [ RunTime:0.000040s ]
INFO: [ app_init ] --END-- [ RunTime:0.000698s ]
ERR: 无法加载模块:Public

[ 2016-03-01T19:27:39+08:00 ] 127.0.0.1 /Public/Uploads/image/goods/20160229/14567156100656996994.jpg
INFO: [ app_init ] --START--
INFO: Run Behavior\BuildLiteBehavior [ RunTime:0.000036s ]
INFO: [ app_init ] --END-- [ RunTime:0.000701s ]
ERR: 无法加载模块:Public

[ 2016-03-01T19:27:39+08:00 ] 127.0.0.1 /Public/Uploads/image/goods/20160229/14567139535818539255.jpg
INFO: [ app_init ] --START--
INFO: Run Behavior\BuildLiteBehavior [ RunTime:0.000039s ]
INFO: [ app_init ] --END-- [ RunTime:0.000632s ]
ERR: 无法加载模块:Public

[ 2016-03-01T19:27:39+08:00 ] 127.0.0.1 /Public/Uploads/image/goods/20160229/14567145381332956953.jpg
INFO: [ app_init ] --START--
INFO: Run Behavior\BuildLiteBehavior [ RunTime:0.000036s ]
INFO: [ app_init ] --END-- [ RunTime:0.000634s ]
ERR: 无法加载模块:Public

[ 2016-03-01T19:27:39+08:00 ] 127.0.0.1 /Public/Uploads/image/goods/20160229/14567115600659233946.jpg
INFO: [ app_init ] --START--
INFO: Run Behavior\BuildLiteBehavior [ RunTime:0.000036s ]
INFO: [ app_init ] --END-- [ RunTime:0.000671s ]
ERR: 无法加载模块:Public

[ 2016-03-01T19:27:39+08:00 ] 127.0.0.1 /Public/Uploads/image/goods/20160229/14567111687793273244.jpg
INFO: [ app_init ] --START--
INFO: Run Behavior\BuildLiteBehavior [ RunTime:0.000039s ]
INFO: [ app_init ] --END-- [ RunTime:0.000715s ]
ERR: 无法加载模块:Public

[ 2016-03-01T19:27:39+08:00 ] 127.0.0.1 /Public/Uploads/image/goods/20160229/14567180405050327949.jpg
INFO: [ app_init ] --START--
INFO: Run Behavior\BuildLiteBehavior [ RunTime:0.000037s ]
INFO: [ app_init ] --END-- [ RunTime:0.000671s ]
ERR: 无法加载模块:Public

[ 2016-03-01T19:27:39+08:00 ] 127.0.0.1 /Public/Uploads/image/goods/20160229/14567105242563224799.jpg
INFO: [ app_init ] --START--
INFO: Run Behavior\BuildLiteBehavior [ RunTime:0.000042s ]
INFO: [ app_init ] --END-- [ RunTime:0.000958s ]
ERR: 无法加载模块:Public

[ 2016-03-01T19:27:39+08:00 ] 127.0.0.1 /Public/Uploads/image/goods/20160229/14567189238263685776.jpg
INFO: [ app_init ] --START--
INFO: Run Behavior\BuildLiteBehavior [ RunTime:0.000036s ]
INFO: [ app_init ] --END-- [ RunTime:0.000708s ]
ERR: 无法加载模块:Public

[ 2016-03-01T19:27:39+08:00 ] 127.0.0.1 /Public/Uploads/image/goods/20160229/14567095207570136352.jpg
INFO: [ app_init ] --START--
INFO: Run Behavior\BuildLiteBehavior [ RunTime:0.000044s ]
INFO: [ app_init ] --END-- [ RunTime:0.000796s ]
ERR: 无法加载模块:Public

[ 2016-03-01T19:33:10+08:00 ] 127.0.0.1 /favicon.ico
INFO: [ app_init ] --START--
INFO: Run Behavior\BuildLiteBehavior [ RunTime:0.000024s ]
INFO: [ app_init ] --END-- [ RunTime:0.000490s ]
ERR: 无法加载模块:Favicon

[ 2016-03-01T19:33:10+08:00 ] 127.0.0.1 /favicon.ico
INFO: [ app_init ] --START--
INFO: Run Behavior\BuildLiteBehavior [ RunTime:0.000024s ]
INFO: [ app_init ] --END-- [ RunTime:0.000533s ]
ERR: 无法加载模块:Favicon

[ 2016-03-01T19:33:13+08:00 ] 127.0.0.1 /Public/Uploads/image/goods/20160229/14567189238263685776.jpg
INFO: [ app_init ] --START--
INFO: Run Behavior\BuildLiteBehavior [ RunTime:0.000040s ]
INFO: [ app_init ] --END-- [ RunTime:0.000761s ]
ERR: 无法加载模块:Public

[ 2016-03-01T19:33:13+08:00 ] 127.0.0.1 /Public/Uploads/image/goods/20160229/14567095207570136352.jpg
INFO: [ app_init ] --START--
INFO: Run Behavior\BuildLiteBehavior [ RunTime:0.000040s ]
INFO: [ app_init ] --END-- [ RunTime:0.000750s ]
ERR: 无法加载模块:Public

[ 2016-03-01T19:33:13+08:00 ] 127.0.0.1 /Public/Uploads/image/goods/20160229/14567156100656996994.jpg
INFO: [ app_init ] --START--
INFO: Run Behavior\BuildLiteBehavior [ RunTime:0.000036s ]
INFO: [ app_init ] --END-- [ RunTime:0.000651s ]
ERR: 无法加载模块:Public

[ 2016-03-01T19:33:13+08:00 ] 127.0.0.1 /Public/Uploads/image/goods/20160229/14567187046061492937.jpg
INFO: [ app_init ] --START--
INFO: Run Behavior\BuildLiteBehavior [ RunTime:0.000038s ]
INFO: [ app_init ] --END-- [ RunTime:0.000803s ]
ERR: 无法加载模块:Public

[ 2016-03-01T19:33:13+08:00 ] 127.0.0.1 /Public/Uploads/image/goods/20160229/14567149158196137578.jpg
INFO: [ app_init ] --START--
INFO: Run Behavior\BuildLiteBehavior [ RunTime:0.000033s ]
INFO: [ app_init ] --END-- [ RunTime:0.000756s ]
ERR: 无法加载模块:Public

[ 2016-03-01T19:33:13+08:00 ] 127.0.0.1 /Public/Uploads/image/goods/20160229/14567152764651222524.png
INFO: [ app_init ] --START--
INFO: Run Behavior\BuildLiteBehavior [ RunTime:0.000037s ]
INFO: [ app_init ] --END-- [ RunTime:0.000731s ]
ERR: 无法加载模块:Public

[ 2016-03-01T19:33:13+08:00 ] 127.0.0.1 /Public/Uploads/image/goods/20160229/14567139535818539255.jpg
INFO: [ app_init ] --START--
INFO: Run Behavior\BuildLiteBehavior [ RunTime:0.000042s ]
INFO: [ app_init ] --END-- [ RunTime:0.002543s ]
ERR: 无法加载模块:Public

[ 2016-03-01T19:33:13+08:00 ] 127.0.0.1 /Public/Uploads/image/goods/20160229/14567115600659233946.jpg
INFO: [ app_init ] --START--
INFO: Run Behavior\BuildLiteBehavior [ RunTime:0.000037s ]
INFO: [ app_init ] --END-- [ RunTime:0.000749s ]
ERR: 无法加载模块:Public

[ 2016-03-01T19:33:13+08:00 ] 127.0.0.1 /Public/Uploads/image/goods/20160229/14567145381332956953.jpg
INFO: [ app_init ] --START--
INFO: Run Behavior\BuildLiteBehavior [ RunTime:0.000035s ]
INFO: [ app_init ] --END-- [ RunTime:0.000652s ]
ERR: 无法加载模块:Public

[ 2016-03-01T19:33:13+08:00 ] 127.0.0.1 /Public/Uploads/image/goods/20160229/14567184959585311155.jpg
INFO: [ app_init ] --START--
INFO: Run Behavior\BuildLiteBehavior [ RunTime:0.000035s ]
INFO: [ app_init ] --END-- [ RunTime:0.000701s ]
ERR: 无法加载模块:Public

[ 2016-03-01T19:33:13+08:00 ] 127.0.0.1 /Public/Uploads/image/goods/20160229/14567180405050327949.jpg
INFO: [ app_init ] --START--
INFO: Run Behavior\BuildLiteBehavior [ RunTime:0.000038s ]
INFO: [ app_init ] --END-- [ RunTime:0.002695s ]
ERR: 无法加载模块:Public

[ 2016-03-01T19:33:13+08:00 ] 127.0.0.1 /Public/Uploads/image/goods/20160229/14567111687793273244.jpg
INFO: [ app_init ] --START--
INFO: Run Behavior\BuildLiteBehavior [ RunTime:0.000030s ]
INFO: [ app_init ] --END-- [ RunTime:0.000599s ]
ERR: 无法加载模块:Public

[ 2016-03-01T19:33:13+08:00 ] 127.0.0.1 /Public/Uploads/image/goods/20160229/14567105242563224799.jpg
INFO: [ app_init ] --START--
INFO: Run Behavior\BuildLiteBehavior [ RunTime:0.000038s ]
INFO: [ app_init ] --END-- [ RunTime:0.000754s ]
ERR: 无法加载模块:Public

[ 2016-03-01T19:33:13+08:00 ] 127.0.0.1 /Public/Uploads/image/goods/20160229/14567162671115162215.jpg
INFO: [ app_init ] --START--
INFO: Run Behavior\BuildLiteBehavior [ RunTime:0.000038s ]
INFO: [ app_init ] --END-- [ RunTime:0.000802s ]
ERR: 无法加载模块:Public

[ 2016-03-01T19:33:13+08:00 ] 127.0.0.1 /Public/Uploads/image/goods/20160229/14567165347539774328.jpg
INFO: [ app_init ] --START--
INFO: Run Behavior\BuildLiteBehavior [ RunTime:0.000041s ]
INFO: [ app_init ] --END-- [ RunTime:0.001033s ]
ERR: 无法加载模块:Public

[ 2016-03-01T19:33:25+08:00 ] 127.0.0.1 /Public/Uploads/image/goods/20160229/14567095207570136352.jpg
INFO: [ app_init ] --START--
INFO: Run Behavior\BuildLiteBehavior [ RunTime:0.000038s ]
INFO: [ app_init ] --END-- [ RunTime:0.000738s ]
ERR: 无法加载模块:Public

[ 2016-03-01T19:33:25+08:00 ] 127.0.0.1 /Public/Uploads/image/goods/20160229/14567189238263685776.jpg
INFO: [ app_init ] --START--
INFO: Run Behavior\BuildLiteBehavior [ RunTime:0.000036s ]
INFO: [ app_init ] --END-- [ RunTime:0.000692s ]
ERR: 无法加载模块:Public

[ 2016-03-01T19:33:25+08:00 ] 127.0.0.1 /Public/Uploads/image/goods/20160229/14567165347539774328.jpg
INFO: [ app_init ] --START--
INFO: Run Behavior\BuildLiteBehavior [ RunTime:0.000032s ]
INFO: [ app_init ] --END-- [ RunTime:0.000667s ]
ERR: 无法加载模块:Public

[ 2016-03-01T19:33:25+08:00 ] 127.0.0.1 /Public/Uploads/image/goods/20160229/14567187046061492937.jpg
INFO: [ app_init ] --START--
INFO: Run Behavior\BuildLiteBehavior [ RunTime:0.000037s ]
INFO: [ app_init ] --END-- [ RunTime:0.000674s ]
ERR: 无法加载模块:Public

[ 2016-03-01T19:33:25+08:00 ] 127.0.0.1 /Public/Uploads/image/goods/20160229/14567156100656996994.jpg
INFO: [ app_init ] --START--
INFO: Run Behavior\BuildLiteBehavior [ RunTime:0.000039s ]
INFO: [ app_init ] --END-- [ RunTime:0.001972s ]
ERR: 无法加载模块:Public

[ 2016-03-01T19:33:25+08:00 ] 127.0.0.1 /Public/Uploads/image/goods/20160229/14567162671115162215.jpg
INFO: [ app_init ] --START--
INFO: Run Behavior\BuildLiteBehavior [ RunTime:0.000035s ]
INFO: [ app_init ] --END-- [ RunTime:0.000789s ]
ERR: 无法加载模块:Public

[ 2016-03-01T19:33:25+08:00 ] 127.0.0.1 /Public/Uploads/image/goods/20160229/14567184959585311155.jpg
INFO: [ app_init ] --START--
INFO: Run Behavior\BuildLiteBehavior [ RunTime:0.000039s ]
INFO: [ app_init ] --END-- [ RunTime:0.000679s ]
ERR: 无法加载模块:Public

[ 2016-03-01T19:33:25+08:00 ] 127.0.0.1 /Public/Uploads/image/goods/20160229/14567149158196137578.jpg
INFO: [ app_init ] --START--
INFO: Run Behavior\BuildLiteBehavior [ RunTime:0.000037s ]
INFO: [ app_init ] --END-- [ RunTime:0.000690s ]
ERR: 无法加载模块:Public

[ 2016-03-01T19:33:25+08:00 ] 127.0.0.1 /Public/Uploads/image/goods/20160229/14567145381332956953.jpg
INFO: [ app_init ] --START--
INFO: Run Behavior\BuildLiteBehavior [ RunTime:0.000037s ]
INFO: [ app_init ] --END-- [ RunTime:0.001943s ]
ERR: 无法加载模块:Public

[ 2016-03-01T19:33:25+08:00 ] 127.0.0.1 /Public/Uploads/image/goods/20160229/14567180405050327949.jpg
INFO: [ app_init ] --START--
INFO: Run Behavior\BuildLiteBehavior [ RunTime:0.000040s ]
INFO: [ app_init ] --END-- [ RunTime:0.000642s ]
ERR: 无法加载模块:Public

[ 2016-03-01T19:33:25+08:00 ] 127.0.0.1 /Public/Uploads/image/goods/20160229/14567111687793273244.jpg
INFO: [ app_init ] --START--
INFO: Run Behavior\BuildLiteBehavior [ RunTime:0.000036s ]
INFO: [ app_init ] --END-- [ RunTime:0.000649s ]
ERR: 无法加载模块:Public

[ 2016-03-01T19:33:25+08:00 ] 127.0.0.1 /Public/Uploads/image/goods/20160229/14567115600659233946.jpg
INFO: [ app_init ] --START--
INFO: Run Behavior\BuildLiteBehavior [ RunTime:0.000033s ]
INFO: [ app_init ] --END-- [ RunTime:0.000639s ]
ERR: 无法加载模块:Public

[ 2016-03-01T19:33:25+08:00 ] 127.0.0.1 /Public/Uploads/image/goods/20160229/14567152764651222524.png
INFO: [ app_init ] --START--
INFO: Run Behavior\BuildLiteBehavior [ RunTime:0.000033s ]
INFO: [ app_init ] --END-- [ RunTime:0.000701s ]
ERR: 无法加载模块:Public

[ 2016-03-01T19:33:25+08:00 ] 127.0.0.1 /Public/Uploads/image/goods/20160229/14567139535818539255.jpg
INFO: [ app_init ] --START--
INFO: Run Behavior\BuildLiteBehavior [ RunTime:0.000037s ]
INFO: [ app_init ] --END-- [ RunTime:0.001497s ]
ERR: 无法加载模块:Public

[ 2016-03-01T19:33:25+08:00 ] 127.0.0.1 /Public/Uploads/image/goods/20160229/14567105242563224799.jpg
INFO: [ app_init ] --START--
INFO: Run Behavior\BuildLiteBehavior [ RunTime:0.000036s ]
INFO: [ app_init ] --END-- [ RunTime:0.000981s ]
ERR: 无法加载模块:Public

[ 2016-03-01T19:33:40+08:00 ] 127.0.0.1 /Public/Uploads/image/goods/20160229/14567095207570136352.jpg
INFO: [ app_init ] --START--
INFO: Run Behavior\BuildLiteBehavior [ RunTime:0.000037s ]
INFO: [ app_init ] --END-- [ RunTime:0.001283s ]
ERR: 无法加载模块:Public

[ 2016-03-01T19:33:40+08:00 ] 127.0.0.1 /Public/Uploads/image/goods/20160229/14567189238263685776.jpg
INFO: [ app_init ] --START--
INFO: Run Behavior\BuildLiteBehavior [ RunTime:0.000040s ]
INFO: [ app_init ] --END-- [ RunTime:0.000681s ]
ERR: 无法加载模块:Public

[ 2016-03-01T19:33:40+08:00 ] 127.0.0.1 /Public/Uploads/image/goods/20160229/14567187046061492937.jpg
INFO: [ app_init ] --START--
INFO: Run Behavior\BuildLiteBehavior [ RunTime:0.000038s ]
INFO: [ app_init ] --END-- [ RunTime:0.000679s ]
ERR: 无法加载模块:Public

[ 2016-03-01T19:33:40+08:00 ] 127.0.0.1 /Public/Uploads/image/goods/20160229/14567180405050327949.jpg
INFO: [ app_init ] --START--
INFO: Run Behavior\BuildLiteBehavior [ RunTime:0.000038s ]
INFO: [ app_init ] --END-- [ RunTime:0.000755s ]
ERR: 无法加载模块:Public

[ 2016-03-01T19:33:40+08:00 ] 127.0.0.1 /Public/Uploads/image/goods/20160229/14567165347539774328.jpg
INFO: [ app_init ] --START--
INFO: Run Behavior\BuildLiteBehavior [ RunTime:0.000035s ]
INFO: [ app_init ] --END-- [ RunTime:0.000641s ]
ERR: 无法加载模块:Public

[ 2016-03-01T19:33:40+08:00 ] 127.0.0.1 /Public/Uploads/image/goods/20160229/14567162671115162215.jpg
INFO: [ app_init ] --START--
INFO: Run Behavior\BuildLiteBehavior [ RunTime:0.000041s ]
INFO: [ app_init ] --END-- [ RunTime:0.001336s ]
ERR: 无法加载模块:Public

[ 2016-03-01T19:33:40+08:00 ] 127.0.0.1 /Public/Uploads/image/goods/20160229/14567152764651222524.png
INFO: [ app_init ] --START--
INFO: Run Behavior\BuildLiteBehavior [ RunTime:0.000035s ]
INFO: [ app_init ] --END-- [ RunTime:0.000617s ]
ERR: 无法加载模块:Public

[ 2016-03-01T19:33:40+08:00 ] 127.0.0.1 /Public/Uploads/image/goods/20160229/14567145381332956953.jpg
INFO: [ app_init ] --START--
INFO: Run Behavior\BuildLiteBehavior [ RunTime:0.000037s ]
INFO: [ app_init ] --END-- [ RunTime:0.000661s ]
ERR: 无法加载模块:Public

[ 2016-03-01T19:33:40+08:00 ] 127.0.0.1 /Public/Uploads/image/goods/20160229/14567184959585311155.jpg
INFO: [ app_init ] --START--
INFO: Run Behavior\BuildLiteBehavior [ RunTime:0.000036s ]
INFO: [ app_init ] --END-- [ RunTime:0.000633s ]
ERR: 无法加载模块:Public

[ 2016-03-01T19:33:40+08:00 ] 127.0.0.1 /Public/Uploads/image/goods/20160229/14567149158196137578.jpg
INFO: [ app_init ] --START--
INFO: Run Behavior\BuildLiteBehavior [ RunTime:0.000034s ]
INFO: [ app_init ] --END-- [ RunTime:0.000655s ]
ERR: 无法加载模块:Public

[ 2016-03-01T19:33:40+08:00 ] 127.0.0.1 /Public/Uploads/image/goods/20160229/14567156100656996994.jpg
INFO: [ app_init ] --START--
INFO: Run Behavior\BuildLiteBehavior [ RunTime:0.000034s ]
INFO: [ app_init ] --END-- [ RunTime:0.000697s ]
ERR: 无法加载模块:Public

[ 2016-03-01T19:33:40+08:00 ] 127.0.0.1 /Public/Uploads/image/goods/20160229/14567139535818539255.jpg
INFO: [ app_init ] --START--
INFO: Run Behavior\BuildLiteBehavior [ RunTime:0.000040s ]
INFO: [ app_init ] --END-- [ RunTime:0.001595s ]
ERR: 无法加载模块:Public

[ 2016-03-01T19:33:40+08:00 ] 127.0.0.1 /Public/Uploads/image/goods/20160229/14567115600659233946.jpg
INFO: [ app_init ] --START--
INFO: Run Behavior\BuildLiteBehavior [ RunTime:0.000036s ]
INFO: [ app_init ] --END-- [ RunTime:0.000727s ]
ERR: 无法加载模块:Public

[ 2016-03-01T19:33:40+08:00 ] 127.0.0.1 /Public/Uploads/image/goods/20160229/14567111687793273244.jpg
INFO: [ app_init ] --START--
INFO: Run Behavior\BuildLiteBehavior [ RunTime:0.000041s ]
INFO: [ app_init ] --END-- [ RunTime:0.000690s ]
ERR: 无法加载模块:Public

[ 2016-03-01T19:33:40+08:00 ] 127.0.0.1 /Public/Uploads/image/goods/20160229/14567105242563224799.jpg
INFO: [ app_init ] --START--
INFO: Run Behavior\BuildLiteBehavior [ RunTime:0.000035s ]
INFO: [ app_init ] --END-- [ RunTime:0.000691s ]
ERR: 无法加载模块:Public

[ 2016-03-01T19:33:40+08:00 ] 127.0.0.1 /Public/Uploads/image/goods/20160229/14567189238263685776.jpg
INFO: [ app_init ] --START--
INFO: Run Behavior\BuildLiteBehavior [ RunTime:0.000043s ]
INFO: [ app_init ] --END-- [ RunTime:0.000964s ]
ERR: 无法加载模块:Public

[ 2016-03-01T19:33:40+08:00 ] 127.0.0.1 /Public/Uploads/image/goods/20160229/14567187046061492937.jpg
INFO: [ app_init ] --START--
INFO: Run Behavior\BuildLiteBehavior [ RunTime:0.000035s ]
INFO: [ app_init ] --END-- [ RunTime:0.000664s ]
ERR: 无法加载模块:Public

[ 2016-03-01T19:33:40+08:00 ] 127.0.0.1 /Public/Uploads/image/goods/20160229/14567095207570136352.jpg
INFO: [ app_init ] --START--
INFO: Run Behavior\BuildLiteBehavior [ RunTime:0.000041s ]
INFO: [ app_init ] --END-- [ RunTime:0.000828s ]
ERR: 无法加载模块:Public

[ 2016-03-01T19:33:53+08:00 ] 127.0.0.1 /Public/Uploads/image/goods/20160229/14567149158196137578.jpg
INFO: [ app_init ] --START--
INFO: Run Behavior\BuildLiteBehavior [ RunTime:0.000042s ]
INFO: [ app_init ] --END-- [ RunTime:0.000733s ]
ERR: 无法加载模块:Public

[ 2016-03-01T19:33:53+08:00 ] 127.0.0.1 /Public/Uploads/image/goods/20160229/14567165347539774328.jpg
INFO: [ app_init ] --START--
INFO: Run Behavior\BuildLiteBehavior [ RunTime:0.000037s ]
INFO: [ app_init ] --END-- [ RunTime:0.000708s ]
ERR: 无法加载模块:Public

[ 2016-03-01T19:33:53+08:00 ] 127.0.0.1 /Public/Uploads/image/goods/20160229/14567105242563224799.jpg
INFO: [ app_init ] --START--
INFO: Run Behavior\BuildLiteBehavior [ RunTime:0.000039s ]
INFO: [ app_init ] --END-- [ RunTime:0.000715s ]
ERR: 无法加载模块:Public

[ 2016-03-01T19:33:53+08:00 ] 127.0.0.1 /Public/Uploads/image/goods/20160229/14567162671115162215.jpg
INFO: [ app_init ] --START--
INFO: Run Behavior\BuildLiteBehavior [ RunTime:0.000036s ]
INFO: [ app_init ] --END-- [ RunTime:0.000940s ]
ERR: 无法加载模块:Public

[ 2016-03-01T19:33:53+08:00 ] 127.0.0.1 /Public/Uploads/image/goods/20160229/14567156100656996994.jpg
INFO: [ app_init ] --START--
INFO: Run Behavior\BuildLiteBehavior [ RunTime:0.000036s ]
INFO: [ app_init ] --END-- [ RunTime:0.000637s ]
ERR: 无法加载模块:Public

[ 2016-03-01T19:33:53+08:00 ] 127.0.0.1 /Public/Uploads/image/goods/20160229/14567105287684926016.jpg
INFO: [ app_init ] --START--
INFO: Run Behavior\BuildLiteBehavior [ RunTime:0.000035s ]
INFO: [ app_init ] --END-- [ RunTime:0.000676s ]
ERR: 无法加载模块:Public

[ 2016-03-01T19:33:53+08:00 ] 127.0.0.1 /Public/Uploads/image/goods/20160229/14567152764651222524.png
INFO: [ app_init ] --START--
INFO: Run Behavior\BuildLiteBehavior [ RunTime:0.000037s ]
INFO: [ app_init ] --END-- [ RunTime:0.000672s ]
ERR: 无法加载模块:Public

[ 2016-03-01T19:33:53+08:00 ] 127.0.0.1 /Public/Uploads/image/goods/20160229/14567105333896807310.jpg
INFO: [ app_init ] --START--
INFO: Run Behavior\BuildLiteBehavior [ RunTime:0.000036s ]
INFO: [ app_init ] --END-- [ RunTime:0.000755s ]
ERR: 无法加载模块:Public

[ 2016-03-01T19:33:53+08:00 ] 127.0.0.1 /Public/Uploads/image/goods/20160229/14567145381332956953.jpg
INFO: [ app_init ] --START--
INFO: Run Behavior\BuildLiteBehavior [ RunTime:0.000035s ]
INFO: [ app_init ] --END-- [ RunTime:0.000730s ]
ERR: 无法加载模块:Public

[ 2016-03-01T19:33:53+08:00 ] 127.0.0.1 /Public/Uploads/image/goods/20160229/14567139535818539255.jpg
INFO: [ app_init ] --START--
INFO: Run Behavior\BuildLiteBehavior [ RunTime:0.000039s ]
INFO: [ app_init ] --END-- [ RunTime:0.001009s ]
ERR: 无法加载模块:Public

[ 2016-03-01T19:33:53+08:00 ] 127.0.0.1 /Public/Uploads/image/goods/20160229/14567115600659233946.jpg
INFO: [ app_init ] --START--
INFO: Run Behavior\BuildLiteBehavior [ RunTime:0.000041s ]
INFO: [ app_init ] --END-- [ RunTime:0.002287s ]
ERR: 无法加载模块:Public

[ 2016-03-01T19:33:53+08:00 ] 127.0.0.1 /Public/Uploads/image/goods/20160229/14567105780164409209.jpg
INFO: [ app_init ] --START--
INFO: Run Behavior\BuildLiteBehavior [ RunTime:0.000034s ]
INFO: [ app_init ] --END-- [ RunTime:0.000998s ]
ERR: 无法加载模块:Public

[ 2016-03-01T19:33:53+08:00 ] 127.0.0.1 /Public/Uploads/image/goods/20160229/14567107531622873371.jpg
INFO: [ app_init ] --START--
INFO: Run Behavior\BuildLiteBehavior [ RunTime:0.000033s ]
INFO: [ app_init ] --END-- [ RunTime:0.000704s ]
ERR: 无法加载模块:Public

[ 2016-03-01T19:33:53+08:00 ] 127.0.0.1 /Public/Uploads/image/goods/20160229/14567111687793273244.jpg
INFO: [ app_init ] --START--
INFO: Run Behavior\BuildLiteBehavior [ RunTime:0.000033s ]
INFO: [ app_init ] --END-- [ RunTime:0.000728s ]
ERR: 无法加载模块:Public

[ 2016-03-01T19:33:53+08:00 ] 127.0.0.1 /Public/Uploads/image/goods/20160229/14567105781872868087.jpg
INFO: [ app_init ] --START--
INFO: Run Behavior\BuildLiteBehavior [ RunTime:0.000036s ]
INFO: [ app_init ] --END-- [ RunTime:0.000647s ]
ERR: 无法加载模块:Public

[ 2016-03-01T19:33:54+08:00 ] 127.0.0.1 /Public/Uploads/image/goods/20160229/14567105807924629253.jpg
INFO: [ app_init ] --START--
INFO: Run Behavior\BuildLiteBehavior [ RunTime:0.000056s ]
INFO: [ app_init ] --END-- [ RunTime:0.000700s ]
ERR: 无法加载模块:Public

[ 2016-03-01T19:33:54+08:00 ] 127.0.0.1 /Public/Uploads/image/goods/20160229/14567105798871515701.jpg
INFO: [ app_init ] --START--
INFO: Run Behavior\BuildLiteBehavior [ RunTime:0.000027s ]
INFO: [ app_init ] --END-- [ RunTime:0.000809s ]
ERR: 无法加载模块:Public

[ 2016-03-01T19:33:54+08:00 ] 127.0.0.1 /Public/Uploads/image/goods/20160229/14567105784669883370.jpg
INFO: [ app_init ] --START--
INFO: Run Behavior\BuildLiteBehavior [ RunTime:0.000037s ]
INFO: [ app_init ] --END-- [ RunTime:0.000710s ]
ERR: 无法加载模块:Public

[ 2016-03-01T19:33:56+08:00 ] 127.0.0.1 /Public/Uploads/image/goods/20160229/14567105242563224799.jpg
INFO: [ app_init ] --START--
INFO: Run Behavior\BuildLiteBehavior [ RunTime:0.000026s ]
INFO: [ app_init ] --END-- [ RunTime:0.000529s ]
ERR: 无法加载模块:Public

[ 2016-03-01T19:34:00+08:00 ] 127.0.0.1 /Public/Uploads/image/goods/20160229/14567105242563224799.jpg
INFO: [ app_init ] --START--
INFO: Run Behavior\BuildLiteBehavior [ RunTime:0.000040s ]
INFO: [ app_init ] --END-- [ RunTime:0.000785s ]
ERR: 无法加载模块:Public

[ 2016-03-01T19:34:51+08:00 ] 127.0.0.1 /Public/Uploads/image/goods/20160229/14567105242563224799.jpg
INFO: [ app_init ] --START--
INFO: Run Behavior\BuildLiteBehavior [ RunTime:0.000025s ]
INFO: [ app_init ] --END-- [ RunTime:0.000560s ]
ERR: 无法加载模块:Public

[ 2016-03-01T19:36:16+08:00 ] 127.0.0.1 /Public/Uploads/image/goods/20160229/14567105242563224799.jpg
INFO: [ app_init ] --START--
INFO: Run Behavior\BuildLiteBehavior [ RunTime:0.000038s ]
INFO: [ app_init ] --END-- [ RunTime:0.000768s ]
ERR: 无法加载模块:Public

[ 2016-03-01T19:36:16+08:00 ] 127.0.0.1 /Public/Uploads/image/goods/20160229/14567105242563224799.jpg
INFO: [ app_init ] --START--
INFO: Run Behavior\BuildLiteBehavior [ RunTime:0.000024s ]
INFO: [ app_init ] --END-- [ RunTime:0.000487s ]
ERR: 无法加载模块:Public

[ 2016-03-01T19:36:21+08:00 ] 127.0.0.1 /Public/Uploads/image/goods/20160229/14567105242563224799.jpg
INFO: [ app_init ] --START--
INFO: Run Behavior\BuildLiteBehavior [ RunTime:0.000025s ]
INFO: [ app_init ] --END-- [ RunTime:0.000562s ]
ERR: 无法加载模块:Public

[ 2016-03-01T19:40:24+08:00 ] 127.0.0.1 /Public/Uploads/image/goods/20160229/14567105242563224799.jpg
INFO: [ app_init ] --START--
INFO: Run Behavior\BuildLiteBehavior [ RunTime:0.000028s ]
INFO: [ app_init ] --END-- [ RunTime:0.000569s ]
ERR: 无法加载模块:Public

[ 2016-03-01T19:40:24+08:00 ] 127.0.0.1 /Public/Uploads/image/goods/20160229/14567105242563224799.jpg
INFO: [ app_init ] --START--
INFO: Run Behavior\BuildLiteBehavior [ RunTime:0.000027s ]
INFO: [ app_init ] --END-- [ RunTime:0.000530s ]
ERR: 无法加载模块:Public

[ 2016-03-01T19:42:25+08:00 ] 127.0.0.1 /Public/Uploads/image/goods/20160229/14567105242563224799.jpg
INFO: [ app_init ] --START--
INFO: Run Behavior\BuildLiteBehavior [ RunTime:0.000039s ]
INFO: [ app_init ] --END-- [ RunTime:0.000575s ]
ERR: 无法加载模块:Public

[ 2016-03-01T19:42:25+08:00 ] 127.0.0.1 /Public/Uploads/image/goods/20160229/14567105242563224799.jpg
INFO: [ app_init ] --START--
INFO: Run Behavior\BuildLiteBehavior [ RunTime:0.000037s ]
INFO: [ app_init ] --END-- [ RunTime:0.000736s ]
ERR: 无法加载模块:Public

[ 2016-03-01T19:48:52+08:00 ] 127.0.0.1 /Public/Uploads/image/goods/20160229/14567105242563224799.jpg
INFO: [ app_init ] --START--
INFO: Run Behavior\BuildLiteBehavior [ RunTime:0.000042s ]
INFO: [ app_init ] --END-- [ RunTime:0.000826s ]
ERR: 无法加载模块:Public

[ 2016-03-01T19:52:29+08:00 ] 127.0.0.1 /Public/Uploads/image/goods/20160229/14567105242563224799.jpg
INFO: [ app_init ] --START--
INFO: Run Behavior\BuildLiteBehavior [ RunTime:0.000039s ]
INFO: [ app_init ] --END-- [ RunTime:0.000751s ]
ERR: 无法加载模块:Public

[ 2016-03-01T19:52:37+08:00 ] 127.0.0.1 /undefined
INFO: [ app_init ] --START--
INFO: Run Behavior\BuildLiteBehavior [ RunTime:0.000027s ]
INFO: [ app_init ] --END-- [ RunTime:0.000593s ]
ERR: 无法加载模块:Undefined

[ 2016-03-01T19:56:36+08:00 ] 127.0.0.1 /Public/Uploads/image/goods/20160229/14567105242563224799.jpg
INFO: [ app_init ] --START--
INFO: Run Behavior\BuildLiteBehavior [ RunTime:0.000027s ]
INFO: [ app_init ] --END-- [ RunTime:0.000522s ]
ERR: 无法加载模块:Public

[ 2016-03-01T19:56:42+08:00 ] 127.0.0.1 /undefined
INFO: [ app_init ] --START--
INFO: Run Behavior\BuildLiteBehavior [ RunTime:0.000024s ]
INFO: [ app_init ] --END-- [ RunTime:0.000632s ]
ERR: 无法加载模块:Undefined

[ 2016-03-01T19:58:10+08:00 ] 127.0.0.1 /Public/Uploads/image/goods/20160229/14567105242563224799.jpg
INFO: [ app_init ] --START--
INFO: Run Behavior\BuildLiteBehavior [ RunTime:0.000028s ]
INFO: [ app_init ] --END-- [ RunTime:0.000524s ]
ERR: 无法加载模块:Public

[ 2016-03-01T20:03:21+08:00 ] 127.0.0.1 /Public/Uploads/image/goods/20160229/14567105242563224799.jpg
INFO: [ app_init ] --START--
INFO: Run Behavior\BuildLiteBehavior [ RunTime:0.000026s ]
INFO: [ app_init ] --END-- [ RunTime:0.000526s ]
ERR: 无法加载模块:Public

[ 2016-03-01T23:48:07+08:00 ] 127.0.0.1 /Public/Uploads/image/goods/20160229/14567105242563224799.jpg
INFO: [ app_init ] --START--
INFO: Run Behavior\BuildLiteBehavior [ RunTime:0.000108s ]
INFO: [ app_init ] --END-- [ RunTime:0.000918s ]
ERR: 无法加载模块:Public

[ 2016-03-01T23:48:07+08:00 ] 127.0.0.1 /Public/Uploads/image/goods/20160229/14567184959585311155.jpg
INFO: [ app_init ] --START--
INFO: Run Behavior\BuildLiteBehavior [ RunTime:0.000038s ]
INFO: [ app_init ] --END-- [ RunTime:0.000751s ]
ERR: 无法加载模块:Public

[ 2016-03-01T23:48:07+08:00 ] 127.0.0.1 /Public/Uploads/image/goods/20160229/14567095207570136352.jpg
INFO: [ app_init ] --START--
INFO: Run Behavior\BuildLiteBehavior [ RunTime:0.000040s ]
INFO: [ app_init ] --END-- [ RunTime:0.001431s ]
ERR: 无法加载模块:Public

[ 2016-03-01T23:48:07+08:00 ] 127.0.0.1 /Public/Uploads/image/goods/20160229/14567180405050327949.jpg
INFO: [ app_init ] --START--
INFO: Run Behavior\BuildLiteBehavior [ RunTime:0.000042s ]
INFO: [ app_init ] --END-- [ RunTime:0.001281s ]
ERR: 无法加载模块:Public

[ 2016-03-01T23:48:07+08:00 ] 127.0.0.1 /Public/Uploads/image/goods/20160229/14567165347539774328.jpg
INFO: [ app_init ] --START--
INFO: Run Behavior\BuildLiteBehavior [ RunTime:0.000037s ]
INFO: [ app_init ] --END-- [ RunTime:0.000686s ]
ERR: 无法加载模块:Public

[ 2016-03-01T23:48:07+08:00 ] 127.0.0.1 /Public/Uploads/image/goods/20160229/14567162671115162215.jpg
INFO: [ app_init ] --START--
INFO: Run Behavior\BuildLiteBehavior [ RunTime:0.000038s ]
INFO: [ app_init ] --END-- [ RunTime:0.000720s ]
ERR: 无法加载模块:Public

[ 2016-03-01T23:48:07+08:00 ] 127.0.0.1 /Public/Uploads/image/goods/20160229/14567156100656996994.jpg
INFO: [ app_init ] --START--
INFO: Run Behavior\BuildLiteBehavior [ RunTime:0.000037s ]
INFO: [ app_init ] --END-- [ RunTime:0.000689s ]
ERR: 无法加载模块:Public

[ 2016-03-01T23:48:07+08:00 ] 127.0.0.1 /Public/Uploads/image/goods/20160229/14567152764651222524.png
INFO: [ app_init ] --START--
INFO: Run Behavior\BuildLiteBehavior [ RunTime:0.000041s ]
INFO: [ app_init ] --END-- [ RunTime:0.002852s ]
ERR: 无法加载模块:Public

[ 2016-03-01T23:48:07+08:00 ] 127.0.0.1 /Public/Uploads/image/goods/20160229/14567149158196137578.jpg
INFO: [ app_init ] --START--
INFO: Run Behavior\BuildLiteBehavior [ RunTime:0.000062s ]
INFO: [ app_init ] --END-- [ RunTime:0.001543s ]
ERR: 无法加载模块:Public

[ 2016-03-01T23:48:07+08:00 ] 127.0.0.1 /Public/Uploads/image/goods/20160229/14567145381332956953.jpg
INFO: [ app_init ] --START--
INFO: Run Behavior\BuildLiteBehavior [ RunTime:0.000037s ]
INFO: [ app_init ] --END-- [ RunTime:0.000710s ]
ERR: 无法加载模块:Public

[ 2016-03-01T23:48:07+08:00 ] 127.0.0.1 /Public/Uploads/image/goods/20160229/14567139535818539255.jpg
INFO: [ app_init ] --START--
INFO: Run Behavior\BuildLiteBehavior [ RunTime:0.000041s ]
INFO: [ app_init ] --END-- [ RunTime:0.000822s ]
ERR: 无法加载模块:Public

[ 2016-03-01T23:48:07+08:00 ] 127.0.0.1 /Public/Uploads/image/goods/20160229/14567187046061492937.jpg
INFO: [ app_init ] --START--
INFO: Run Behavior\BuildLiteBehavior [ RunTime:0.000039s ]
INFO: [ app_init ] --END-- [ RunTime:0.000738s ]
ERR: 无法加载模块:Public

[ 2016-03-01T23:48:07+08:00 ] 127.0.0.1 /Public/Uploads/image/goods/20160229/14567115600659233946.jpg
INFO: [ app_init ] --START--
INFO: Run Behavior\BuildLiteBehavior [ RunTime:0.000035s ]
INFO: [ app_init ] --END-- [ RunTime:0.000684s ]
ERR: 无法加载模块:Public

[ 2016-03-01T23:48:07+08:00 ] 127.0.0.1 /Public/Uploads/image/goods/20160229/14567111687793273244.jpg
INFO: [ app_init ] --START--
INFO: Run Behavior\BuildLiteBehavior [ RunTime:0.000043s ]
INFO: [ app_init ] --END-- [ RunTime:0.000752s ]
ERR: 无法加载模块:Public

[ 2016-03-01T23:48:07+08:00 ] 127.0.0.1 /Public/Uploads/image/goods/20160229/14567189238263685776.jpg
INFO: [ app_init ] --START--
INFO: Run Behavior\BuildLiteBehavior [ RunTime:0.000050s ]
INFO: [ app_init ] --END-- [ RunTime:0.001795s ]
ERR: 无法加载模块:Public

[ 2016-03-01T23:48:07+08:00 ] 127.0.0.1 /Public/Uploads/image/goods/20160229/14567095207570136352.jpg
INFO: [ app_init ] --START--
INFO: Run Behavior\BuildLiteBehavior [ RunTime:0.000034s ]
INFO: [ app_init ] --END-- [ RunTime:0.000736s ]
ERR: 无法加载模块:Public

[ 2016-03-01T23:48:07+08:00 ] 127.0.0.1 /Public/Uploads/image/goods/20160229/14567165347539774328.jpg
INFO: [ app_init ] --START--
INFO: Run Behavior\BuildLiteBehavior [ RunTime:0.000036s ]
INFO: [ app_init ] --END-- [ RunTime:0.000656s ]
ERR: 无法加载模块:Public

[ 2016-03-01T23:48:07+08:00 ] 127.0.0.1 /Public/Uploads/image/goods/20160229/14567152764651222524.png
INFO: [ app_init ] --START--
INFO: Run Behavior\BuildLiteBehavior [ RunTime:0.000039s ]
INFO: [ app_init ] --END-- [ RunTime:0.000675s ]
ERR: 无法加载模块:Public

[ 2016-03-01T23:48:07+08:00 ] 127.0.0.1 /Public/Uploads/image/goods/20160229/14567184959585311155.jpg
INFO: [ app_init ] --START--
INFO: Run Behavior\BuildLiteBehavior [ RunTime:0.000077s ]
INFO: [ app_init ] --END-- [ RunTime:0.000866s ]
ERR: 无法加载模块:Public

[ 2016-03-01T23:48:07+08:00 ] 127.0.0.1 /Public/Uploads/image/goods/20160229/14567162671115162215.jpg
INFO: [ app_init ] --START--
INFO: Run Behavior\BuildLiteBehavior [ RunTime:0.000036s ]
INFO: [ app_init ] --END-- [ RunTime:0.000685s ]
ERR: 无法加载模块:Public

[ 2016-03-01T23:48:07+08:00 ] 127.0.0.1 /Public/Uploads/image/goods/20160229/14567156100656996994.jpg
INFO: [ app_init ] --START--
INFO: Run Behavior\BuildLiteBehavior [ RunTime:0.000044s ]
INFO: [ app_init ] --END-- [ RunTime:0.003414s ]
ERR: 无法加载模块:Public

[ 2016-03-01T23:48:07+08:00 ] 127.0.0.1 /Public/Uploads/image/goods/20160229/14567180405050327949.jpg
INFO: [ app_init ] --START--
INFO: Run Behavior\BuildLiteBehavior [ RunTime:0.000035s ]
INFO: [ app_init ] --END-- [ RunTime:0.000638s ]
ERR: 无法加载模块:Public

[ 2016-03-01T23:48:07+08:00 ] 127.0.0.1 /Public/Uploads/image/goods/20160229/14567105242563224799.jpg
INFO: [ app_init ] --START--
INFO: Run Behavior\BuildLiteBehavior [ RunTime:0.000036s ]
INFO: [ app_init ] --END-- [ RunTime:0.000872s ]
ERR: 无法加载模块:Public

[ 2016-03-01T23:48:10+08:00 ] 127.0.0.1 /Public/Uploads/image/goods/20160229/14567105242563224799.jpg
INFO: [ app_init ] --START--
INFO: Run Behavior\BuildLiteBehavior [ RunTime:0.000040s ]
INFO: [ app_init ] --END-- [ RunTime:0.000803s ]
ERR: 无法加载模块:Public

[ 2016-03-01T23:48:10+08:00 ] 127.0.0.1 /Public/Uploads/image/goods/20160229/14567095207570136352.jpg
INFO: [ app_init ] --START--
INFO: Run Behavior\BuildLiteBehavior [ RunTime:0.000040s ]
INFO: [ app_init ] --END-- [ RunTime:0.000762s ]
ERR: 无法加载模块:Public

[ 2016-03-01T23:48:10+08:00 ] 127.0.0.1 /Public/Uploads/image/goods/20160229/14567105242563224799.jpg
INFO: [ app_init ] --START--
INFO: Run Behavior\BuildLiteBehavior [ RunTime:0.000025s ]
INFO: [ app_init ] --END-- [ RunTime:0.000524s ]
ERR: 无法加载模块:Public

[ 2016-03-01T23:48:10+08:00 ] 127.0.0.1 /Public/Uploads/image/goods/20160229/14567095207570136352.jpg
INFO: [ app_init ] --START--
INFO: Run Behavior\BuildLiteBehavior [ RunTime:0.000038s ]
INFO: [ app_init ] --END-- [ RunTime:0.000745s ]
ERR: 无法加载模块:Public

[ 2016-03-01T23:48:13+08:00 ] 127.0.0.1 /Public/Uploads/image/goods/20160229/14567105242563224799.jpg
INFO: [ app_init ] --START--
INFO: Run Behavior\BuildLiteBehavior [ RunTime:0.000026s ]
INFO: [ app_init ] --END-- [ RunTime:0.000480s ]
ERR: 无法加载模块:Public

[ 2016-03-01T23:48:13+08:00 ] 127.0.0.1 /Public/Uploads/image/goods/20160229/14567105242563224799.jpg
INFO: [ app_init ] --START--
INFO: Run Behavior\BuildLiteBehavior [ RunTime:0.000024s ]
INFO: [ app_init ] --END-- [ RunTime:0.000462s ]
ERR: 无法加载模块:Public

[ 2016-03-01T23:50:58+08:00 ] 127.0.0.1 /Public/Uploads/image/goods/20160229/14567105242563224799.jpg
INFO: [ app_init ] --START--
INFO: Run Behavior\BuildLiteBehavior [ RunTime:0.000028s ]
INFO: [ app_init ] --END-- [ RunTime:0.000618s ]
ERR: 无法加载模块:Public

[ 2016-03-01T23:50:58+08:00 ] 127.0.0.1 /Public/Uploads/image/goods/20160229/14567095207570136352.jpg
INFO: [ app_init ] --START--
INFO: Run Behavior\BuildLiteBehavior [ RunTime:0.000060s ]
INFO: [ app_init ] --END-- [ RunTime:0.001890s ]
ERR: 无法加载模块:Public

[ 2016-03-01T23:57:43+08:00 ] 127.0.0.1 /Public/Uploads/image/goods/20160229/14567105242563224799.jpg
INFO: [ app_init ] --START--
INFO: Run Behavior\BuildLiteBehavior [ RunTime:0.000084s ]
INFO: [ app_init ] --END-- [ RunTime:0.000807s ]
ERR: 无法加载模块:Public

[ 2016-03-01T23:57:44+08:00 ] 127.0.0.1 /Public/Uploads/image/goods/20160229/14567105242563224799.jpg
INFO: [ app_init ] --START--
INFO: Run Behavior\BuildLiteBehavior [ RunTime:0.000025s ]
INFO: [ app_init ] --END-- [ RunTime:0.000538s ]
ERR: 无法加载模块:Public

