[ 2016-02-28T11:26:52+08:00 ] 127.0.0.1 /favicon.ico
INFO: [ app_init ] --START--
INFO: Run Behavior\BuildLiteBehavior [ RunTime:0.000021s ]
INFO: [ app_init ] --END-- [ RunTime:0.000456s ]
ERR: 无法加载模块:Favicon

[ 2016-02-28T11:26:52+08:00 ] 127.0.0.1 /favicon.ico
INFO: [ app_init ] --START--
INFO: Run Behavior\BuildLiteBehavior [ RunTime:0.000023s ]
INFO: [ app_init ] --END-- [ RunTime:0.000423s ]
ERR: 无法加载模块:Favicon

[ 2016-02-28T11:26:55+08:00 ] 127.0.0.1 /Public/Uploads/image/goods/20160227/14565654406506198197.png
INFO: [ app_init ] --START--
INFO: Run Behavior\BuildLiteBehavior [ RunTime:0.000037s ]
INFO: [ app_init ] --END-- [ RunTime:0.001861s ]
ERR: 无法加载模块:Public

[ 2016-02-28T11:26:55+08:00 ] 127.0.0.1 /Public/Uploads/image/goods/20160227/14565648419168882763.png
INFO: [ app_init ] --START--
INFO: Run Behavior\BuildLiteBehavior [ RunTime:0.000030s ]
INFO: [ app_init ] --END-- [ RunTime:0.000700s ]
ERR: 无法加载模块:Public

[ 2016-02-28T11:26:55+08:00 ] 127.0.0.1 /Public/Uploads/image/goods/20160227/14565660802914732976.jpg
INFO: [ app_init ] --START--
INFO: Run Behavior\BuildLiteBehavior [ RunTime:0.000042s ]
INFO: [ app_init ] --END-- [ RunTime:0.001002s ]
ERR: 无法加载模块:Public

[ 2016-02-28T11:26:55+08:00 ] 127.0.0.1 /Public/Uploads/image/goods/20160227/14565668653742099262.jpg
INFO: [ app_init ] --START--
INFO: Run Behavior\BuildLiteBehavior [ RunTime:0.000087s ]
INFO: [ app_init ] --END-- [ RunTime:0.000842s ]
ERR: 无法加载模块:Public

[ 2016-02-28T11:26:55+08:00 ] 127.0.0.1 /Public/Uploads/image/goods/20160227/14565628326199716318.png
INFO: [ app_init ] --START--
INFO: Run Behavior\BuildLiteBehavior [ RunTime:0.000036s ]
INFO: [ app_init ] --END-- [ RunTime:0.001119s ]
ERR: 无法加载模块:Public

