[ 2016-04-08T09:17:04+08:00 ] 127.0.0.1 /admin
INFO: [ app_init ] --START--
INFO: Run Behavior\BuildLiteBehavior [ RunTime:0.000039s ]
INFO: [ app_init ] --END-- [ RunTime:0.000898s ]
INFO: [ app_begin ] --START--
INFO: Run Behavior\ReadHtmlCacheBehavior [ RunTime:0.001326s ]
INFO: [ app_begin ] --END-- [ RunTime:0.001436s ]
NOTIC: [8] Use of undefined constant Y - assumed 'Y' E:\wamp\www\myhunll\Application\Admin\Controller\FontEndController.class.php 第 22 行.
SQL: SHOW COLUMNS FROM `m_admin_infor` [ RunTime:0.0052s ]
SQL: SELECT * FROM `m_admin_infor` WHERE ( id=1 ) LIMIT 1   [ RunTime:0.0004s ]
INFO: [ view_parse ] --START--
INFO: [ template_filter ] --START--
INFO: Run Behavior\ContentReplaceBehavior [ RunTime:0.000077s ]
INFO: [ template_filter ] --END-- [ RunTime:0.000177s ]
INFO: Run Behavior\ParseTemplateBehavior [ RunTime:0.011662s ]
INFO: [ view_parse ] --END-- [ RunTime:0.011808s ]
INFO: [ view_filter ] --START--
INFO: Run Behavior\WriteHtmlCacheBehavior [ RunTime:0.001397s ]
INFO: [ view_filter ] --END-- [ RunTime:0.001545s ]
INFO: [ app_end ] --START--
INFO: Run Behavior\ShowPageTraceBehavior [ RunTime:0.001245s ]
INFO: [ app_end ] --END-- [ RunTime:0.001366s ]

[ 2016-04-08T09:17:05+08:00 ] 127.0.0.1 /Admin/Login/index.html
INFO: [ app_init ] --START--
INFO: Run Behavior\BuildLiteBehavior [ RunTime:0.000042s ]
INFO: [ app_init ] --END-- [ RunTime:0.001010s ]
INFO: [ app_begin ] --START--
INFO: Run Behavior\ReadHtmlCacheBehavior [ RunTime:0.001886s ]
INFO: [ app_begin ] --END-- [ RunTime:0.002088s ]
NOTIC: [8] Use of undefined constant Y - assumed 'Y' E:\wamp\www\myhunll\Application\Admin\Controller\FontEndController.class.php 第 22 行.
SQL: SHOW COLUMNS FROM `m_admin_infor` [ RunTime:0.0056s ]
SQL: SELECT * FROM `m_admin_infor` WHERE ( id=1 ) LIMIT 1   [ RunTime:0.0004s ]
NOTIC: [8] Undefined index: url_to E:\wamp\www\myhunll\Application\Admin\Controller\LoginController.class.php 第 10 行.
NOTIC: [8] Undefined index: url_to E:\wamp\www\myhunll\Application\Admin\Controller\LoginController.class.php 第 12 行.
INFO: [ view_parse ] --START--
INFO: [ template_filter ] --START--
INFO: Run Behavior\ContentReplaceBehavior [ RunTime:0.000136s ]
INFO: [ template_filter ] --END-- [ RunTime:0.000303s ]
NOTIC: [8] Undefined variable: infor_mima E:\wamp\www\myhunll\Application\Runtime\Cache\Admin\286f14c479e57cdb25987680ec610826.php 第 32 行.
INFO: Run Behavior\ParseTemplateBehavior [ RunTime:0.012747s ]
INFO: [ view_parse ] --END-- [ RunTime:0.012876s ]
INFO: [ view_filter ] --START--
INFO: Run Behavior\WriteHtmlCacheBehavior [ RunTime:0.001228s ]
INFO: [ view_filter ] --END-- [ RunTime:0.001334s ]
INFO: [ app_end ] --START--
INFO: Run Behavior\ShowPageTraceBehavior [ RunTime:0.001279s ]
INFO: [ app_end ] --END-- [ RunTime:0.001370s ]

[ 2016-04-08T09:17:11+08:00 ] 127.0.0.1 /Admin/login/login.html
INFO: [ app_init ] --START--
INFO: Run Behavior\BuildLiteBehavior [ RunTime:0.000035s ]
INFO: [ app_init ] --END-- [ RunTime:0.001106s ]
INFO: [ app_begin ] --START--
INFO: Run Behavior\ReadHtmlCacheBehavior [ RunTime:0.001273s ]
INFO: [ app_begin ] --END-- [ RunTime:0.001429s ]
NOTIC: [8] Use of undefined constant Y - assumed 'Y' E:\wamp\www\myhunll\Application\Admin\Controller\FontEndController.class.php 第 22 行.
SQL: SHOW COLUMNS FROM `m_admin_infor` [ RunTime:0.0040s ]
SQL: SELECT * FROM `m_admin_infor` WHERE ( id=1 ) LIMIT 1   [ RunTime:0.0004s ]
SQL: SHOW COLUMNS FROM `m_admin_user` [ RunTime:0.0038s ]
SQL: SELECT COUNT(*) AS tp_count FROM `m_admin_user` WHERE ( mobile_phone='13574506835' ) LIMIT 1   [ RunTime:0.0277s ]
SQL: SELECT `ad_salt` FROM `m_admin_user` WHERE ( mobile_phone='13574506835' ) LIMIT 1   [ RunTime:0.0004s ]
SQL: SELECT COUNT(*) AS tp_count FROM `m_admin_user` WHERE ( mobile_phone='13574506835' and password='f9241fc0fe6db8097a92f8f978e9586a' ) LIMIT 1   [ RunTime:0.0003s ]

[ 2016-04-08T09:17:11+08:00 ] 127.0.0.1 /Admin/Login/chenggong.html
INFO: [ app_init ] --START--
INFO: Run Behavior\BuildLiteBehavior [ RunTime:0.000024s ]
INFO: [ app_init ] --END-- [ RunTime:0.000613s ]
INFO: [ app_begin ] --START--
INFO: Run Behavior\ReadHtmlCacheBehavior [ RunTime:0.001094s ]
INFO: [ app_begin ] --END-- [ RunTime:0.001187s ]
NOTIC: [8] Use of undefined constant Y - assumed 'Y' E:\wamp\www\myhunll\Application\Admin\Controller\FontEndController.class.php 第 22 行.
SQL: SHOW COLUMNS FROM `m_admin_infor` [ RunTime:0.0039s ]
SQL: SELECT * FROM `m_admin_infor` WHERE ( id=1 ) LIMIT 1   [ RunTime:0.0004s ]
NOTIC: [8] Undefined variable: dlm E:\wamp\www\myhunll\Application\Admin\Controller\LoginController.class.php 第 52 行.
NOTIC: [8] Undefined variable: mima E:\wamp\www\myhunll\Application\Admin\Controller\LoginController.class.php 第 52 行.
SQL: SHOW COLUMNS FROM `m_admin_user` [ RunTime:0.0037s ]
NOTIC: [2048] mktime(): You should be using the time() function instead E:\wamp\www\myhunll\Application\Admin\Controller\LoginController.class.php 第 58 行.
SQL: UPDATE `m_admin_user` SET `last_login`='1460078231',`last_ip`='127.0.0.1' WHERE ( mobile_phone='13574506835' ) [ RunTime:0.0682s ]
SQL: SELECT `user_id` FROM `m_admin_user` WHERE ( mobile_phone='13574506835' ) LIMIT 1   [ RunTime:0.0003s ]
SQL: SELECT `user_name` FROM `m_admin_user` WHERE ( mobile_phone='13574506835' ) LIMIT 1   [ RunTime:0.0002s ]
SQL: SELECT `last_login` FROM `m_admin_user` WHERE ( mobile_phone='13574506835' ) LIMIT 1   [ RunTime:0.0003s ]

[ 2016-04-08T09:17:11+08:00 ] 127.0.0.1 /Admin/index/index.html
INFO: [ app_init ] --START--
INFO: Run Behavior\BuildLiteBehavior [ RunTime:0.000025s ]
INFO: [ app_init ] --END-- [ RunTime:0.000668s ]
INFO: [ app_begin ] --START--
INFO: Run Behavior\ReadHtmlCacheBehavior [ RunTime:0.001135s ]
INFO: [ app_begin ] --END-- [ RunTime:0.001233s ]
NOTIC: [8] Use of undefined constant Y - assumed 'Y' E:\wamp\www\myhunll\Application\Admin\Controller\FontEndController.class.php 第 22 行.
SQL: SHOW COLUMNS FROM `m_admin_infor` [ RunTime:0.0038s ]
SQL: SELECT * FROM `m_admin_infor` WHERE ( id=1 ) LIMIT 1   [ RunTime:0.0004s ]
INFO: [ view_parse ] --START--
INFO: [ template_filter ] --START--
INFO: Run Behavior\ContentReplaceBehavior [ RunTime:0.000076s ]
INFO: [ template_filter ] --END-- [ RunTime:0.000193s ]
INFO: Run Behavior\ParseTemplateBehavior [ RunTime:0.010136s ]
INFO: [ view_parse ] --END-- [ RunTime:0.010235s ]
INFO: [ view_filter ] --START--
INFO: Run Behavior\WriteHtmlCacheBehavior [ RunTime:0.000946s ]
INFO: [ view_filter ] --END-- [ RunTime:0.001031s ]
INFO: [ app_end ] --START--
INFO: Run Behavior\ShowPageTraceBehavior [ RunTime:0.001293s ]
INFO: [ app_end ] --END-- [ RunTime:0.001372s ]

[ 2016-04-08T09:17:11+08:00 ] 127.0.0.1 /Admin/Index/top.html
INFO: [ app_init ] --START--
INFO: Run Behavior\BuildLiteBehavior [ RunTime:0.000024s ]
INFO: [ app_init ] --END-- [ RunTime:0.000588s ]
INFO: [ app_begin ] --START--
INFO: Run Behavior\ReadHtmlCacheBehavior [ RunTime:0.001869s ]
INFO: [ app_begin ] --END-- [ RunTime:0.002061s ]
NOTIC: [8] Use of undefined constant Y - assumed 'Y' E:\wamp\www\myhunll\Application\Admin\Controller\FontEndController.class.php 第 22 行.
SQL: SHOW COLUMNS FROM `m_admin_infor` [ RunTime:0.0055s ]
SQL: SELECT * FROM `m_admin_infor` WHERE ( id=1 ) LIMIT 1   [ RunTime:0.0007s ]
INFO: [ view_parse ] --START--
INFO: [ template_filter ] --START--
INFO: Run Behavior\ContentReplaceBehavior [ RunTime:0.000085s ]
INFO: [ template_filter ] --END-- [ RunTime:0.000179s ]
INFO: Run Behavior\ParseTemplateBehavior [ RunTime:0.010066s ]
INFO: [ view_parse ] --END-- [ RunTime:0.010203s ]
INFO: [ view_filter ] --START--
INFO: Run Behavior\WriteHtmlCacheBehavior [ RunTime:0.000879s ]
INFO: [ view_filter ] --END-- [ RunTime:0.000962s ]
INFO: [ app_end ] --START--
INFO: Run Behavior\ShowPageTraceBehavior [ RunTime:0.001111s ]
INFO: [ app_end ] --END-- [ RunTime:0.001191s ]

[ 2016-04-08T09:17:11+08:00 ] 127.0.0.1 /Admin/Index/menu.html
INFO: [ app_init ] --START--
INFO: Run Behavior\BuildLiteBehavior [ RunTime:0.000039s ]
INFO: [ app_init ] --END-- [ RunTime:0.000850s ]
INFO: [ app_begin ] --START--
INFO: Run Behavior\ReadHtmlCacheBehavior [ RunTime:0.002334s ]
INFO: [ app_begin ] --END-- [ RunTime:0.002522s ]
NOTIC: [8] Use of undefined constant Y - assumed 'Y' E:\wamp\www\myhunll\Application\Admin\Controller\FontEndController.class.php 第 22 行.
SQL: SHOW COLUMNS FROM `m_admin_infor` [ RunTime:0.0050s ]
SQL: SELECT * FROM `m_admin_infor` WHERE ( id=1 ) LIMIT 1   [ RunTime:0.0003s ]
INFO: [ view_parse ] --START--
INFO: [ template_filter ] --START--
INFO: Run Behavior\ContentReplaceBehavior [ RunTime:0.000138s ]
INFO: [ template_filter ] --END-- [ RunTime:0.000259s ]
INFO: Run Behavior\ParseTemplateBehavior [ RunTime:0.014386s ]
INFO: [ view_parse ] --END-- [ RunTime:0.014491s ]
INFO: [ view_filter ] --START--
INFO: Run Behavior\WriteHtmlCacheBehavior [ RunTime:0.000563s ]
INFO: [ view_filter ] --END-- [ RunTime:0.000648s ]
INFO: [ app_end ] --START--
INFO: Run Behavior\ShowPageTraceBehavior [ RunTime:0.000763s ]
INFO: [ app_end ] --END-- [ RunTime:0.000843s ]

[ 2016-04-08T09:17:11+08:00 ] 127.0.0.1 /Admin/Index/main.html
INFO: [ app_init ] --START--
INFO: Run Behavior\BuildLiteBehavior [ RunTime:0.000026s ]
INFO: [ app_init ] --END-- [ RunTime:0.000607s ]
INFO: [ app_begin ] --START--
INFO: Run Behavior\ReadHtmlCacheBehavior [ RunTime:0.002917s ]
INFO: [ app_begin ] --END-- [ RunTime:0.003068s ]
NOTIC: [8] Use of undefined constant Y - assumed 'Y' E:\wamp\www\myhunll\Application\Admin\Controller\FontEndController.class.php 第 22 行.
SQL: SHOW COLUMNS FROM `m_admin_infor` [ RunTime:0.0065s ]
SQL: SELECT * FROM `m_admin_infor` WHERE ( id=1 ) LIMIT 1   [ RunTime:0.0006s ]
INFO: [ view_parse ] --START--
INFO: [ template_filter ] --START--
INFO: Run Behavior\ContentReplaceBehavior [ RunTime:0.000129s ]
INFO: [ template_filter ] --END-- [ RunTime:0.000309s ]
INFO: Run Behavior\ParseTemplateBehavior [ RunTime:0.011945s ]
INFO: [ view_parse ] --END-- [ RunTime:0.012102s ]
INFO: [ view_filter ] --START--
INFO: Run Behavior\WriteHtmlCacheBehavior [ RunTime:0.001480s ]
INFO: [ view_filter ] --END-- [ RunTime:0.001632s ]
INFO: [ app_end ] --START--
INFO: Run Behavior\ShowPageTraceBehavior [ RunTime:0.001874s ]
INFO: [ app_end ] --END-- [ RunTime:0.002028s ]

[ 2016-04-08T09:17:11+08:00 ] 127.0.0.1 /Admin/Index/drag.html
INFO: [ app_init ] --START--
INFO: Run Behavior\BuildLiteBehavior [ RunTime:0.000026s ]
INFO: [ app_init ] --END-- [ RunTime:0.000615s ]
INFO: [ app_begin ] --START--
INFO: Run Behavior\ReadHtmlCacheBehavior [ RunTime:0.001191s ]
INFO: [ app_begin ] --END-- [ RunTime:0.001299s ]
NOTIC: [8] Use of undefined constant Y - assumed 'Y' E:\wamp\www\myhunll\Application\Admin\Controller\FontEndController.class.php 第 22 行.
SQL: SHOW COLUMNS FROM `m_admin_infor` [ RunTime:0.0051s ]
SQL: SELECT * FROM `m_admin_infor` WHERE ( id=1 ) LIMIT 1   [ RunTime:0.0004s ]
INFO: [ view_parse ] --START--
INFO: [ template_filter ] --START--
INFO: Run Behavior\ContentReplaceBehavior [ RunTime:0.000076s ]
INFO: [ template_filter ] --END-- [ RunTime:0.000177s ]
INFO: Run Behavior\ParseTemplateBehavior [ RunTime:0.008735s ]
INFO: [ view_parse ] --END-- [ RunTime:0.008896s ]
INFO: [ view_filter ] --START--
INFO: Run Behavior\WriteHtmlCacheBehavior [ RunTime:0.001473s ]
INFO: [ view_filter ] --END-- [ RunTime:0.001621s ]
INFO: [ app_end ] --START--
INFO: Run Behavior\ShowPageTraceBehavior [ RunTime:0.001812s ]
INFO: [ app_end ] --END-- [ RunTime:0.001937s ]

[ 2016-04-08T09:17:16+08:00 ] 127.0.0.1 /Admin/Goodsmanage/index.html
INFO: [ app_init ] --START--
INFO: Run Behavior\BuildLiteBehavior [ RunTime:0.000024s ]
INFO: [ app_init ] --END-- [ RunTime:0.000493s ]
INFO: [ app_begin ] --START--
INFO: Run Behavior\ReadHtmlCacheBehavior [ RunTime:0.001328s ]
INFO: [ app_begin ] --END-- [ RunTime:0.001539s ]
NOTIC: [8] Use of undefined constant Y - assumed 'Y' E:\wamp\www\myhunll\Application\Admin\Controller\FontEndController.class.php 第 22 行.
SQL: SHOW COLUMNS FROM `m_admin_infor` [ RunTime:0.0048s ]
SQL: SELECT * FROM `m_admin_infor` WHERE ( id=1 ) LIMIT 1   [ RunTime:0.0004s ]
SQL: SHOW COLUMNS FROM `m_category` [ RunTime:0.0047s ]
SQL: SELECT `cat_name` FROM `m_category`  [ RunTime:0.0004s ]
SQL: SELECT `cat_id` FROM `m_category` WHERE ( cat_name='策划师' ) LIMIT 1   [ RunTime:0.0003s ]
SQL: SHOW COLUMNS FROM `m_goods` [ RunTime:0.0060s ]
NOTIC: [8] Undefined index: serch E:\wamp\www\myhunll\Application\Admin\Controller\GoodsmanageController.class.php 第 21 行.
SQL: SELECT COUNT(*) AS tp_count FROM `m_goods` WHERE ( cat_id=1 and is_delete=0 ) LIMIT 1   [ RunTime:0.0005s ]
SQL: SHOW COLUMNS FROM `m_goods` [ RunTime:0.0056s ]
SQL: SELECT * FROM m_goods t1,m_users t2 WHERE ( t1.cat_id=1 and t1.is_delete=0 and t1.user_id=t2.user_id ) ORDER BY goods_id desc LIMIT 0,10   [ RunTime:0.0015s ]
INFO: [ view_parse ] --START--
INFO: [ template_filter ] --START--
INFO: Run Behavior\ContentReplaceBehavior [ RunTime:0.000109s ]
INFO: [ template_filter ] --END-- [ RunTime:0.000223s ]
NOTIC: [8] Undefined variable: 司仪 E:\wamp\www\myhunll\Application\Runtime\Cache\Admin\44be48c52c819b74b3b0b16f06fea967.php 第 19 行.
NOTIC: [8] Undefined variable: 摄像 E:\wamp\www\myhunll\Application\Runtime\Cache\Admin\44be48c52c819b74b3b0b16f06fea967.php 第 19 行.
NOTIC: [8] Undefined variable: 摄影 E:\wamp\www\myhunll\Application\Runtime\Cache\Admin\44be48c52c819b74b3b0b16f06fea967.php 第 19 行.
NOTIC: [8] Undefined variable: 车队 E:\wamp\www\myhunll\Application\Runtime\Cache\Admin\44be48c52c819b74b3b0b16f06fea967.php 第 19 行.
NOTIC: [8] Undefined variable: 跟妆 E:\wamp\www\myhunll\Application\Runtime\Cache\Admin\44be48c52c819b74b3b0b16f06fea967.php 第 19 行.
NOTIC: [8] Undefined variable: 布置 E:\wamp\www\myhunll\Application\Runtime\Cache\Admin\44be48c52c819b74b3b0b16f06fea967.php 第 19 行.
NOTIC: [8] Undefined variable: 演艺 E:\wamp\www\myhunll\Application\Runtime\Cache\Admin\44be48c52c819b74b3b0b16f06fea967.php 第 19 行.
NOTIC: [8] Undefined variable: 婚纱 E:\wamp\www\myhunll\Application\Runtime\Cache\Admin\44be48c52c819b74b3b0b16f06fea967.php 第 19 行.
NOTIC: [8] Undefined variable: 酒店 E:\wamp\www\myhunll\Application\Runtime\Cache\Admin\44be48c52c819b74b3b0b16f06fea967.php 第 19 行.
NOTIC: [8] Undefined variable: 喜铺 E:\wamp\www\myhunll\Application\Runtime\Cache\Admin\44be48c52c819b74b3b0b16f06fea967.php 第 19 行.
INFO: Run Behavior\ParseTemplateBehavior [ RunTime:0.016725s ]
INFO: [ view_parse ] --END-- [ RunTime:0.016869s ]
INFO: [ view_filter ] --START--
INFO: Run Behavior\WriteHtmlCacheBehavior [ RunTime:0.000863s ]
INFO: [ view_filter ] --END-- [ RunTime:0.001031s ]
INFO: [ app_end ] --START--
INFO: Run Behavior\ShowPageTraceBehavior [ RunTime:0.001217s ]
INFO: [ app_end ] --END-- [ RunTime:0.001353s ]

[ 2016-04-08T09:17:20+08:00 ] 127.0.0.1 /Admin/Goodsmanage/index.html
INFO: [ app_init ] --START--
INFO: Run Behavior\BuildLiteBehavior [ RunTime:0.000026s ]
INFO: [ app_init ] --END-- [ RunTime:0.000709s ]
INFO: [ app_begin ] --START--
INFO: Run Behavior\ReadHtmlCacheBehavior [ RunTime:0.000785s ]
INFO: [ app_begin ] --END-- [ RunTime:0.000896s ]
NOTIC: [8] Use of undefined constant Y - assumed 'Y' E:\wamp\www\myhunll\Application\Admin\Controller\FontEndController.class.php 第 22 行.
SQL: SHOW COLUMNS FROM `m_admin_infor` [ RunTime:0.0039s ]
SQL: SELECT * FROM `m_admin_infor` WHERE ( id=1 ) LIMIT 1   [ RunTime:0.0003s ]
SQL: SHOW COLUMNS FROM `m_category` [ RunTime:0.0037s ]
SQL: SELECT `cat_name` FROM `m_category`  [ RunTime:0.0003s ]
SQL: SELECT `cat_id` FROM `m_category` WHERE ( cat_name='车队' ) LIMIT 1   [ RunTime:0.0003s ]
SQL: SHOW COLUMNS FROM `m_goods` [ RunTime:0.0042s ]
SQL: SELECT COUNT(*) AS tp_count FROM `m_goods` WHERE ( cat_id=7 and is_delete=0 ) LIMIT 1   [ RunTime:0.0006s ]
SQL: SHOW COLUMNS FROM `m_goods` [ RunTime:0.0041s ]
SQL: SELECT * FROM m_goods t1,m_users t2 WHERE ( t1.cat_id=7 and t1.is_delete=0 and t1.user_id=t2.user_id ) ORDER BY goods_id desc LIMIT 0,10   [ RunTime:0.0013s ]
INFO: [ view_parse ] --START--
INFO: [ template_filter ] --START--
INFO: Run Behavior\ContentReplaceBehavior [ RunTime:0.000112s ]
INFO: [ template_filter ] --END-- [ RunTime:0.000229s ]
NOTIC: [8] Undefined variable: 策划师 E:\wamp\www\myhunll\Application\Runtime\Cache\Admin\44be48c52c819b74b3b0b16f06fea967.php 第 19 行.
NOTIC: [8] Undefined variable: 司仪 E:\wamp\www\myhunll\Application\Runtime\Cache\Admin\44be48c52c819b74b3b0b16f06fea967.php 第 19 行.
NOTIC: [8] Undefined variable: 摄像 E:\wamp\www\myhunll\Application\Runtime\Cache\Admin\44be48c52c819b74b3b0b16f06fea967.php 第 19 行.
NOTIC: [8] Undefined variable: 摄影 E:\wamp\www\myhunll\Application\Runtime\Cache\Admin\44be48c52c819b74b3b0b16f06fea967.php 第 19 行.
NOTIC: [8] Undefined variable: 跟妆 E:\wamp\www\myhunll\Application\Runtime\Cache\Admin\44be48c52c819b74b3b0b16f06fea967.php 第 19 行.
NOTIC: [8] Undefined variable: 布置 E:\wamp\www\myhunll\Application\Runtime\Cache\Admin\44be48c52c819b74b3b0b16f06fea967.php 第 19 行.
NOTIC: [8] Undefined variable: 演艺 E:\wamp\www\myhunll\Application\Runtime\Cache\Admin\44be48c52c819b74b3b0b16f06fea967.php 第 19 行.
NOTIC: [8] Undefined variable: 婚纱 E:\wamp\www\myhunll\Application\Runtime\Cache\Admin\44be48c52c819b74b3b0b16f06fea967.php 第 19 行.
NOTIC: [8] Undefined variable: 酒店 E:\wamp\www\myhunll\Application\Runtime\Cache\Admin\44be48c52c819b74b3b0b16f06fea967.php 第 19 行.
NOTIC: [8] Undefined variable: 喜铺 E:\wamp\www\myhunll\Application\Runtime\Cache\Admin\44be48c52c819b74b3b0b16f06fea967.php 第 19 行.
INFO: Run Behavior\ParseTemplateBehavior [ RunTime:0.014729s ]
INFO: [ view_parse ] --END-- [ RunTime:0.014828s ]
INFO: [ view_filter ] --START--
INFO: Run Behavior\WriteHtmlCacheBehavior [ RunTime:0.000595s ]
INFO: [ view_filter ] --END-- [ RunTime:0.000670s ]
INFO: [ app_end ] --START--
INFO: Run Behavior\ShowPageTraceBehavior [ RunTime:0.000866s ]
INFO: [ app_end ] --END-- [ RunTime:0.000947s ]

[ 2016-04-08T09:17:20+08:00 ] 127.0.0.1 /Admin/Goodsmanage/u/Public/Uploads/image/goods/20160408/14600491187657877541.jpg
INFO: [ app_init ] --START--
INFO: Run Behavior\BuildLiteBehavior [ RunTime:0.000027s ]
INFO: [ app_init ] --END-- [ RunTime:0.000697s ]

[ 2016-04-08T09:27:28+08:00 ] 127.0.0.1 /Admin/index/index.html
INFO: [ app_init ] --START--
INFO: Run Behavior\BuildLiteBehavior [ RunTime:0.000022s ]
INFO: [ app_init ] --END-- [ RunTime:0.000517s ]
INFO: [ app_begin ] --START--
INFO: Run Behavior\ReadHtmlCacheBehavior [ RunTime:0.000916s ]
INFO: [ app_begin ] --END-- [ RunTime:0.001038s ]
NOTIC: [8] Use of undefined constant Y - assumed 'Y' E:\wamp\www\myhunll\Application\Admin\Controller\FontEndController.class.php 第 22 行.
SQL: SHOW COLUMNS FROM `m_admin_infor` [ RunTime:0.0040s ]
SQL: SELECT * FROM `m_admin_infor` WHERE ( id=1 ) LIMIT 1   [ RunTime:0.0004s ]
INFO: [ view_parse ] --START--
INFO: [ template_filter ] --START--
INFO: Run Behavior\ContentReplaceBehavior [ RunTime:0.000081s ]
INFO: [ template_filter ] --END-- [ RunTime:0.000186s ]
INFO: Run Behavior\ParseTemplateBehavior [ RunTime:0.047318s ]
INFO: [ view_parse ] --END-- [ RunTime:0.047419s ]
INFO: [ view_filter ] --START--
INFO: Run Behavior\WriteHtmlCacheBehavior [ RunTime:0.000596s ]
INFO: [ view_filter ] --END-- [ RunTime:0.000681s ]
INFO: [ app_end ] --START--
INFO: Run Behavior\ShowPageTraceBehavior [ RunTime:0.000868s ]
INFO: [ app_end ] --END-- [ RunTime:0.000954s ]

[ 2016-04-08T09:27:28+08:00 ] 127.0.0.1 /Admin/Index/top.html
INFO: [ app_init ] --START--
INFO: Run Behavior\BuildLiteBehavior [ RunTime:0.000026s ]
INFO: [ app_init ] --END-- [ RunTime:0.000511s ]
INFO: [ app_begin ] --START--
INFO: Run Behavior\ReadHtmlCacheBehavior [ RunTime:0.001251s ]
INFO: [ app_begin ] --END-- [ RunTime:0.001442s ]
NOTIC: [8] Use of undefined constant Y - assumed 'Y' E:\wamp\www\myhunll\Application\Admin\Controller\FontEndController.class.php 第 22 行.
SQL: SHOW COLUMNS FROM `m_admin_infor` [ RunTime:0.0051s ]
SQL: SELECT * FROM `m_admin_infor` WHERE ( id=1 ) LIMIT 1   [ RunTime:0.0004s ]
INFO: [ view_parse ] --START--
INFO: [ template_filter ] --START--
INFO: Run Behavior\ContentReplaceBehavior [ RunTime:0.000183s ]
INFO: [ template_filter ] --END-- [ RunTime:0.000411s ]
INFO: Run Behavior\ParseTemplateBehavior [ RunTime:0.046675s ]
INFO: [ view_parse ] --END-- [ RunTime:0.046873s ]
INFO: [ view_filter ] --START--
INFO: Run Behavior\WriteHtmlCacheBehavior [ RunTime:0.001394s ]
INFO: [ view_filter ] --END-- [ RunTime:0.001607s ]
INFO: [ app_end ] --START--
INFO: Run Behavior\ShowPageTraceBehavior [ RunTime:0.002333s ]
INFO: [ app_end ] --END-- [ RunTime:0.002744s ]

[ 2016-04-08T09:27:28+08:00 ] 127.0.0.1 /Admin/Index/drag.html
INFO: [ app_init ] --START--
INFO: Run Behavior\BuildLiteBehavior [ RunTime:0.000046s ]
INFO: [ app_init ] --END-- [ RunTime:0.000829s ]
INFO: [ app_begin ] --START--
INFO: Run Behavior\ReadHtmlCacheBehavior [ RunTime:0.001263s ]
INFO: [ app_begin ] --END-- [ RunTime:0.001465s ]
NOTIC: [8] Use of undefined constant Y - assumed 'Y' E:\wamp\www\myhunll\Application\Admin\Controller\FontEndController.class.php 第 22 行.
SQL: SHOW COLUMNS FROM `m_admin_infor` [ RunTime:0.0053s ]
SQL: SELECT * FROM `m_admin_infor` WHERE ( id=1 ) LIMIT 1   [ RunTime:0.0004s ]
INFO: [ view_parse ] --START--
INFO: [ template_filter ] --START--
INFO: Run Behavior\ContentReplaceBehavior [ RunTime:0.000179s ]
INFO: [ template_filter ] --END-- [ RunTime:0.000440s ]
INFO: Run Behavior\ParseTemplateBehavior [ RunTime:0.093490s ]
INFO: [ view_parse ] --END-- [ RunTime:0.093685s ]
INFO: [ view_filter ] --START--
INFO: Run Behavior\WriteHtmlCacheBehavior [ RunTime:0.001205s ]
INFO: [ view_filter ] --END-- [ RunTime:0.001392s ]
INFO: [ app_end ] --START--
INFO: Run Behavior\ShowPageTraceBehavior [ RunTime:0.001742s ]
INFO: [ app_end ] --END-- [ RunTime:0.001945s ]

[ 2016-04-08T09:27:28+08:00 ] 127.0.0.1 /Admin/Index/menu.html
INFO: [ app_init ] --START--
INFO: Run Behavior\BuildLiteBehavior [ RunTime:0.000041s ]
INFO: [ app_init ] --END-- [ RunTime:0.000763s ]
INFO: [ app_begin ] --START--
INFO: Run Behavior\ReadHtmlCacheBehavior [ RunTime:0.001322s ]
INFO: [ app_begin ] --END-- [ RunTime:0.001506s ]
NOTIC: [8] Use of undefined constant Y - assumed 'Y' E:\wamp\www\myhunll\Application\Admin\Controller\FontEndController.class.php 第 22 行.
SQL: SHOW COLUMNS FROM `m_admin_infor` [ RunTime:0.0071s ]
SQL: SELECT * FROM `m_admin_infor` WHERE ( id=1 ) LIMIT 1   [ RunTime:0.0005s ]
INFO: [ view_parse ] --START--
INFO: [ template_filter ] --START--
INFO: Run Behavior\ContentReplaceBehavior [ RunTime:0.000128s ]
INFO: [ template_filter ] --END-- [ RunTime:0.000242s ]
INFO: Run Behavior\ParseTemplateBehavior [ RunTime:0.047342s ]
INFO: [ view_parse ] --END-- [ RunTime:0.047490s ]
INFO: [ view_filter ] --START--
INFO: Run Behavior\WriteHtmlCacheBehavior [ RunTime:0.000676s ]
INFO: [ view_filter ] --END-- [ RunTime:0.000765s ]
INFO: [ app_end ] --START--
INFO: Run Behavior\ShowPageTraceBehavior [ RunTime:0.000835s ]
INFO: [ app_end ] --END-- [ RunTime:0.000932s ]

[ 2016-04-08T09:27:28+08:00 ] 127.0.0.1 /Admin/Index/main.html
INFO: [ app_init ] --START--
INFO: Run Behavior\BuildLiteBehavior [ RunTime:0.000024s ]
INFO: [ app_init ] --END-- [ RunTime:0.000649s ]
INFO: [ app_begin ] --START--
INFO: Run Behavior\ReadHtmlCacheBehavior [ RunTime:0.001161s ]
INFO: [ app_begin ] --END-- [ RunTime:0.001335s ]
NOTIC: [8] Use of undefined constant Y - assumed 'Y' E:\wamp\www\myhunll\Application\Admin\Controller\FontEndController.class.php 第 22 行.
SQL: SHOW COLUMNS FROM `m_admin_infor` [ RunTime:0.0044s ]
SQL: SELECT * FROM `m_admin_infor` WHERE ( id=1 ) LIMIT 1   [ RunTime:0.0004s ]
INFO: [ view_parse ] --START--
INFO: [ template_filter ] --START--
INFO: Run Behavior\ContentReplaceBehavior [ RunTime:0.000087s ]
INFO: [ template_filter ] --END-- [ RunTime:0.000198s ]
INFO: Run Behavior\ParseTemplateBehavior [ RunTime:0.044364s ]
INFO: [ view_parse ] --END-- [ RunTime:0.044477s ]
INFO: [ view_filter ] --START--
INFO: Run Behavior\WriteHtmlCacheBehavior [ RunTime:0.000556s ]
INFO: [ view_filter ] --END-- [ RunTime:0.000636s ]
INFO: [ app_end ] --START--
INFO: Run Behavior\ShowPageTraceBehavior [ RunTime:0.000757s ]
INFO: [ app_end ] --END-- [ RunTime:0.000841s ]

[ 2016-04-08T09:27:31+08:00 ] 127.0.0.1 /Admin/Goodsmanage/index.html
INFO: [ app_init ] --START--
INFO: Run Behavior\BuildLiteBehavior [ RunTime:0.000035s ]
INFO: [ app_init ] --END-- [ RunTime:0.000758s ]
INFO: [ app_begin ] --START--
INFO: Run Behavior\ReadHtmlCacheBehavior [ RunTime:0.001205s ]
INFO: [ app_begin ] --END-- [ RunTime:0.001382s ]
NOTIC: [8] Use of undefined constant Y - assumed 'Y' E:\wamp\www\myhunll\Application\Admin\Controller\FontEndController.class.php 第 22 行.
SQL: SHOW COLUMNS FROM `m_admin_infor` [ RunTime:0.0047s ]
SQL: SELECT * FROM `m_admin_infor` WHERE ( id=1 ) LIMIT 1   [ RunTime:0.0009s ]
SQL: SHOW COLUMNS FROM `m_category` [ RunTime:0.0047s ]
SQL: SELECT `cat_name` FROM `m_category`  [ RunTime:0.0003s ]
SQL: SELECT `cat_id` FROM `m_category` WHERE ( cat_name='策划师' ) LIMIT 1   [ RunTime:0.0003s ]
SQL: SHOW COLUMNS FROM `m_goods` [ RunTime:0.0040s ]
NOTIC: [8] Undefined index: serch E:\wamp\www\myhunll\Application\Admin\Controller\GoodsmanageController.class.php 第 21 行.
SQL: SELECT COUNT(*) AS tp_count FROM `m_goods` WHERE ( cat_id=1 and is_delete=0 ) LIMIT 1   [ RunTime:0.0005s ]
SQL: SHOW COLUMNS FROM `m_goods` [ RunTime:0.0042s ]
SQL: SELECT * FROM m_goods t1,m_users t2 WHERE ( t1.cat_id=1 and t1.is_delete=0 and t1.user_id=t2.user_id ) ORDER BY goods_id desc LIMIT 0,10   [ RunTime:0.0014s ]
INFO: [ view_parse ] --START--
INFO: [ template_filter ] --START--
INFO: Run Behavior\ContentReplaceBehavior [ RunTime:0.000112s ]
INFO: [ template_filter ] --END-- [ RunTime:0.000231s ]
NOTIC: [8] Undefined variable: 司仪 E:\wamp\www\myhunll\Application\Runtime\Cache\Admin\44be48c52c819b74b3b0b16f06fea967.php 第 19 行.
NOTIC: [8] Undefined variable: 摄像 E:\wamp\www\myhunll\Application\Runtime\Cache\Admin\44be48c52c819b74b3b0b16f06fea967.php 第 19 行.
NOTIC: [8] Undefined variable: 摄影 E:\wamp\www\myhunll\Application\Runtime\Cache\Admin\44be48c52c819b74b3b0b16f06fea967.php 第 19 行.
NOTIC: [8] Undefined variable: 车队 E:\wamp\www\myhunll\Application\Runtime\Cache\Admin\44be48c52c819b74b3b0b16f06fea967.php 第 19 行.
NOTIC: [8] Undefined variable: 跟妆 E:\wamp\www\myhunll\Application\Runtime\Cache\Admin\44be48c52c819b74b3b0b16f06fea967.php 第 19 行.
NOTIC: [8] Undefined variable: 布置 E:\wamp\www\myhunll\Application\Runtime\Cache\Admin\44be48c52c819b74b3b0b16f06fea967.php 第 19 行.
NOTIC: [8] Undefined variable: 演艺 E:\wamp\www\myhunll\Application\Runtime\Cache\Admin\44be48c52c819b74b3b0b16f06fea967.php 第 19 行.
NOTIC: [8] Undefined variable: 婚纱 E:\wamp\www\myhunll\Application\Runtime\Cache\Admin\44be48c52c819b74b3b0b16f06fea967.php 第 19 行.
NOTIC: [8] Undefined variable: 酒店 E:\wamp\www\myhunll\Application\Runtime\Cache\Admin\44be48c52c819b74b3b0b16f06fea967.php 第 19 行.
NOTIC: [8] Undefined variable: 喜铺 E:\wamp\www\myhunll\Application\Runtime\Cache\Admin\44be48c52c819b74b3b0b16f06fea967.php 第 19 行.
INFO: Run Behavior\ParseTemplateBehavior [ RunTime:0.062655s ]
INFO: [ view_parse ] --END-- [ RunTime:0.062808s ]
INFO: [ view_filter ] --START--
INFO: Run Behavior\WriteHtmlCacheBehavior [ RunTime:0.000633s ]
INFO: [ view_filter ] --END-- [ RunTime:0.000732s ]
INFO: [ app_end ] --START--
INFO: Run Behavior\ShowPageTraceBehavior [ RunTime:0.001800s ]
INFO: [ app_end ] --END-- [ RunTime:0.001909s ]

[ 2016-04-08T09:27:35+08:00 ] 127.0.0.1 /Admin/Goodsmanage/index.html
INFO: [ app_init ] --START--
INFO: Run Behavior\BuildLiteBehavior [ RunTime:0.000040s ]
INFO: [ app_init ] --END-- [ RunTime:0.000686s ]
INFO: [ app_begin ] --START--
INFO: Run Behavior\ReadHtmlCacheBehavior [ RunTime:0.000782s ]
INFO: [ app_begin ] --END-- [ RunTime:0.000897s ]
NOTIC: [8] Use of undefined constant Y - assumed 'Y' E:\wamp\www\myhunll\Application\Admin\Controller\FontEndController.class.php 第 22 行.
SQL: SHOW COLUMNS FROM `m_admin_infor` [ RunTime:0.0041s ]
SQL: SELECT * FROM `m_admin_infor` WHERE ( id=1 ) LIMIT 1   [ RunTime:0.0004s ]
SQL: SHOW COLUMNS FROM `m_category` [ RunTime:0.0051s ]
SQL: SELECT `cat_name` FROM `m_category`  [ RunTime:0.0004s ]
SQL: SELECT `cat_id` FROM `m_category` WHERE ( cat_name='车队' ) LIMIT 1   [ RunTime:0.0003s ]
SQL: SHOW COLUMNS FROM `m_goods` [ RunTime:0.0041s ]
SQL: SELECT COUNT(*) AS tp_count FROM `m_goods` WHERE ( cat_id=7 and is_delete=0 ) LIMIT 1   [ RunTime:0.0004s ]
SQL: SHOW COLUMNS FROM `m_goods` [ RunTime:0.0050s ]
SQL: SELECT * FROM m_goods t1,m_users t2 WHERE ( t1.cat_id=7 and t1.is_delete=0 and t1.user_id=t2.user_id ) ORDER BY goods_id desc LIMIT 0,10   [ RunTime:0.0012s ]
INFO: [ view_parse ] --START--
INFO: [ template_filter ] --START--
INFO: Run Behavior\ContentReplaceBehavior [ RunTime:0.000104s ]
INFO: [ template_filter ] --END-- [ RunTime:0.000204s ]
NOTIC: [8] Undefined variable: 策划师 E:\wamp\www\myhunll\Application\Runtime\Cache\Admin\44be48c52c819b74b3b0b16f06fea967.php 第 19 行.
NOTIC: [8] Undefined variable: 司仪 E:\wamp\www\myhunll\Application\Runtime\Cache\Admin\44be48c52c819b74b3b0b16f06fea967.php 第 19 行.
NOTIC: [8] Undefined variable: 摄像 E:\wamp\www\myhunll\Application\Runtime\Cache\Admin\44be48c52c819b74b3b0b16f06fea967.php 第 19 行.
NOTIC: [8] Undefined variable: 摄影 E:\wamp\www\myhunll\Application\Runtime\Cache\Admin\44be48c52c819b74b3b0b16f06fea967.php 第 19 行.
NOTIC: [8] Undefined variable: 跟妆 E:\wamp\www\myhunll\Application\Runtime\Cache\Admin\44be48c52c819b74b3b0b16f06fea967.php 第 19 行.
NOTIC: [8] Undefined variable: 布置 E:\wamp\www\myhunll\Application\Runtime\Cache\Admin\44be48c52c819b74b3b0b16f06fea967.php 第 19 行.
NOTIC: [8] Undefined variable: 演艺 E:\wamp\www\myhunll\Application\Runtime\Cache\Admin\44be48c52c819b74b3b0b16f06fea967.php 第 19 行.
NOTIC: [8] Undefined variable: 婚纱 E:\wamp\www\myhunll\Application\Runtime\Cache\Admin\44be48c52c819b74b3b0b16f06fea967.php 第 19 行.
NOTIC: [8] Undefined variable: 酒店 E:\wamp\www\myhunll\Application\Runtime\Cache\Admin\44be48c52c819b74b3b0b16f06fea967.php 第 19 行.
NOTIC: [8] Undefined variable: 喜铺 E:\wamp\www\myhunll\Application\Runtime\Cache\Admin\44be48c52c819b74b3b0b16f06fea967.php 第 19 行.
INFO: Run Behavior\ParseTemplateBehavior [ RunTime:0.014833s ]
INFO: [ view_parse ] --END-- [ RunTime:0.014938s ]
INFO: [ view_filter ] --START--
INFO: Run Behavior\WriteHtmlCacheBehavior [ RunTime:0.000670s ]
INFO: [ view_filter ] --END-- [ RunTime:0.000752s ]
INFO: [ app_end ] --START--
INFO: Run Behavior\ShowPageTraceBehavior [ RunTime:0.000811s ]
INFO: [ app_end ] --END-- [ RunTime:0.000903s ]

[ 2016-04-08T09:27:35+08:00 ] 127.0.0.1 /Admin/Goodsmanage/u/Public/Uploads/image/goods/20160408/14600491187657877541.jpg
INFO: [ app_init ] --START--
INFO: Run Behavior\BuildLiteBehavior [ RunTime:0.000025s ]
INFO: [ app_init ] --END-- [ RunTime:0.000514s ]

[ 2016-04-08T09:27:39+08:00 ] 127.0.0.1 /Admin/Goodsmanage/goods_editor/goods_id/186.html
INFO: [ app_init ] --START--
INFO: Run Behavior\BuildLiteBehavior [ RunTime:0.000024s ]
INFO: [ app_init ] --END-- [ RunTime:0.000526s ]
INFO: [ app_begin ] --START--
INFO: Run Behavior\ReadHtmlCacheBehavior [ RunTime:0.001106s ]
INFO: [ app_begin ] --END-- [ RunTime:0.001346s ]
NOTIC: [8] Use of undefined constant Y - assumed 'Y' E:\wamp\www\myhunll\Application\Admin\Controller\FontEndController.class.php 第 22 行.
SQL: SHOW COLUMNS FROM `m_admin_infor` [ RunTime:0.0052s ]
SQL: SELECT * FROM `m_admin_infor` WHERE ( id=1 ) LIMIT 1   [ RunTime:0.0003s ]
SQL: SHOW COLUMNS FROM `m_goods` [ RunTime:0.0042s ]
SQL: SELECT * FROM `m_goods` WHERE ( goods_id=186 ) LIMIT 1   [ RunTime:0.0004s ]
SQL: SHOW COLUMNS FROM `m_users` [ RunTime:0.0048s ]
SQL: SELECT * FROM `m_users` WHERE ( user_id=53 ) LIMIT 1   [ RunTime:0.0005s ]
SQL: SHOW COLUMNS FROM `m_category` [ RunTime:0.0037s ]
SQL: SELECT `shuxing` FROM `m_category` WHERE ( cat_name='车队' ) LIMIT 1   [ RunTime:0.0003s ]
INFO: [ view_parse ] --START--
NOTIC: [2] file_get_contents(../Application/Admin/View/Default/Public/menu.html): failed to open stream: No such file or directory E:\wamp\www\myhunll\ThinkPHP\Library\Think\Template.class.php 第 696 行.
NOTIC: [2] file_get_contents(../Application/Admin/View/Default/Public/member_left.html): failed to open stream: No such file or directory E:\wamp\www\myhunll\ThinkPHP\Library\Think\Template.class.php 第 696 行.
INFO: [ template_filter ] --START--
INFO: Run Behavior\ContentReplaceBehavior [ RunTime:0.000165s ]
INFO: [ template_filter ] --END-- [ RunTime:0.000265s ]
NOTIC: [8] Undefined variable: man E:\wamp\www\myhunll\Application\Runtime\Cache\Admin\cced33554f449b6a496b0f71c6f7ff10.php 第 63 行.
NOTIC: [8] Undefined variable: woman E:\wamp\www\myhunll\Application\Runtime\Cache\Admin\cced33554f449b6a496b0f71c6f7ff10.php 第 65 行.
NOTIC: [8] Undefined variable: 奔驰 E:\wamp\www\myhunll\Application\Runtime\Cache\Admin\cced33554f449b6a496b0f71c6f7ff10.php 第 88 行.
NOTIC: [8] Undefined variable: 宝马 E:\wamp\www\myhunll\Application\Runtime\Cache\Admin\cced33554f449b6a496b0f71c6f7ff10.php 第 88 行.
NOTIC: [8] Undefined variable: 路虎 E:\wamp\www\myhunll\Application\Runtime\Cache\Admin\cced33554f449b6a496b0f71c6f7ff10.php 第 88 行.
NOTIC: [8] Undefined variable: 沃尔沃 E:\wamp\www\myhunll\Application\Runtime\Cache\Admin\cced33554f449b6a496b0f71c6f7ff10.php 第 88 行.
NOTIC: [8] Undefined variable: 法拉利 E:\wamp\www\myhunll\Application\Runtime\Cache\Admin\cced33554f449b6a496b0f71c6f7ff10.php 第 88 行.
NOTIC: [8] Undefined variable: 兰博基尼 E:\wamp\www\myhunll\Application\Runtime\Cache\Admin\cced33554f449b6a496b0f71c6f7ff10.php 第 88 行.
NOTIC: [8] Undefined variable: 玛莎拉蒂 E:\wamp\www\myhunll\Application\Runtime\Cache\Admin\cced33554f449b6a496b0f71c6f7ff10.php 第 88 行.
NOTIC: [8] Undefined variable: 林肯 E:\wamp\www\myhunll\Application\Runtime\Cache\Admin\cced33554f449b6a496b0f71c6f7ff10.php 第 88 行.
NOTIC: [8] Undefined variable: 凯迪拉克 E:\wamp\www\myhunll\Application\Runtime\Cache\Admin\cced33554f449b6a496b0f71c6f7ff10.php 第 88 行.
NOTIC: [8] Undefined variable: 其它 E:\wamp\www\myhunll\Application\Runtime\Cache\Admin\cced33554f449b6a496b0f71c6f7ff10.php 第 88 行.
NOTIC: [8] Undefined variable: 直升机 E:\wamp\www\myhunll\Application\Runtime\Cache\Admin\cced33554f449b6a496b0f71c6f7ff10.php 第 88 行.
NOTIC: [8] Undefined variable: 越野车 E:\wamp\www\myhunll\Application\Runtime\Cache\Admin\cced33554f449b6a496b0f71c6f7ff10.php 第 88 行.
NOTIC: [8] Undefined variable: 跑车 E:\wamp\www\myhunll\Application\Runtime\Cache\Admin\cced33554f449b6a496b0f71c6f7ff10.php 第 88 行.
NOTIC: [8] Undefined variable: 1-10 E:\wamp\www\myhunll\Application\Runtime\Cache\Admin\cced33554f449b6a496b0f71c6f7ff10.php 第 88 行.
NOTIC: [8] Undefined variable: 10以上 E:\wamp\www\myhunll\Application\Runtime\Cache\Admin\cced33554f449b6a496b0f71c6f7ff10.php 第 88 行.
NOTIC: [8] Undefined variable: 否 E:\wamp\www\myhunll\Application\Runtime\Cache\Admin\cced33554f449b6a496b0f71c6f7ff10.php 第 88 行.
NOTIC: [8] Undefined variable: 旅游专车 E:\wamp\www\myhunll\Application\Runtime\Cache\Admin\cced33554f449b6a496b0f71c6f7ff10.php 第 88 行.
INFO: Run Behavior\ParseTemplateBehavior [ RunTime:0.019353s ]
INFO: [ view_parse ] --END-- [ RunTime:0.019449s ]
INFO: [ view_filter ] --START--
INFO: Run Behavior\WriteHtmlCacheBehavior [ RunTime:0.000529s ]
INFO: [ view_filter ] --END-- [ RunTime:0.000604s ]
INFO: [ app_end ] --START--
INFO: Run Behavior\ShowPageTraceBehavior [ RunTime:0.000728s ]
INFO: [ app_end ] --END-- [ RunTime:0.000812s ]

[ 2016-04-08T09:27:39+08:00 ] 127.0.0.1 /Admin/Goodsmanage/goods_editor/goods_id/u/Public/Uploads/image/goods/20160408/14600491187657877541.jpg
INFO: [ app_init ] --START--
INFO: Run Behavior\BuildLiteBehavior [ RunTime:0.000026s ]
INFO: [ app_init ] --END-- [ RunTime:0.000563s ]

[ 2016-04-08T09:27:39+08:00 ] 127.0.0.1 /Admin/index/menu.html
INFO: [ app_init ] --START--
INFO: Run Behavior\BuildLiteBehavior [ RunTime:0.000040s ]
INFO: [ app_init ] --END-- [ RunTime:0.008268s ]
INFO: [ app_begin ] --START--
INFO: Run Behavior\ReadHtmlCacheBehavior [ RunTime:0.001156s ]
INFO: [ app_begin ] --END-- [ RunTime:0.001325s ]
NOTIC: [8] Use of undefined constant Y - assumed 'Y' E:\wamp\www\myhunll\Application\Admin\Controller\FontEndController.class.php 第 22 行.
SQL: SHOW COLUMNS FROM `m_admin_infor` [ RunTime:0.0059s ]
SQL: SELECT * FROM `m_admin_infor` WHERE ( id=1 ) LIMIT 1   [ RunTime:0.0005s ]
INFO: [ view_parse ] --START--
INFO: [ template_filter ] --START--
INFO: Run Behavior\ContentReplaceBehavior [ RunTime:0.000189s ]
INFO: [ template_filter ] --END-- [ RunTime:0.000384s ]
INFO: Run Behavior\ParseTemplateBehavior [ RunTime:0.020257s ]
INFO: [ view_parse ] --END-- [ RunTime:0.020391s ]
INFO: [ view_filter ] --START--
INFO: Run Behavior\WriteHtmlCacheBehavior [ RunTime:0.000686s ]
INFO: [ view_filter ] --END-- [ RunTime:0.000774s ]
INFO: [ app_end ] --START--
INFO: Run Behavior\ShowPageTraceBehavior [ RunTime:0.000834s ]
INFO: [ app_end ] --END-- [ RunTime:0.000927s ]

[ 2016-04-08T09:27:44+08:00 ] 127.0.0.1 /Admin/Goodsmanage/bianji_check/goods_id/186.html
INFO: [ app_init ] --START--
INFO: Run Behavior\BuildLiteBehavior [ RunTime:0.000025s ]
INFO: [ app_init ] --END-- [ RunTime:0.000526s ]
INFO: [ app_begin ] --START--
INFO: Run Behavior\ReadHtmlCacheBehavior [ RunTime:0.000853s ]
INFO: [ app_begin ] --END-- [ RunTime:0.000984s ]
NOTIC: [8] Use of undefined constant Y - assumed 'Y' E:\wamp\www\myhunll\Application\Admin\Controller\FontEndController.class.php 第 22 行.
SQL: SHOW COLUMNS FROM `m_admin_infor` [ RunTime:0.0035s ]
SQL: SELECT * FROM `m_admin_infor` WHERE ( id=1 ) LIMIT 1   [ RunTime:0.0003s ]

[ 2016-04-08T09:28:42+08:00 ] 127.0.0.1 /Admin/Goodsmanage/bianji_check/goods_id/186.html
INFO: [ app_init ] --START--
INFO: Run Behavior\BuildLiteBehavior [ RunTime:0.000024s ]
INFO: [ app_init ] --END-- [ RunTime:0.000520s ]
INFO: [ app_begin ] --START--
INFO: Run Behavior\ReadHtmlCacheBehavior [ RunTime:0.000800s ]
INFO: [ app_begin ] --END-- [ RunTime:0.000915s ]
NOTIC: [8] Use of undefined constant Y - assumed 'Y' E:\wamp\www\myhunll\Application\Admin\Controller\FontEndController.class.php 第 22 行.
SQL: SHOW COLUMNS FROM `m_admin_infor` [ RunTime:0.0036s ]
SQL: SELECT * FROM `m_admin_infor` WHERE ( id=1 ) LIMIT 1   [ RunTime:0.0003s ]

[ 2016-04-08T09:28:58+08:00 ] 127.0.0.1 /Admin/Goodsmanage/bianji_check/goods_id/186.html
INFO: [ app_init ] --START--
INFO: Run Behavior\BuildLiteBehavior [ RunTime:0.000027s ]
INFO: [ app_init ] --END-- [ RunTime:0.000567s ]
INFO: [ app_begin ] --START--
INFO: Run Behavior\ReadHtmlCacheBehavior [ RunTime:0.000799s ]
INFO: [ app_begin ] --END-- [ RunTime:0.000914s ]
NOTIC: [8] Use of undefined constant Y - assumed 'Y' E:\wamp\www\myhunll\Application\Admin\Controller\FontEndController.class.php 第 22 行.
SQL: SHOW COLUMNS FROM `m_admin_infor` [ RunTime:0.0041s ]
SQL: SELECT * FROM `m_admin_infor` WHERE ( id=1 ) LIMIT 1   [ RunTime:0.0004s ]

[ 2016-04-08T09:29:16+08:00 ] 127.0.0.1 /Admin/Goodsmanage/bianji_check/goods_id/186.html
INFO: [ app_init ] --START--
INFO: Run Behavior\BuildLiteBehavior [ RunTime:0.000025s ]
INFO: [ app_init ] --END-- [ RunTime:0.000510s ]
INFO: [ app_begin ] --START--
INFO: Run Behavior\ReadHtmlCacheBehavior [ RunTime:0.000906s ]
INFO: [ app_begin ] --END-- [ RunTime:0.001029s ]
NOTIC: [8] Use of undefined constant Y - assumed 'Y' E:\wamp\www\myhunll\Application\Admin\Controller\FontEndController.class.php 第 22 行.
SQL: SHOW COLUMNS FROM `m_admin_infor` [ RunTime:0.0042s ]
SQL: SELECT * FROM `m_admin_infor` WHERE ( id=1 ) LIMIT 1   [ RunTime:0.0003s ]

[ 2016-04-08T09:29:56+08:00 ] 127.0.0.1 /Admin/Goodsmanage/file_jia.html
INFO: [ app_init ] --START--
INFO: Run Behavior\BuildLiteBehavior [ RunTime:0.000057s ]
INFO: [ app_init ] --END-- [ RunTime:0.001179s ]
INFO: [ app_begin ] --START--
INFO: Run Behavior\ReadHtmlCacheBehavior [ RunTime:0.000865s ]
INFO: [ app_begin ] --END-- [ RunTime:0.000956s ]
NOTIC: [8] Use of undefined constant Y - assumed 'Y' E:\wamp\www\myhunll\Application\Admin\Controller\FontEndController.class.php 第 22 行.
SQL: SHOW COLUMNS FROM `m_admin_infor` [ RunTime:0.0043s ]
SQL: SELECT * FROM `m_admin_infor` WHERE ( id=1 ) LIMIT 1   [ RunTime:0.0003s ]
NOTIC: [2] call_user_func() expects parameter 1 to be a valid callback, no array or string given E:\wamp\www\myhunll\ThinkPHP\Library\Think\Upload.class.php 第 170 行.

[ 2016-04-08T09:29:59+08:00 ] 127.0.0.1 /Admin/Goodsmanage/bianji_check/goods_id/186.html
INFO: [ app_init ] --START--
INFO: Run Behavior\BuildLiteBehavior [ RunTime:0.000024s ]
INFO: [ app_init ] --END-- [ RunTime:0.000521s ]
INFO: [ app_begin ] --START--
INFO: Run Behavior\ReadHtmlCacheBehavior [ RunTime:0.000773s ]
INFO: [ app_begin ] --END-- [ RunTime:0.000880s ]
NOTIC: [8] Use of undefined constant Y - assumed 'Y' E:\wamp\www\myhunll\Application\Admin\Controller\FontEndController.class.php 第 22 行.
SQL: SHOW COLUMNS FROM `m_admin_infor` [ RunTime:0.0048s ]
SQL: SELECT * FROM `m_admin_infor` WHERE ( id=1 ) LIMIT 1   [ RunTime:0.0004s ]

[ 2016-04-08T10:46:42+08:00 ] 127.0.0.1 /admin
INFO: [ app_init ] --START--
INFO: Run Behavior\BuildLiteBehavior [ RunTime:0.000026s ]
INFO: [ app_init ] --END-- [ RunTime:0.000556s ]
INFO: [ app_begin ] --START--
INFO: Run Behavior\ReadHtmlCacheBehavior [ RunTime:0.004909s ]
INFO: [ app_begin ] --END-- [ RunTime:0.005039s ]
NOTIC: [8] Use of undefined constant Y - assumed 'Y' E:\wamp\www\myhunll\Application\Admin\Controller\FontEndController.class.php 第 22 行.
SQL: SHOW COLUMNS FROM `m_admin_infor` [ RunTime:0.0034s ]
SQL: SELECT * FROM `m_admin_infor` WHERE ( id=1 ) LIMIT 1   [ RunTime:0.0004s ]
INFO: [ view_parse ] --START--
INFO: [ template_filter ] --START--
INFO: Run Behavior\ContentReplaceBehavior [ RunTime:0.000121s ]
INFO: [ template_filter ] --END-- [ RunTime:0.000286s ]
INFO: Run Behavior\ParseTemplateBehavior [ RunTime:0.011588s ]
INFO: [ view_parse ] --END-- [ RunTime:0.011720s ]
INFO: [ view_filter ] --START--
INFO: Run Behavior\WriteHtmlCacheBehavior [ RunTime:0.000515s ]
INFO: [ view_filter ] --END-- [ RunTime:0.000594s ]
INFO: [ app_end ] --START--
INFO: Run Behavior\ShowPageTraceBehavior [ RunTime:0.000756s ]
INFO: [ app_end ] --END-- [ RunTime:0.000840s ]

[ 2016-04-08T10:46:43+08:00 ] 127.0.0.1 /Admin/Login/index.html
INFO: [ app_init ] --START--
INFO: Run Behavior\BuildLiteBehavior [ RunTime:0.000034s ]
INFO: [ app_init ] --END-- [ RunTime:0.000748s ]
INFO: [ app_begin ] --START--
INFO: Run Behavior\ReadHtmlCacheBehavior [ RunTime:0.001256s ]
INFO: [ app_begin ] --END-- [ RunTime:0.001387s ]
NOTIC: [8] Use of undefined constant Y - assumed 'Y' E:\wamp\www\myhunll\Application\Admin\Controller\FontEndController.class.php 第 22 行.
SQL: SHOW COLUMNS FROM `m_admin_infor` [ RunTime:0.0036s ]
SQL: SELECT * FROM `m_admin_infor` WHERE ( id=1 ) LIMIT 1   [ RunTime:0.0004s ]
NOTIC: [8] Undefined index: url_to E:\wamp\www\myhunll\Application\Admin\Controller\LoginController.class.php 第 10 行.
NOTIC: [8] Undefined index: url_to E:\wamp\www\myhunll\Application\Admin\Controller\LoginController.class.php 第 12 行.
INFO: [ view_parse ] --START--
INFO: [ template_filter ] --START--
INFO: Run Behavior\ContentReplaceBehavior [ RunTime:0.000092s ]
INFO: [ template_filter ] --END-- [ RunTime:0.000203s ]
NOTIC: [8] Undefined variable: infor_mima E:\wamp\www\myhunll\Application\Runtime\Cache\Admin\286f14c479e57cdb25987680ec610826.php 第 32 行.
INFO: Run Behavior\ParseTemplateBehavior [ RunTime:0.009810s ]
INFO: [ view_parse ] --END-- [ RunTime:0.009957s ]
INFO: [ view_filter ] --START--
INFO: Run Behavior\WriteHtmlCacheBehavior [ RunTime:0.000588s ]
INFO: [ view_filter ] --END-- [ RunTime:0.000664s ]
INFO: [ app_end ] --START--
INFO: Run Behavior\ShowPageTraceBehavior [ RunTime:0.000908s ]
INFO: [ app_end ] --END-- [ RunTime:0.000992s ]

[ 2016-04-08T10:46:47+08:00 ] 127.0.0.1 /Admin/login/login.html
INFO: [ app_init ] --START--
INFO: Run Behavior\BuildLiteBehavior [ RunTime:0.000026s ]
INFO: [ app_init ] --END-- [ RunTime:0.000566s ]
INFO: [ app_begin ] --START--
INFO: Run Behavior\ReadHtmlCacheBehavior [ RunTime:0.000810s ]
INFO: [ app_begin ] --END-- [ RunTime:0.000888s ]
NOTIC: [8] Use of undefined constant Y - assumed 'Y' E:\wamp\www\myhunll\Application\Admin\Controller\FontEndController.class.php 第 22 行.
SQL: SHOW COLUMNS FROM `m_admin_infor` [ RunTime:0.0038s ]
SQL: SELECT * FROM `m_admin_infor` WHERE ( id=1 ) LIMIT 1   [ RunTime:0.0003s ]
SQL: SHOW COLUMNS FROM `m_admin_user` [ RunTime:0.0039s ]
SQL: SELECT COUNT(*) AS tp_count FROM `m_admin_user` WHERE ( mobile_phone='13574506835' ) LIMIT 1   [ RunTime:0.0003s ]
SQL: SELECT `ad_salt` FROM `m_admin_user` WHERE ( mobile_phone='13574506835' ) LIMIT 1   [ RunTime:0.0002s ]
SQL: SELECT COUNT(*) AS tp_count FROM `m_admin_user` WHERE ( mobile_phone='13574506835' and password='f9241fc0fe6db8097a92f8f978e9586a' ) LIMIT 1   [ RunTime:0.0002s ]

[ 2016-04-08T10:46:47+08:00 ] 127.0.0.1 /Admin/Login/chenggong.html
INFO: [ app_init ] --START--
INFO: Run Behavior\BuildLiteBehavior [ RunTime:0.000034s ]
INFO: [ app_init ] --END-- [ RunTime:0.000515s ]
INFO: [ app_begin ] --START--
INFO: Run Behavior\ReadHtmlCacheBehavior [ RunTime:0.000772s ]
INFO: [ app_begin ] --END-- [ RunTime:0.000863s ]
NOTIC: [8] Use of undefined constant Y - assumed 'Y' E:\wamp\www\myhunll\Application\Admin\Controller\FontEndController.class.php 第 22 行.
SQL: SHOW COLUMNS FROM `m_admin_infor` [ RunTime:0.0037s ]
SQL: SELECT * FROM `m_admin_infor` WHERE ( id=1 ) LIMIT 1   [ RunTime:0.0004s ]
NOTIC: [8] Undefined variable: dlm E:\wamp\www\myhunll\Application\Admin\Controller\LoginController.class.php 第 52 行.
NOTIC: [8] Undefined variable: mima E:\wamp\www\myhunll\Application\Admin\Controller\LoginController.class.php 第 52 行.
SQL: SHOW COLUMNS FROM `m_admin_user` [ RunTime:0.0041s ]
NOTIC: [2048] mktime(): You should be using the time() function instead E:\wamp\www\myhunll\Application\Admin\Controller\LoginController.class.php 第 58 行.
SQL: UPDATE `m_admin_user` SET `last_login`='1460083607',`last_ip`='127.0.0.1' WHERE ( mobile_phone='13574506835' ) [ RunTime:0.0004s ]
SQL: SELECT `user_id` FROM `m_admin_user` WHERE ( mobile_phone='13574506835' ) LIMIT 1   [ RunTime:0.0003s ]
SQL: SELECT `user_name` FROM `m_admin_user` WHERE ( mobile_phone='13574506835' ) LIMIT 1   [ RunTime:0.0002s ]
SQL: SELECT `last_login` FROM `m_admin_user` WHERE ( mobile_phone='13574506835' ) LIMIT 1   [ RunTime:0.0002s ]

[ 2016-04-08T10:46:47+08:00 ] 127.0.0.1 /Admin/index/index.html
INFO: [ app_init ] --START--
INFO: Run Behavior\BuildLiteBehavior [ RunTime:0.000024s ]
INFO: [ app_init ] --END-- [ RunTime:0.000470s ]
INFO: [ app_begin ] --START--
INFO: Run Behavior\ReadHtmlCacheBehavior [ RunTime:0.000759s ]
INFO: [ app_begin ] --END-- [ RunTime:0.000863s ]
NOTIC: [8] Use of undefined constant Y - assumed 'Y' E:\wamp\www\myhunll\Application\Admin\Controller\FontEndController.class.php 第 22 行.
SQL: SHOW COLUMNS FROM `m_admin_infor` [ RunTime:0.0037s ]
SQL: SELECT * FROM `m_admin_infor` WHERE ( id=1 ) LIMIT 1   [ RunTime:0.0006s ]
INFO: [ view_parse ] --START--
INFO: [ template_filter ] --START--
INFO: Run Behavior\ContentReplaceBehavior [ RunTime:0.000085s ]
INFO: [ template_filter ] --END-- [ RunTime:0.000202s ]
INFO: Run Behavior\ParseTemplateBehavior [ RunTime:0.008185s ]
INFO: [ view_parse ] --END-- [ RunTime:0.008293s ]
INFO: [ view_filter ] --START--
INFO: Run Behavior\WriteHtmlCacheBehavior [ RunTime:0.000540s ]
INFO: [ view_filter ] --END-- [ RunTime:0.000620s ]
INFO: [ app_end ] --START--
INFO: Run Behavior\ShowPageTraceBehavior [ RunTime:0.000908s ]
INFO: [ app_end ] --END-- [ RunTime:0.000999s ]

[ 2016-04-08T10:46:48+08:00 ] 127.0.0.1 /Admin/Index/top.html
INFO: [ app_init ] --START--
INFO: Run Behavior\BuildLiteBehavior [ RunTime:0.000038s ]
INFO: [ app_init ] --END-- [ RunTime:0.000724s ]
INFO: [ app_begin ] --START--
INFO: Run Behavior\ReadHtmlCacheBehavior [ RunTime:0.001188s ]
INFO: [ app_begin ] --END-- [ RunTime:0.001363s ]
NOTIC: [8] Use of undefined constant Y - assumed 'Y' E:\wamp\www\myhunll\Application\Admin\Controller\FontEndController.class.php 第 22 行.
SQL: SHOW COLUMNS FROM `m_admin_infor` [ RunTime:0.0037s ]
SQL: SELECT * FROM `m_admin_infor` WHERE ( id=1 ) LIMIT 1   [ RunTime:0.0003s ]
INFO: [ view_parse ] --START--
INFO: [ template_filter ] --START--
INFO: Run Behavior\ContentReplaceBehavior [ RunTime:0.000080s ]
INFO: [ template_filter ] --END-- [ RunTime:0.000190s ]
INFO: Run Behavior\ParseTemplateBehavior [ RunTime:0.007462s ]
INFO: [ view_parse ] --END-- [ RunTime:0.007575s ]
INFO: [ view_filter ] --START--
INFO: Run Behavior\WriteHtmlCacheBehavior [ RunTime:0.000802s ]
INFO: [ view_filter ] --END-- [ RunTime:0.000917s ]
INFO: [ app_end ] --START--
INFO: Run Behavior\ShowPageTraceBehavior [ RunTime:0.000808s ]
INFO: [ app_end ] --END-- [ RunTime:0.000899s ]

[ 2016-04-08T10:46:48+08:00 ] 127.0.0.1 /Admin/Index/menu.html
INFO: [ app_init ] --START--
INFO: Run Behavior\BuildLiteBehavior [ RunTime:0.000023s ]
INFO: [ app_init ] --END-- [ RunTime:0.000479s ]
INFO: [ app_begin ] --START--
INFO: Run Behavior\ReadHtmlCacheBehavior [ RunTime:0.000803s ]
INFO: [ app_begin ] --END-- [ RunTime:0.000898s ]
NOTIC: [8] Use of undefined constant Y - assumed 'Y' E:\wamp\www\myhunll\Application\Admin\Controller\FontEndController.class.php 第 22 行.
SQL: SHOW COLUMNS FROM `m_admin_infor` [ RunTime:0.0043s ]
SQL: SELECT * FROM `m_admin_infor` WHERE ( id=1 ) LIMIT 1   [ RunTime:0.0005s ]
INFO: [ view_parse ] --START--
INFO: [ template_filter ] --START--
INFO: Run Behavior\ContentReplaceBehavior [ RunTime:0.000130s ]
INFO: [ template_filter ] --END-- [ RunTime:0.000233s ]
INFO: Run Behavior\ParseTemplateBehavior [ RunTime:0.013428s ]
INFO: [ view_parse ] --END-- [ RunTime:0.013557s ]
INFO: [ view_filter ] --START--
INFO: Run Behavior\WriteHtmlCacheBehavior [ RunTime:0.000521s ]
INFO: [ view_filter ] --END-- [ RunTime:0.000597s ]
INFO: [ app_end ] --START--
INFO: Run Behavior\ShowPageTraceBehavior [ RunTime:0.000751s ]
INFO: [ app_end ] --END-- [ RunTime:0.000835s ]

[ 2016-04-08T10:46:48+08:00 ] 127.0.0.1 /Admin/Index/drag.html
INFO: [ app_init ] --START--
INFO: Run Behavior\BuildLiteBehavior [ RunTime:0.000036s ]
INFO: [ app_init ] --END-- [ RunTime:0.000774s ]
INFO: [ app_begin ] --START--
INFO: Run Behavior\ReadHtmlCacheBehavior [ RunTime:0.001062s ]
INFO: [ app_begin ] --END-- [ RunTime:0.001235s ]
NOTIC: [8] Use of undefined constant Y - assumed 'Y' E:\wamp\www\myhunll\Application\Admin\Controller\FontEndController.class.php 第 22 行.
SQL: SHOW COLUMNS FROM `m_admin_infor` [ RunTime:0.0059s ]
SQL: SELECT * FROM `m_admin_infor` WHERE ( id=1 ) LIMIT 1   [ RunTime:0.0004s ]
INFO: [ view_parse ] --START--
INFO: [ template_filter ] --START--
INFO: Run Behavior\ContentReplaceBehavior [ RunTime:0.000083s ]
INFO: [ template_filter ] --END-- [ RunTime:0.000191s ]
INFO: Run Behavior\ParseTemplateBehavior [ RunTime:0.007792s ]
INFO: [ view_parse ] --END-- [ RunTime:0.007922s ]
INFO: [ view_filter ] --START--
INFO: Run Behavior\WriteHtmlCacheBehavior [ RunTime:0.000573s ]
INFO: [ view_filter ] --END-- [ RunTime:0.000665s ]
INFO: [ app_end ] --START--
INFO: Run Behavior\ShowPageTraceBehavior [ RunTime:0.000918s ]
INFO: [ app_end ] --END-- [ RunTime:0.001020s ]

[ 2016-04-08T10:46:50+08:00 ] 127.0.0.1 /Admin/Goodsmanage/index.html
INFO: [ app_init ] --START--
INFO: Run Behavior\BuildLiteBehavior [ RunTime:0.000023s ]
INFO: [ app_init ] --END-- [ RunTime:0.000501s ]
INFO: [ app_begin ] --START--
INFO: Run Behavior\ReadHtmlCacheBehavior [ RunTime:0.000813s ]
INFO: [ app_begin ] --END-- [ RunTime:0.000898s ]
NOTIC: [8] Use of undefined constant Y - assumed 'Y' E:\wamp\www\myhunll\Application\Admin\Controller\FontEndController.class.php 第 22 行.
SQL: SHOW COLUMNS FROM `m_admin_infor` [ RunTime:0.0035s ]
SQL: SELECT * FROM `m_admin_infor` WHERE ( id=1 ) LIMIT 1   [ RunTime:0.0004s ]
SQL: SHOW COLUMNS FROM `m_category` [ RunTime:0.0040s ]
SQL: SELECT `cat_name` FROM `m_category`  [ RunTime:0.0003s ]
SQL: SELECT `cat_id` FROM `m_category` WHERE ( cat_name='策划师' ) LIMIT 1   [ RunTime:0.0002s ]
SQL: SHOW COLUMNS FROM `m_goods` [ RunTime:0.0044s ]
NOTIC: [8] Undefined index: serch E:\wamp\www\myhunll\Application\Admin\Controller\GoodsmanageController.class.php 第 21 行.
SQL: SELECT COUNT(*) AS tp_count FROM `m_goods` WHERE ( cat_id=1 and is_delete=0 ) LIMIT 1   [ RunTime:0.0005s ]
SQL: SHOW COLUMNS FROM `m_goods` [ RunTime:0.0044s ]
SQL: SELECT * FROM m_goods t1,m_users t2 WHERE ( t1.cat_id=1 and t1.is_delete=0 and t1.user_id=t2.user_id ) ORDER BY goods_id desc LIMIT 0,10   [ RunTime:0.0013s ]
INFO: [ view_parse ] --START--
INFO: [ template_filter ] --START--
INFO: Run Behavior\ContentReplaceBehavior [ RunTime:0.000114s ]
INFO: [ template_filter ] --END-- [ RunTime:0.000223s ]
NOTIC: [8] Undefined variable: 司仪 E:\wamp\www\myhunll\Application\Runtime\Cache\Admin\44be48c52c819b74b3b0b16f06fea967.php 第 19 行.
NOTIC: [8] Undefined variable: 摄像 E:\wamp\www\myhunll\Application\Runtime\Cache\Admin\44be48c52c819b74b3b0b16f06fea967.php 第 19 行.
NOTIC: [8] Undefined variable: 摄影 E:\wamp\www\myhunll\Application\Runtime\Cache\Admin\44be48c52c819b74b3b0b16f06fea967.php 第 19 行.
NOTIC: [8] Undefined variable: 车队 E:\wamp\www\myhunll\Application\Runtime\Cache\Admin\44be48c52c819b74b3b0b16f06fea967.php 第 19 行.
NOTIC: [8] Undefined variable: 跟妆 E:\wamp\www\myhunll\Application\Runtime\Cache\Admin\44be48c52c819b74b3b0b16f06fea967.php 第 19 行.
NOTIC: [8] Undefined variable: 布置 E:\wamp\www\myhunll\Application\Runtime\Cache\Admin\44be48c52c819b74b3b0b16f06fea967.php 第 19 行.
NOTIC: [8] Undefined variable: 演艺 E:\wamp\www\myhunll\Application\Runtime\Cache\Admin\44be48c52c819b74b3b0b16f06fea967.php 第 19 行.
NOTIC: [8] Undefined variable: 婚纱 E:\wamp\www\myhunll\Application\Runtime\Cache\Admin\44be48c52c819b74b3b0b16f06fea967.php 第 19 行.
NOTIC: [8] Undefined variable: 酒店 E:\wamp\www\myhunll\Application\Runtime\Cache\Admin\44be48c52c819b74b3b0b16f06fea967.php 第 19 行.
NOTIC: [8] Undefined variable: 喜铺 E:\wamp\www\myhunll\Application\Runtime\Cache\Admin\44be48c52c819b74b3b0b16f06fea967.php 第 19 行.
INFO: Run Behavior\ParseTemplateBehavior [ RunTime:0.013832s ]
INFO: [ view_parse ] --END-- [ RunTime:0.013935s ]
INFO: [ view_filter ] --START--
INFO: Run Behavior\WriteHtmlCacheBehavior [ RunTime:0.000551s ]
INFO: [ view_filter ] --END-- [ RunTime:0.000628s ]
INFO: [ app_end ] --START--
INFO: Run Behavior\ShowPageTraceBehavior [ RunTime:0.000769s ]
INFO: [ app_end ] --END-- [ RunTime:0.000851s ]

[ 2016-04-08T10:46:52+08:00 ] 127.0.0.1 /Admin/Goodsmanage/goods_editor/goods_id/173.html
INFO: [ app_init ] --START--
INFO: Run Behavior\BuildLiteBehavior [ RunTime:0.000028s ]
INFO: [ app_init ] --END-- [ RunTime:0.000570s ]
INFO: [ app_begin ] --START--
INFO: Run Behavior\ReadHtmlCacheBehavior [ RunTime:0.000941s ]
INFO: [ app_begin ] --END-- [ RunTime:0.001055s ]
NOTIC: [8] Use of undefined constant Y - assumed 'Y' E:\wamp\www\myhunll\Application\Admin\Controller\FontEndController.class.php 第 22 行.
SQL: SHOW COLUMNS FROM `m_admin_infor` [ RunTime:0.0037s ]
SQL: SELECT * FROM `m_admin_infor` WHERE ( id=1 ) LIMIT 1   [ RunTime:0.0004s ]
SQL: SHOW COLUMNS FROM `m_goods` [ RunTime:0.0045s ]
SQL: SELECT * FROM `m_goods` WHERE ( goods_id=173 ) LIMIT 1   [ RunTime:0.0005s ]
SQL: SHOW COLUMNS FROM `m_users` [ RunTime:0.0039s ]
SQL: SELECT * FROM `m_users` WHERE ( user_id=34 ) LIMIT 1   [ RunTime:0.0004s ]
SQL: SHOW COLUMNS FROM `m_category` [ RunTime:0.0037s ]
SQL: SELECT `shuxing` FROM `m_category` WHERE ( cat_name='策划师' ) LIMIT 1   [ RunTime:0.0003s ]
INFO: [ view_parse ] --START--
NOTIC: [2] file_get_contents(../Application/Admin/View/Default/Public/menu.html): failed to open stream: No such file or directory E:\wamp\www\myhunll\ThinkPHP\Library\Think\Template.class.php 第 696 行.
NOTIC: [2] file_get_contents(../Application/Admin/View/Default/Public/member_left.html): failed to open stream: No such file or directory E:\wamp\www\myhunll\ThinkPHP\Library\Think\Template.class.php 第 696 行.
INFO: [ template_filter ] --START--
INFO: Run Behavior\ContentReplaceBehavior [ RunTime:0.000168s ]
INFO: [ template_filter ] --END-- [ RunTime:0.000263s ]
NOTIC: [8] Undefined variable: 摄影 E:\wamp\www\myhunll\Application\Runtime\Cache\Admin\cced33554f449b6a496b0f71c6f7ff10.php 第 24 行.
NOTIC: [8] Undefined variable: woman E:\wamp\www\myhunll\Application\Runtime\Cache\Admin\cced33554f449b6a496b0f71c6f7ff10.php 第 65 行.
NOTIC: [8] Undefined variable: 中式 E:\wamp\www\myhunll\Application\Runtime\Cache\Admin\cced33554f449b6a496b0f71c6f7ff10.php 第 88 行.
NOTIC: [8] Undefined variable: 西式 E:\wamp\www\myhunll\Application\Runtime\Cache\Admin\cced33554f449b6a496b0f71c6f7ff10.php 第 88 行.
NOTIC: [8] Undefined variable: 户外 E:\wamp\www\myhunll\Application\Runtime\Cache\Admin\cced33554f449b6a496b0f71c6f7ff10.php 第 88 行.
INFO: Run Behavior\ParseTemplateBehavior [ RunTime:0.018024s ]
INFO: [ view_parse ] --END-- [ RunTime:0.018118s ]
INFO: [ view_filter ] --START--
INFO: Run Behavior\WriteHtmlCacheBehavior [ RunTime:0.000581s ]
INFO: [ view_filter ] --END-- [ RunTime:0.000652s ]
INFO: [ app_end ] --START--
INFO: Run Behavior\ShowPageTraceBehavior [ RunTime:0.000819s ]
INFO: [ app_end ] --END-- [ RunTime:0.000906s ]

[ 2016-04-08T10:46:53+08:00 ] 127.0.0.1 /Admin/index/menu.html
INFO: [ app_init ] --START--
INFO: Run Behavior\BuildLiteBehavior [ RunTime:0.000040s ]
INFO: [ app_init ] --END-- [ RunTime:0.000923s ]
INFO: [ app_begin ] --START--
INFO: Run Behavior\ReadHtmlCacheBehavior [ RunTime:0.000882s ]
INFO: [ app_begin ] --END-- [ RunTime:0.001024s ]
NOTIC: [8] Use of undefined constant Y - assumed 'Y' E:\wamp\www\myhunll\Application\Admin\Controller\FontEndController.class.php 第 22 行.
SQL: SHOW COLUMNS FROM `m_admin_infor` [ RunTime:0.0056s ]
SQL: SELECT * FROM `m_admin_infor` WHERE ( id=1 ) LIMIT 1   [ RunTime:0.0005s ]
INFO: [ view_parse ] --START--
INFO: [ template_filter ] --START--
INFO: Run Behavior\ContentReplaceBehavior [ RunTime:0.000135s ]
INFO: [ template_filter ] --END-- [ RunTime:0.000250s ]
INFO: Run Behavior\ParseTemplateBehavior [ RunTime:0.014108s ]
INFO: [ view_parse ] --END-- [ RunTime:0.014231s ]
INFO: [ view_filter ] --START--
INFO: Run Behavior\WriteHtmlCacheBehavior [ RunTime:0.000666s ]
INFO: [ view_filter ] --END-- [ RunTime:0.000754s ]
INFO: [ app_end ] --START--
INFO: Run Behavior\ShowPageTraceBehavior [ RunTime:0.000812s ]
INFO: [ app_end ] --END-- [ RunTime:0.000906s ]

[ 2016-04-08T10:46:53+08:00 ] 127.0.0.1 /Admin/Index/main.html
INFO: [ app_init ] --START--
INFO: Run Behavior\BuildLiteBehavior [ RunTime:0.000044s ]
INFO: [ app_init ] --END-- [ RunTime:0.000771s ]
INFO: [ app_begin ] --START--
INFO: Run Behavior\ReadHtmlCacheBehavior [ RunTime:0.001078s ]
INFO: [ app_begin ] --END-- [ RunTime:0.001261s ]
NOTIC: [8] Use of undefined constant Y - assumed 'Y' E:\wamp\www\myhunll\Application\Admin\Controller\FontEndController.class.php 第 22 行.
SQL: SHOW COLUMNS FROM `m_admin_infor` [ RunTime:0.0107s ]
SQL: SELECT * FROM `m_admin_infor` WHERE ( id=1 ) LIMIT 1   [ RunTime:0.0015s ]
INFO: [ view_parse ] --START--
INFO: [ template_filter ] --START--
INFO: Run Behavior\ContentReplaceBehavior [ RunTime:0.000120s ]
INFO: [ template_filter ] --END-- [ RunTime:0.000277s ]
INFO: Run Behavior\ParseTemplateBehavior [ RunTime:0.010821s ]
INFO: [ view_parse ] --END-- [ RunTime:0.010986s ]
INFO: [ view_filter ] --START--
INFO: Run Behavior\WriteHtmlCacheBehavior [ RunTime:0.000886s ]
INFO: [ view_filter ] --END-- [ RunTime:0.001037s ]
INFO: [ app_end ] --START--
INFO: Run Behavior\ShowPageTraceBehavior [ RunTime:0.001130s ]
INFO: [ app_end ] --END-- [ RunTime:0.001309s ]

[ 2016-04-08T10:46:56+08:00 ] 127.0.0.1 /Admin/Goodsmanage/file_jia.html
INFO: [ app_init ] --START--
INFO: Run Behavior\BuildLiteBehavior [ RunTime:0.000023s ]
INFO: [ app_init ] --END-- [ RunTime:0.000465s ]
INFO: [ app_begin ] --START--
INFO: Run Behavior\ReadHtmlCacheBehavior [ RunTime:0.000740s ]
INFO: [ app_begin ] --END-- [ RunTime:0.000816s ]
NOTIC: [8] Use of undefined constant Y - assumed 'Y' E:\wamp\www\myhunll\Application\Admin\Controller\FontEndController.class.php 第 22 行.
SQL: SHOW COLUMNS FROM `m_admin_infor` [ RunTime:0.0037s ]
SQL: SELECT * FROM `m_admin_infor` WHERE ( id=1 ) LIMIT 1   [ RunTime:0.0003s ]

